========================================================================================
                                         BASTA                                         
                             The BAyesian STellar Algorithm                             

                                     Version 1.2.1                                     

                                (c) 2022, The BASTA Team                                
                           https://github.com/BASTAcode/BASTA                           
========================================================================================

Run started on 2024-01-20 16:46:45 . 

Random numbers initialised with seed: 3178 .

Fitting star id: 1074139748425931008 .
* Using the grid '/root/BASTA/grids/Garstec_AS09_barbieMS.hdf5' of type 'sobol tracks'.
  - Grid built with BASTA version 1.3.1, timestamp: 2023-11-28 at 20:12:28.

Transforming solar-based asteroseismic quantities:
* Converting to solar units if needed...
* Solar model scaling not activated!  -->  Dnu will not be scaled.
Done!

Fitting information:
* Fitting parameters with values and uncertainties:
  - Teff: [5364.139, 12.0964]
  - FeH: [0.3159, 0.0117]

Additional input parameters and settings in alphabetical order:
* asciiparams: ['Teff', 'FeH', 'radPhot', 'massfin', 'age']
* centroid: median
* cornerplots: ['Teff', 'FeH', 'radPhot', 'massfin', 'age']
* dnu_scales: {}
* dnusun: 135.1
* freqplots: []
* inputfile: input_JustKen.xml
* kielplots: [True]
* numsun: 3090.0
* output: mnt/c/Users/georg/Documents/GitHub/Iwan-and-George-Year-4-Project/Results/
* plotfmt: png
* solarmodel: False
* uncert: quantiles

Weights and priors:
* Bayesian weights:
  - Along tracks: age
  - Between tracks: volume
* Flat, constrained priors and ranges:
  - Teff: [5327.8498, 5400.4282]
  - FeH: [0.06590000000000001, 0.5659000000000001]
* Additional priors (IMF): 


Computing likelihood of models in the grid (5977 tracks) ...
Done! Computed the likelihood of 37909 models, found 37909 models with non-zero likelihood!


*****************************************
**                                     **
**   Output and results from the fit   **
**                                     **
*****************************************


Highest likelihood model:
* Weighted, non-normalized log-probability: -4.679622056812061
* Grid-index: grid/tracks/track5787[327], with parameters:
  - Name: track5787-2101.fgong
  - Teff      :  5367.551501 
  - FeH       :     0.321020 
  - radPhot   :     1.263661 
  - massfin   :     0.909317 
  - age       : 15708.102260 

Lowest chi2 model:
* chi2: 0.00022478895124973877
* Grid-index: grid/tracks/track3745[225], with parameters:
  - Name: track3745-1581.fgong
  - Teff      :  5364.312634 
  - FeH       :     0.315849 
  - radPhot   :     1.076504 
  - massfin   :     0.979625 
  - age       :  8431.223386 


Computing posterior distributions for the requested output parameters!
==> Summary statistics printed below ...

-----------------------------------------------------
median     Teff          :   5364.091342
err_plus   Teff          :     12.412529
err_minus  Teff          :     11.784091
-----------------------------------------------------
median     FeH           :      0.313587
err_plus   FeH           :      0.013531
err_minus  FeH           :      0.010777
-----------------------------------------------------
median     radPhot       :      1.068385
err_plus   radPhot       :      0.259062
err_minus  radPhot       :      0.150160
-----------------------------------------------------
median     massfin       :      1.001619
err_plus   massfin       :      0.072250
err_minus  massfin       :      0.065934
-----------------------------------------------------
median     age           :   9094.680185
err_plus   age           :   3319.723005
err_minus  age           :   6170.334208
-----------------------------------------------------

Saved results to mnt/c/Users/georg/Documents/GitHub/Iwan-and-George-Year-4-Project/Results/JustKenResults.ascii.
Saved corner plot to mnt/c/Users/georg/Documents/GitHub/Iwan-and-George-Year-4-Project/Results/1074139748425931008_corner.png.
Saved Kiel diagram to mnt/c/Users/georg/Documents/GitHub/Iwan-and-George-Year-4-Project/Results/1074139748425931008_kiel.png.
Did not get any frequency file input, skipping ratios and echelle plots.
Saved dictionary to mnt/c/Users/georg/Documents/GitHub/Iwan-and-George-Year-4-Project/Results/1074139748425931008.json

Finished on 2024-01-20 16:48:06 (runtime 81.0 s).

