========================================================================================
                                         BASTA                                         
                             The BAyesian STellar Algorithm                             

                                     Version 1.2.1                                     

                                (c) 2022, The BASTA Team                                
                           https://github.com/BASTAcode/BASTA                           
========================================================================================

Run started on 2024-01-20 16:48:07 . 

Random numbers initialised with seed: 3178 .

Fitting star id: 1076970406751899008 .
* Using the grid '/root/BASTA/grids/Garstec_AS09_barbieMS.hdf5' of type 'sobol tracks'.
  - Grid built with BASTA version 1.3.1, timestamp: 2023-11-28 at 20:12:28.

Transforming solar-based asteroseismic quantities:
* Converting to solar units if needed...
* Solar model scaling not activated!  -->  Dnu will not be scaled.
Done!

Fitting information:
* Fitting parameters with values and uncertainties:
  - Teff: [6437.147, 1.2436]
  - FeH: [-0.0366, 0.0079]

Additional input parameters and settings in alphabetical order:
* asciiparams: ['Teff', 'FeH', 'radPhot', 'massfin', 'age']
* centroid: median
* cornerplots: ['Teff', 'FeH', 'radPhot', 'massfin', 'age']
* dnu_scales: {}
* dnusun: 135.1
* freqplots: []
* inputfile: input_JustKen.xml
* kielplots: [True]
* numsun: 3090.0
* output: mnt/c/Users/georg/Documents/GitHub/Iwan-and-George-Year-4-Project/Results/
* plotfmt: png
* solarmodel: False
* uncert: quantiles

Weights and priors:
* Bayesian weights:
  - Along tracks: age
  - Between tracks: volume
* Flat, constrained priors and ranges:
  - Teff: [6433.4162, 6440.8778]
  - FeH: [-0.2866, 0.2134]
* Additional priors (IMF): 


Computing likelihood of models in the grid (5977 tracks) ...
Done! Computed the likelihood of 562 models, found 562 models with non-zero likelihood!


*****************************************
**                                     **
**   Output and results from the fit   **
**                                     **
*****************************************


Highest likelihood model:
* Weighted, non-normalized log-probability: -6.276342259066738
* Grid-index: grid/tracks/track1109[32], with parameters:
  - Name: track1109-581.fgong
  - Teff      :  6436.754028 
  - FeH       :    -0.043696 
  - radPhot   :     1.144122 
  - massfin   :     1.196930 
  - age       :   547.323582 

Lowest chi2 model:
* chi2: 0.4674018727974967
* Grid-index: grid/tracks/track5461[2], with parameters:
  - Name: track5461-422.fgong
  - Teff      :  6437.754534 
  - FeH       :    -0.040378 
  - radPhot   :     1.135088 
  - massfin   :     1.199999 
  - age       :    21.549391 


Computing posterior distributions for the requested output parameters!
==> Summary statistics printed below ...

-----------------------------------------------------
median     Teff          :   6436.327072
err_plus   Teff          :      1.138668
err_minus  Teff          :      1.266280
-----------------------------------------------------
median     FeH           :     -0.042478
err_plus   FeH           :      0.006460
err_minus  FeH           :      0.003660
-----------------------------------------------------
median     radPhot       :      1.145400
err_plus   radPhot       :      0.052262
err_minus  radPhot       :      0.005069
-----------------------------------------------------
median     massfin       :      1.196925
err_plus   massfin       :      0.000010
err_minus  massfin       :      0.015098
-----------------------------------------------------
median     age           :    565.937867
err_plus   age           :    622.617443
err_minus  age           :     74.457143
-----------------------------------------------------

Saved results to mnt/c/Users/georg/Documents/GitHub/Iwan-and-George-Year-4-Project/Results/JustKenResults.ascii.
Saved corner plot to mnt/c/Users/georg/Documents/GitHub/Iwan-and-George-Year-4-Project/Results/1076970406751899008_corner.png.
Saved Kiel diagram to mnt/c/Users/georg/Documents/GitHub/Iwan-and-George-Year-4-Project/Results/1076970406751899008_kiel.png.
Did not get any frequency file input, skipping ratios and echelle plots.
Saved dictionary to mnt/c/Users/georg/Documents/GitHub/Iwan-and-George-Year-4-Project/Results/1076970406751899008.json

Finished on 2024-01-20 16:48:23 (runtime 16.0 s).

