========================================================================================
                                         BASTA                                         
                             The BAyesian STellar Algorithm                             

                                     Version 1.2.1                                     

                                (c) 2022, The BASTA Team                                
                           https://github.com/BASTAcode/BASTA                           
========================================================================================

Run started on 2024-01-20 16:48:24 . 

Random numbers initialised with seed: 3178 .

Fitting star id: 1111639314047794944 .
* Using the grid '/root/BASTA/grids/Garstec_AS09_barbieMS.hdf5' of type 'sobol tracks'.
  - Grid built with BASTA version 1.3.1, timestamp: 2023-11-28 at 20:12:28.

Transforming solar-based asteroseismic quantities:
* Converting to solar units if needed...
* Solar model scaling not activated!  -->  Dnu will not be scaled.
Done!

Fitting information:
* Fitting parameters with values and uncertainties:
  - Teff: [6056.1055, 3.2221]
  - FeH: [-0.0286, 0.0038]

Additional input parameters and settings in alphabetical order:
* asciiparams: ['Teff', 'FeH', 'radPhot', 'massfin', 'age']
* centroid: median
* cornerplots: ['Teff', 'FeH', 'radPhot', 'massfin', 'age']
* dnu_scales: {}
* dnusun: 135.1
* freqplots: []
* inputfile: input_JustKen.xml
* kielplots: [True]
* numsun: 3090.0
* output: mnt/c/Users/georg/Documents/GitHub/Iwan-and-George-Year-4-Project/Results/
* plotfmt: png
* solarmodel: False
* uncert: quantiles

Weights and priors:
* Bayesian weights:
  - Along tracks: age
  - Between tracks: volume
* Flat, constrained priors and ranges:
  - Teff: [6046.4392, 6065.7717999999995]
  - FeH: [-0.2786, 0.22139999999999999]
* Additional priors (IMF): 


Computing likelihood of models in the grid (5977 tracks) ...
Done! Computed the likelihood of 7067 models, found 7067 models with non-zero likelihood!


*****************************************
**                                     **
**   Output and results from the fit   **
**                                     **
*****************************************


Highest likelihood model:
* Weighted, non-normalized log-probability: -5.065674040528825
* Grid-index: grid/tracks/track1777[178], with parameters:
  - Name: track1777-1359.fgong
  - Teff      :  6055.532008 
  - FeH       :    -0.028205 
  - radPhot   :     1.235478 
  - massfin   :     0.983443 
  - age       :  6500.179043 

Lowest chi2 model:
* chi2: 0.008290606848374883
* Grid-index: grid/tracks/track0445[136], with parameters:
  - Name: track0445-1128.fgong
  - Teff      :  6055.815163 
  - FeH       :    -0.028550 
  - radPhot   :     1.109553 
  - massfin   :     1.087749 
  - age       :  2892.666350 


Computing posterior distributions for the requested output parameters!
==> Summary statistics printed below ...

-----------------------------------------------------
median     Teff          :   6056.529102
err_plus   Teff          :      3.159836
err_minus  Teff          :      3.400363
-----------------------------------------------------
median     FeH           :     -0.027694
err_plus   FeH           :      0.003399
err_minus  FeH           :      0.004072
-----------------------------------------------------
median     radPhot       :      1.244760
err_plus   radPhot       :      0.179055
err_minus  radPhot       :      0.138725
-----------------------------------------------------
median     massfin       :      1.080513
err_plus   massfin       :      0.075809
err_minus  massfin       :      0.097066
-----------------------------------------------------
median     age           :   5714.773162
err_plus   age           :    710.605881
err_minus  age           :   2865.706812
-----------------------------------------------------

Saved results to mnt/c/Users/georg/Documents/GitHub/Iwan-and-George-Year-4-Project/Results/JustKenResults.ascii.
Saved corner plot to mnt/c/Users/georg/Documents/GitHub/Iwan-and-George-Year-4-Project/Results/1111639314047794944_corner.png.
Saved Kiel diagram to mnt/c/Users/georg/Documents/GitHub/Iwan-and-George-Year-4-Project/Results/1111639314047794944_kiel.png.
Did not get any frequency file input, skipping ratios and echelle plots.
Saved dictionary to mnt/c/Users/georg/Documents/GitHub/Iwan-and-George-Year-4-Project/Results/1111639314047794944.json

Finished on 2024-01-20 16:49:25 (runtime 61.0 s).

