========================================================================================
                                         BASTA                                         
                             The BAyesian STellar Algorithm                             

                                     Version 1.2.1                                     

                                (c) 2022, The BASTA Team                                
                           https://github.com/BASTAcode/BASTA                           
========================================================================================

Run started on 2024-01-20 16:49:26 . 

Random numbers initialised with seed: 3178 .

Fitting star id: 111322601672419712 .
* Using the grid '/root/BASTA/grids/Garstec_AS09_barbieMS.hdf5' of type 'sobol tracks'.
  - Grid built with BASTA version 1.3.1, timestamp: 2023-11-28 at 20:12:28.

Transforming solar-based asteroseismic quantities:
* Converting to solar units if needed...
* Solar model scaling not activated!  -->  Dnu will not be scaled.
Done!

Fitting information:
* Fitting parameters with values and uncertainties:
  - Teff: [5040.7104, 87.9659]
  - FeH: [-0.2544, 0.1065]

Additional input parameters and settings in alphabetical order:
* asciiparams: ['Teff', 'FeH', 'radPhot', 'massfin', 'age']
* centroid: median
* cornerplots: ['Teff', 'FeH', 'radPhot', 'massfin', 'age']
* dnu_scales: {}
* dnusun: 135.1
* freqplots: []
* inputfile: input_JustKen.xml
* kielplots: [True]
* numsun: 3090.0
* output: mnt/c/Users/georg/Documents/GitHub/Iwan-and-George-Year-4-Project/Results/
* plotfmt: png
* solarmodel: False
* uncert: quantiles

Weights and priors:
* Bayesian weights:
  - Along tracks: age
  - Between tracks: volume
* Flat, constrained priors and ranges:
  - Teff: [4776.8127, 5304.6080999999995]
  - FeH: [-0.5044, -0.004400000000000015]
* Additional priors (IMF): 


Computing likelihood of models in the grid (5977 tracks) ...
Done! Computed the likelihood of 31189 models, found 31189 models with non-zero likelihood!


*****************************************
**                                     **
**   Output and results from the fit   **
**                                     **
*****************************************


Highest likelihood model:
* Weighted, non-normalized log-probability: -3.161408978945675
* Grid-index: grid/tracks/track5536[21], with parameters:
  - Name: track5536-583.fgong
  - Teff      :  5031.824576 
  - FeH       :    -0.284730 
  - radPhot   :     0.686074 
  - massfin   :     0.728950 
  - age       :  2877.803711 

Lowest chi2 model:
* chi2: 2.2184481688336282e-05
* Grid-index: grid/tracks/track3280[24], with parameters:
  - Name: track3280-608.fgong
  - Teff      :  5041.045059 
  - FeH       :    -0.254104 
  - radPhot   :     0.697305 
  - massfin   :     0.756948 
  - age       :  2869.206143 


Computing posterior distributions for the requested output parameters!
==> Summary statistics printed below ...

-----------------------------------------------------
median     Teff          :   5060.519329
err_plus   Teff          :     88.480634
err_minus  Teff          :     83.501052
-----------------------------------------------------
median     FeH           :     -0.206583
err_plus   FeH           :      0.093490
err_minus  FeH           :      0.094818
-----------------------------------------------------
median     radPhot       :      0.728946
err_plus   radPhot       :      0.058291
err_minus  radPhot       :      0.043297
-----------------------------------------------------
median     massfin       :      0.741914
err_plus   massfin       :      0.038046
err_minus  massfin       :      0.027221
-----------------------------------------------------
median     age           :   7805.530145
err_plus   age           :   8057.295825
err_minus  age           :   5497.030013
-----------------------------------------------------

Saved results to mnt/c/Users/georg/Documents/GitHub/Iwan-and-George-Year-4-Project/Results/JustKenResults.ascii.
Saved corner plot to mnt/c/Users/georg/Documents/GitHub/Iwan-and-George-Year-4-Project/Results/111322601672419712_corner.png.
Saved Kiel diagram to mnt/c/Users/georg/Documents/GitHub/Iwan-and-George-Year-4-Project/Results/111322601672419712_kiel.png.
Did not get any frequency file input, skipping ratios and echelle plots.
Saved dictionary to mnt/c/Users/georg/Documents/GitHub/Iwan-and-George-Year-4-Project/Results/111322601672419712.json

Finished on 2024-01-20 16:50:20 (runtime 54.0 s).

