========================================================================================
                                         BASTA                                         
                             The BAyesian STellar Algorithm                             

                                     Version 1.2.1                                     

                                (c) 2022, The BASTA Team                                
                           https://github.com/BASTAcode/BASTA                           
========================================================================================

Run started on 2024-01-20 16:50:21 . 

Random numbers initialised with seed: 3178 .

Fitting star id: 1117620107545810944 .
* Using the grid '/root/BASTA/grids/Garstec_AS09_barbieMS.hdf5' of type 'sobol tracks'.
  - Grid built with BASTA version 1.3.1, timestamp: 2023-11-28 at 20:12:28.

Transforming solar-based asteroseismic quantities:
* Converting to solar units if needed...
* Solar model scaling not activated!  -->  Dnu will not be scaled.
Done!

Fitting information:
* Fitting parameters with values and uncertainties:
  - Teff: [5885.8667, 3.397]
  - FeH: [0.3149, 0.0022]

Additional input parameters and settings in alphabetical order:
* asciiparams: ['Teff', 'FeH', 'radPhot', 'massfin', 'age']
* centroid: median
* cornerplots: ['Teff', 'FeH', 'radPhot', 'massfin', 'age']
* dnu_scales: {}
* dnusun: 135.1
* freqplots: []
* inputfile: input_JustKen.xml
* kielplots: [True]
* numsun: 3090.0
* output: mnt/c/Users/georg/Documents/GitHub/Iwan-and-George-Year-4-Project/Results/
* plotfmt: png
* solarmodel: False
* uncert: quantiles

Weights and priors:
* Bayesian weights:
  - Along tracks: age
  - Between tracks: volume
* Flat, constrained priors and ranges:
  - Teff: [5875.6757, 5896.057699999999]
  - FeH: [0.06490000000000001, 0.5649]
* Additional priors (IMF): 


Computing likelihood of models in the grid (5977 tracks) ...
Done! Computed the likelihood of 4994 models, found 4994 models with non-zero likelihood!


*****************************************
**                                     **
**   Output and results from the fit   **
**                                     **
*****************************************


Highest likelihood model:
* Weighted, non-normalized log-probability: -5.4634446842719155
* Grid-index: grid/tracks/track1309[89], with parameters:
  - Name: track1309-878.fgong
  - Teff      :  5886.361942 
  - FeH       :     0.315116 
  - radPhot   :     1.050054 
  - massfin   :     1.094870 
  - age       :  1778.612193 

Lowest chi2 model:
* chi2: 0.03085652348262706
* Grid-index: grid/tracks/track1309[89], with parameters:
  - Name: track1309-878.fgong
  - Teff      :  5886.361942 
  - FeH       :     0.315116 
  - radPhot   :     1.050054 
  - massfin   :     1.094870 
  - age       :  1778.612193 


Computing posterior distributions for the requested output parameters!
==> Summary statistics printed below ...

-----------------------------------------------------
median     Teff          :   5886.083208
err_plus   Teff          :      2.923801
err_minus  Teff          :      2.608266
-----------------------------------------------------
median     FeH           :      0.314714
err_plus   FeH           :      0.002066
err_minus  FeH           :      0.002326
-----------------------------------------------------
median     radPhot       :      1.087427
err_plus   radPhot       :      0.168365
err_minus  radPhot       :      0.039053
-----------------------------------------------------
median     massfin       :      1.147995
err_plus   massfin       :      0.027913
err_minus  massfin       :      0.053127
-----------------------------------------------------
median     age           :   1820.112193
err_plus   age           :   2585.351690
err_minus  age           :    688.165418
-----------------------------------------------------

Saved results to mnt/c/Users/georg/Documents/GitHub/Iwan-and-George-Year-4-Project/Results/JustKenResults.ascii.
Saved corner plot to mnt/c/Users/georg/Documents/GitHub/Iwan-and-George-Year-4-Project/Results/1117620107545810944_corner.png.
Saved Kiel diagram to mnt/c/Users/georg/Documents/GitHub/Iwan-and-George-Year-4-Project/Results/1117620107545810944_kiel.png.
Did not get any frequency file input, skipping ratios and echelle plots.
Saved dictionary to mnt/c/Users/georg/Documents/GitHub/Iwan-and-George-Year-4-Project/Results/1117620107545810944.json

Finished on 2024-01-20 16:50:37 (runtime 16.0 s).

