========================================================================================
                                         BASTA                                         
                             The BAyesian STellar Algorithm                             

                                     Version 1.2.1                                     

                                (c) 2022, The BASTA Team                                
                           https://github.com/BASTAcode/BASTA                           
========================================================================================

Run started on 2024-01-20 16:50:37 . 

Random numbers initialised with seed: 3178 .

Fitting star id: 1255520718461480960 .
* Using the grid '/root/BASTA/grids/Garstec_AS09_barbieMS.hdf5' of type 'sobol tracks'.
  - Grid built with BASTA version 1.3.1, timestamp: 2023-11-28 at 20:12:28.

Transforming solar-based asteroseismic quantities:
* Converting to solar units if needed...
* Solar model scaling not activated!  -->  Dnu will not be scaled.
Done!

Fitting information:
* Fitting parameters with values and uncertainties:
  - Teff: [5694.083, 2.4917]
  - FeH: [-0.0327, 0.0052]

Additional input parameters and settings in alphabetical order:
* asciiparams: ['Teff', 'FeH', 'radPhot', 'massfin', 'age']
* centroid: median
* cornerplots: ['Teff', 'FeH', 'radPhot', 'massfin', 'age']
* dnu_scales: {}
* dnusun: 135.1
* freqplots: []
* inputfile: input_JustKen.xml
* kielplots: [True]
* numsun: 3090.0
* output: mnt/c/Users/georg/Documents/GitHub/Iwan-and-George-Year-4-Project/Results/
* plotfmt: png
* solarmodel: False
* uncert: quantiles

Weights and priors:
* Bayesian weights:
  - Along tracks: age
  - Between tracks: volume
* Flat, constrained priors and ranges:
  - Teff: [5686.6079, 5701.558099999999]
  - FeH: [-0.2827, 0.2173]
* Additional priors (IMF): 


Computing likelihood of models in the grid (5977 tracks) ...
Done! Computed the likelihood of 5467 models, found 5467 models with non-zero likelihood!


*****************************************
**                                     **
**   Output and results from the fit   **
**                                     **
*****************************************


Highest likelihood model:
* Weighted, non-normalized log-probability: -4.783142110907042
* Grid-index: grid/tracks/track5907[39], with parameters:
  - Name: track5907-677.fgong
  - Teff      :  5694.672769 
  - FeH       :    -0.029473 
  - radPhot   :     0.809991 
  - massfin   :     0.873915 
  - age       :  2203.528936 

Lowest chi2 model:
* chi2: 0.0472125627332072
* Grid-index: grid/tracks/track0779[218], with parameters:
  - Name: track0779-1555.fgong
  - Teff      :  5693.905007 
  - FeH       :    -0.033767 
  - radPhot   :     1.373669 
  - massfin   :     0.920310 
  - age       : 10029.646740 


Computing posterior distributions for the requested output parameters!
==> Summary statistics printed below ...

-----------------------------------------------------
median     Teff          :   5692.975945
err_plus   Teff          :      3.244430
err_minus  Teff          :      1.622813
-----------------------------------------------------
median     FeH           :     -0.031709
err_plus   FeH           :      0.003880
err_minus  FeH           :      0.006620
-----------------------------------------------------
median     radPhot       :      1.169496
err_plus   radPhot       :      0.067197
err_minus  radPhot       :      0.283270
-----------------------------------------------------
median     massfin       :      0.987910
err_plus   massfin       :      0.034554
err_minus  massfin       :      0.111096
-----------------------------------------------------
median     age           :   8453.174747
err_plus   age           :   2225.120143
err_minus  age           :   6475.933891
-----------------------------------------------------

Saved results to mnt/c/Users/georg/Documents/GitHub/Iwan-and-George-Year-4-Project/Results/JustKenResults.ascii.
Saved corner plot to mnt/c/Users/georg/Documents/GitHub/Iwan-and-George-Year-4-Project/Results/1255520718461480960_corner.png.
Saved Kiel diagram to mnt/c/Users/georg/Documents/GitHub/Iwan-and-George-Year-4-Project/Results/1255520718461480960_kiel.png.
Did not get any frequency file input, skipping ratios and echelle plots.
Saved dictionary to mnt/c/Users/georg/Documents/GitHub/Iwan-and-George-Year-4-Project/Results/1255520718461480960.json

Finished on 2024-01-20 16:51:02 (runtime 25.0 s).

