========================================================================================
                                         BASTA                                         
                             The BAyesian STellar Algorithm                             

                                     Version 1.2.1                                     

                                (c) 2022, The BASTA Team                                
                           https://github.com/BASTAcode/BASTA                           
========================================================================================

Run started on 2024-01-20 16:51:30 . 

Random numbers initialised with seed: 3178 .

Fitting star id: 1331356474971716992 .
* Using the grid '/root/BASTA/grids/Garstec_AS09_barbieMS.hdf5' of type 'sobol tracks'.
  - Grid built with BASTA version 1.3.1, timestamp: 2023-11-28 at 20:12:28.

Transforming solar-based asteroseismic quantities:
* Converting to solar units if needed...
* Solar model scaling not activated!  -->  Dnu will not be scaled.
Done!

Fitting information:
* Fitting parameters with values and uncertainties:
  - Teff: [5974.0513, 1.8237]
  - FeH: [0.0281, 0.0053]

Additional input parameters and settings in alphabetical order:
* asciiparams: ['Teff', 'FeH', 'radPhot', 'massfin', 'age']
* centroid: median
* cornerplots: ['Teff', 'FeH', 'radPhot', 'massfin', 'age']
* dnu_scales: {}
* dnusun: 135.1
* freqplots: []
* inputfile: input_JustKen.xml
* kielplots: [True]
* numsun: 3090.0
* output: mnt/c/Users/georg/Documents/GitHub/Iwan-and-George-Year-4-Project/Results/
* plotfmt: png
* solarmodel: False
* uncert: quantiles

Weights and priors:
* Bayesian weights:
  - Along tracks: age
  - Between tracks: volume
* Flat, constrained priors and ranges:
  - Teff: [5968.5802, 5979.5224]
  - FeH: [-0.2219, 0.2781]
* Additional priors (IMF): 


Computing likelihood of models in the grid (5977 tracks) ...
Done! Computed the likelihood of 3939 models, found 3939 models with non-zero likelihood!


*****************************************
**                                     **
**   Output and results from the fit   **
**                                     **
*****************************************


Highest likelihood model:
* Weighted, non-normalized log-probability: -5.27844243938433
* Grid-index: grid/tracks/track2745[52], with parameters:
  - Name: track2745-725.fgong
  - Teff      :  5973.883955 
  - FeH       :     0.026894 
  - radPhot   :     0.975951 
  - massfin   :     1.027899 
  - age       :  1482.102775 

Lowest chi2 model:
* chi2: 0.06017141567157042
* Grid-index: grid/tracks/track2745[52], with parameters:
  - Name: track2745-725.fgong
  - Teff      :  5973.883955 
  - FeH       :     0.026894 
  - radPhot   :     0.975951 
  - massfin   :     1.027899 
  - age       :  1482.102775 


Computing posterior distributions for the requested output parameters!
==> Summary statistics printed below ...

-----------------------------------------------------
median     Teff          :   5974.235145
err_plus   Teff          :      1.443627
err_minus  Teff          :      1.842300
-----------------------------------------------------
median     FeH           :      0.030349
err_plus   FeH           :      0.003160
err_minus  FeH           :      0.003455
-----------------------------------------------------
median     radPhot       :      1.112282
err_plus   radPhot       :      0.248812
err_minus  radPhot       :      0.137397
-----------------------------------------------------
median     massfin       :      1.040804
err_plus   massfin       :      0.068842
err_minus  massfin       :      0.053246
-----------------------------------------------------
median     age           :   4632.950905
err_plus   age           :   1624.232342
err_minus  age           :   3181.648130
-----------------------------------------------------

Saved results to mnt/c/Users/georg/Documents/GitHub/Iwan-and-George-Year-4-Project/Results/JustKenResults.ascii.
Saved corner plot to mnt/c/Users/georg/Documents/GitHub/Iwan-and-George-Year-4-Project/Results/1331356474971716992_corner.png.
Saved Kiel diagram to mnt/c/Users/georg/Documents/GitHub/Iwan-and-George-Year-4-Project/Results/1331356474971716992_kiel.png.
Did not get any frequency file input, skipping ratios and echelle plots.
Saved dictionary to mnt/c/Users/georg/Documents/GitHub/Iwan-and-George-Year-4-Project/Results/1331356474971716992.json

Finished on 2024-01-20 16:51:44 (runtime 14.0 s).

