========================================================================================
                                         BASTA                                         
                             The BAyesian STellar Algorithm                             

                                     Version 1.2.1                                     

                                (c) 2022, The BASTA Team                                
                           https://github.com/BASTAcode/BASTA                           
========================================================================================

Run started on 2024-01-20 16:52:32 . 

Random numbers initialised with seed: 3178 .

Fitting star id: 1424011082893734272 .
* Using the grid '/root/BASTA/grids/Garstec_AS09_barbieMS.hdf5' of type 'sobol tracks'.
  - Grid built with BASTA version 1.3.1, timestamp: 2023-11-28 at 20:12:28.

Transforming solar-based asteroseismic quantities:
* Converting to solar units if needed...
* Solar model scaling not activated!  -->  Dnu will not be scaled.
Done!

Fitting information:
* Fitting parameters with values and uncertainties:
  - Teff: [5903.319, 3.3807]
  - FeH: [-0.1756, 0.0062]

Additional input parameters and settings in alphabetical order:
* asciiparams: ['Teff', 'FeH', 'radPhot', 'massfin', 'age']
* centroid: median
* cornerplots: ['Teff', 'FeH', 'radPhot', 'massfin', 'age']
* dnu_scales: {}
* dnusun: 135.1
* freqplots: []
* inputfile: input_JustKen.xml
* kielplots: [True]
* numsun: 3090.0
* output: mnt/c/Users/georg/Documents/GitHub/Iwan-and-George-Year-4-Project/Results/
* plotfmt: png
* solarmodel: False
* uncert: quantiles

Weights and priors:
* Bayesian weights:
  - Along tracks: age
  - Between tracks: volume
* Flat, constrained priors and ranges:
  - Teff: [5893.1769, 5913.4611]
  - FeH: [-0.4256, 0.0744]
* Additional priors (IMF): 


Computing likelihood of models in the grid (5977 tracks) ...
Done! Computed the likelihood of 6784 models, found 6784 models with non-zero likelihood!


*****************************************
**                                     **
**   Output and results from the fit   **
**                                     **
*****************************************


Highest likelihood model:
* Weighted, non-normalized log-probability: -4.522395646132865
* Grid-index: grid/tracks/track0403[88], with parameters:
  - Name: track0403-907.fgong
  - Teff      :  5901.808462 
  - FeH       :    -0.178682 
  - radPhot   :     0.960434 
  - massfin   :     0.876719 
  - age       :  5147.063575 

Lowest chi2 model:
* chi2: 0.22180660031442495
* Grid-index: grid/tracks/track1595[51], with parameters:
  - Name: track1595-723.fgong
  - Teff      :  5903.249700 
  - FeH       :    -0.172683 
  - radPhot   :     0.891988 
  - massfin   :     0.895871 
  - age       :  2434.160869 


Computing posterior distributions for the requested output parameters!
==> Summary statistics printed below ...

-----------------------------------------------------
median     Teff          :   5903.249700
err_plus   Teff          :      3.226333
err_minus  Teff          :      3.277290
-----------------------------------------------------
median     FeH           :     -0.176459
err_plus   FeH           :      0.005875
err_minus  FeH           :      0.005550
-----------------------------------------------------
median     radPhot       :      0.955924
err_plus   radPhot       :      0.477020
err_minus  radPhot       :      0.072445
-----------------------------------------------------
median     massfin       :      0.934301
err_plus   massfin       :      0.056963
err_minus  massfin       :      0.057582
-----------------------------------------------------
median     age           :   5147.063575
err_plus   age           :   3110.053170
err_minus  age           :   4195.391437
-----------------------------------------------------

Saved results to mnt/c/Users/georg/Documents/GitHub/Iwan-and-George-Year-4-Project/Results/JustKenResults.ascii.
Saved corner plot to mnt/c/Users/georg/Documents/GitHub/Iwan-and-George-Year-4-Project/Results/1424011082893734272_corner.png.
Saved Kiel diagram to mnt/c/Users/georg/Documents/GitHub/Iwan-and-George-Year-4-Project/Results/1424011082893734272_kiel.png.
Did not get any frequency file input, skipping ratios and echelle plots.
Saved dictionary to mnt/c/Users/georg/Documents/GitHub/Iwan-and-George-Year-4-Project/Results/1424011082893734272.json

Finished on 2024-01-20 16:52:48 (runtime 16.0 s).

