========================================================================================
                                         BASTA                                         
                             The BAyesian STellar Algorithm                             

                                     Version 1.2.1                                     

                                (c) 2022, The BASTA Team                                
                           https://github.com/BASTAcode/BASTA                           
========================================================================================

Run started on 2024-01-20 16:52:56 . 

Random numbers initialised with seed: 3178 .

Fitting star id: 1464700950221781504 .
* Using the grid '/root/BASTA/grids/Garstec_AS09_barbieMS.hdf5' of type 'sobol tracks'.
  - Grid built with BASTA version 1.3.1, timestamp: 2023-11-28 at 20:12:28.

Transforming solar-based asteroseismic quantities:
* Converting to solar units if needed...
* Solar model scaling not activated!  -->  Dnu will not be scaled.
Done!

Fitting information:
* Fitting parameters with values and uncertainties:
  - Teff: [6204.659, 36.499]
  - FeH: [-0.4268, 0.039]

Additional input parameters and settings in alphabetical order:
* asciiparams: ['Teff', 'FeH', 'radPhot', 'massfin', 'age']
* centroid: median
* cornerplots: ['Teff', 'FeH', 'radPhot', 'massfin', 'age']
* dnu_scales: {}
* dnusun: 135.1
* freqplots: []
* inputfile: input_JustKen.xml
* kielplots: [True]
* numsun: 3090.0
* output: mnt/c/Users/georg/Documents/GitHub/Iwan-and-George-Year-4-Project/Results/
* plotfmt: png
* solarmodel: False
* uncert: quantiles

Weights and priors:
* Bayesian weights:
  - Along tracks: age
  - Between tracks: volume
* Flat, constrained priors and ranges:
  - Teff: [6095.161999999999, 6314.156]
  - FeH: [-0.6768000000000001, -0.1768]
* Additional priors (IMF): 


Computing likelihood of models in the grid (5977 tracks) ...
Done! Computed the likelihood of 59912 models, found 59912 models with non-zero likelihood!


*****************************************
**                                     **
**   Output and results from the fit   **
**                                     **
*****************************************


Highest likelihood model:
* Weighted, non-normalized log-probability: -4.374118941488069
* Grid-index: grid/tracks/track4956[63], with parameters:
  - Name: track4956-789.fgong
  - Teff      :  6200.618576 
  - FeH       :    -0.430579 
  - radPhot   :     0.890977 
  - massfin   :     0.854751 
  - age       :  4253.733684 

Lowest chi2 model:
* chi2: 2.3716432163068774e-05
* Grid-index: grid/tracks/track5604[137], with parameters:
  - Name: track5604-1165.fgong
  - Teff      :  6204.688505 
  - FeH       :    -0.426613 
  - radPhot   :     1.051752 
  - massfin   :     0.904538 
  - age       :  6550.413368 


Computing posterior distributions for the requested output parameters!
==> Summary statistics printed below ...

-----------------------------------------------------
median     Teff          :   6202.601913
err_plus   Teff          :     36.615848
err_minus  Teff          :     37.360441
-----------------------------------------------------
median     FeH           :     -0.426502
err_plus   FeH           :      0.039284
err_minus  FeH           :      0.041176
-----------------------------------------------------
median     radPhot       :      1.043031
err_plus   radPhot       :      0.315509
err_minus  radPhot       :      0.133386
-----------------------------------------------------
median     massfin       :      0.952785
err_plus   massfin       :      0.065570
err_minus  massfin       :      0.061119
-----------------------------------------------------
median     age           :   4738.080836
err_plus   age           :   1830.930924
err_minus  age           :   2693.064595
-----------------------------------------------------

Saved results to mnt/c/Users/georg/Documents/GitHub/Iwan-and-George-Year-4-Project/Results/JustKenResults.ascii.
Saved corner plot to mnt/c/Users/georg/Documents/GitHub/Iwan-and-George-Year-4-Project/Results/1464700950221781504_corner.png.
Saved Kiel diagram to mnt/c/Users/georg/Documents/GitHub/Iwan-and-George-Year-4-Project/Results/1464700950221781504_kiel.png.
Did not get any frequency file input, skipping ratios and echelle plots.
Saved dictionary to mnt/c/Users/georg/Documents/GitHub/Iwan-and-George-Year-4-Project/Results/1464700950221781504.json

Finished on 2024-01-20 16:53:42 (runtime 46.0 s).

