========================================================================================
                                         BASTA                                         
                             The BAyesian STellar Algorithm                             

                                     Version 1.2.1                                     

                                (c) 2022, The BASTA Team                                
                           https://github.com/BASTAcode/BASTA                           
========================================================================================

Run started on 2024-01-20 16:53:42 . 

Random numbers initialised with seed: 3178 .

Fitting star id: 1476485996883837184 .
* Using the grid '/root/BASTA/grids/Garstec_AS09_barbieMS.hdf5' of type 'sobol tracks'.
  - Grid built with BASTA version 1.3.1, timestamp: 2023-11-28 at 20:12:28.

Transforming solar-based asteroseismic quantities:
* Converting to solar units if needed...
* Solar model scaling not activated!  -->  Dnu will not be scaled.
Done!

Fitting information:
* Fitting parameters with values and uncertainties:
  - Teff: [4591.5635, 0.6885]
  - FeH: [-0.112, 0.0082]

Additional input parameters and settings in alphabetical order:
* asciiparams: ['Teff', 'FeH', 'radPhot', 'massfin', 'age']
* centroid: median
* cornerplots: ['Teff', 'FeH', 'radPhot', 'massfin', 'age']
* dnu_scales: {}
* dnusun: 135.1
* freqplots: []
* inputfile: input_JustKen.xml
* kielplots: [True]
* numsun: 3090.0
* output: mnt/c/Users/georg/Documents/GitHub/Iwan-and-George-Year-4-Project/Results/
* plotfmt: png
* solarmodel: False
* uncert: quantiles

Weights and priors:
* Bayesian weights:
  - Along tracks: age
  - Between tracks: volume
* Flat, constrained priors and ranges:
  - Teff: [4589.4980000000005, 4593.629]
  - FeH: [-0.362, 0.138]
* Additional priors (IMF): 


Computing likelihood of models in the grid (5977 tracks) ...
Done! Computed the likelihood of 116 models, found 116 models with non-zero likelihood!


*****************************************
**                                     **
**   Output and results from the fit   **
**                                     **
*****************************************


Highest likelihood model:
* Weighted, non-normalized log-probability: -6.142222553776854
* Grid-index: grid/tracks/track3071[30], with parameters:
  - Name: track3071-633.fgong
  - Teff      :  4591.679716 
  - FeH       :    -0.129813 
  - radPhot   :     0.660293 
  - massfin   :     0.699943 
  - age       :  5149.819870 

Lowest chi2 model:
* chi2: 4.747604380219609
* Grid-index: grid/tracks/track3071[30], with parameters:
  - Name: track3071-633.fgong
  - Teff      :  4591.679716 
  - FeH       :    -0.129813 
  - radPhot   :     0.660293 
  - massfin   :     0.699943 
  - age       :  5149.819870 


Computing posterior distributions for the requested output parameters!
==> Summary statistics printed below ...

-----------------------------------------------------
median     Teff          :   4591.679716
err_plus   Teff          :      0.000000
err_minus  Teff          :      0.000000
-----------------------------------------------------
median     FeH           :     -0.129813
err_plus   FeH           :      0.000000
err_minus  FeH           :      0.000000
-----------------------------------------------------
median     radPhot       :      0.660293
err_plus   radPhot       :      0.026556
err_minus  radPhot       :      0.000000
-----------------------------------------------------
median     massfin       :      0.699943
err_plus   massfin       :      0.008934
err_minus  massfin       :      0.000000
-----------------------------------------------------
median     age           :   5149.819870
err_plus   age           :   3014.814669
err_minus  age           :      0.000000
-----------------------------------------------------

Saved results to mnt/c/Users/georg/Documents/GitHub/Iwan-and-George-Year-4-Project/Results/JustKenResults.ascii.
Saved corner plot to mnt/c/Users/georg/Documents/GitHub/Iwan-and-George-Year-4-Project/Results/1476485996883837184_corner.png.
Saved Kiel diagram to mnt/c/Users/georg/Documents/GitHub/Iwan-and-George-Year-4-Project/Results/1476485996883837184_kiel.png.
Did not get any frequency file input, skipping ratios and echelle plots.
Saved dictionary to mnt/c/Users/georg/Documents/GitHub/Iwan-and-George-Year-4-Project/Results/1476485996883837184.json

Finished on 2024-01-20 16:53:53 (runtime 11.0 s).

