========================================================================================
                                         BASTA                                         
                             The BAyesian STellar Algorithm                             

                                     Version 1.2.1                                     

                                (c) 2022, The BASTA Team                                
                           https://github.com/BASTAcode/BASTA                           
========================================================================================

Run started on 2024-01-20 16:54:01 . 

Random numbers initialised with seed: 3178 .

Fitting star id: 1491634483976350720 .
* Using the grid '/root/BASTA/grids/Garstec_AS09_barbieMS.hdf5' of type 'sobol tracks'.
  - Grid built with BASTA version 1.3.1, timestamp: 2023-11-28 at 20:12:28.

Transforming solar-based asteroseismic quantities:
* Converting to solar units if needed...
* Solar model scaling not activated!  -->  Dnu will not be scaled.
Done!

Fitting information:
* Fitting parameters with values and uncertainties:
  - Teff: [4891.5254, 0.6792]
  - FeH: [0.0957, 0.0034]

Additional input parameters and settings in alphabetical order:
* asciiparams: ['Teff', 'FeH', 'radPhot', 'massfin', 'age']
* centroid: median
* cornerplots: ['Teff', 'FeH', 'radPhot', 'massfin', 'age']
* dnu_scales: {}
* dnusun: 135.1
* freqplots: []
* inputfile: input_JustKen.xml
* kielplots: [True]
* numsun: 3090.0
* output: mnt/c/Users/georg/Documents/GitHub/Iwan-and-George-Year-4-Project/Results/
* plotfmt: png
* solarmodel: False
* uncert: quantiles

Weights and priors:
* Bayesian weights:
  - Along tracks: age
  - Between tracks: volume
* Flat, constrained priors and ranges:
  - Teff: [4889.487800000001, 4893.563]
  - FeH: [-0.1543, 0.3457]
* Additional priors (IMF): 


Computing likelihood of models in the grid (5977 tracks) ...
Done! Computed the likelihood of 647 models, found 647 models with non-zero likelihood!


*****************************************
**                                     **
**   Output and results from the fit   **
**                                     **
*****************************************


Highest likelihood model:
* Weighted, non-normalized log-probability: -4.4198591421938325
* Grid-index: grid/tracks/track3047[62], with parameters:
  - Name: track3047-782.fgong
  - Teff      :  4890.958193 
  - FeH       :     0.098096 
  - radPhot   :     0.757811 
  - massfin   :     0.778875 
  - age       :  7059.982512 

Lowest chi2 model:
* chi2: 1.1938733602048965
* Grid-index: grid/tracks/track3047[62], with parameters:
  - Name: track3047-782.fgong
  - Teff      :  4890.958193 
  - FeH       :     0.098096 
  - radPhot   :     0.757811 
  - massfin   :     0.778875 
  - age       :  7059.982512 


Computing posterior distributions for the requested output parameters!
==> Summary statistics printed below ...

-----------------------------------------------------
median     Teff          :   4891.227760
err_plus   Teff          :      1.225083
err_minus  Teff          :      0.357084
-----------------------------------------------------
median     FeH           :      0.095760
err_plus   FeH           :      0.004322
err_minus  FeH           :      0.003856
-----------------------------------------------------
median     radPhot       :      0.758171
err_plus   radPhot       :      0.063202
err_minus  radPhot       :      0.025386
-----------------------------------------------------
median     massfin       :      0.778875
err_plus   massfin       :      0.033843
err_minus  massfin       :      0.029984
-----------------------------------------------------
median     age           :   7059.982512
err_plus   age           :   8488.177418
err_minus  age           :   4244.852926
-----------------------------------------------------

Saved results to mnt/c/Users/georg/Documents/GitHub/Iwan-and-George-Year-4-Project/Results/JustKenResults.ascii.
Saved corner plot to mnt/c/Users/georg/Documents/GitHub/Iwan-and-George-Year-4-Project/Results/1491634483976350720_corner.png.
Saved Kiel diagram to mnt/c/Users/georg/Documents/GitHub/Iwan-and-George-Year-4-Project/Results/1491634483976350720_kiel.png.
Did not get any frequency file input, skipping ratios and echelle plots.
Saved dictionary to mnt/c/Users/georg/Documents/GitHub/Iwan-and-George-Year-4-Project/Results/1491634483976350720.json

Finished on 2024-01-20 16:54:24 (runtime 23.0 s).

