========================================================================================
                                         BASTA                                         
                             The BAyesian STellar Algorithm                             

                                     Version 1.2.1                                     

                                (c) 2022, The BASTA Team                                
                           https://github.com/BASTAcode/BASTA                           
========================================================================================

Run started on 2024-01-20 16:54:24 . 

Random numbers initialised with seed: 3178 .

Fitting star id: 1499514786891168640 .
* Using the grid '/root/BASTA/grids/Garstec_AS09_barbieMS.hdf5' of type 'sobol tracks'.
  - Grid built with BASTA version 1.3.1, timestamp: 2023-11-28 at 20:12:28.

Transforming solar-based asteroseismic quantities:
* Converting to solar units if needed...
* Solar model scaling not activated!  -->  Dnu will not be scaled.
Done!

Fitting information:
* Fitting parameters with values and uncertainties:
  - Teff: [4507.6455, 9.7805]
  - FeH: [-0.1991, 0.0124]

Additional input parameters and settings in alphabetical order:
* asciiparams: ['Teff', 'FeH', 'radPhot', 'massfin', 'age']
* centroid: median
* cornerplots: ['Teff', 'FeH', 'radPhot', 'massfin', 'age']
* dnu_scales: {}
* dnusun: 135.1
* freqplots: []
* inputfile: input_JustKen.xml
* kielplots: [True]
* numsun: 3090.0
* output: mnt/c/Users/georg/Documents/GitHub/Iwan-and-George-Year-4-Project/Results/
* plotfmt: png
* solarmodel: False
* uncert: quantiles

Weights and priors:
* Bayesian weights:
  - Along tracks: age
  - Between tracks: volume
* Flat, constrained priors and ranges:
  - Teff: [4478.303999999999, 4536.987]
  - FeH: [-0.4491, 0.0509]
* Additional priors (IMF): 


Computing likelihood of models in the grid (5977 tracks) ...
Done! Computed the likelihood of 467 models, found 467 models with non-zero likelihood!


*****************************************
**                                     **
**   Output and results from the fit   **
**                                     **
*****************************************


Highest likelihood model:
* Weighted, non-normalized log-probability: -33.15956720718172
* Grid-index: grid/tracks/track5695[37], with parameters:
  - Name: track5695-674.fgong
  - Teff      :  4536.528786 
  - FeH       :    -0.111040 
  - radPhot   :     0.666959 
  - massfin   :     0.708933 
  - age       :  6337.561721 

Lowest chi2 model:
* chi2: 59.15380903814118
* Grid-index: grid/tracks/track5695[37], with parameters:
  - Name: track5695-674.fgong
  - Teff      :  4536.528786 
  - FeH       :    -0.111040 
  - radPhot   :     0.666959 
  - massfin   :     0.708933 
  - age       :  6337.561721 


Computing posterior distributions for the requested output parameters!
==> Summary statistics printed below ...

-----------------------------------------------------
median     Teff          :   4532.378520
err_plus   Teff          :      4.150266
err_minus  Teff          :      8.126160
-----------------------------------------------------
median     FeH           :     -0.108774
err_plus   FeH           :      0.004549
err_minus  FeH           :      0.002266
-----------------------------------------------------
median     radPhot       :      0.665382
err_plus   radPhot       :      0.001577
err_minus  radPhot       :      0.003134
-----------------------------------------------------
median     massfin       :      0.708937
err_plus   massfin       :      0.000009
err_minus  massfin       :      0.000004
-----------------------------------------------------
median     age           :   5955.561721
err_plus   age           :    382.000000
err_minus  age           :    764.000000
-----------------------------------------------------

Saved results to mnt/c/Users/georg/Documents/GitHub/Iwan-and-George-Year-4-Project/Results/JustKenResults.ascii.
Saved corner plot to mnt/c/Users/georg/Documents/GitHub/Iwan-and-George-Year-4-Project/Results/1499514786891168640_corner.png.
Saved Kiel diagram to mnt/c/Users/georg/Documents/GitHub/Iwan-and-George-Year-4-Project/Results/1499514786891168640_kiel.png.
Did not get any frequency file input, skipping ratios and echelle plots.
Saved dictionary to mnt/c/Users/georg/Documents/GitHub/Iwan-and-George-Year-4-Project/Results/1499514786891168640.json

Finished on 2024-01-20 16:54:36 (runtime 12.0 s).

