========================================================================================
                                         BASTA                                         
                             The BAyesian STellar Algorithm                             

                                     Version 1.2.1                                     

                                (c) 2022, The BASTA Team                                
                           https://github.com/BASTAcode/BASTA                           
========================================================================================

Run started on 2024-01-20 16:54:54 . 

Random numbers initialised with seed: 3178 .

Fitting star id: 1675923009431370880 .
* Using the grid '/root/BASTA/grids/Garstec_AS09_barbieMS.hdf5' of type 'sobol tracks'.
  - Grid built with BASTA version 1.3.1, timestamp: 2023-11-28 at 20:12:28.

Transforming solar-based asteroseismic quantities:
* Converting to solar units if needed...
* Solar model scaling not activated!  -->  Dnu will not be scaled.
Done!

Fitting information:
* Fitting parameters with values and uncertainties:
  - Teff: [5188.1562, 13.8975]
  - FeH: [0.2027, 0.0117]

Additional input parameters and settings in alphabetical order:
* asciiparams: ['Teff', 'FeH', 'radPhot', 'massfin', 'age']
* centroid: median
* cornerplots: ['Teff', 'FeH', 'radPhot', 'massfin', 'age']
* dnu_scales: {}
* dnusun: 135.1
* freqplots: []
* inputfile: input_JustKen.xml
* kielplots: [True]
* numsun: 3090.0
* output: mnt/c/Users/georg/Documents/GitHub/Iwan-and-George-Year-4-Project/Results/
* plotfmt: png
* solarmodel: False
* uncert: quantiles

Weights and priors:
* Bayesian weights:
  - Along tracks: age
  - Between tracks: volume
* Flat, constrained priors and ranges:
  - Teff: [5146.4637, 5229.8487000000005]
  - FeH: [-0.04730000000000001, 0.4527]
* Additional priors (IMF): 


Computing likelihood of models in the grid (5977 tracks) ...
Done! Computed the likelihood of 34900 models, found 34900 models with non-zero likelihood!


*****************************************
**                                     **
**   Output and results from the fit   **
**                                     **
*****************************************


Highest likelihood model:
* Weighted, non-normalized log-probability: -4.133929567085871
* Grid-index: grid/tracks/track3843[132], with parameters:
  - Name: track3843-1126.fgong
  - Teff      :  5188.765020 
  - FeH       :     0.203402 
  - radPhot   :     0.874538 
  - massfin   :     0.826713 
  - age       : 11114.170130 

Lowest chi2 model:
* chi2: 0.0055198950473857415
* Grid-index: grid/tracks/track3843[132], with parameters:
  - Name: track3843-1126.fgong
  - Teff      :  5188.765020 
  - FeH       :     0.203402 
  - radPhot   :     0.874538 
  - massfin   :     0.826713 
  - age       : 11114.170130 


Computing posterior distributions for the requested output parameters!
==> Summary statistics printed below ...

-----------------------------------------------------
median     Teff          :   5188.008175
err_plus   Teff          :     14.354329
err_minus  Teff          :     14.158595
-----------------------------------------------------
median     FeH           :      0.202397
err_plus   FeH           :      0.011378
err_minus  FeH           :      0.010152
-----------------------------------------------------
median     radPhot       :      0.935912
err_plus   radPhot       :      0.146416
err_minus  radPhot       :      0.092560
-----------------------------------------------------
median     massfin       :      0.889697
err_plus   massfin       :      0.053023
err_minus  massfin       :      0.037103
-----------------------------------------------------
median     age           :  12005.398590
err_plus   age           :   5971.859660
err_minus  age           :   7928.561104
-----------------------------------------------------

Saved results to mnt/c/Users/georg/Documents/GitHub/Iwan-and-George-Year-4-Project/Results/JustKenResults.ascii.
Saved corner plot to mnt/c/Users/georg/Documents/GitHub/Iwan-and-George-Year-4-Project/Results/1675923009431370880_corner.png.
Saved Kiel diagram to mnt/c/Users/georg/Documents/GitHub/Iwan-and-George-Year-4-Project/Results/1675923009431370880_kiel.png.
Did not get any frequency file input, skipping ratios and echelle plots.
Saved dictionary to mnt/c/Users/georg/Documents/GitHub/Iwan-and-George-Year-4-Project/Results/1675923009431370880.json

Finished on 2024-01-20 16:55:32 (runtime 38.0 s).

