========================================================================================
                                         BASTA                                         
                             The BAyesian STellar Algorithm                             

                                     Version 1.2.1                                     

                                (c) 2022, The BASTA Team                                
                           https://github.com/BASTAcode/BASTA                           
========================================================================================

Run started on 2024-01-20 16:55:32 . 

Random numbers initialised with seed: 3178 .

Fitting star id: 1725490333641502976 .
* Using the grid '/root/BASTA/grids/Garstec_AS09_barbieMS.hdf5' of type 'sobol tracks'.
  - Grid built with BASTA version 1.3.1, timestamp: 2023-11-28 at 20:12:28.

Transforming solar-based asteroseismic quantities:
* Converting to solar units if needed...
* Solar model scaling not activated!  -->  Dnu will not be scaled.
Done!

Fitting information:
* Fitting parameters with values and uncertainties:
  - Teff: [5848.7705, 4.105]
  - FeH: [0.1182, 0.0055]

Additional input parameters and settings in alphabetical order:
* asciiparams: ['Teff', 'FeH', 'radPhot', 'massfin', 'age']
* centroid: median
* cornerplots: ['Teff', 'FeH', 'radPhot', 'massfin', 'age']
* dnu_scales: {}
* dnusun: 135.1
* freqplots: []
* inputfile: input_JustKen.xml
* kielplots: [True]
* numsun: 3090.0
* output: mnt/c/Users/georg/Documents/GitHub/Iwan-and-George-Year-4-Project/Results/
* plotfmt: png
* solarmodel: False
* uncert: quantiles

Weights and priors:
* Bayesian weights:
  - Along tracks: age
  - Between tracks: volume
* Flat, constrained priors and ranges:
  - Teff: [5836.4555, 5861.085499999999]
  - FeH: [-0.1318, 0.36819999999999997]
* Additional priors (IMF): 


Computing likelihood of models in the grid (5977 tracks) ...
Done! Computed the likelihood of 10823 models, found 10823 models with non-zero likelihood!


*****************************************
**                                     **
**   Output and results from the fit   **
**                                     **
*****************************************


Highest likelihood model:
* Weighted, non-normalized log-probability: -5.193764978427744
* Grid-index: grid/tracks/track5489[136], with parameters:
  - Name: track5489-1157.fgong
  - Teff      :  5848.363193 
  - FeH       :     0.116079 
  - radPhot   :     1.006678 
  - massfin   :     0.988713 
  - age       :  4847.973808 

Lowest chi2 model:
* chi2: 0.011100672479393081
* Grid-index: grid/tracks/track1813[305], with parameters:
  - Name: track1813-1933.fgong
  - Teff      :  5848.968346 
  - FeH       :     0.118715 
  - radPhot   :     1.913642 
  - massfin   :     1.186193 
  - age       :  5038.613431 


Computing posterior distributions for the requested output parameters!
==> Summary statistics printed below ...

-----------------------------------------------------
median     Teff          :   5848.747569
err_plus   Teff          :      4.911517
err_minus  Teff          :      4.339905
-----------------------------------------------------
median     FeH           :      0.118595
err_plus   FeH           :      0.005396
err_minus  FeH           :      0.005017
-----------------------------------------------------
median     radPhot       :      1.200753
err_plus   radPhot       :      0.256993
err_minus  radPhot       :      0.179195
-----------------------------------------------------
median     massfin       :      1.063459
err_plus   massfin       :      0.098268
err_minus  massfin       :      0.040116
-----------------------------------------------------
median     age           :   5678.591930
err_plus   age           :   1646.259530
err_minus  age           :   1118.611816
-----------------------------------------------------

Saved results to mnt/c/Users/georg/Documents/GitHub/Iwan-and-George-Year-4-Project/Results/JustKenResults.ascii.
Saved corner plot to mnt/c/Users/georg/Documents/GitHub/Iwan-and-George-Year-4-Project/Results/1725490333641502976_corner.png.
Saved Kiel diagram to mnt/c/Users/georg/Documents/GitHub/Iwan-and-George-Year-4-Project/Results/1725490333641502976_kiel.png.
Did not get any frequency file input, skipping ratios and echelle plots.
Saved dictionary to mnt/c/Users/georg/Documents/GitHub/Iwan-and-George-Year-4-Project/Results/1725490333641502976.json

Finished on 2024-01-20 16:55:48 (runtime 16.0 s).

