========================================================================================
                                         BASTA                                         
                             The BAyesian STellar Algorithm                             

                                     Version 1.2.1                                     

                                (c) 2022, The BASTA Team                                
                           https://github.com/BASTAcode/BASTA                           
========================================================================================

Run started on 2024-01-20 16:55:48 . 

Random numbers initialised with seed: 3178 .

Fitting star id: 1737061349198867456 .
* Using the grid '/root/BASTA/grids/Garstec_AS09_barbieMS.hdf5' of type 'sobol tracks'.
  - Grid built with BASTA version 1.3.1, timestamp: 2023-11-28 at 20:12:28.

Transforming solar-based asteroseismic quantities:
* Converting to solar units if needed...
* Solar model scaling not activated!  -->  Dnu will not be scaled.
Done!

Fitting information:
* Fitting parameters with values and uncertainties:
  - Teff: [5997.613, 14.762]
  - FeH: [-0.202, 0.0122]

Additional input parameters and settings in alphabetical order:
* asciiparams: ['Teff', 'FeH', 'radPhot', 'massfin', 'age']
* centroid: median
* cornerplots: ['Teff', 'FeH', 'radPhot', 'massfin', 'age']
* dnu_scales: {}
* dnusun: 135.1
* freqplots: []
* inputfile: input_JustKen.xml
* kielplots: [True]
* numsun: 3090.0
* output: mnt/c/Users/georg/Documents/GitHub/Iwan-and-George-Year-4-Project/Results/
* plotfmt: png
* solarmodel: False
* uncert: quantiles

Weights and priors:
* Bayesian weights:
  - Along tracks: age
  - Between tracks: volume
* Flat, constrained priors and ranges:
  - Teff: [5953.327, 6041.899]
  - FeH: [-0.452, 0.04799999999999999]
* Additional priors (IMF): 


Computing likelihood of models in the grid (5977 tracks) ...
Done! Computed the likelihood of 30904 models, found 30904 models with non-zero likelihood!


*****************************************
**                                     **
**   Output and results from the fit   **
**                                     **
*****************************************


Highest likelihood model:
* Weighted, non-normalized log-probability: -4.578148490761144
* Grid-index: grid/tracks/track5131[54], with parameters:
  - Name: track5131-739.fgong
  - Teff      :  6003.392033 
  - FeH       :    -0.197497 
  - radPhot   :     0.904917 
  - massfin   :     0.919864 
  - age       :  2335.294620 

Lowest chi2 model:
* chi2: 0.0020596518229215456
* Grid-index: grid/tracks/track2969[228], with parameters:
  - Name: track2969-1601.fgong
  - Teff      :  5996.972048 
  - FeH       :    -0.201839 
  - radPhot   :     1.728968 
  - massfin   :     1.032130 
  - age       :  6730.150700 


Computing posterior distributions for the requested output parameters!
==> Summary statistics printed below ...

-----------------------------------------------------
median     Teff          :   5997.407712
err_plus   Teff          :     13.354155
err_minus  Teff          :     13.499198
-----------------------------------------------------
median     FeH           :     -0.201434
err_plus   FeH           :      0.010858
err_minus  FeH           :      0.011642
-----------------------------------------------------
median     radPhot       :      1.077263
err_plus   radPhot       :      0.249694
err_minus  radPhot       :      0.142216
-----------------------------------------------------
median     massfin       :      0.966366
err_plus   massfin       :      0.050254
err_minus  massfin       :      0.063777
-----------------------------------------------------
median     age           :   5958.207647
err_plus   age           :   1804.465756
err_minus  age           :   2814.439361
-----------------------------------------------------

Saved results to mnt/c/Users/georg/Documents/GitHub/Iwan-and-George-Year-4-Project/Results/JustKenResults.ascii.
Saved corner plot to mnt/c/Users/georg/Documents/GitHub/Iwan-and-George-Year-4-Project/Results/1737061349198867456_corner.png.
Saved Kiel diagram to mnt/c/Users/georg/Documents/GitHub/Iwan-and-George-Year-4-Project/Results/1737061349198867456_kiel.png.
Did not get any frequency file input, skipping ratios and echelle plots.
Saved dictionary to mnt/c/Users/georg/Documents/GitHub/Iwan-and-George-Year-4-Project/Results/1737061349198867456.json

Finished on 2024-01-20 16:56:08 (runtime 20.0 s).

