========================================================================================
                                         BASTA                                         
                             The BAyesian STellar Algorithm                             

                                     Version 1.2.1                                     

                                (c) 2022, The BASTA Team                                
                           https://github.com/BASTAcode/BASTA                           
========================================================================================

Run started on 2024-01-20 16:56:08 . 

Random numbers initialised with seed: 3178 .

Fitting star id: 1750321012752775040 .
* Using the grid '/root/BASTA/grids/Garstec_AS09_barbieMS.hdf5' of type 'sobol tracks'.
  - Grid built with BASTA version 1.3.1, timestamp: 2023-11-28 at 20:12:28.

Transforming solar-based asteroseismic quantities:
* Converting to solar units if needed...
* Solar model scaling not activated!  -->  Dnu will not be scaled.
Done!

Fitting information:
* Fitting parameters with values and uncertainties:
  - Teff: [6138.781, 3.5696]
  - FeH: [-0.1752, 0.0031]

Additional input parameters and settings in alphabetical order:
* asciiparams: ['Teff', 'FeH', 'radPhot', 'massfin', 'age']
* centroid: median
* cornerplots: ['Teff', 'FeH', 'radPhot', 'massfin', 'age']
* dnu_scales: {}
* dnusun: 135.1
* freqplots: []
* inputfile: input_JustKen.xml
* kielplots: [True]
* numsun: 3090.0
* output: mnt/c/Users/georg/Documents/GitHub/Iwan-and-George-Year-4-Project/Results/
* plotfmt: png
* solarmodel: False
* uncert: quantiles

Weights and priors:
* Bayesian weights:
  - Along tracks: age
  - Between tracks: volume
* Flat, constrained priors and ranges:
  - Teff: [6128.0722, 6149.4898]
  - FeH: [-0.4252, 0.0748]
* Additional priors (IMF): 


Computing likelihood of models in the grid (5977 tracks) ...
Done! Computed the likelihood of 7058 models, found 7058 models with non-zero likelihood!


*****************************************
**                                     **
**   Output and results from the fit   **
**                                     **
*****************************************


Highest likelihood model:
* Weighted, non-normalized log-probability: -5.076027961442675
* Grid-index: grid/tracks/track4715[40], with parameters:
  - Name: track4715-670.fgong
  - Teff      :  6140.249946 
  - FeH       :    -0.174612 
  - radPhot   :     0.912128 
  - massfin   :     0.939897 
  - age       :  1566.939441 

Lowest chi2 model:
* chi2: 0.2053362856371876
* Grid-index: grid/tracks/track4715[40], with parameters:
  - Name: track4715-670.fgong
  - Teff      :  6140.249946 
  - FeH       :    -0.174612 
  - radPhot   :     0.912128 
  - massfin   :     0.939897 
  - age       :  1566.939441 


Computing posterior distributions for the requested output parameters!
==> Summary statistics printed below ...

-----------------------------------------------------
median     Teff          :   6140.249946
err_plus   Teff          :      3.162065
err_minus  Teff          :      4.267105
-----------------------------------------------------
median     FeH           :     -0.174612
err_plus   FeH           :      0.003269
err_minus  FeH           :      0.003643
-----------------------------------------------------
median     radPhot       :      1.032305
err_plus   radPhot       :      0.402103
err_minus  radPhot       :      0.121758
-----------------------------------------------------
median     massfin       :      0.954706
err_plus   massfin       :      0.129448
err_minus  massfin       :      0.014810
-----------------------------------------------------
median     age           :   4764.483473
err_plus   age           :   1163.728502
err_minus  age           :   3939.983576
-----------------------------------------------------

Saved results to mnt/c/Users/georg/Documents/GitHub/Iwan-and-George-Year-4-Project/Results/JustKenResults.ascii.
Saved corner plot to mnt/c/Users/georg/Documents/GitHub/Iwan-and-George-Year-4-Project/Results/1750321012752775040_corner.png.
Saved Kiel diagram to mnt/c/Users/georg/Documents/GitHub/Iwan-and-George-Year-4-Project/Results/1750321012752775040_kiel.png.
Did not get any frequency file input, skipping ratios and echelle plots.
Saved dictionary to mnt/c/Users/georg/Documents/GitHub/Iwan-and-George-Year-4-Project/Results/1750321012752775040.json

Finished on 2024-01-20 16:56:22 (runtime 14.0 s).

