========================================================================================
                                         BASTA                                         
                             The BAyesian STellar Algorithm                             

                                     Version 1.2.1                                     

                                (c) 2022, The BASTA Team                                
                           https://github.com/BASTAcode/BASTA                           
========================================================================================

Run started on 2024-01-20 16:56:22 . 

Random numbers initialised with seed: 3178 .

Fitting star id: 1779546757669063552 .
* Using the grid '/root/BASTA/grids/Garstec_AS09_barbieMS.hdf5' of type 'sobol tracks'.
  - Grid built with BASTA version 1.3.1, timestamp: 2023-11-28 at 20:12:28.

Transforming solar-based asteroseismic quantities:
* Converting to solar units if needed...
* Solar model scaling not activated!  -->  Dnu will not be scaled.
Done!

Fitting information:
* Fitting parameters with values and uncertainties:
  - Teff: [5996.3154, 1.5446]
  - FeH: [-0.3061, 0.0121]

Additional input parameters and settings in alphabetical order:
* asciiparams: ['Teff', 'FeH', 'radPhot', 'massfin', 'age']
* centroid: median
* cornerplots: ['Teff', 'FeH', 'radPhot', 'massfin', 'age']
* dnu_scales: {}
* dnusun: 135.1
* freqplots: []
* inputfile: input_JustKen.xml
* kielplots: [True]
* numsun: 3090.0
* output: mnt/c/Users/georg/Documents/GitHub/Iwan-and-George-Year-4-Project/Results/
* plotfmt: png
* solarmodel: False
* uncert: quantiles

Weights and priors:
* Bayesian weights:
  - Along tracks: age
  - Between tracks: volume
* Flat, constrained priors and ranges:
  - Teff: [5991.681600000001, 6000.9492]
  - FeH: [-0.5561, -0.05609999999999998]
* Additional priors (IMF): 


Computing likelihood of models in the grid (5977 tracks) ...
Done! Computed the likelihood of 3009 models, found 3009 models with non-zero likelihood!


*****************************************
**                                     **
**   Output and results from the fit   **
**                                     **
*****************************************


Highest likelihood model:
* Weighted, non-normalized log-probability: -4.240170328130006
* Grid-index: grid/tracks/track0936[70], with parameters:
  - Name: track0936-827.fgong
  - Teff      :  5996.957602 
  - FeH       :    -0.301429 
  - radPhot   :     0.875816 
  - massfin   :     0.820720 
  - age       :  5879.949051 

Lowest chi2 model:
* chi2: 0.005821997233815724
* Grid-index: grid/tracks/track4004[156], with parameters:
  - Name: track4004-1273.fgong
  - Teff      :  5996.279887 
  - FeH       :    -0.306980 
  - radPhot   :     0.987387 
  - massfin   :     0.914586 
  - age       :  7274.286656 


Computing posterior distributions for the requested output parameters!
==> Summary statistics printed below ...

-----------------------------------------------------
median     Teff          :   5996.460526
err_plus   Teff          :      1.259575
err_minus  Teff          :      1.685024
-----------------------------------------------------
median     FeH           :     -0.304192
err_plus   FeH           :      0.011598
err_minus  FeH           :      0.011546
-----------------------------------------------------
median     radPhot       :      0.988080
err_plus   radPhot       :      0.340415
err_minus  radPhot       :      0.119901
-----------------------------------------------------
median     massfin       :      0.927774
err_plus   massfin       :      0.043488
err_minus  massfin       :      0.058808
-----------------------------------------------------
median     age           :   5790.449051
err_plus   age           :   2607.845569
err_minus  age           :   3015.412213
-----------------------------------------------------

Saved results to mnt/c/Users/georg/Documents/GitHub/Iwan-and-George-Year-4-Project/Results/JustKenResults.ascii.
Saved corner plot to mnt/c/Users/georg/Documents/GitHub/Iwan-and-George-Year-4-Project/Results/1779546757669063552_corner.png.
Saved Kiel diagram to mnt/c/Users/georg/Documents/GitHub/Iwan-and-George-Year-4-Project/Results/1779546757669063552_kiel.png.
Did not get any frequency file input, skipping ratios and echelle plots.
Saved dictionary to mnt/c/Users/georg/Documents/GitHub/Iwan-and-George-Year-4-Project/Results/1779546757669063552.json

Finished on 2024-01-20 16:56:39 (runtime 17.0 s).

