========================================================================================
                                         BASTA                                         
                             The BAyesian STellar Algorithm                             

                                     Version 1.2.1                                     

                                (c) 2022, The BASTA Team                                
                           https://github.com/BASTAcode/BASTA                           
========================================================================================

Run started on 2024-01-20 16:56:39 . 

Random numbers initialised with seed: 3178 .

Fitting star id: 179498266829041664 .
* Using the grid '/root/BASTA/grids/Garstec_AS09_barbieMS.hdf5' of type 'sobol tracks'.
  - Grid built with BASTA version 1.3.1, timestamp: 2023-11-28 at 20:12:28.

Transforming solar-based asteroseismic quantities:
* Converting to solar units if needed...
* Solar model scaling not activated!  -->  Dnu will not be scaled.
Done!

Fitting information:
* Fitting parameters with values and uncertainties:
  - Teff: [5372.22, 37.2297]
  - FeH: [-0.0133, 0.0435]

Additional input parameters and settings in alphabetical order:
* asciiparams: ['Teff', 'FeH', 'radPhot', 'massfin', 'age']
* centroid: median
* cornerplots: ['Teff', 'FeH', 'radPhot', 'massfin', 'age']
* dnu_scales: {}
* dnusun: 135.1
* freqplots: []
* inputfile: input_JustKen.xml
* kielplots: [True]
* numsun: 3090.0
* output: mnt/c/Users/georg/Documents/GitHub/Iwan-and-George-Year-4-Project/Results/
* plotfmt: png
* solarmodel: False
* uncert: quantiles

Weights and priors:
* Bayesian weights:
  - Along tracks: age
  - Between tracks: volume
* Flat, constrained priors and ranges:
  - Teff: [5260.530900000001, 5483.9091]
  - FeH: [-0.2633, 0.2367]
* Additional priors (IMF): 


Computing likelihood of models in the grid (5977 tracks) ...
Done! Computed the likelihood of 61738 models, found 61738 models with non-zero likelihood!


*****************************************
**                                     **
**   Output and results from the fit   **
**                                     **
*****************************************


Highest likelihood model:
* Weighted, non-normalized log-probability: -3.834429460199585
* Grid-index: grid/tracks/track4903[38], with parameters:
  - Name: track4903-670.fgong
  - Teff      :  5370.197502 
  - FeH       :    -0.017286 
  - radPhot   :     0.752395 
  - massfin   :     0.787901 
  - age       :  3803.880359 

Lowest chi2 model:
* chi2: 0.0012867214183492702
* Grid-index: grid/tracks/track3355[135], with parameters:
  - Name: track3355-1163.fgong
  - Teff      :  5372.841988 
  - FeH       :    -0.011919 
  - radPhot   :     0.873712 
  - massfin   :     0.906787 
  - age       :  6473.192279 


Computing posterior distributions for the requested output parameters!
==> Summary statistics printed below ...

-----------------------------------------------------
median     Teff          :   5369.864788
err_plus   Teff          :     37.348838
err_minus  Teff          :     37.189187
-----------------------------------------------------
median     FeH           :     -0.017003
err_plus   FeH           :      0.053494
err_minus  FeH           :      0.041981
-----------------------------------------------------
median     radPhot       :      0.887325
err_plus   radPhot       :      0.238417
err_minus  radPhot       :      0.086333
-----------------------------------------------------
median     massfin       :      0.854298
err_plus   massfin       :      0.052517
err_minus  massfin       :      0.052433
-----------------------------------------------------
median     age           :   9928.680536
err_plus   age           :   6907.465484
err_minus  age           :   6430.922865
-----------------------------------------------------

Saved results to mnt/c/Users/georg/Documents/GitHub/Iwan-and-George-Year-4-Project/Results/JustKenResults.ascii.
Saved corner plot to mnt/c/Users/georg/Documents/GitHub/Iwan-and-George-Year-4-Project/Results/179498266829041664_corner.png.
Saved Kiel diagram to mnt/c/Users/georg/Documents/GitHub/Iwan-and-George-Year-4-Project/Results/179498266829041664_kiel.png.
Did not get any frequency file input, skipping ratios and echelle plots.
Saved dictionary to mnt/c/Users/georg/Documents/GitHub/Iwan-and-George-Year-4-Project/Results/179498266829041664.json

Finished on 2024-01-20 16:57:10 (runtime 31.0 s).

