========================================================================================
                                         BASTA                                         
                             The BAyesian STellar Algorithm                             

                                     Version 1.2.1                                     

                                (c) 2022, The BASTA Team                                
                           https://github.com/BASTAcode/BASTA                           
========================================================================================

Run started on 2024-01-20 16:57:43 . 

Random numbers initialised with seed: 3178 .

Fitting star id: 1835842749465226368 .
* Using the grid '/root/BASTA/grids/Garstec_AS09_barbieMS.hdf5' of type 'sobol tracks'.
  - Grid built with BASTA version 1.3.1, timestamp: 2023-11-28 at 20:12:28.

Transforming solar-based asteroseismic quantities:
* Converting to solar units if needed...
* Solar model scaling not activated!  -->  Dnu will not be scaled.
Done!

Fitting information:
* Fitting parameters with values and uncertainties:
  - Teff: [6739.136, 9.452]
  - FeH: [-0.352, 0.0054]

Additional input parameters and settings in alphabetical order:
* asciiparams: ['Teff', 'FeH', 'radPhot', 'massfin', 'age']
* centroid: median
* cornerplots: ['Teff', 'FeH', 'radPhot', 'massfin', 'age']
* dnu_scales: {}
* dnusun: 135.1
* freqplots: []
* inputfile: input_JustKen.xml
* kielplots: [True]
* numsun: 3090.0
* output: mnt/c/Users/georg/Documents/GitHub/Iwan-and-George-Year-4-Project/Results/
* plotfmt: png
* solarmodel: False
* uncert: quantiles

Weights and priors:
* Bayesian weights:
  - Along tracks: age
  - Between tracks: volume
* Flat, constrained priors and ranges:
  - Teff: [6710.780000000001, 6767.492]
  - FeH: [-0.602, -0.10199999999999998]
* Additional priors (IMF): 


Computing likelihood of models in the grid (5977 tracks) ...
Done! Computed the likelihood of 2535 models, found 2535 models with non-zero likelihood!


*****************************************
**                                     **
**   Output and results from the fit   **
**                                     **
*****************************************


Highest likelihood model:
* Weighted, non-normalized log-probability: -5.5397139060992755
* Grid-index: grid/tracks/track4730[12], with parameters:
  - Name: track4730-498.fgong
  - Teff      :  6738.966340 
  - FeH       :    -0.350482 
  - radPhot   :     1.112834 
  - massfin   :     1.142972 
  - age       :   198.482970 

Lowest chi2 model:
* chi2: 0.07937599352167422
* Grid-index: grid/tracks/track4730[12], with parameters:
  - Name: track4730-498.fgong
  - Teff      :  6738.966340 
  - FeH       :    -0.350482 
  - radPhot   :     1.112834 
  - massfin   :     1.142972 
  - age       :   198.482970 


Computing posterior distributions for the requested output parameters!
==> Summary statistics printed below ...

-----------------------------------------------------
median     Teff          :   6738.966340
err_plus   Teff          :     11.265453
err_minus  Teff          :      9.301744
-----------------------------------------------------
median     FeH           :     -0.351306
err_plus   FeH           :      0.004183
err_minus  FeH           :      0.006220
-----------------------------------------------------
median     radPhot       :      1.114811
err_plus   radPhot       :      0.060552
err_minus  radPhot       :      0.036250
-----------------------------------------------------
median     massfin       :      1.142975
err_plus   massfin       :      0.033951
err_minus  massfin       :      0.015000
-----------------------------------------------------
median     age           :    491.807479
err_plus   age           :    392.930841
err_minus  age           :    355.211669
-----------------------------------------------------

Saved results to mnt/c/Users/georg/Documents/GitHub/Iwan-and-George-Year-4-Project/Results/JustKenResults.ascii.
Saved corner plot to mnt/c/Users/georg/Documents/GitHub/Iwan-and-George-Year-4-Project/Results/1835842749465226368_corner.png.
Saved Kiel diagram to mnt/c/Users/georg/Documents/GitHub/Iwan-and-George-Year-4-Project/Results/1835842749465226368_kiel.png.
Did not get any frequency file input, skipping ratios and echelle plots.
Saved dictionary to mnt/c/Users/georg/Documents/GitHub/Iwan-and-George-Year-4-Project/Results/1835842749465226368.json

Finished on 2024-01-20 16:58:04 (runtime 21.0 s).

