========================================================================================
                                         BASTA                                         
                             The BAyesian STellar Algorithm                             

                                     Version 1.2.1                                     

                                (c) 2022, The BASTA Team                                
                           https://github.com/BASTAcode/BASTA                           
========================================================================================

Run started on 2024-01-20 16:58:04 . 

Random numbers initialised with seed: 3178 .

Fitting star id: 1849786481032616960 .
* Using the grid '/root/BASTA/grids/Garstec_AS09_barbieMS.hdf5' of type 'sobol tracks'.
  - Grid built with BASTA version 1.3.1, timestamp: 2023-11-28 at 20:12:28.

Transforming solar-based asteroseismic quantities:
* Converting to solar units if needed...
* Solar model scaling not activated!  -->  Dnu will not be scaled.
Done!

Fitting information:
* Fitting parameters with values and uncertainties:
  - Teff: [5286.4, 3.786]
  - FeH: [0.0628, 0.0039]

Additional input parameters and settings in alphabetical order:
* asciiparams: ['Teff', 'FeH', 'radPhot', 'massfin', 'age']
* centroid: median
* cornerplots: ['Teff', 'FeH', 'radPhot', 'massfin', 'age']
* dnu_scales: {}
* dnusun: 135.1
* freqplots: []
* inputfile: input_JustKen.xml
* kielplots: [True]
* numsun: 3090.0
* output: mnt/c/Users/georg/Documents/GitHub/Iwan-and-George-Year-4-Project/Results/
* plotfmt: png
* solarmodel: False
* uncert: quantiles

Weights and priors:
* Bayesian weights:
  - Along tracks: age
  - Between tracks: volume
* Flat, constrained priors and ranges:
  - Teff: [5275.0419999999995, 5297.758]
  - FeH: [-0.1872, 0.31279999999999997]
* Additional priors (IMF): 


Computing likelihood of models in the grid (5977 tracks) ...
Done! Computed the likelihood of 7451 models, found 7451 models with non-zero likelihood!


*****************************************
**                                     **
**   Output and results from the fit   **
**                                     **
*****************************************


Highest likelihood model:
* Weighted, non-normalized log-probability: -3.9933213154652916
* Grid-index: grid/tracks/track1047[102], with parameters:
  - Name: track1047-978.fgong
  - Teff      :  5286.560003 
  - FeH       :     0.062318 
  - radPhot   :     0.855797 
  - massfin   :     0.809744 
  - age       :  9340.302569 

Lowest chi2 model:
* chi2: 0.017055814102486435
* Grid-index: grid/tracks/track1047[102], with parameters:
  - Name: track1047-978.fgong
  - Teff      :  5286.560003 
  - FeH       :     0.062318 
  - radPhot   :     0.855797 
  - massfin   :     0.809744 
  - age       :  9340.302569 


Computing posterior distributions for the requested output parameters!
==> Summary statistics printed below ...

-----------------------------------------------------
median     Teff          :   5285.237034
err_plus   Teff          :      4.280305
err_minus  Teff          :      3.578858
-----------------------------------------------------
median     FeH           :      0.062856
err_plus   FeH           :      0.003198
err_minus  FeH           :      0.002751
-----------------------------------------------------
median     radPhot       :      0.948702
err_plus   radPhot       :      0.147083
err_minus  radPhot       :      0.172056
-----------------------------------------------------
median     massfin       :      0.863968
err_plus   massfin       :      0.062975
err_minus  massfin       :      0.054225
-----------------------------------------------------
median     age           :   9996.023092
err_plus   age           :   7883.423738
err_minus  age           :   8464.392627
-----------------------------------------------------

Saved results to mnt/c/Users/georg/Documents/GitHub/Iwan-and-George-Year-4-Project/Results/JustKenResults.ascii.
Saved corner plot to mnt/c/Users/georg/Documents/GitHub/Iwan-and-George-Year-4-Project/Results/1849786481032616960_corner.png.
Saved Kiel diagram to mnt/c/Users/georg/Documents/GitHub/Iwan-and-George-Year-4-Project/Results/1849786481032616960_kiel.png.
Did not get any frequency file input, skipping ratios and echelle plots.
Saved dictionary to mnt/c/Users/georg/Documents/GitHub/Iwan-and-George-Year-4-Project/Results/1849786481032616960.json

Finished on 2024-01-20 16:58:20 (runtime 16.0 s).

