========================================================================================
                                         BASTA                                         
                             The BAyesian STellar Algorithm                             

                                     Version 1.2.1                                     

                                (c) 2022, The BASTA Team                                
                           https://github.com/BASTAcode/BASTA                           
========================================================================================

Run started on 2024-01-20 16:58:20 . 

Random numbers initialised with seed: 3178 .

Fitting star id: 1909762228985058944 .
* Using the grid '/root/BASTA/grids/Garstec_AS09_barbieMS.hdf5' of type 'sobol tracks'.
  - Grid built with BASTA version 1.3.1, timestamp: 2023-11-28 at 20:12:28.

Transforming solar-based asteroseismic quantities:
* Converting to solar units if needed...
* Solar model scaling not activated!  -->  Dnu will not be scaled.
Done!

Fitting information:
* Fitting parameters with values and uncertainties:
  - Teff: [4690.008, 4.7576]
  - FeH: [0.1049, 0.0056]

Additional input parameters and settings in alphabetical order:
* asciiparams: ['Teff', 'FeH', 'radPhot', 'massfin', 'age']
* centroid: median
* cornerplots: ['Teff', 'FeH', 'radPhot', 'massfin', 'age']
* dnu_scales: {}
* dnusun: 135.1
* freqplots: []
* inputfile: input_JustKen.xml
* kielplots: [True]
* numsun: 3090.0
* output: mnt/c/Users/georg/Documents/GitHub/Iwan-and-George-Year-4-Project/Results/
* plotfmt: png
* solarmodel: False
* uncert: quantiles

Weights and priors:
* Bayesian weights:
  - Along tracks: age
  - Between tracks: volume
* Flat, constrained priors and ranges:
  - Teff: [4675.7352, 4704.2807999999995]
  - FeH: [-0.1451, 0.3549]
* Additional priors (IMF): 


Computing likelihood of models in the grid (5977 tracks) ...
Done! Computed the likelihood of 3653 models, found 3653 models with non-zero likelihood!


*****************************************
**                                     **
**   Output and results from the fit   **
**                                     **
*****************************************


Highest likelihood model:
* Weighted, non-normalized log-probability: -3.382039491607269
* Grid-index: grid/tracks/track5967[8], with parameters:
  - Name: track5967-528.fgong
  - Teff      :  4690.638318 
  - FeH       :     0.106237 
  - radPhot   :     0.677673 
  - massfin   :     0.744991 
  - age       :   742.047398 

Lowest chi2 model:
* chi2: 0.07455051890044372
* Grid-index: grid/tracks/track5967[8], with parameters:
  - Name: track5967-528.fgong
  - Teff      :  4690.638318 
  - FeH       :     0.106237 
  - radPhot   :     0.677673 
  - massfin   :     0.744991 
  - age       :   742.047398 


Computing posterior distributions for the requested output parameters!
==> Summary statistics printed below ...

-----------------------------------------------------
median     Teff          :   4690.491875
err_plus   Teff          :      3.949538
err_minus  Teff          :      4.161198
-----------------------------------------------------
median     FeH           :      0.106402
err_plus   FeH           :      0.004987
err_minus  FeH           :      0.005184
-----------------------------------------------------
median     radPhot       :      0.688307
err_plus   radPhot       :      0.063661
err_minus  radPhot       :      0.013465
-----------------------------------------------------
median     massfin       :      0.744993
err_plus   massfin       :      0.023957
err_minus  massfin       :      0.025017
-----------------------------------------------------
median     age           :   1918.538666
err_plus   age           :  14774.937054
err_minus  age           :   1176.491268
-----------------------------------------------------

Saved results to mnt/c/Users/georg/Documents/GitHub/Iwan-and-George-Year-4-Project/Results/JustKenResults.ascii.
Saved corner plot to mnt/c/Users/georg/Documents/GitHub/Iwan-and-George-Year-4-Project/Results/1909762228985058944_corner.png.
Saved Kiel diagram to mnt/c/Users/georg/Documents/GitHub/Iwan-and-George-Year-4-Project/Results/1909762228985058944_kiel.png.
Did not get any frequency file input, skipping ratios and echelle plots.
Saved dictionary to mnt/c/Users/georg/Documents/GitHub/Iwan-and-George-Year-4-Project/Results/1909762228985058944.json

Finished on 2024-01-20 16:58:48 (runtime 28.0 s).

