========================================================================================
                                         BASTA                                         
                             The BAyesian STellar Algorithm                             

                                     Version 1.2.1                                     

                                (c) 2022, The BASTA Team                                
                           https://github.com/BASTAcode/BASTA                           
========================================================================================

Run started on 2024-01-20 16:58:48 . 

Random numbers initialised with seed: 3178 .

Fitting star id: 1925321658551399040 .
* Using the grid '/root/BASTA/grids/Garstec_AS09_barbieMS.hdf5' of type 'sobol tracks'.
  - Grid built with BASTA version 1.3.1, timestamp: 2023-11-28 at 20:12:28.

Transforming solar-based asteroseismic quantities:
* Converting to solar units if needed...
* Solar model scaling not activated!  -->  Dnu will not be scaled.
Done!

Fitting information:
* Fitting parameters with values and uncertainties:
  - Teff: [6715.8354, 12.9571]
  - FeH: [-0.4524, 0.0157]

Additional input parameters and settings in alphabetical order:
* asciiparams: ['Teff', 'FeH', 'radPhot', 'massfin', 'age']
* centroid: median
* cornerplots: ['Teff', 'FeH', 'radPhot', 'massfin', 'age']
* dnu_scales: {}
* dnusun: 135.1
* freqplots: []
* inputfile: input_JustKen.xml
* kielplots: [True]
* numsun: 3090.0
* output: mnt/c/Users/georg/Documents/GitHub/Iwan-and-George-Year-4-Project/Results/
* plotfmt: png
* solarmodel: False
* uncert: quantiles

Weights and priors:
* Bayesian weights:
  - Along tracks: age
  - Between tracks: volume
* Flat, constrained priors and ranges:
  - Teff: [6676.9641, 6754.7067]
  - FeH: [-0.7024, -0.20240000000000002]
* Additional priors (IMF): 


Computing likelihood of models in the grid (5977 tracks) ...
Done! Computed the likelihood of 4637 models, found 4637 models with non-zero likelihood!


*****************************************
**                                     **
**   Output and results from the fit   **
**                                     **
*****************************************


Highest likelihood model:
* Weighted, non-normalized log-probability: -5.393168644729598
* Grid-index: grid/tracks/track0738[54], with parameters:
  - Name: track0738-724.fgong
  - Teff      :  6711.897673 
  - FeH       :    -0.450698 
  - radPhot   :     1.131144 
  - massfin   :     1.093844 
  - age       :  1090.239841 

Lowest chi2 model:
* chi2: 0.0037011585860682664
* Grid-index: grid/tracks/track2486[14], with parameters:
  - Name: track2486-518.fgong
  - Teff      :  6715.470620 
  - FeH       :    -0.451553 
  - radPhot   :     1.050716 
  - massfin   :     1.056962 
  - age       :   300.591073 


Computing posterior distributions for the requested output parameters!
==> Summary statistics printed below ...

-----------------------------------------------------
median     Teff          :   6714.099150
err_plus   Teff          :     14.786856
err_minus  Teff          :     14.221304
-----------------------------------------------------
median     FeH           :     -0.452197
err_plus   FeH           :      0.014583
err_minus  FeH           :      0.016746
-----------------------------------------------------
median     radPhot       :      1.131271
err_plus   radPhot       :      0.089576
err_minus  radPhot       :      0.083029
-----------------------------------------------------
median     massfin       :      1.122964
err_plus   massfin       :      0.042867
err_minus  massfin       :      0.064093
-----------------------------------------------------
median     age           :    776.879000
err_plus   age           :    554.767975
err_minus  age           :    491.975123
-----------------------------------------------------

Saved results to mnt/c/Users/georg/Documents/GitHub/Iwan-and-George-Year-4-Project/Results/JustKenResults.ascii.
Saved corner plot to mnt/c/Users/georg/Documents/GitHub/Iwan-and-George-Year-4-Project/Results/1925321658551399040_corner.png.
Saved Kiel diagram to mnt/c/Users/georg/Documents/GitHub/Iwan-and-George-Year-4-Project/Results/1925321658551399040_kiel.png.
Did not get any frequency file input, skipping ratios and echelle plots.
Saved dictionary to mnt/c/Users/georg/Documents/GitHub/Iwan-and-George-Year-4-Project/Results/1925321658551399040.json

Finished on 2024-01-20 16:59:01 (runtime 13.0 s).

