========================================================================================
                                         BASTA                                         
                             The BAyesian STellar Algorithm                             

                                     Version 1.2.1                                     

                                (c) 2022, The BASTA Team                                
                           https://github.com/BASTAcode/BASTA                           
========================================================================================

Run started on 2024-01-20 16:59:09 . 

Random numbers initialised with seed: 3178 .

Fitting star id: 2048464796210957440 .
* Using the grid '/root/BASTA/grids/Garstec_AS09_barbieMS.hdf5' of type 'sobol tracks'.
  - Grid built with BASTA version 1.3.1, timestamp: 2023-11-28 at 20:12:28.

Transforming solar-based asteroseismic quantities:
* Converting to solar units if needed...
* Solar model scaling not activated!  -->  Dnu will not be scaled.
Done!

Fitting information:
* Fitting parameters with values and uncertainties:
  - Teff: [5735.328, 54.784]
  - FeH: [-0.7781, 0.0643]

Additional input parameters and settings in alphabetical order:
* asciiparams: ['Teff', 'FeH', 'radPhot', 'massfin', 'age']
* centroid: median
* cornerplots: ['Teff', 'FeH', 'radPhot', 'massfin', 'age']
* dnu_scales: {}
* dnusun: 135.1
* freqplots: []
* inputfile: input_JustKen.xml
* kielplots: [True]
* numsun: 3090.0
* output: mnt/c/Users/georg/Documents/GitHub/Iwan-and-George-Year-4-Project/Results/
* plotfmt: png
* solarmodel: False
* uncert: quantiles

Weights and priors:
* Bayesian weights:
  - Along tracks: age
  - Between tracks: volume
* Flat, constrained priors and ranges:
  - Teff: [5570.976000000001, 5899.68]
  - FeH: [-1.0281, -0.5281]
* Additional priors (IMF): 


Computing likelihood of models in the grid (5977 tracks) ...
Done! Computed the likelihood of 22019 models, found 22019 models with non-zero likelihood!


*****************************************
**                                     **
**   Output and results from the fit   **
**                                     **
*****************************************


Highest likelihood model:
* Weighted, non-normalized log-probability: -3.197682679970209
* Grid-index: grid/tracks/track4224[22], with parameters:
  - Name: track4224-588.fgong
  - Teff      :  5739.291978 
  - FeH       :    -0.767299 
  - radPhot   :     0.666752 
  - massfin   :     0.705904 
  - age       :  3612.368496 

Lowest chi2 model:
* chi2: 0.0003499782685250096
* Grid-index: grid/tracks/track5216[78], with parameters:
  - Name: track5216-872.fgong
  - Teff      :  5736.046536 
  - FeH       :    -0.778958 
  - radPhot   :     0.793336 
  - massfin   :     0.719622 
  - age       : 13220.503930 


Computing posterior distributions for the requested output parameters!
==> Summary statistics printed below ...

-----------------------------------------------------
median     Teff          :   5747.589296
err_plus   Teff          :     53.062206
err_minus  Teff          :     52.646488
-----------------------------------------------------
median     FeH           :     -0.759938
err_plus   FeH           :      0.058273
err_minus  FeH           :      0.072351
-----------------------------------------------------
median     radPhot       :      0.740897
err_plus   radPhot       :      0.196849
err_minus  radPhot       :      0.060770
-----------------------------------------------------
median     massfin       :      0.737671
err_plus   massfin       :      0.032280
err_minus  massfin       :      0.025078
-----------------------------------------------------
median     age           :   7948.682444
err_plus   age           :   7880.661763
err_minus  age           :   5588.992914
-----------------------------------------------------

Saved results to mnt/c/Users/georg/Documents/GitHub/Iwan-and-George-Year-4-Project/Results/JustKenResults.ascii.
Saved corner plot to mnt/c/Users/georg/Documents/GitHub/Iwan-and-George-Year-4-Project/Results/2048464796210957440_corner.png.
Saved Kiel diagram to mnt/c/Users/georg/Documents/GitHub/Iwan-and-George-Year-4-Project/Results/2048464796210957440_kiel.png.
Did not get any frequency file input, skipping ratios and echelle plots.
Saved dictionary to mnt/c/Users/georg/Documents/GitHub/Iwan-and-George-Year-4-Project/Results/2048464796210957440.json

Finished on 2024-01-20 16:59:44 (runtime 35.0 s).

