========================================================================================
                                         BASTA                                         
                             The BAyesian STellar Algorithm                             

                                     Version 1.2.1                                     

                                (c) 2022, The BASTA Team                                
                           https://github.com/BASTAcode/BASTA                           
========================================================================================

Run started on 2024-01-20 17:00:13 . 

Random numbers initialised with seed: 3178 .

Fitting star id: 2051866238502437632 .
* Using the grid '/root/BASTA/grids/Garstec_AS09_barbieMS.hdf5' of type 'sobol tracks'.
  - Grid built with BASTA version 1.3.1, timestamp: 2023-11-28 at 20:12:28.

Transforming solar-based asteroseismic quantities:
* Converting to solar units if needed...
* Solar model scaling not activated!  -->  Dnu will not be scaled.
Done!

Fitting information:
* Fitting parameters with values and uncertainties:
  - Teff: [6089.895, 3.277]
  - FeH: [-0.0359, 0.0048]

Additional input parameters and settings in alphabetical order:
* asciiparams: ['Teff', 'FeH', 'radPhot', 'massfin', 'age']
* centroid: median
* cornerplots: ['Teff', 'FeH', 'radPhot', 'massfin', 'age']
* dnu_scales: {}
* dnusun: 135.1
* freqplots: []
* inputfile: input_JustKen.xml
* kielplots: [True]
* numsun: 3090.0
* output: mnt/c/Users/georg/Documents/GitHub/Iwan-and-George-Year-4-Project/Results/
* plotfmt: png
* solarmodel: False
* uncert: quantiles

Weights and priors:
* Bayesian weights:
  - Along tracks: age
  - Between tracks: volume
* Flat, constrained priors and ranges:
  - Teff: [6080.064, 6099.726000000001]
  - FeH: [-0.2859, 0.2141]
* Additional priors (IMF): 


Computing likelihood of models in the grid (5977 tracks) ...
Done! Computed the likelihood of 7184 models, found 7184 models with non-zero likelihood!


*****************************************
**                                     **
**   Output and results from the fit   **
**                                     **
*****************************************


Highest likelihood model:
* Weighted, non-normalized log-probability: -5.558258244255922
* Grid-index: grid/tracks/track0397[12], with parameters:
  - Name: track0397-513.fgong
  - Teff      :  6089.074803 
  - FeH       :    -0.037927 
  - radPhot   :     0.993918 
  - massfin   :     1.110988 
  - age       :   173.783401 

Lowest chi2 model:
* chi2: 0.20817668854770127
* Grid-index: grid/tracks/track3877[258], with parameters:
  - Name: track3877-1738.fgong
  - Teff      :  6089.416884 
  - FeH       :    -0.033825 
  - radPhot   :     1.304589 
  - massfin   :     1.162469 
  - age       :  4869.673786 


Computing posterior distributions for the requested output parameters!
==> Summary statistics printed below ...

-----------------------------------------------------
median     Teff          :   6090.424614
err_plus   Teff          :      3.349940
err_minus  Teff          :      4.562127
-----------------------------------------------------
median     FeH           :     -0.036516
err_plus   FeH           :      0.006072
err_minus  FeH           :      0.006630
-----------------------------------------------------
median     radPhot       :      1.225820
err_plus   radPhot       :      0.168015
err_minus  radPhot       :      0.231153
-----------------------------------------------------
median     massfin       :      1.110994
err_plus   massfin       :      0.051464
err_minus  massfin       :      0.091163
-----------------------------------------------------
median     age           :   4080.431222
err_plus   age           :    827.442564
err_minus  age           :   2676.078314
-----------------------------------------------------

Saved results to mnt/c/Users/georg/Documents/GitHub/Iwan-and-George-Year-4-Project/Results/JustKenResults.ascii.
Saved corner plot to mnt/c/Users/georg/Documents/GitHub/Iwan-and-George-Year-4-Project/Results/2051866238502437632_corner.png.
Saved Kiel diagram to mnt/c/Users/georg/Documents/GitHub/Iwan-and-George-Year-4-Project/Results/2051866238502437632_kiel.png.
Did not get any frequency file input, skipping ratios and echelle plots.
Saved dictionary to mnt/c/Users/georg/Documents/GitHub/Iwan-and-George-Year-4-Project/Results/2051866238502437632.json

Finished on 2024-01-20 17:00:27 (runtime 14.0 s).

