========================================================================================
                                         BASTA                                         
                             The BAyesian STellar Algorithm                             

                                     Version 1.2.1                                     

                                (c) 2022, The BASTA Team                                
                           https://github.com/BASTAcode/BASTA                           
========================================================================================

Run started on 2024-01-20 16:59:44 . 

Random numbers initialised with seed: 3178 .

Fitting star id: 2051027792165858304 .
* Using the grid '/root/BASTA/grids/Garstec_AS09_barbieMS.hdf5' of type 'sobol tracks'.
  - Grid built with BASTA version 1.3.1, timestamp: 2023-11-28 at 20:12:28.

Transforming solar-based asteroseismic quantities:
* Converting to solar units if needed...
* Solar model scaling not activated!  -->  Dnu will not be scaled.
Done!

Fitting information:
* Fitting parameters with values and uncertainties:
  - Teff: [4576.7456, 10.7109]
  - FeH: [-0.2411, 0.0161]

Additional input parameters and settings in alphabetical order:
* asciiparams: ['Teff', 'FeH', 'radPhot', 'massfin', 'age']
* centroid: median
* cornerplots: ['Teff', 'FeH', 'radPhot', 'massfin', 'age']
* dnu_scales: {}
* dnusun: 135.1
* freqplots: []
* inputfile: input_JustKen.xml
* kielplots: [True]
* numsun: 3090.0
* output: mnt/c/Users/georg/Documents/GitHub/Iwan-and-George-Year-4-Project/Results/
* plotfmt: png
* solarmodel: False
* uncert: quantiles

Weights and priors:
* Bayesian weights:
  - Along tracks: age
  - Between tracks: volume
* Flat, constrained priors and ranges:
  - Teff: [4544.6129, 4608.8783]
  - FeH: [-0.4911, 0.008899999999999991]
* Additional priors (IMF): 


Computing likelihood of models in the grid (5977 tracks) ...
Done! Computed the likelihood of 576 models, found 576 models with non-zero likelihood!


*****************************************
**                                     **
**   Output and results from the fit   **
**                                     **
*****************************************


Highest likelihood model:
* Weighted, non-normalized log-probability: -16.62644557908038
* Grid-index: grid/tracks/track1663[26], with parameters:
  - Name: track1663-626.fgong
  - Teff      :  4593.430980 
  - FeH       :    -0.163636 
  - radPhot   :     0.655833 
  - massfin   :     0.704953 
  - age       :  4244.729840 

Lowest chi2 model:
* chi2: 25.57651128971641
* Grid-index: grid/tracks/track1663[26], with parameters:
  - Name: track1663-626.fgong
  - Teff      :  4593.430980 
  - FeH       :    -0.163636 
  - radPhot   :     0.655833 
  - massfin   :     0.704953 
  - age       :  4244.729840 


Computing posterior distributions for the requested output parameters!
==> Summary statistics printed below ...

-----------------------------------------------------
median     Teff          :   4593.430980
err_plus   Teff          :      9.419688
err_minus  Teff          :      9.109086
-----------------------------------------------------
median     FeH           :     -0.163636
err_plus   FeH           :      0.004908
err_minus  FeH           :      0.004879
-----------------------------------------------------
median     radPhot       :      0.655833
err_plus   radPhot       :      0.003211
err_minus  radPhot       :      0.003224
-----------------------------------------------------
median     massfin       :      0.704953
err_plus   massfin       :      0.000009
err_minus  massfin       :      0.000009
-----------------------------------------------------
median     age           :   4244.729840
err_plus   age           :    780.000000
err_minus  age           :    780.000000
-----------------------------------------------------

Saved results to mnt/c/Users/georg/Documents/GitHub/Iwan-and-George-Year-4-Project/Results/JustKenResults.ascii.
Saved corner plot to mnt/c/Users/georg/Documents/GitHub/Iwan-and-George-Year-4-Project/Results/2051027792165858304_corner.png.
Saved Kiel diagram to mnt/c/Users/georg/Documents/GitHub/Iwan-and-George-Year-4-Project/Results/2051027792165858304_kiel.png.
Did not get any frequency file input, skipping ratios and echelle plots.
Saved dictionary to mnt/c/Users/georg/Documents/GitHub/Iwan-and-George-Year-4-Project/Results/2051027792165858304.json

Finished on 2024-01-20 16:59:54 (runtime 10.0 s).

