========================================================================================
                                         BASTA                                         
                             The BAyesian STellar Algorithm                             

                                     Version 1.2.1                                     

                                (c) 2022, The BASTA Team                                
                           https://github.com/BASTAcode/BASTA                           
========================================================================================

Run started on 2024-01-20 16:59:54 . 

Random numbers initialised with seed: 3178 .

Fitting star id: 2051368434612892800 .
* Using the grid '/root/BASTA/grids/Garstec_AS09_barbieMS.hdf5' of type 'sobol tracks'.
  - Grid built with BASTA version 1.3.1, timestamp: 2023-11-28 at 20:12:28.

Transforming solar-based asteroseismic quantities:
* Converting to solar units if needed...
* Solar model scaling not activated!  -->  Dnu will not be scaled.
Done!

Fitting information:
* Fitting parameters with values and uncertainties:
  - Teff: [5545.94, 20.4946]
  - FeH: [-0.1639, 0.0202]

Additional input parameters and settings in alphabetical order:
* asciiparams: ['Teff', 'FeH', 'radPhot', 'massfin', 'age']
* centroid: median
* cornerplots: ['Teff', 'FeH', 'radPhot', 'massfin', 'age']
* dnu_scales: {}
* dnusun: 135.1
* freqplots: []
* inputfile: input_JustKen.xml
* kielplots: [True]
* numsun: 3090.0
* output: mnt/c/Users/georg/Documents/GitHub/Iwan-and-George-Year-4-Project/Results/
* plotfmt: png
* solarmodel: False
* uncert: quantiles

Weights and priors:
* Bayesian weights:
  - Along tracks: age
  - Between tracks: volume
* Flat, constrained priors and ranges:
  - Teff: [5484.4562, 5607.4238]
  - FeH: [-0.4139, 0.08610000000000001]
* Additional priors (IMF): 


Computing likelihood of models in the grid (5977 tracks) ...
Done! Computed the likelihood of 30270 models, found 30270 models with non-zero likelihood!


*****************************************
**                                     **
**   Output and results from the fit   **
**                                     **
*****************************************


Highest likelihood model:
* Weighted, non-normalized log-probability: -3.7494094473187607
* Grid-index: grid/tracks/track3759[60], with parameters:
  - Name: track3759-789.fgong
  - Teff      :  5543.831045 
  - FeH       :    -0.172762 
  - radPhot   :     0.774845 
  - massfin   :     0.760783 
  - age       :  7752.254941 

Lowest chi2 model:
* chi2: 1.1243641867319797e-05
* Grid-index: grid/tracks/track5815[78], with parameters:
  - Name: track5815-879.fgong
  - Teff      :  5546.001192 
  - FeH       :    -0.163931 
  - radPhot   :     0.800874 
  - massfin   :     0.808783 
  - age       :  7092.903473 


Computing posterior distributions for the requested output parameters!
==> Summary statistics printed below ...

-----------------------------------------------------
median     Teff          :   5545.691677
err_plus   Teff          :     20.515670
err_minus  Teff          :     19.689993
-----------------------------------------------------
median     FeH           :     -0.163591
err_plus   FeH           :      0.018977
err_minus  FeH           :      0.019144
-----------------------------------------------------
median     radPhot       :      0.881901
err_plus   radPhot       :      0.227734
err_minus  radPhot       :      0.091233
-----------------------------------------------------
median     massfin       :      0.830590
err_plus   massfin       :      0.062037
err_minus  massfin       :      0.050118
-----------------------------------------------------
median     age           :   9400.501733
err_plus   age           :   6303.494467
err_minus  age           :   6196.016770
-----------------------------------------------------

Saved results to mnt/c/Users/georg/Documents/GitHub/Iwan-and-George-Year-4-Project/Results/JustKenResults.ascii.
Saved corner plot to mnt/c/Users/georg/Documents/GitHub/Iwan-and-George-Year-4-Project/Results/2051368434612892800_corner.png.
Saved Kiel diagram to mnt/c/Users/georg/Documents/GitHub/Iwan-and-George-Year-4-Project/Results/2051368434612892800_kiel.png.
Did not get any frequency file input, skipping ratios and echelle plots.
Saved dictionary to mnt/c/Users/georg/Documents/GitHub/Iwan-and-George-Year-4-Project/Results/2051368434612892800.json

Finished on 2024-01-20 17:00:13 (runtime 19.0 s).

