========================================================================================
                                         BASTA                                         
                             The BAyesian STellar Algorithm                             

                                     Version 1.2.1                                     

                                (c) 2022, The BASTA Team                                
                           https://github.com/BASTAcode/BASTA                           
========================================================================================

Run started on 2024-01-20 17:00:27 . 

Random numbers initialised with seed: 3178 .

Fitting star id: 2052136821446989568 .
* Using the grid '/root/BASTA/grids/Garstec_AS09_barbieMS.hdf5' of type 'sobol tracks'.
  - Grid built with BASTA version 1.3.1, timestamp: 2023-11-28 at 20:12:28.

Transforming solar-based asteroseismic quantities:
* Converting to solar units if needed...
* Solar model scaling not activated!  -->  Dnu will not be scaled.
Done!

Fitting information:
* Fitting parameters with values and uncertainties:
  - Teff: [5795.041, 34.5664]
  - FeH: [-0.2815, 0.0352]

Additional input parameters and settings in alphabetical order:
* asciiparams: ['Teff', 'FeH', 'radPhot', 'massfin', 'age']
* centroid: median
* cornerplots: ['Teff', 'FeH', 'radPhot', 'massfin', 'age']
* dnu_scales: {}
* dnusun: 135.1
* freqplots: []
* inputfile: input_JustKen.xml
* kielplots: [True]
* numsun: 3090.0
* output: mnt/c/Users/georg/Documents/GitHub/Iwan-and-George-Year-4-Project/Results/
* plotfmt: png
* solarmodel: False
* uncert: quantiles

Weights and priors:
* Bayesian weights:
  - Along tracks: age
  - Between tracks: volume
* Flat, constrained priors and ranges:
  - Teff: [5691.3418, 5898.7402]
  - FeH: [-0.5315, -0.03149999999999997]
* Additional priors (IMF): 


Computing likelihood of models in the grid (5977 tracks) ...
Done! Computed the likelihood of 48096 models, found 48096 models with non-zero likelihood!


*****************************************
**                                     **
**   Output and results from the fit   **
**                                     **
*****************************************


Highest likelihood model:
* Weighted, non-normalized log-probability: -3.8299783093007513
* Grid-index: grid/tracks/track5319[121], with parameters:
  - Name: track5319-1094.fgong
  - Teff      :  5792.400298 
  - FeH       :    -0.271150 
  - radPhot   :     1.176085 
  - massfin   :     0.772323 
  - age       : 14828.082090 

Lowest chi2 model:
* chi2: 0.0012402789398519543
* Grid-index: grid/tracks/track5655[72], with parameters:
  - Name: track5655-839.fgong
  - Teff      :  5795.063241 
  - FeH       :    -0.282739 
  - radPhot   :     0.839960 
  - massfin   :     0.810749 
  - age       :  6424.337614 


Computing posterior distributions for the requested output parameters!
==> Summary statistics printed below ...

-----------------------------------------------------
median     Teff          :   5790.562357
err_plus   Teff          :     35.822155
err_minus  Teff          :     32.717211
-----------------------------------------------------
median     FeH           :     -0.280015
err_plus   FeH           :      0.033878
err_minus  FeH           :      0.035726
-----------------------------------------------------
median     radPhot       :      0.938884
err_plus   radPhot       :      0.254398
err_minus  radPhot       :      0.132620
-----------------------------------------------------
median     massfin       :      0.858875
err_plus   massfin       :      0.057124
err_minus  massfin       :      0.050398
-----------------------------------------------------
median     age           :   8413.983272
err_plus   age           :   3812.049018
err_minus  age           :   6366.636058
-----------------------------------------------------

Saved results to mnt/c/Users/georg/Documents/GitHub/Iwan-and-George-Year-4-Project/Results/JustKenResults.ascii.
Saved corner plot to mnt/c/Users/georg/Documents/GitHub/Iwan-and-George-Year-4-Project/Results/2052136821446989568_corner.png.
Saved Kiel diagram to mnt/c/Users/georg/Documents/GitHub/Iwan-and-George-Year-4-Project/Results/2052136821446989568_kiel.png.
Did not get any frequency file input, skipping ratios and echelle plots.
Saved dictionary to mnt/c/Users/georg/Documents/GitHub/Iwan-and-George-Year-4-Project/Results/2052136821446989568.json

Finished on 2024-01-20 17:00:46 (runtime 19.0 s).

