========================================================================================
                                         BASTA                                         
                             The BAyesian STellar Algorithm                             

                                     Version 1.2.1                                     

                                (c) 2022, The BASTA Team                                
                           https://github.com/BASTAcode/BASTA                           
========================================================================================

Run started on 2024-01-20 17:00:58 . 

Random numbers initialised with seed: 3178 .

Fitting star id: 2052826318309391104 .
* Using the grid '/root/BASTA/grids/Garstec_AS09_barbieMS.hdf5' of type 'sobol tracks'.
  - Grid built with BASTA version 1.3.1, timestamp: 2023-11-28 at 20:12:28.

Transforming solar-based asteroseismic quantities:
* Converting to solar units if needed...
* Solar model scaling not activated!  -->  Dnu will not be scaled.
Done!

Fitting information:
* Fitting parameters with values and uncertainties:
  - Teff: [4780.2383, 13.3183]
  - FeH: [0.6826, 0.0177]

Additional input parameters and settings in alphabetical order:
* asciiparams: ['Teff', 'FeH', 'radPhot', 'massfin', 'age']
* centroid: median
* cornerplots: ['Teff', 'FeH', 'radPhot', 'massfin', 'age']
* dnu_scales: {}
* dnusun: 135.1
* freqplots: []
* inputfile: input_JustKen.xml
* kielplots: [True]
* numsun: 3090.0
* output: mnt/c/Users/georg/Documents/GitHub/Iwan-and-George-Year-4-Project/Results/
* plotfmt: png
* solarmodel: False
* uncert: quantiles

Weights and priors:
* Bayesian weights:
  - Along tracks: age
  - Between tracks: volume
* Flat, constrained priors and ranges:
  - Teff: [4740.2834, 4820.1932]
  - FeH: [0.4326, 0.9326]
* Additional priors (IMF): 


Computing likelihood of models in the grid (5977 tracks) ...
Done! Computed the likelihood of 6739 models, found 6739 models with non-zero likelihood!


*****************************************
**                                     **
**   Output and results from the fit   **
**                                     **
*****************************************


Highest likelihood model:
* Weighted, non-normalized log-probability: -16.51743745578893
* Grid-index: grid/tracks/track4369[6], with parameters:
  - Name: track4369-467.fgong
  - Teff      :  4786.362854 
  - FeH       :     0.598873 
  - radPhot   :     0.869779 
  - massfin   :     0.999998 
  - age       :   142.384644 

Lowest chi2 model:
* chi2: 22.41894338059565
* Grid-index: grid/tracks/track4369[5], with parameters:
  - Name: track4369-462.fgong
  - Teff      :  4786.425439 
  - FeH       :     0.599197 
  - radPhot   :     0.867629 
  - massfin   :     0.999998 
  - age       :   107.384644 


Computing posterior distributions for the requested output parameters!
==> Summary statistics printed below ...

-----------------------------------------------------
median     Teff          :   4787.034462
err_plus   Teff          :      8.967348
err_minus  Teff          :     15.189702
-----------------------------------------------------
median     FeH           :      0.597243
err_plus   FeH           :      0.001630
err_minus  FeH           :      0.005827
-----------------------------------------------------
median     radPhot       :      0.873871
err_plus   radPhot       :      0.025956
err_minus  radPhot       :      0.006242
-----------------------------------------------------
median     massfin       :      0.999998
err_plus   massfin       :      0.062991
err_minus  massfin       :      0.000005
-----------------------------------------------------
median     age           :    247.384644
err_plus   age           :    350.000000
err_minus  age           :    140.000000
-----------------------------------------------------

Saved results to mnt/c/Users/georg/Documents/GitHub/Iwan-and-George-Year-4-Project/Results/JustKenResults.ascii.
Saved corner plot to mnt/c/Users/georg/Documents/GitHub/Iwan-and-George-Year-4-Project/Results/2052826318309391104_corner.png.
Saved Kiel diagram to mnt/c/Users/georg/Documents/GitHub/Iwan-and-George-Year-4-Project/Results/2052826318309391104_kiel.png.
Did not get any frequency file input, skipping ratios and echelle plots.
Saved dictionary to mnt/c/Users/georg/Documents/GitHub/Iwan-and-George-Year-4-Project/Results/2052826318309391104.json

Finished on 2024-01-20 17:01:19 (runtime 21.0 s).

