========================================================================================
                                         BASTA                                         
                             The BAyesian STellar Algorithm                             

                                     Version 1.2.1                                     

                                (c) 2022, The BASTA Team                                
                           https://github.com/BASTAcode/BASTA                           
========================================================================================

Run started on 2024-01-20 17:01:41 . 

Random numbers initialised with seed: 3178 .

Fitting star id: 2053562475706063744 .
* Using the grid '/root/BASTA/grids/Garstec_AS09_barbieMS.hdf5' of type 'sobol tracks'.
  - Grid built with BASTA version 1.3.1, timestamp: 2023-11-28 at 20:12:28.

Transforming solar-based asteroseismic quantities:
* Converting to solar units if needed...
* Solar model scaling not activated!  -->  Dnu will not be scaled.
Done!

Fitting information:
* Fitting parameters with values and uncertainties:
  - Teff: [4128.3594, 20.3178]
  - FeH: [0.3746, 0.0603]

Additional input parameters and settings in alphabetical order:
* asciiparams: ['Teff', 'FeH', 'radPhot', 'massfin', 'age']
* centroid: median
* cornerplots: ['Teff', 'FeH', 'radPhot', 'massfin', 'age']
* dnu_scales: {}
* dnusun: 135.1
* freqplots: []
* inputfile: input_JustKen.xml
* kielplots: [True]
* numsun: 3090.0
* output: mnt/c/Users/georg/Documents/GitHub/Iwan-and-George-Year-4-Project/Results/
* plotfmt: png
* solarmodel: False
* uncert: quantiles

Weights and priors:
* Bayesian weights:
  - Along tracks: age
  - Between tracks: volume
* Flat, constrained priors and ranges:
  - Teff: [4067.4060000000004, 4189.312800000001]
  - FeH: [0.12459999999999999, 0.6246]
* Additional priors (IMF): 


Computing likelihood of models in the grid (5977 tracks) ...
Done! Computed the likelihood of 5674 models, found 5674 models with non-zero likelihood!


*****************************************
**                                     **
**   Output and results from the fit   **
**                                     **
*****************************************


Highest likelihood model:
* Weighted, non-normalized log-probability: -3.2973961641005443
* Grid-index: grid/tracks/track0095[118], with parameters:
  - Name: track0095-1082.fgong
  - Teff      :  4119.838169 
  - FeH       :     0.408244 
  - radPhot   :     0.666414 
  - massfin   :     0.726863 
  - age       : 19884.493770 

Lowest chi2 model:
* chi2: 0.027603331187278545
* Grid-index: grid/tracks/track3775[102], with parameters:
  - Name: track3775-998.fgong
  - Teff      :  4128.914247 
  - FeH       :     0.384482 
  - radPhot   :     0.661686 
  - massfin   :     0.713874 
  - age       : 18363.492090 


Computing posterior distributions for the requested output parameters!
==> Summary statistics printed below ...

-----------------------------------------------------
median     Teff          :   4130.583766
err_plus   Teff          :     19.954858
err_minus  Teff          :     18.475727
-----------------------------------------------------
median     FeH           :      0.408923
err_plus   FeH           :      0.046686
err_minus  FeH           :      0.055609
-----------------------------------------------------
median     radPhot       :      0.657952
err_plus   radPhot       :      0.026016
err_minus  radPhot       :      0.025236
-----------------------------------------------------
median     massfin       :      0.726888
err_plus   massfin       :      0.028965
err_minus  massfin       :      0.017958
-----------------------------------------------------
median     age           :  10323.763695
err_plus   age           :   6233.068765
err_minus  age           :   6815.360217
-----------------------------------------------------

Saved results to mnt/c/Users/georg/Documents/GitHub/Iwan-and-George-Year-4-Project/Results/JustKenResults.ascii.
Saved corner plot to mnt/c/Users/georg/Documents/GitHub/Iwan-and-George-Year-4-Project/Results/2053562475706063744_corner.png.
Saved Kiel diagram to mnt/c/Users/georg/Documents/GitHub/Iwan-and-George-Year-4-Project/Results/2053562475706063744_kiel.png.
Did not get any frequency file input, skipping ratios and echelle plots.
Saved dictionary to mnt/c/Users/georg/Documents/GitHub/Iwan-and-George-Year-4-Project/Results/2053562475706063744.json

Finished on 2024-01-20 17:01:56 (runtime 15.0 s).

