========================================================================================
                                         BASTA                                         
                             The BAyesian STellar Algorithm                             

                                     Version 1.2.1                                     

                                (c) 2022, The BASTA Team                                
                           https://github.com/BASTAcode/BASTA                           
========================================================================================

Run started on 2024-01-20 17:02:03 . 

Random numbers initialised with seed: 3178 .

Fitting star id: 2056007995732413312 .
* Using the grid '/root/BASTA/grids/Garstec_AS09_barbieMS.hdf5' of type 'sobol tracks'.
  - Grid built with BASTA version 1.3.1, timestamp: 2023-11-28 at 20:12:28.

Transforming solar-based asteroseismic quantities:
* Converting to solar units if needed...
* Solar model scaling not activated!  -->  Dnu will not be scaled.
Done!

Fitting information:
* Fitting parameters with values and uncertainties:
  - Teff: [6031.483, 1.54]
  - FeH: [-0.2181, 0.0046]

Additional input parameters and settings in alphabetical order:
* asciiparams: ['Teff', 'FeH', 'radPhot', 'massfin', 'age']
* centroid: median
* cornerplots: ['Teff', 'FeH', 'radPhot', 'massfin', 'age']
* dnu_scales: {}
* dnusun: 135.1
* freqplots: []
* inputfile: input_JustKen.xml
* kielplots: [True]
* numsun: 3090.0
* output: mnt/c/Users/georg/Documents/GitHub/Iwan-and-George-Year-4-Project/Results/
* plotfmt: png
* solarmodel: False
* uncert: quantiles

Weights and priors:
* Bayesian weights:
  - Along tracks: age
  - Between tracks: volume
* Flat, constrained priors and ranges:
  - Teff: [6026.863, 6036.103]
  - FeH: [-0.46809999999999996, 0.03190000000000001]
* Additional priors (IMF): 


Computing likelihood of models in the grid (5977 tracks) ...
Done! Computed the likelihood of 3272 models, found 3272 models with non-zero likelihood!


*****************************************
**                                     **
**   Output and results from the fit   **
**                                     **
*****************************************


Highest likelihood model:
* Weighted, non-normalized log-probability: -4.266639774908842
* Grid-index: grid/tracks/track4844[16], with parameters:
  - Name: track4844-549.fgong
  - Teff      :  6031.571600 
  - FeH       :    -0.219416 
  - radPhot   :     0.813529 
  - massfin   :     0.874964 
  - age       :   718.049505 

Lowest chi2 model:
* chi2: 0.07306096143684522
* Grid-index: grid/tracks/track4221[309], with parameters:
  - Name: track4221-1999.fgong
  - Teff      :  6031.165797 
  - FeH       :    -0.217295 
  - radPhot   :     1.627428 
  - massfin   :     1.078123 
  - age       :  7074.421573 


Computing posterior distributions for the requested output parameters!
==> Summary statistics printed below ...

-----------------------------------------------------
median     Teff          :   6031.570851
err_plus   Teff          :      1.298154
err_minus  Teff          :      1.841235
-----------------------------------------------------
median     FeH           :     -0.220061
err_plus   FeH           :      0.005840
err_minus  FeH           :      0.002656
-----------------------------------------------------
median     radPhot       :      0.944954
err_plus   radPhot       :      0.477900
err_minus  radPhot       :      0.129864
-----------------------------------------------------
median     massfin       :      0.943676
err_plus   massfin       :      0.056641
err_minus  massfin       :      0.068708
-----------------------------------------------------
median     age           :   3463.294620
err_plus   age           :   2720.646258
err_minus  age           :   2706.275456
-----------------------------------------------------

Saved results to mnt/c/Users/georg/Documents/GitHub/Iwan-and-George-Year-4-Project/Results/JustKenResults.ascii.
Saved corner plot to mnt/c/Users/georg/Documents/GitHub/Iwan-and-George-Year-4-Project/Results/2056007995732413312_corner.png.
Saved Kiel diagram to mnt/c/Users/georg/Documents/GitHub/Iwan-and-George-Year-4-Project/Results/2056007995732413312_kiel.png.
Did not get any frequency file input, skipping ratios and echelle plots.
Saved dictionary to mnt/c/Users/georg/Documents/GitHub/Iwan-and-George-Year-4-Project/Results/2056007995732413312.json

Finished on 2024-01-20 17:02:17 (runtime 14.0 s).

