========================================================================================
                                         BASTA                                         
                             The BAyesian STellar Algorithm                             

                                     Version 1.2.1                                     

                                (c) 2022, The BASTA Team                                
                           https://github.com/BASTAcode/BASTA                           
========================================================================================

Run started on 2024-01-20 17:03:10 . 

Random numbers initialised with seed: 3178 .

Fitting star id: 2073697660354300544 .
* Using the grid '/root/BASTA/grids/Garstec_AS09_barbieMS.hdf5' of type 'sobol tracks'.
  - Grid built with BASTA version 1.3.1, timestamp: 2023-11-28 at 20:12:28.

Transforming solar-based asteroseismic quantities:
* Converting to solar units if needed...
* Solar model scaling not activated!  -->  Dnu will not be scaled.
Done!

Fitting information:
* Fitting parameters with values and uncertainties:
  - Teff: [4885.962, 10.703]
  - FeH: [-0.0889, 0.0112]

Additional input parameters and settings in alphabetical order:
* asciiparams: ['Teff', 'FeH', 'radPhot', 'massfin', 'age']
* centroid: median
* cornerplots: ['Teff', 'FeH', 'radPhot', 'massfin', 'age']
* dnu_scales: {}
* dnusun: 135.1
* freqplots: []
* inputfile: input_JustKen.xml
* kielplots: [True]
* numsun: 3090.0
* output: mnt/c/Users/georg/Documents/GitHub/Iwan-and-George-Year-4-Project/Results/
* plotfmt: png
* solarmodel: False
* uncert: quantiles

Weights and priors:
* Bayesian weights:
  - Along tracks: age
  - Between tracks: volume
* Flat, constrained priors and ranges:
  - Teff: [4853.853, 4918.071000000001]
  - FeH: [-0.3389, 0.1611]
* Additional priors (IMF): 


Computing likelihood of models in the grid (5977 tracks) ...
Done! Computed the likelihood of 4855 models, found 4855 models with non-zero likelihood!


*****************************************
**                                     **
**   Output and results from the fit   **
**                                     **
*****************************************


Highest likelihood model:
* Weighted, non-normalized log-probability: -3.3635464981395646
* Grid-index: grid/tracks/track5343[90], with parameters:
  - Name: track5343-923.fgong
  - Teff      :  4886.286005 
  - FeH       :    -0.086380 
  - radPhot   :     0.763229 
  - massfin   :     0.725763 
  - age       : 15041.199710 

Lowest chi2 model:
* chi2: 0.04081817339367199
* Grid-index: grid/tracks/track5359[88], with parameters:
  - Name: track5359-930.fgong
  - Teff      :  4884.933937 
  - FeH       :    -0.090891 
  - radPhot   :     0.744750 
  - massfin   :     0.748799 
  - age       : 12747.116850 


Computing posterior distributions for the requested output parameters!
==> Summary statistics printed below ...

-----------------------------------------------------
median     Teff          :   4886.553758
err_plus   Teff          :     10.955358
err_minus  Teff          :     10.332840
-----------------------------------------------------
median     FeH           :     -0.086094
err_plus   FeH           :      0.008566
err_minus  FeH           :      0.008664
-----------------------------------------------------
median     radPhot       :      0.742625
err_plus   radPhot       :      0.027090
err_minus  radPhot       :      0.035708
-----------------------------------------------------
median     massfin       :      0.749921
err_plus   massfin       :      0.022780
err_minus  massfin       :      0.024165
-----------------------------------------------------
median     age           :   9678.079442
err_plus   age           :   5369.511708
err_minus  age           :   4657.565391
-----------------------------------------------------

Saved results to mnt/c/Users/georg/Documents/GitHub/Iwan-and-George-Year-4-Project/Results/JustKenResults.ascii.
Saved corner plot to mnt/c/Users/georg/Documents/GitHub/Iwan-and-George-Year-4-Project/Results/2073697660354300544_corner.png.
Saved Kiel diagram to mnt/c/Users/georg/Documents/GitHub/Iwan-and-George-Year-4-Project/Results/2073697660354300544_kiel.png.
Did not get any frequency file input, skipping ratios and echelle plots.
Saved dictionary to mnt/c/Users/georg/Documents/GitHub/Iwan-and-George-Year-4-Project/Results/2073697660354300544.json

Finished on 2024-01-20 17:03:22 (runtime 12.0 s).

