========================================================================================
                                         BASTA                                         
                             The BAyesian STellar Algorithm                             

                                     Version 1.2.1                                     

                                (c) 2022, The BASTA Team                                
                           https://github.com/BASTAcode/BASTA                           
========================================================================================

Run started on 2024-01-20 17:02:47 . 

Random numbers initialised with seed: 3178 .

Fitting star id: 2073652546016392448 .
* Using the grid '/root/BASTA/grids/Garstec_AS09_barbieMS.hdf5' of type 'sobol tracks'.
  - Grid built with BASTA version 1.3.1, timestamp: 2023-11-28 at 20:12:28.

Transforming solar-based asteroseismic quantities:
* Converting to solar units if needed...
* Solar model scaling not activated!  -->  Dnu will not be scaled.
Done!

Fitting information:
* Fitting parameters with values and uncertainties:
  - Teff: [4459.129, 18.722]
  - FeH: [0.367, 0.1087]

Additional input parameters and settings in alphabetical order:
* asciiparams: ['Teff', 'FeH', 'radPhot', 'massfin', 'age']
* centroid: median
* cornerplots: ['Teff', 'FeH', 'radPhot', 'massfin', 'age']
* dnu_scales: {}
* dnusun: 135.1
* freqplots: []
* inputfile: input_JustKen.xml
* kielplots: [True]
* numsun: 3090.0
* output: mnt/c/Users/georg/Documents/GitHub/Iwan-and-George-Year-4-Project/Results/
* plotfmt: png
* solarmodel: False
* uncert: quantiles

Weights and priors:
* Bayesian weights:
  - Along tracks: age
  - Between tracks: volume
* Flat, constrained priors and ranges:
  - Teff: [4402.963, 4515.295]
  - FeH: [0.11699999999999999, 0.617]
* Additional priors (IMF): 


Computing likelihood of models in the grid (5977 tracks) ...
Done! Computed the likelihood of 15943 models, found 15943 models with non-zero likelihood!


*****************************************
**                                     **
**   Output and results from the fit   **
**                                     **
*****************************************


Highest likelihood model:
* Weighted, non-normalized log-probability: -3.3326867436037055
* Grid-index: grid/tracks/track5455[106], with parameters:
  - Name: track5455-1004.fgong
  - Teff      :  4459.675865 
  - FeH       :     0.421266 
  - radPhot   :     0.725104 
  - massfin   :     0.745832 
  - age       : 15774.700310 

Lowest chi2 model:
* chi2: 0.0011957527762951202
* Grid-index: grid/tracks/track0039[88], with parameters:
  - Name: track0039-911.fgong
  - Teff      :  4458.541472 
  - FeH       :     0.368579 
  - radPhot   :     0.740147 
  - massfin   :     0.785886 
  - age       :  9681.404632 


Computing posterior distributions for the requested output parameters!
==> Summary statistics printed below ...

-----------------------------------------------------
median     Teff          :   4460.106343
err_plus   Teff          :     18.554067
err_minus  Teff          :     19.044490
-----------------------------------------------------
median     FeH           :      0.378286
err_plus   FeH           :      0.084532
err_minus  FeH           :      0.091528
-----------------------------------------------------
median     radPhot       :      0.738267
err_plus   radPhot       :      0.041166
err_minus  radPhot       :      0.039625
-----------------------------------------------------
median     massfin       :      0.791801
err_plus   massfin       :      0.054195
err_minus  massfin       :      0.048893
-----------------------------------------------------
median     age           :   7442.411803
err_plus   age           :   8770.942859
err_minus  age           :   5429.306847
-----------------------------------------------------

Saved results to mnt/c/Users/georg/Documents/GitHub/Iwan-and-George-Year-4-Project/Results/JustKenResults.ascii.
Saved corner plot to mnt/c/Users/georg/Documents/GitHub/Iwan-and-George-Year-4-Project/Results/2073652546016392448_corner.png.
Saved Kiel diagram to mnt/c/Users/georg/Documents/GitHub/Iwan-and-George-Year-4-Project/Results/2073652546016392448_kiel.png.
Did not get any frequency file input, skipping ratios and echelle plots.
Saved dictionary to mnt/c/Users/georg/Documents/GitHub/Iwan-and-George-Year-4-Project/Results/2073652546016392448.json

Finished on 2024-01-20 17:03:10 (runtime 23.0 s).

