========================================================================================
                                         BASTA                                         
                             The BAyesian STellar Algorithm                             

                                     Version 1.2.1                                     

                                (c) 2022, The BASTA Team                                
                           https://github.com/BASTAcode/BASTA                           
========================================================================================

Run started on 2024-01-20 17:04:04 . 

Random numbers initialised with seed: 3178 .

Fitting star id: 2076454445237794432 .
* Using the grid '/root/BASTA/grids/Garstec_AS09_barbieMS.hdf5' of type 'sobol tracks'.
  - Grid built with BASTA version 1.3.1, timestamp: 2023-11-28 at 20:12:28.

Transforming solar-based asteroseismic quantities:
* Converting to solar units if needed...
* Solar model scaling not activated!  -->  Dnu will not be scaled.
Done!

Fitting information:
* Fitting parameters with values and uncertainties:
  - Teff: [4690.752, 10.3427]
  - FeH: [-0.0144, 0.0131]

Additional input parameters and settings in alphabetical order:
* asciiparams: ['Teff', 'FeH', 'radPhot', 'massfin', 'age']
* centroid: median
* cornerplots: ['Teff', 'FeH', 'radPhot', 'massfin', 'age']
* dnu_scales: {}
* dnusun: 135.1
* freqplots: []
* inputfile: input_JustKen.xml
* kielplots: [True]
* numsun: 3090.0
* output: mnt/c/Users/georg/Documents/GitHub/Iwan-and-George-Year-4-Project/Results/
* plotfmt: png
* solarmodel: False
* uncert: quantiles

Weights and priors:
* Bayesian weights:
  - Along tracks: age
  - Between tracks: volume
* Flat, constrained priors and ranges:
  - Teff: [4659.7239, 4721.780100000001]
  - FeH: [-0.2644, 0.2356]
* Additional priors (IMF): 


Computing likelihood of models in the grid (5977 tracks) ...
Done! Computed the likelihood of 4458 models, found 4458 models with non-zero likelihood!


*****************************************
**                                     **
**   Output and results from the fit   **
**                                     **
*****************************************


Highest likelihood model:
* Weighted, non-normalized log-probability: -3.410423951195873
* Grid-index: grid/tracks/track5343[26], with parameters:
  - Name: track5343-603.fgong
  - Teff      :  4691.198184 
  - FeH       :    -0.009438 
  - radPhot   :     0.688980 
  - massfin   :     0.725949 
  - age       :  3905.199709 

Lowest chi2 model:
* chi2: 0.002562308142210756
* Grid-index: grid/tracks/track3263[63], with parameters:
  - Name: track3263-795.fgong
  - Teff      :  4691.001388 
  - FeH       :    -0.014983 
  - radPhot   :     0.705424 
  - massfin   :     0.713860 
  - age       : 11060.140700 


Computing posterior distributions for the requested output parameters!
==> Summary statistics printed below ...

-----------------------------------------------------
median     Teff          :   4690.327299
err_plus   Teff          :      9.851837
err_minus  Teff          :     10.367596
-----------------------------------------------------
median     FeH           :     -0.013430
err_plus   FeH           :      0.010238
err_minus  FeH           :      0.013427
-----------------------------------------------------
median     radPhot       :      0.712574
err_plus   radPhot       :      0.030787
err_minus  radPhot       :      0.032662
-----------------------------------------------------
median     massfin       :      0.744872
err_plus   massfin       :      0.020089
err_minus  massfin       :      0.034917
-----------------------------------------------------
median     age           :   6667.856889
err_plus   age           :   9253.493321
err_minus  age           :   4456.810114
-----------------------------------------------------

Saved results to mnt/c/Users/georg/Documents/GitHub/Iwan-and-George-Year-4-Project/Results/JustKenResults.ascii.
Saved corner plot to mnt/c/Users/georg/Documents/GitHub/Iwan-and-George-Year-4-Project/Results/2076454445237794432_corner.png.
Saved Kiel diagram to mnt/c/Users/georg/Documents/GitHub/Iwan-and-George-Year-4-Project/Results/2076454445237794432_kiel.png.
Did not get any frequency file input, skipping ratios and echelle plots.
Saved dictionary to mnt/c/Users/georg/Documents/GitHub/Iwan-and-George-Year-4-Project/Results/2076454445237794432.json

Finished on 2024-01-20 17:04:15 (runtime 11.0 s).

