========================================================================================
                                         BASTA                                         
                             The BAyesian STellar Algorithm                             

                                     Version 1.2.1                                     

                                (c) 2022, The BASTA Team                                
                           https://github.com/BASTAcode/BASTA                           
========================================================================================

Run started on 2024-01-20 17:03:46 . 

Random numbers initialised with seed: 3178 .

Fitting star id: 2076185408488670208 .
* Using the grid '/root/BASTA/grids/Garstec_AS09_barbieMS.hdf5' of type 'sobol tracks'.
  - Grid built with BASTA version 1.3.1, timestamp: 2023-11-28 at 20:12:28.

Transforming solar-based asteroseismic quantities:
* Converting to solar units if needed...
* Solar model scaling not activated!  -->  Dnu will not be scaled.
Done!

Fitting information:
* Fitting parameters with values and uncertainties:
  - Teff: [5454.9424, 18.4576]
  - FeH: [-0.0029, 0.0237]

Additional input parameters and settings in alphabetical order:
* asciiparams: ['Teff', 'FeH', 'radPhot', 'massfin', 'age']
* centroid: median
* cornerplots: ['Teff', 'FeH', 'radPhot', 'massfin', 'age']
* dnu_scales: {}
* dnusun: 135.1
* freqplots: []
* inputfile: input_JustKen.xml
* kielplots: [True]
* numsun: 3090.0
* output: mnt/c/Users/georg/Documents/GitHub/Iwan-and-George-Year-4-Project/Results/
* plotfmt: png
* solarmodel: False
* uncert: quantiles

Weights and priors:
* Bayesian weights:
  - Along tracks: age
  - Between tracks: volume
* Flat, constrained priors and ranges:
  - Teff: [5399.5696, 5510.3152]
  - FeH: [-0.2529, 0.2471]
* Additional priors (IMF): 


Computing likelihood of models in the grid (5977 tracks) ...
Done! Computed the likelihood of 34356 models, found 34356 models with non-zero likelihood!


*****************************************
**                                     **
**   Output and results from the fit   **
**                                     **
*****************************************


Highest likelihood model:
* Weighted, non-normalized log-probability: -3.9674466466034803
* Grid-index: grid/tracks/track0727[81], with parameters:
  - Name: track0727-882.fgong
  - Teff      :  5456.235917 
  - FeH       :    -0.002383 
  - radPhot   :     0.827700 
  - massfin   :     0.819788 
  - age       :  6953.434449 

Lowest chi2 model:
* chi2: 9.349177349461595e-05
* Grid-index: grid/tracks/track5819[23], with parameters:
  - Name: track5819-595.fgong
  - Teff      :  5454.822498 
  - FeH       :    -0.002730 
  - radPhot   :     0.813833 
  - massfin   :     0.901967 
  - age       :   978.659392 


Computing posterior distributions for the requested output parameters!
==> Summary statistics printed below ...

-----------------------------------------------------
median     Teff          :   5456.951956
err_plus   Teff          :     18.328961
err_minus  Teff          :     19.187836
-----------------------------------------------------
median     FeH           :      0.001229
err_plus   FeH           :      0.022540
err_minus  FeH           :      0.022775
-----------------------------------------------------
median     radPhot       :      0.915311
err_plus   radPhot       :      0.314768
err_minus  radPhot       :      0.086840
-----------------------------------------------------
median     massfin       :      0.873711
err_plus   massfin       :      0.052997
err_minus  massfin       :      0.042023
-----------------------------------------------------
median     age           :   9130.130465
err_plus   age           :   5185.577315
err_minus  age           :   5204.371083
-----------------------------------------------------

Saved results to mnt/c/Users/georg/Documents/GitHub/Iwan-and-George-Year-4-Project/Results/JustKenResults.ascii.
Saved corner plot to mnt/c/Users/georg/Documents/GitHub/Iwan-and-George-Year-4-Project/Results/2076185408488670208_corner.png.
Saved Kiel diagram to mnt/c/Users/georg/Documents/GitHub/Iwan-and-George-Year-4-Project/Results/2076185408488670208_kiel.png.
Did not get any frequency file input, skipping ratios and echelle plots.
Saved dictionary to mnt/c/Users/georg/Documents/GitHub/Iwan-and-George-Year-4-Project/Results/2076185408488670208.json

Finished on 2024-01-20 17:04:04 (runtime 18.0 s).

