========================================================================================
                                         BASTA                                         
                             The BAyesian STellar Algorithm                             

                                     Version 1.2.1                                     

                                (c) 2022, The BASTA Team                                
                           https://github.com/BASTAcode/BASTA                           
========================================================================================

Run started on 2024-01-20 17:03:22 . 

Random numbers initialised with seed: 3178 .

Fitting star id: 2076121602454770560 .
* Using the grid '/root/BASTA/grids/Garstec_AS09_barbieMS.hdf5' of type 'sobol tracks'.
  - Grid built with BASTA version 1.3.1, timestamp: 2023-11-28 at 20:12:28.

Transforming solar-based asteroseismic quantities:
* Converting to solar units if needed...
* Solar model scaling not activated!  -->  Dnu will not be scaled.
Done!

Fitting information:
* Fitting parameters with values and uncertainties:
  - Teff: [5654.674, 69.249]
  - FeH: [0.0103, 0.0716]

Additional input parameters and settings in alphabetical order:
* asciiparams: ['Teff', 'FeH', 'radPhot', 'massfin', 'age']
* centroid: median
* cornerplots: ['Teff', 'FeH', 'radPhot', 'massfin', 'age']
* dnu_scales: {}
* dnusun: 135.1
* freqplots: []
* inputfile: input_JustKen.xml
* kielplots: [True]
* numsun: 3090.0
* output: mnt/c/Users/georg/Documents/GitHub/Iwan-and-George-Year-4-Project/Results/
* plotfmt: png
* solarmodel: False
* uncert: quantiles

Weights and priors:
* Bayesian weights:
  - Along tracks: age
  - Between tracks: volume
* Flat, constrained priors and ranges:
  - Teff: [5446.927, 5862.421]
  - FeH: [-0.2397, 0.2603]
* Additional priors (IMF): 


Computing likelihood of models in the grid (5977 tracks) ...
Done! Computed the likelihood of 161035 models, found 161035 models with non-zero likelihood!


*****************************************
**                                     **
**   Output and results from the fit   **
**                                     **
*****************************************


Highest likelihood model:
* Weighted, non-normalized log-probability: -4.189038135279581
* Grid-index: grid/tracks/track2339[121], with parameters:
  - Name: track2339-1077.fgong
  - Teff      :  5640.067784 
  - FeH       :    -0.025620 
  - radPhot   :     0.935794 
  - massfin   :     0.851652 
  - age       :  8669.474561 

Lowest chi2 model:
* chi2: 8.122041574498956e-06
* Grid-index: grid/tracks/track2305[254], with parameters:
  - Name: track2305-1745.fgong
  - Teff      :  5654.866574 
  - FeH       :     0.010345 
  - radPhot   :     1.540642 
  - massfin   :     0.952185 
  - age       : 10521.564960 


Computing posterior distributions for the requested output parameters!
==> Summary statistics printed below ...

-----------------------------------------------------
median     Teff          :   5646.035569
err_plus   Teff          :     74.787745
err_minus  Teff          :     67.161105
-----------------------------------------------------
median     FeH           :      0.008272
err_plus   FeH           :      0.069451
err_minus  FeH           :      0.068297
-----------------------------------------------------
median     radPhot       :      1.012013
err_plus   radPhot       :      0.274485
err_minus  radPhot       :      0.136237
-----------------------------------------------------
median     massfin       :      0.946620
err_plus   massfin       :      0.075675
err_minus  massfin       :      0.069843
-----------------------------------------------------
median     age           :   7631.903514
err_plus   age           :   3721.287261
err_minus  age           :   5145.418069
-----------------------------------------------------

Saved results to mnt/c/Users/georg/Documents/GitHub/Iwan-and-George-Year-4-Project/Results/JustKenResults.ascii.
Saved corner plot to mnt/c/Users/georg/Documents/GitHub/Iwan-and-George-Year-4-Project/Results/2076121602454770560_corner.png.
Saved Kiel diagram to mnt/c/Users/georg/Documents/GitHub/Iwan-and-George-Year-4-Project/Results/2076121602454770560_kiel.png.
Did not get any frequency file input, skipping ratios and echelle plots.
Saved dictionary to mnt/c/Users/georg/Documents/GitHub/Iwan-and-George-Year-4-Project/Results/2076121602454770560.json

Finished on 2024-01-20 17:03:45 (runtime 23.0 s).

