========================================================================================
                                         BASTA                                         
                             The BAyesian STellar Algorithm                             

                                     Version 1.2.1                                     

                                (c) 2022, The BASTA Team                                
                           https://github.com/BASTAcode/BASTA                           
========================================================================================

Run started on 2024-01-20 17:04:16 . 

Random numbers initialised with seed: 3178 .

Fitting star id: 2078000289864478976 .
* Using the grid '/root/BASTA/grids/Garstec_AS09_barbieMS.hdf5' of type 'sobol tracks'.
  - Grid built with BASTA version 1.3.1, timestamp: 2023-11-28 at 20:12:28.

Transforming solar-based asteroseismic quantities:
* Converting to solar units if needed...
* Solar model scaling not activated!  -->  Dnu will not be scaled.
Done!

Fitting information:
* Fitting parameters with values and uncertainties:
  - Teff: [4561.1143, 19.0647]
  - FeH: [0.0982, 0.0424]

Additional input parameters and settings in alphabetical order:
* asciiparams: ['Teff', 'FeH', 'radPhot', 'massfin', 'age']
* centroid: median
* cornerplots: ['Teff', 'FeH', 'radPhot', 'massfin', 'age']
* dnu_scales: {}
* dnusun: 135.1
* freqplots: []
* inputfile: input_JustKen.xml
* kielplots: [True]
* numsun: 3090.0
* output: mnt/c/Users/georg/Documents/GitHub/Iwan-and-George-Year-4-Project/Results/
* plotfmt: png
* solarmodel: False
* uncert: quantiles

Weights and priors:
* Bayesian weights:
  - Along tracks: age
  - Between tracks: volume
* Flat, constrained priors and ranges:
  - Teff: [4503.9202000000005, 4618.3084]
  - FeH: [-0.1518, 0.3482]
* Additional priors (IMF): 


Computing likelihood of models in the grid (5977 tracks) ...
Done! Computed the likelihood of 9699 models, found 9699 models with non-zero likelihood!


*****************************************
**                                     **
**   Output and results from the fit   **
**                                     **
*****************************************


Highest likelihood model:
* Weighted, non-normalized log-probability: -3.4596645132203228
* Grid-index: grid/tracks/track0479[115], with parameters:
  - Name: track0479-1047.fgong
  - Teff      :  4563.583275 
  - FeH       :     0.116348 
  - radPhot   :     0.753212 
  - massfin   :     0.723769 
  - age       : 19722.524730 

Lowest chi2 model:
* chi2: 0.002320270690526028
* Grid-index: grid/tracks/track1183[86], with parameters:
  - Name: track1183-905.fgong
  - Teff      :  4561.044497 
  - FeH       :     0.096164 
  - radPhot   :     0.724243 
  - massfin   :     0.721829 
  - age       : 14775.541250 


Computing posterior distributions for the requested output parameters!
==> Summary statistics printed below ...

-----------------------------------------------------
median     Teff          :   4561.266176
err_plus   Teff          :     18.438338
err_minus  Teff          :     18.848142
-----------------------------------------------------
median     FeH           :      0.113810
err_plus   FeH           :      0.034531
err_minus  FeH           :      0.058023
-----------------------------------------------------
median     radPhot       :      0.710157
err_plus   radPhot       :      0.040602
err_minus  radPhot       :      0.025527
-----------------------------------------------------
median     massfin       :      0.743892
err_plus   massfin       :      0.031881
err_minus  massfin       :      0.025973
-----------------------------------------------------
median     age           :   8301.173351
err_plus   age           :   7364.367899
err_minus  age           :   5236.145084
-----------------------------------------------------

Saved results to mnt/c/Users/georg/Documents/GitHub/Iwan-and-George-Year-4-Project/Results/JustKenResults.ascii.
Saved corner plot to mnt/c/Users/georg/Documents/GitHub/Iwan-and-George-Year-4-Project/Results/2078000289864478976_corner.png.
Saved Kiel diagram to mnt/c/Users/georg/Documents/GitHub/Iwan-and-George-Year-4-Project/Results/2078000289864478976_kiel.png.
Did not get any frequency file input, skipping ratios and echelle plots.
Saved dictionary to mnt/c/Users/georg/Documents/GitHub/Iwan-and-George-Year-4-Project/Results/2078000289864478976.json

Finished on 2024-01-20 17:04:27 (runtime 11.0 s).

