========================================================================================
                                         BASTA                                         
                             The BAyesian STellar Algorithm                             

                                     Version 1.2.1                                     

                                (c) 2022, The BASTA Team                                
                           https://github.com/BASTAcode/BASTA                           
========================================================================================

Run started on 2024-01-20 17:04:28 . 

Random numbers initialised with seed: 3178 .

Fitting star id: 2078648211455026432 .
* Using the grid '/root/BASTA/grids/Garstec_AS09_barbieMS.hdf5' of type 'sobol tracks'.
  - Grid built with BASTA version 1.3.1, timestamp: 2023-11-28 at 20:12:28.

Transforming solar-based asteroseismic quantities:
* Converting to solar units if needed...
* Solar model scaling not activated!  -->  Dnu will not be scaled.
Done!

Fitting information:
* Fitting parameters with values and uncertainties:
  - Teff: [5300.3193, 16.959]
  - FeH: [-0.212, 0.0167]

Additional input parameters and settings in alphabetical order:
* asciiparams: ['Teff', 'FeH', 'radPhot', 'massfin', 'age']
* centroid: median
* cornerplots: ['Teff', 'FeH', 'radPhot', 'massfin', 'age']
* dnu_scales: {}
* dnusun: 135.1
* freqplots: []
* inputfile: input_JustKen.xml
* kielplots: [True]
* numsun: 3090.0
* output: mnt/c/Users/georg/Documents/GitHub/Iwan-and-George-Year-4-Project/Results/
* plotfmt: png
* solarmodel: False
* uncert: quantiles

Weights and priors:
* Bayesian weights:
  - Along tracks: age
  - Between tracks: volume
* Flat, constrained priors and ranges:
  - Teff: [5249.4423, 5351.1963000000005]
  - FeH: [-0.46199999999999997, 0.038000000000000006]
* Additional priors (IMF): 


Computing likelihood of models in the grid (5977 tracks) ...
Done! Computed the likelihood of 13057 models, found 13057 models with non-zero likelihood!


*****************************************
**                                     **
**   Output and results from the fit   **
**                                     **
*****************************************


Highest likelihood model:
* Weighted, non-normalized log-probability: -3.1671500437860547
* Grid-index: grid/tracks/track4383[84], with parameters:
  - Name: track4383-912.fgong
  - Teff      :  5297.259145 
  - FeH       :    -0.217346 
  - radPhot   :     0.770589 
  - massfin   :     0.717698 
  - age       : 14611.723010 

Lowest chi2 model:
* chi2: 0.004348999591380717
* Grid-index: grid/tracks/track5095[127], with parameters:
  - Name: track5095-1121.fgong
  - Teff      :  5299.349506 
  - FeH       :    -0.212549 
  - radPhot   :     0.839284 
  - massfin   :     0.777636 
  - age       : 15117.854310 


Computing posterior distributions for the requested output parameters!
==> Summary statistics printed below ...

-----------------------------------------------------
median     Teff          :   5302.019184
err_plus   Teff          :     16.264743
err_minus  Teff          :     17.281295
-----------------------------------------------------
median     FeH           :     -0.209301
err_plus   FeH           :      0.016139
err_minus  FeH           :      0.015835
-----------------------------------------------------
median     radPhot       :      0.781915
err_plus   radPhot       :      0.073711
err_minus  radPhot       :      0.060706
-----------------------------------------------------
median     massfin       :      0.758732
err_plus   massfin       :      0.059426
err_minus  massfin       :      0.031021
-----------------------------------------------------
median     age           :  10592.230980
err_plus   age           :   4974.131460
err_minus  age           :   8382.805518
-----------------------------------------------------

Saved results to mnt/c/Users/georg/Documents/GitHub/Iwan-and-George-Year-4-Project/Results/JustKenResults.ascii.
Saved corner plot to mnt/c/Users/georg/Documents/GitHub/Iwan-and-George-Year-4-Project/Results/2078648211455026432_corner.png.
Saved Kiel diagram to mnt/c/Users/georg/Documents/GitHub/Iwan-and-George-Year-4-Project/Results/2078648211455026432_kiel.png.
Did not get any frequency file input, skipping ratios and echelle plots.
Saved dictionary to mnt/c/Users/georg/Documents/GitHub/Iwan-and-George-Year-4-Project/Results/2078648211455026432.json

Finished on 2024-01-20 17:04:44 (runtime 16.0 s).

