========================================================================================
                                         BASTA                                         
                             The BAyesian STellar Algorithm                             

                                     Version 1.2.1                                     

                                (c) 2022, The BASTA Team                                
                           https://github.com/BASTAcode/BASTA                           
========================================================================================

Run started on 2024-01-20 17:04:55 . 

Random numbers initialised with seed: 3178 .

Fitting star id: 2079880695265507328 .
* Using the grid '/root/BASTA/grids/Garstec_AS09_barbieMS.hdf5' of type 'sobol tracks'.
  - Grid built with BASTA version 1.3.1, timestamp: 2023-11-28 at 20:12:28.

Transforming solar-based asteroseismic quantities:
* Converting to solar units if needed...
* Solar model scaling not activated!  -->  Dnu will not be scaled.
Done!

Fitting information:
* Fitting parameters with values and uncertainties:
  - Teff: [5655.6826, 11.2474]
  - FeH: [-0.1178, 0.0092]

Additional input parameters and settings in alphabetical order:
* asciiparams: ['Teff', 'FeH', 'radPhot', 'massfin', 'age']
* centroid: median
* cornerplots: ['Teff', 'FeH', 'radPhot', 'massfin', 'age']
* dnu_scales: {}
* dnusun: 135.1
* freqplots: []
* inputfile: input_JustKen.xml
* kielplots: [True]
* numsun: 3090.0
* output: mnt/c/Users/georg/Documents/GitHub/Iwan-and-George-Year-4-Project/Results/
* plotfmt: png
* solarmodel: False
* uncert: quantiles

Weights and priors:
* Bayesian weights:
  - Along tracks: age
  - Between tracks: volume
* Flat, constrained priors and ranges:
  - Teff: [5621.9404, 5689.4248]
  - FeH: [-0.3678, 0.13219999999999998]
* Additional priors (IMF): 


Computing likelihood of models in the grid (5977 tracks) ...
Done! Computed the likelihood of 19128 models, found 19128 models with non-zero likelihood!


*****************************************
**                                     **
**   Output and results from the fit   **
**                                     **
*****************************************


Highest likelihood model:
* Weighted, non-normalized log-probability: -3.9889162775056923
* Grid-index: grid/tracks/track1623[119], with parameters:
  - Name: track1623-1077.fgong
  - Teff      :  5656.266202 
  - FeH       :    -0.118589 
  - radPhot   :     0.905111 
  - massfin   :     0.821625 
  - age       : 10248.222470 

Lowest chi2 model:
* chi2: 0.002796549296636971
* Grid-index: grid/tracks/track1171[6], with parameters:
  - Name: track1171-517.fgong
  - Teff      :  5656.250867 
  - FeH       :    -0.117944 
  - radPhot   :     0.769767 
  - massfin   :     0.877996 
  - age       :   145.158971 


Computing posterior distributions for the requested output parameters!
==> Summary statistics printed below ...

-----------------------------------------------------
median     Teff          :   5656.339390
err_plus   Teff          :     10.983950
err_minus  Teff          :     11.657938
-----------------------------------------------------
median     FeH           :     -0.118697
err_plus   FeH           :      0.008708
err_minus  FeH           :      0.009669
-----------------------------------------------------
median     radPhot       :      0.907917
err_plus   radPhot       :      0.132561
err_minus  radPhot       :      0.045617
-----------------------------------------------------
median     massfin       :      0.896854
err_plus   massfin       :      0.055106
err_minus  massfin       :      0.058147
-----------------------------------------------------
median     age           :   7256.099804
err_plus   age           :   3259.122666
err_minus  age           :   3756.992703
-----------------------------------------------------

Saved results to mnt/c/Users/georg/Documents/GitHub/Iwan-and-George-Year-4-Project/Results/JustKenResults.ascii.
Saved corner plot to mnt/c/Users/georg/Documents/GitHub/Iwan-and-George-Year-4-Project/Results/2079880695265507328_corner.png.
Saved Kiel diagram to mnt/c/Users/georg/Documents/GitHub/Iwan-and-George-Year-4-Project/Results/2079880695265507328_kiel.png.
Did not get any frequency file input, skipping ratios and echelle plots.
Saved dictionary to mnt/c/Users/georg/Documents/GitHub/Iwan-and-George-Year-4-Project/Results/2079880695265507328.json

Finished on 2024-01-20 17:05:11 (runtime 16.0 s).

