========================================================================================
                                         BASTA                                         
                             The BAyesian STellar Algorithm                             

                                     Version 1.2.1                                     

                                (c) 2022, The BASTA Team                                
                           https://github.com/BASTAcode/BASTA                           
========================================================================================

Run started on 2024-01-20 17:05:45 . 

Random numbers initialised with seed: 3178 .

Fitting star id: 2080466185207274880 .
* Using the grid '/root/BASTA/grids/Garstec_AS09_barbieMS.hdf5' of type 'sobol tracks'.
  - Grid built with BASTA version 1.3.1, timestamp: 2023-11-28 at 20:12:28.

Transforming solar-based asteroseismic quantities:
* Converting to solar units if needed...
* Solar model scaling not activated!  -->  Dnu will not be scaled.
Done!

Fitting information:
* Fitting parameters with values and uncertainties:
  - Teff: [5508.0186, 28.5064]
  - FeH: [-0.388, 0.033]

Additional input parameters and settings in alphabetical order:
* asciiparams: ['Teff', 'FeH', 'radPhot', 'massfin', 'age']
* centroid: median
* cornerplots: ['Teff', 'FeH', 'radPhot', 'massfin', 'age']
* dnu_scales: {}
* dnusun: 135.1
* freqplots: []
* inputfile: input_JustKen.xml
* kielplots: [True]
* numsun: 3090.0
* output: mnt/c/Users/georg/Documents/GitHub/Iwan-and-George-Year-4-Project/Results/
* plotfmt: png
* solarmodel: False
* uncert: quantiles

Weights and priors:
* Bayesian weights:
  - Along tracks: age
  - Between tracks: volume
* Flat, constrained priors and ranges:
  - Teff: [5422.499400000001, 5593.5378]
  - FeH: [-0.638, -0.138]
* Additional priors (IMF): 


Computing likelihood of models in the grid (5977 tracks) ...
Done! Computed the likelihood of 20381 models, found 20381 models with non-zero likelihood!


*****************************************
**                                     **
**   Output and results from the fit   **
**                                     **
*****************************************


Highest likelihood model:
* Weighted, non-normalized log-probability: -3.4147552833849395
* Grid-index: grid/tracks/track0704[57], with parameters:
  - Name: track0704-764.fgong
  - Teff      :  5508.167010 
  - FeH       :    -0.388278 
  - radPhot   :     0.764909 
  - massfin   :     0.710750 
  - age       :  9910.339734 

Lowest chi2 model:
* chi2: 9.790438319676017e-05
* Grid-index: grid/tracks/track0704[57], with parameters:
  - Name: track0704-764.fgong
  - Teff      :  5508.167010 
  - FeH       :    -0.388278 
  - radPhot   :     0.764909 
  - massfin   :     0.710750 
  - age       :  9910.339734 


Computing posterior distributions for the requested output parameters!
==> Summary statistics printed below ...

-----------------------------------------------------
median     Teff          :   5510.227263
err_plus   Teff          :     28.191039
err_minus  Teff          :     28.982456
-----------------------------------------------------
median     FeH           :     -0.380103
err_plus   FeH           :      0.030401
err_minus  FeH           :      0.036726
-----------------------------------------------------
median     radPhot       :      0.774559
err_plus   radPhot       :      0.161052
err_minus  radPhot       :      0.060681
-----------------------------------------------------
median     massfin       :      0.764463
err_plus   massfin       :      0.037487
err_minus  massfin       :      0.038696
-----------------------------------------------------
median     age           :   8710.277638
err_plus   age           :   7983.800832
err_minus  age           :   6088.043584
-----------------------------------------------------

Saved results to mnt/c/Users/georg/Documents/GitHub/Iwan-and-George-Year-4-Project/Results/JustKenResults.ascii.
Saved corner plot to mnt/c/Users/georg/Documents/GitHub/Iwan-and-George-Year-4-Project/Results/2080466185207274880_corner.png.
Saved Kiel diagram to mnt/c/Users/georg/Documents/GitHub/Iwan-and-George-Year-4-Project/Results/2080466185207274880_kiel.png.
Did not get any frequency file input, skipping ratios and echelle plots.
Saved dictionary to mnt/c/Users/georg/Documents/GitHub/Iwan-and-George-Year-4-Project/Results/2080466185207274880.json

Finished on 2024-01-20 17:06:01 (runtime 16.0 s).

