========================================================================================
                                         BASTA                                         
                             The BAyesian STellar Algorithm                             

                                     Version 1.2.1                                     

                                (c) 2022, The BASTA Team                                
                           https://github.com/BASTAcode/BASTA                           
========================================================================================

Run started on 2024-01-20 17:05:28 . 

Random numbers initialised with seed: 3178 .

Fitting star id: 2080296757338392576 .
* Using the grid '/root/BASTA/grids/Garstec_AS09_barbieMS.hdf5' of type 'sobol tracks'.
  - Grid built with BASTA version 1.3.1, timestamp: 2023-11-28 at 20:12:28.

Transforming solar-based asteroseismic quantities:
* Converting to solar units if needed...
* Solar model scaling not activated!  -->  Dnu will not be scaled.
Done!

Fitting information:
* Fitting parameters with values and uncertainties:
  - Teff: [5802.9204, 19.0176]
  - FeH: [-0.4177, 0.0212]

Additional input parameters and settings in alphabetical order:
* asciiparams: ['Teff', 'FeH', 'radPhot', 'massfin', 'age']
* centroid: median
* cornerplots: ['Teff', 'FeH', 'radPhot', 'massfin', 'age']
* dnu_scales: {}
* dnusun: 135.1
* freqplots: []
* inputfile: input_JustKen.xml
* kielplots: [True]
* numsun: 3090.0
* output: mnt/c/Users/georg/Documents/GitHub/Iwan-and-George-Year-4-Project/Results/
* plotfmt: png
* solarmodel: False
* uncert: quantiles

Weights and priors:
* Bayesian weights:
  - Along tracks: age
  - Between tracks: volume
* Flat, constrained priors and ranges:
  - Teff: [5745.8676, 5859.9732]
  - FeH: [-0.6677, -0.16770000000000002]
* Additional priors (IMF): 


Computing likelihood of models in the grid (5977 tracks) ...
Done! Computed the likelihood of 20192 models, found 20192 models with non-zero likelihood!


*****************************************
**                                     **
**   Output and results from the fit   **
**                                     **
*****************************************


Highest likelihood model:
* Weighted, non-normalized log-probability: -3.5587329195130195
* Grid-index: grid/tracks/track0376[121], with parameters:
  - Name: track0376-1094.fgong
  - Teff      :  5798.804084 
  - FeH       :    -0.412494 
  - radPhot   :     1.216899 
  - massfin   :     0.768282 
  - age       : 15314.785160 

Lowest chi2 model:
* chi2: 0.0004448550936838958
* Grid-index: grid/tracks/track5416[139], with parameters:
  - Name: track5416-1167.fgong
  - Teff      :  5802.621851 
  - FeH       :    -0.417401 
  - radPhot   :     1.410572 
  - massfin   :     0.820229 
  - age       : 12053.770840 


Computing posterior distributions for the requested output parameters!
==> Summary statistics printed below ...

-----------------------------------------------------
median     Teff          :   5803.001764
err_plus   Teff          :     18.813482
err_minus  Teff          :     18.861296
-----------------------------------------------------
median     FeH           :     -0.416455
err_plus   FeH           :      0.023422
err_minus  FeH           :      0.023248
-----------------------------------------------------
median     radPhot       :      0.851055
err_plus   radPhot       :      0.278500
err_minus  radPhot       :      0.089247
-----------------------------------------------------
median     massfin       :      0.810905
err_plus   massfin       :      0.053053
err_minus  massfin       :      0.040452
-----------------------------------------------------
median     age           :   7489.218658
err_plus   age           :   5702.469912
err_minus  age           :   5433.445590
-----------------------------------------------------

Saved results to mnt/c/Users/georg/Documents/GitHub/Iwan-and-George-Year-4-Project/Results/JustKenResults.ascii.
Saved corner plot to mnt/c/Users/georg/Documents/GitHub/Iwan-and-George-Year-4-Project/Results/2080296757338392576_corner.png.
Saved Kiel diagram to mnt/c/Users/georg/Documents/GitHub/Iwan-and-George-Year-4-Project/Results/2080296757338392576_kiel.png.
Did not get any frequency file input, skipping ratios and echelle plots.
Saved dictionary to mnt/c/Users/georg/Documents/GitHub/Iwan-and-George-Year-4-Project/Results/2080296757338392576.json

Finished on 2024-01-20 17:05:44 (runtime 16.0 s).

