========================================================================================
                                         BASTA                                         
                             The BAyesian STellar Algorithm                             

                                     Version 1.2.1                                     

                                (c) 2022, The BASTA Team                                
                           https://github.com/BASTAcode/BASTA                           
========================================================================================

Run started on 2024-01-20 17:06:01 . 

Random numbers initialised with seed: 3178 .

Fitting star id: 2080605823183999616 .
* Using the grid '/root/BASTA/grids/Garstec_AS09_barbieMS.hdf5' of type 'sobol tracks'.
  - Grid built with BASTA version 1.3.1, timestamp: 2023-11-28 at 20:12:28.

Transforming solar-based asteroseismic quantities:
* Converting to solar units if needed...
* Solar model scaling not activated!  -->  Dnu will not be scaled.
Done!

Fitting information:
* Fitting parameters with values and uncertainties:
  - Teff: [5818.928, 37.1643]
  - FeH: [-0.0758, 0.0424]

Additional input parameters and settings in alphabetical order:
* asciiparams: ['Teff', 'FeH', 'radPhot', 'massfin', 'age']
* centroid: median
* cornerplots: ['Teff', 'FeH', 'radPhot', 'massfin', 'age']
* dnu_scales: {}
* dnusun: 135.1
* freqplots: []
* inputfile: input_JustKen.xml
* kielplots: [True]
* numsun: 3090.0
* output: mnt/c/Users/georg/Documents/GitHub/Iwan-and-George-Year-4-Project/Results/
* plotfmt: png
* solarmodel: False
* uncert: quantiles

Weights and priors:
* Bayesian weights:
  - Along tracks: age
  - Between tracks: volume
* Flat, constrained priors and ranges:
  - Teff: [5707.4351, 5930.4209]
  - FeH: [-0.3258, 0.1742]
* Additional priors (IMF): 


Computing likelihood of models in the grid (5977 tracks) ...
Done! Computed the likelihood of 81628 models, found 81628 models with non-zero likelihood!


*****************************************
**                                     **
**   Output and results from the fit   **
**                                     **
*****************************************


Highest likelihood model:
* Weighted, non-normalized log-probability: -4.491445396513437
* Grid-index: grid/tracks/track5515[222], with parameters:
  - Name: track5515-1587.fgong
  - Teff      :  5809.903684 
  - FeH       :    -0.081506 
  - radPhot   :     1.479258 
  - massfin   :     0.923207 
  - age       : 10113.401930 

Lowest chi2 model:
* chi2: 0.00033162534057166597
* Grid-index: grid/tracks/track0203[146], with parameters:
  - Name: track0203-1203.fgong
  - Teff      :  5818.753011 
  - FeH       :    -0.076546 
  - radPhot   :     1.020106 
  - massfin   :     0.927638 
  - age       :  6517.550343 


Computing posterior distributions for the requested output parameters!
==> Summary statistics printed below ...

-----------------------------------------------------
median     Teff          :   5819.041187
err_plus   Teff          :     36.121759
err_minus  Teff          :     35.987859
-----------------------------------------------------
median     FeH           :     -0.076116
err_plus   FeH           :      0.043654
err_minus  FeH           :      0.038980
-----------------------------------------------------
median     radPhot       :      1.041650
err_plus   radPhot       :      0.283674
err_minus  radPhot       :      0.149645
-----------------------------------------------------
median     massfin       :      0.956638
err_plus   massfin       :      0.061290
err_minus  massfin       :      0.060061
-----------------------------------------------------
median     age           :   6855.202687
err_plus   age           :   2615.706458
err_minus  age           :   4598.639112
-----------------------------------------------------

Saved results to mnt/c/Users/georg/Documents/GitHub/Iwan-and-George-Year-4-Project/Results/JustKenResults.ascii.
Saved corner plot to mnt/c/Users/georg/Documents/GitHub/Iwan-and-George-Year-4-Project/Results/2080605823183999616_corner.png.
Saved Kiel diagram to mnt/c/Users/georg/Documents/GitHub/Iwan-and-George-Year-4-Project/Results/2080605823183999616_kiel.png.
Did not get any frequency file input, skipping ratios and echelle plots.
Saved dictionary to mnt/c/Users/georg/Documents/GitHub/Iwan-and-George-Year-4-Project/Results/2080605823183999616.json

Finished on 2024-01-20 17:06:20 (runtime 19.0 s).

