========================================================================================
                                         BASTA                                         
                             The BAyesian STellar Algorithm                             

                                     Version 1.2.1                                     

                                (c) 2022, The BASTA Team                                
                           https://github.com/BASTAcode/BASTA                           
========================================================================================

Run started on 2024-01-20 17:05:11 . 

Random numbers initialised with seed: 3178 .

Fitting star id: 2080271674728481280 .
* Using the grid '/root/BASTA/grids/Garstec_AS09_barbieMS.hdf5' of type 'sobol tracks'.
  - Grid built with BASTA version 1.3.1, timestamp: 2023-11-28 at 20:12:28.

Transforming solar-based asteroseismic quantities:
* Converting to solar units if needed...
* Solar model scaling not activated!  -->  Dnu will not be scaled.
Done!

Fitting information:
* Fitting parameters with values and uncertainties:
  - Teff: [5326.634, 7.4324]
  - FeH: [0.0654, 0.0087]

Additional input parameters and settings in alphabetical order:
* asciiparams: ['Teff', 'FeH', 'radPhot', 'massfin', 'age']
* centroid: median
* cornerplots: ['Teff', 'FeH', 'radPhot', 'massfin', 'age']
* dnu_scales: {}
* dnusun: 135.1
* freqplots: []
* inputfile: input_JustKen.xml
* kielplots: [True]
* numsun: 3090.0
* output: mnt/c/Users/georg/Documents/GitHub/Iwan-and-George-Year-4-Project/Results/
* plotfmt: png
* solarmodel: False
* uncert: quantiles

Weights and priors:
* Bayesian weights:
  - Along tracks: age
  - Between tracks: volume
* Flat, constrained priors and ranges:
  - Teff: [5304.3368, 5348.9312]
  - FeH: [-0.1846, 0.3154]
* Additional priors (IMF): 


Computing likelihood of models in the grid (5977 tracks) ...
Done! Computed the likelihood of 15145 models, found 15145 models with non-zero likelihood!


*****************************************
**                                     **
**   Output and results from the fit   **
**                                     **
*****************************************


Highest likelihood model:
* Weighted, non-normalized log-probability: -3.761596738612527
* Grid-index: grid/tracks/track0343[191], with parameters:
  - Name: track0343-1420.fgong
  - Teff      :  5326.264304 
  - FeH       :     0.067062 
  - radPhot   :     1.133266 
  - massfin   :     0.823413 
  - age       : 16498.258090 

Lowest chi2 model:
* chi2: 0.019159628198516118
* Grid-index: grid/tracks/track1187[57], with parameters:
  - Name: track1187-752.fgong
  - Teff      :  5325.608867 
  - FeH       :     0.065299 
  - radPhot   :     0.831874 
  - massfin   :     0.854882 
  - age       :  3865.319103 


Computing posterior distributions for the requested output parameters!
==> Summary statistics printed below ...

-----------------------------------------------------
median     Teff          :   5326.747320
err_plus   Teff          :      6.589440
err_minus  Teff          :      7.439948
-----------------------------------------------------
median     FeH           :      0.064684
err_plus   FeH           :      0.008176
err_minus  FeH           :      0.007690
-----------------------------------------------------
median     radPhot       :      0.990952
err_plus   radPhot       :      0.140867
err_minus  radPhot       :      0.162368
-----------------------------------------------------
median     massfin       :      0.875815
err_plus   massfin       :      0.041063
err_minus  massfin       :      0.059014
-----------------------------------------------------
median     age           :  14492.900160
err_plus   age           :   3335.345480
err_minus  age           :  10368.628460
-----------------------------------------------------

Saved results to mnt/c/Users/georg/Documents/GitHub/Iwan-and-George-Year-4-Project/Results/JustKenResults.ascii.
Saved corner plot to mnt/c/Users/georg/Documents/GitHub/Iwan-and-George-Year-4-Project/Results/2080271674728481280_corner.png.
Saved Kiel diagram to mnt/c/Users/georg/Documents/GitHub/Iwan-and-George-Year-4-Project/Results/2080271674728481280_kiel.png.
Did not get any frequency file input, skipping ratios and echelle plots.
Saved dictionary to mnt/c/Users/georg/Documents/GitHub/Iwan-and-George-Year-4-Project/Results/2080271674728481280.json

Finished on 2024-01-20 17:05:28 (runtime 17.0 s).

