========================================================================================
                                         BASTA                                         
                             The BAyesian STellar Algorithm                             

                                     Version 1.2.1                                     

                                (c) 2022, The BASTA Team                                
                           https://github.com/BASTAcode/BASTA                           
========================================================================================

Run started on 2024-01-20 17:06:21 . 

Random numbers initialised with seed: 3178 .

Fitting star id: 2082161219824397568 .
* Using the grid '/root/BASTA/grids/Garstec_AS09_barbieMS.hdf5' of type 'sobol tracks'.
  - Grid built with BASTA version 1.3.1, timestamp: 2023-11-28 at 20:12:28.

Transforming solar-based asteroseismic quantities:
* Converting to solar units if needed...
* Solar model scaling not activated!  -->  Dnu will not be scaled.
Done!

Fitting information:
* Fitting parameters with values and uncertainties:
  - Teff: [6766.387, 10.8293]
  - FeH: [-0.4877, 0.0083]

Additional input parameters and settings in alphabetical order:
* asciiparams: ['Teff', 'FeH', 'radPhot', 'massfin', 'age']
* centroid: median
* cornerplots: ['Teff', 'FeH', 'radPhot', 'massfin', 'age']
* dnu_scales: {}
* dnusun: 135.1
* freqplots: []
* inputfile: input_JustKen.xml
* kielplots: [True]
* numsun: 3090.0
* output: mnt/c/Users/georg/Documents/GitHub/Iwan-and-George-Year-4-Project/Results/
* plotfmt: png
* solarmodel: False
* uncert: quantiles

Weights and priors:
* Bayesian weights:
  - Along tracks: age
  - Between tracks: volume
* Flat, constrained priors and ranges:
  - Teff: [6733.8991, 6798.8749]
  - FeH: [-0.7377, -0.23770000000000002]
* Additional priors (IMF): 


Computing likelihood of models in the grid (5977 tracks) ...
Done! Computed the likelihood of 3367 models, found 3367 models with non-zero likelihood!


*****************************************
**                                     **
**   Output and results from the fit   **
**                                     **
*****************************************


Highest likelihood model:
* Weighted, non-normalized log-probability: -5.524086592078157
* Grid-index: grid/tracks/track4874[6], with parameters:
  - Name: track4874-458.fgong
  - Teff      :  6769.119370 
  - FeH       :    -0.489517 
  - radPhot   :     1.111609 
  - massfin   :     1.171991 
  - age       :    69.466198 

Lowest chi2 model:
* chi2: 0.07711244109573395
* Grid-index: grid/tracks/track5490[18], with parameters:
  - Name: track5490-529.fgong
  - Teff      :  6768.173252 
  - FeH       :    -0.485846 
  - radPhot   :     1.149593 
  - massfin   :     1.113949 
  - age       :   325.782289 


Computing posterior distributions for the requested output parameters!
==> Summary statistics printed below ...

-----------------------------------------------------
median     Teff          :   6769.119370
err_plus   Teff          :     10.434745
err_minus  Teff          :     12.419533
-----------------------------------------------------
median     FeH           :     -0.488654
err_plus   FeH           :      0.008719
err_minus  FeH           :      0.008108
-----------------------------------------------------
median     radPhot       :      1.134113
err_plus   radPhot       :      0.053502
err_minus  radPhot       :      0.099172
-----------------------------------------------------
median     massfin       :      1.140889
err_plus   massfin       :      0.042064
err_minus  massfin       :      0.061005
-----------------------------------------------------
median     age           :    663.983600
err_plus   age           :    281.187606
err_minus  age           :    511.461703
-----------------------------------------------------

Saved results to mnt/c/Users/georg/Documents/GitHub/Iwan-and-George-Year-4-Project/Results/JustKenResults.ascii.
Saved corner plot to mnt/c/Users/georg/Documents/GitHub/Iwan-and-George-Year-4-Project/Results/2082161219824397568_corner.png.
Saved Kiel diagram to mnt/c/Users/georg/Documents/GitHub/Iwan-and-George-Year-4-Project/Results/2082161219824397568_kiel.png.
Did not get any frequency file input, skipping ratios and echelle plots.
Saved dictionary to mnt/c/Users/georg/Documents/GitHub/Iwan-and-George-Year-4-Project/Results/2082161219824397568.json

Finished on 2024-01-20 17:06:34 (runtime 13.0 s).

