========================================================================================
                                         BASTA                                         
                             The BAyesian STellar Algorithm                             

                                     Version 1.2.1                                     

                                (c) 2022, The BASTA Team                                
                           https://github.com/BASTAcode/BASTA                           
========================================================================================

Run started on 2024-01-20 17:06:34 . 

Random numbers initialised with seed: 3178 .

Fitting star id: 2085204015173031552 .
* Using the grid '/root/BASTA/grids/Garstec_AS09_barbieMS.hdf5' of type 'sobol tracks'.
  - Grid built with BASTA version 1.3.1, timestamp: 2023-11-28 at 20:12:28.

Transforming solar-based asteroseismic quantities:
* Converting to solar units if needed...
* Solar model scaling not activated!  -->  Dnu will not be scaled.
Done!

Fitting information:
* Fitting parameters with values and uncertainties:
  - Teff: [6167.8657, 21.209]
  - FeH: [-0.3159, 0.0336]

Additional input parameters and settings in alphabetical order:
* asciiparams: ['Teff', 'FeH', 'radPhot', 'massfin', 'age']
* centroid: median
* cornerplots: ['Teff', 'FeH', 'radPhot', 'massfin', 'age']
* dnu_scales: {}
* dnusun: 135.1
* freqplots: []
* inputfile: input_JustKen.xml
* kielplots: [True]
* numsun: 3090.0
* output: mnt/c/Users/georg/Documents/GitHub/Iwan-and-George-Year-4-Project/Results/
* plotfmt: png
* solarmodel: False
* uncert: quantiles

Weights and priors:
* Bayesian weights:
  - Along tracks: age
  - Between tracks: volume
* Flat, constrained priors and ranges:
  - Teff: [6104.2387, 6231.492700000001]
  - FeH: [-0.5659000000000001, -0.06590000000000001]
* Additional priors (IMF): 


Computing likelihood of models in the grid (5977 tracks) ...
Done! Computed the likelihood of 39008 models, found 39008 models with non-zero likelihood!


*****************************************
**                                     **
**   Output and results from the fit   **
**                                     **
*****************************************


Highest likelihood model:
* Weighted, non-normalized log-probability: -4.544312006837295
* Grid-index: grid/tracks/track4844[102], with parameters:
  - Name: track4844-979.fgong
  - Teff      :  6154.748751 
  - FeH       :    -0.332969 
  - radPhot   :     1.031163 
  - massfin   :     0.874592 
  - age       :  6093.049505 

Lowest chi2 model:
* chi2: 0.00011528852119752555
* Grid-index: grid/tracks/track2190[50], with parameters:
  - Name: track2190-723.fgong
  - Teff      :  6167.827950 
  - FeH       :    -0.316256 
  - radPhot   :     0.963258 
  - massfin   :     0.987875 
  - age       :  1683.467214 


Computing posterior distributions for the requested output parameters!
==> Summary statistics printed below ...

-----------------------------------------------------
median     Teff          :   6168.873982
err_plus   Teff          :     21.349791
err_minus  Teff          :     22.125295
-----------------------------------------------------
median     FeH           :     -0.316701
err_plus   FeH           :      0.032269
err_minus  FeH           :      0.032727
-----------------------------------------------------
median     radPhot       :      1.035244
err_plus   radPhot       :      0.383454
err_minus  radPhot       :      0.124488
-----------------------------------------------------
median     massfin       :      0.968878
err_plus   massfin       :      0.087020
err_minus  massfin       :      0.064142
-----------------------------------------------------
median     age           :   4599.254228
err_plus   age           :   1804.126894
err_minus  age           :   3394.339685
-----------------------------------------------------

Saved results to mnt/c/Users/georg/Documents/GitHub/Iwan-and-George-Year-4-Project/Results/JustKenResults.ascii.
Saved corner plot to mnt/c/Users/georg/Documents/GitHub/Iwan-and-George-Year-4-Project/Results/2085204015173031552_corner.png.
Saved Kiel diagram to mnt/c/Users/georg/Documents/GitHub/Iwan-and-George-Year-4-Project/Results/2085204015173031552_kiel.png.
Did not get any frequency file input, skipping ratios and echelle plots.
Saved dictionary to mnt/c/Users/georg/Documents/GitHub/Iwan-and-George-Year-4-Project/Results/2085204015173031552.json

Finished on 2024-01-20 17:06:50 (runtime 16.0 s).

