========================================================================================
                                         BASTA                                         
                             The BAyesian STellar Algorithm                             

                                     Version 1.2.1                                     

                                (c) 2022, The BASTA Team                                
                           https://github.com/BASTAcode/BASTA                           
========================================================================================

Run started on 2024-01-20 17:06:51 . 

Random numbers initialised with seed: 3178 .

Fitting star id: 2085527924426959104 .
* Using the grid '/root/BASTA/grids/Garstec_AS09_barbieMS.hdf5' of type 'sobol tracks'.
  - Grid built with BASTA version 1.3.1, timestamp: 2023-11-28 at 20:12:28.

Transforming solar-based asteroseismic quantities:
* Converting to solar units if needed...
* Solar model scaling not activated!  -->  Dnu will not be scaled.
Done!

Fitting information:
* Fitting parameters with values and uncertainties:
  - Teff: [5044.935, 13.5338]
  - FeH: [-0.0834, 0.014]

Additional input parameters and settings in alphabetical order:
* asciiparams: ['Teff', 'FeH', 'radPhot', 'massfin', 'age']
* centroid: median
* cornerplots: ['Teff', 'FeH', 'radPhot', 'massfin', 'age']
* dnu_scales: {}
* dnusun: 135.1
* freqplots: []
* inputfile: input_JustKen.xml
* kielplots: [True]
* numsun: 3090.0
* output: mnt/c/Users/georg/Documents/GitHub/Iwan-and-George-Year-4-Project/Results/
* plotfmt: png
* solarmodel: False
* uncert: quantiles

Weights and priors:
* Bayesian weights:
  - Along tracks: age
  - Between tracks: volume
* Flat, constrained priors and ranges:
  - Teff: [5004.333600000001, 5085.5364]
  - FeH: [-0.33340000000000003, 0.1666]
* Additional priors (IMF): 


Computing likelihood of models in the grid (5977 tracks) ...
Done! Computed the likelihood of 9638 models, found 9638 models with non-zero likelihood!


*****************************************
**                                     **
**   Output and results from the fit   **
**                                     **
*****************************************


Highest likelihood model:
* Weighted, non-normalized log-probability: -3.299794665451479
* Grid-index: grid/tracks/track2527[8], with parameters:
  - Name: track2527-520.fgong
  - Teff      :  5047.610208 
  - FeH       :    -0.076166 
  - radPhot   :     0.674479 
  - massfin   :     0.723989 
  - age       :   649.872099 

Lowest chi2 model:
* chi2: 0.0005173146103218911
* Grid-index: grid/tracks/track3131[336], with parameters:
  - Name: track3131-2166.fgong
  - Teff      :  5044.644782 
  - FeH       :    -0.083506 
  - radPhot   :     1.693819 
  - massfin   :     0.895088 
  - age       : 17293.782790 


Computing posterior distributions for the requested output parameters!
==> Summary statistics printed below ...

-----------------------------------------------------
median     Teff          :   5045.054877
err_plus   Teff          :     13.535606
err_minus  Teff          :     13.339002
-----------------------------------------------------
median     FeH           :     -0.083542
err_plus   FeH           :      0.014453
err_minus  FeH           :      0.012071
-----------------------------------------------------
median     radPhot       :      0.767332
err_plus   radPhot       :      0.051060
err_minus  radPhot       :      0.064413
-----------------------------------------------------
median     massfin       :      0.758706
err_plus   massfin       :      0.046216
err_minus  massfin       :      0.033970
-----------------------------------------------------
median     age           :   8972.178919
err_plus   age           :   8709.814141
err_minus  age           :   7313.412980
-----------------------------------------------------

Saved results to mnt/c/Users/georg/Documents/GitHub/Iwan-and-George-Year-4-Project/Results/JustKenResults.ascii.
Saved corner plot to mnt/c/Users/georg/Documents/GitHub/Iwan-and-George-Year-4-Project/Results/2085527924426959104_corner.png.
Saved Kiel diagram to mnt/c/Users/georg/Documents/GitHub/Iwan-and-George-Year-4-Project/Results/2085527924426959104_kiel.png.
Did not get any frequency file input, skipping ratios and echelle plots.
Saved dictionary to mnt/c/Users/georg/Documents/GitHub/Iwan-and-George-Year-4-Project/Results/2085527924426959104.json

Finished on 2024-01-20 17:07:06 (runtime 15.0 s).

