========================================================================================
                                         BASTA                                         
                             The BAyesian STellar Algorithm                             

                                     Version 1.2.1                                     

                                (c) 2022, The BASTA Team                                
                           https://github.com/BASTAcode/BASTA                           
========================================================================================

Run started on 2024-01-20 17:07:22 . 

Random numbers initialised with seed: 3178 .

Fitting star id: 2099854801450635520 .
* Using the grid '/root/BASTA/grids/Garstec_AS09_barbieMS.hdf5' of type 'sobol tracks'.
  - Grid built with BASTA version 1.3.1, timestamp: 2023-11-28 at 20:12:28.

Transforming solar-based asteroseismic quantities:
* Converting to solar units if needed...
* Solar model scaling not activated!  -->  Dnu will not be scaled.
Done!

Fitting information:
* Fitting parameters with values and uncertainties:
  - Teff: [5185.2856, 23.8524]
  - FeH: [0.0139, 0.0273]

Additional input parameters and settings in alphabetical order:
* asciiparams: ['Teff', 'FeH', 'radPhot', 'massfin', 'age']
* centroid: median
* cornerplots: ['Teff', 'FeH', 'radPhot', 'massfin', 'age']
* dnu_scales: {}
* dnusun: 135.1
* freqplots: []
* inputfile: input_JustKen.xml
* kielplots: [True]
* numsun: 3090.0
* output: mnt/c/Users/georg/Documents/GitHub/Iwan-and-George-Year-4-Project/Results/
* plotfmt: png
* solarmodel: False
* uncert: quantiles

Weights and priors:
* Bayesian weights:
  - Along tracks: age
  - Between tracks: volume
* Flat, constrained priors and ranges:
  - Teff: [5113.7284, 5256.8428]
  - FeH: [-0.2361, 0.2639]
* Additional priors (IMF): 


Computing likelihood of models in the grid (5977 tracks) ...
Done! Computed the likelihood of 32874 models, found 32874 models with non-zero likelihood!


*****************************************
**                                     **
**   Output and results from the fit   **
**                                     **
*****************************************


Highest likelihood model:
* Weighted, non-normalized log-probability: -3.2574547183151594
* Grid-index: grid/tracks/track5727[114], with parameters:
  - Name: track5727-1058.fgong
  - Teff      :  5181.008592 
  - FeH       :     0.002628 
  - radPhot   :     0.832646 
  - massfin   :     0.727624 
  - age       : 18863.763100 

Lowest chi2 model:
* chi2: 0.0010534876332042508
* Grid-index: grid/tracks/track2359[142], with parameters:
  - Name: track2359-1185.fgong
  - Teff      :  5184.517334 
  - FeH       :     0.013791 
  - radPhot   :     0.876948 
  - massfin   :     0.804666 
  - age       : 13498.539070 


Computing posterior distributions for the requested output parameters!
==> Summary statistics printed below ...

-----------------------------------------------------
median     Teff          :   5185.438522
err_plus   Teff          :     23.404583
err_minus  Teff          :     24.594598
-----------------------------------------------------
median     FeH           :      0.011457
err_plus   FeH           :      0.022932
err_minus  FeH           :      0.022191
-----------------------------------------------------
median     radPhot       :      0.834121
err_plus   radPhot       :      0.095353
err_minus  radPhot       :      0.066470
-----------------------------------------------------
median     massfin       :      0.822763
err_plus   massfin       :      0.050714
err_minus  massfin       :      0.050038
-----------------------------------------------------
median     age           :  10473.238360
err_plus   age           :   6145.982421
err_minus  age           :   7691.265588
-----------------------------------------------------

Saved results to mnt/c/Users/georg/Documents/GitHub/Iwan-and-George-Year-4-Project/Results/JustKenResults.ascii.
Saved corner plot to mnt/c/Users/georg/Documents/GitHub/Iwan-and-George-Year-4-Project/Results/2099854801450635520_corner.png.
Saved Kiel diagram to mnt/c/Users/georg/Documents/GitHub/Iwan-and-George-Year-4-Project/Results/2099854801450635520_kiel.png.
Did not get any frequency file input, skipping ratios and echelle plots.
Saved dictionary to mnt/c/Users/georg/Documents/GitHub/Iwan-and-George-Year-4-Project/Results/2099854801450635520.json

Finished on 2024-01-20 17:07:41 (runtime 19.0 s).

