========================================================================================
                                         BASTA                                         
                             The BAyesian STellar Algorithm                             

                                     Version 1.2.1                                     

                                (c) 2022, The BASTA Team                                
                           https://github.com/BASTAcode/BASTA                           
========================================================================================

Run started on 2024-01-20 17:07:41 . 

Random numbers initialised with seed: 3178 .

Fitting star id: 2100524610190045312 .
* Using the grid '/root/BASTA/grids/Garstec_AS09_barbieMS.hdf5' of type 'sobol tracks'.
  - Grid built with BASTA version 1.3.1, timestamp: 2023-11-28 at 20:12:28.

Transforming solar-based asteroseismic quantities:
* Converting to solar units if needed...
* Solar model scaling not activated!  -->  Dnu will not be scaled.
Done!

Fitting information:
* Fitting parameters with values and uncertainties:
  - Teff: [6198.1123, 13.4927]
  - FeH: [-0.1496, 0.0106]

Additional input parameters and settings in alphabetical order:
* asciiparams: ['Teff', 'FeH', 'radPhot', 'massfin', 'age']
* centroid: median
* cornerplots: ['Teff', 'FeH', 'radPhot', 'massfin', 'age']
* dnu_scales: {}
* dnusun: 135.1
* freqplots: []
* inputfile: input_JustKen.xml
* kielplots: [True]
* numsun: 3090.0
* output: mnt/c/Users/georg/Documents/GitHub/Iwan-and-George-Year-4-Project/Results/
* plotfmt: png
* solarmodel: False
* uncert: quantiles

Weights and priors:
* Bayesian weights:
  - Along tracks: age
  - Between tracks: volume
* Flat, constrained priors and ranges:
  - Teff: [6157.6341999999995, 6238.5904]
  - FeH: [-0.3996, 0.10039999999999999]
* Additional priors (IMF): 


Computing likelihood of models in the grid (5977 tracks) ...
Done! Computed the likelihood of 25530 models, found 25530 models with non-zero likelihood!


*****************************************
**                                     **
**   Output and results from the fit   **
**                                     **
*****************************************


Highest likelihood model:
* Weighted, non-normalized log-probability: -4.788362805025115
* Grid-index: grid/tracks/track4011[41], with parameters:
  - Name: track4011-674.fgong
  - Teff      :  6202.469706 
  - FeH       :    -0.146788 
  - radPhot   :     0.919799 
  - massfin   :     0.945890 
  - age       :  1576.379564 

Lowest chi2 model:
* chi2: 0.0004109023484369214
* Grid-index: grid/tracks/track5801[143], with parameters:
  - Name: track5801-1160.fgong
  - Teff      :  6197.849973 
  - FeH       :    -0.149539 
  - radPhot   :     1.165839 
  - massfin   :     1.074667 
  - age       :  3312.146370 


Computing posterior distributions for the requested output parameters!
==> Summary statistics printed below ...

-----------------------------------------------------
median     Teff          :   6198.775012
err_plus   Teff          :     13.372162
err_minus  Teff          :     13.614520
-----------------------------------------------------
median     FeH           :     -0.149539
err_plus   FeH           :      0.009472
err_minus  FeH           :      0.009617
-----------------------------------------------------
median     radPhot       :      1.154722
err_plus   radPhot       :      0.276276
err_minus  radPhot       :      0.135185
-----------------------------------------------------
median     massfin       :      1.074676
err_plus   massfin       :      0.048559
err_minus  massfin       :      0.081000
-----------------------------------------------------
median     age           :   3638.870694
err_plus   age           :   1490.457245
err_minus  age           :   2059.882957
-----------------------------------------------------

Saved results to mnt/c/Users/georg/Documents/GitHub/Iwan-and-George-Year-4-Project/Results/JustKenResults.ascii.
Saved corner plot to mnt/c/Users/georg/Documents/GitHub/Iwan-and-George-Year-4-Project/Results/2100524610190045312_corner.png.
Saved Kiel diagram to mnt/c/Users/georg/Documents/GitHub/Iwan-and-George-Year-4-Project/Results/2100524610190045312_kiel.png.
Did not get any frequency file input, skipping ratios and echelle plots.
Saved dictionary to mnt/c/Users/georg/Documents/GitHub/Iwan-and-George-Year-4-Project/Results/2100524610190045312.json

Finished on 2024-01-20 17:07:55 (runtime 14.0 s).

