========================================================================================
                                         BASTA                                         
                             The BAyesian STellar Algorithm                             

                                     Version 1.2.1                                     

                                (c) 2022, The BASTA Team                                
                           https://github.com/BASTAcode/BASTA                           
========================================================================================

Run started on 2024-01-20 17:08:30 . 

Random numbers initialised with seed: 3178 .

Fitting star id: 2102119176929154304 .
* Using the grid '/root/BASTA/grids/Garstec_AS09_barbieMS.hdf5' of type 'sobol tracks'.
  - Grid built with BASTA version 1.3.1, timestamp: 2023-11-28 at 20:12:28.

Transforming solar-based asteroseismic quantities:
* Converting to solar units if needed...
* Solar model scaling not activated!  -->  Dnu will not be scaled.
Done!

Fitting information:
* Fitting parameters with values and uncertainties:
  - Teff: [6059.0317, 5.7373]
  - FeH: [-0.09, 0.006]

Additional input parameters and settings in alphabetical order:
* asciiparams: ['Teff', 'FeH', 'radPhot', 'massfin', 'age']
* centroid: median
* cornerplots: ['Teff', 'FeH', 'radPhot', 'massfin', 'age']
* dnu_scales: {}
* dnusun: 135.1
* freqplots: []
* inputfile: input_JustKen.xml
* kielplots: [True]
* numsun: 3090.0
* output: mnt/c/Users/georg/Documents/GitHub/Iwan-and-George-Year-4-Project/Results/
* plotfmt: png
* solarmodel: False
* uncert: quantiles

Weights and priors:
* Bayesian weights:
  - Along tracks: age
  - Between tracks: volume
* Flat, constrained priors and ranges:
  - Teff: [6041.819799999999, 6076.2436]
  - FeH: [-0.33999999999999997, 0.16]
* Additional priors (IMF): 


Computing likelihood of models in the grid (5977 tracks) ...
Done! Computed the likelihood of 13060 models, found 13060 models with non-zero likelihood!


*****************************************
**                                     **
**   Output and results from the fit   **
**                                     **
*****************************************


Highest likelihood model:
* Weighted, non-normalized log-probability: -5.241397053230584
* Grid-index: grid/tracks/track4993[16], with parameters:
  - Name: track4993-552.fgong
  - Teff      :  6056.530631 
  - FeH       :    -0.093417 
  - radPhot   :     0.881916 
  - massfin   :     0.954971 
  - age       :   491.083402 

Lowest chi2 model:
* chi2: 0.004009417187498588
* Grid-index: grid/tracks/track5477[264], with parameters:
  - Name: track5477-1740.fgong
  - Teff      :  6058.735614 
  - FeH       :    -0.089780 
  - radPhot   :     2.015948 
  - massfin   :     1.160105 
  - age       :  4594.904393 


Computing posterior distributions for the requested output parameters!
==> Summary statistics printed below ...

-----------------------------------------------------
median     Teff          :   6057.507299
err_plus   Teff          :      6.717188
err_minus  Teff          :      4.212182
-----------------------------------------------------
median     FeH           :     -0.089616
err_plus   FeH           :      0.005816
err_minus  FeH           :      0.006351
-----------------------------------------------------
median     radPhot       :      1.157735
err_plus   radPhot       :      0.248350
err_minus  radPhot       :      0.148639
-----------------------------------------------------
median     massfin       :      1.057378
err_plus   massfin       :      0.053246
err_minus  massfin       :      0.082537
-----------------------------------------------------
median     age           :   3924.927644
err_plus   age           :   2161.312774
err_minus  age           :   2476.300136
-----------------------------------------------------

Saved results to mnt/c/Users/georg/Documents/GitHub/Iwan-and-George-Year-4-Project/Results/JustKenResults.ascii.
Saved corner plot to mnt/c/Users/georg/Documents/GitHub/Iwan-and-George-Year-4-Project/Results/2102119176929154304_corner.png.
Saved Kiel diagram to mnt/c/Users/georg/Documents/GitHub/Iwan-and-George-Year-4-Project/Results/2102119176929154304_kiel.png.
Did not get any frequency file input, skipping ratios and echelle plots.
Saved dictionary to mnt/c/Users/georg/Documents/GitHub/Iwan-and-George-Year-4-Project/Results/2102119176929154304.json

Finished on 2024-01-20 17:08:44 (runtime 14.0 s).

