========================================================================================
                                         BASTA                                         
                             The BAyesian STellar Algorithm                             

                                     Version 1.2.1                                     

                                (c) 2022, The BASTA Team                                
                           https://github.com/BASTAcode/BASTA                           
========================================================================================

Run started on 2024-01-20 17:08:14 . 

Random numbers initialised with seed: 3178 .

Fitting star id: 2102070660978313472 .
* Using the grid '/root/BASTA/grids/Garstec_AS09_barbieMS.hdf5' of type 'sobol tracks'.
  - Grid built with BASTA version 1.3.1, timestamp: 2023-11-28 at 20:12:28.

Transforming solar-based asteroseismic quantities:
* Converting to solar units if needed...
* Solar model scaling not activated!  -->  Dnu will not be scaled.
Done!

Fitting information:
* Fitting parameters with values and uncertainties:
  - Teff: [5701.0234, 7.5323]
  - FeH: [-0.4455, 0.0074]

Additional input parameters and settings in alphabetical order:
* asciiparams: ['Teff', 'FeH', 'radPhot', 'massfin', 'age']
* centroid: median
* cornerplots: ['Teff', 'FeH', 'radPhot', 'massfin', 'age']
* dnu_scales: {}
* dnusun: 135.1
* freqplots: []
* inputfile: input_JustKen.xml
* kielplots: [True]
* numsun: 3090.0
* output: mnt/c/Users/georg/Documents/GitHub/Iwan-and-George-Year-4-Project/Results/
* plotfmt: png
* solarmodel: False
* uncert: quantiles

Weights and priors:
* Bayesian weights:
  - Along tracks: age
  - Between tracks: volume
* Flat, constrained priors and ranges:
  - Teff: [5678.4265000000005, 5723.6203]
  - FeH: [-0.6955, -0.1955]
* Additional priors (IMF): 


Computing likelihood of models in the grid (5977 tracks) ...
Done! Computed the likelihood of 6962 models, found 6962 models with non-zero likelihood!


*****************************************
**                                     **
**   Output and results from the fit   **
**                                     **
*****************************************


Highest likelihood model:
* Weighted, non-normalized log-probability: -3.5271001112637927
* Grid-index: grid/tracks/track2784[49], with parameters:
  - Name: track2784-738.fgong
  - Teff      :  5698.132752 
  - FeH       :    -0.448261 
  - radPhot   :     0.733997 
  - massfin   :     0.718777 
  - age       :  8059.145887 

Lowest chi2 model:
* chi2: 0.022000017874553093
* Grid-index: grid/tracks/track5224[121], with parameters:
  - Name: track5224-1104.fgong
  - Teff      :  5699.925565 
  - FeH       :    -0.445704 
  - radPhot   :     0.857941 
  - massfin   :     0.813625 
  - age       : 10873.432900 


Computing posterior distributions for the requested output parameters!
==> Summary statistics printed below ...

-----------------------------------------------------
median     Teff          :   5702.412381
err_plus   Teff          :      6.851801
err_minus  Teff          :      8.299143
-----------------------------------------------------
median     FeH           :     -0.444805
err_plus   FeH           :      0.007089
err_minus  FeH           :      0.007586
-----------------------------------------------------
median     radPhot       :      0.860128
err_plus   radPhot       :      0.364598
err_minus  radPhot       :      0.092283
-----------------------------------------------------
median     massfin       :      0.766743
err_plus   massfin       :      0.058092
err_minus  massfin       :      0.043259
-----------------------------------------------------
median     age           :  10687.432900
err_plus   age           :   5985.840650
err_minus  age           :   3890.209781
-----------------------------------------------------

Saved results to mnt/c/Users/georg/Documents/GitHub/Iwan-and-George-Year-4-Project/Results/JustKenResults.ascii.
Saved corner plot to mnt/c/Users/georg/Documents/GitHub/Iwan-and-George-Year-4-Project/Results/2102070660978313472_corner.png.
Saved Kiel diagram to mnt/c/Users/georg/Documents/GitHub/Iwan-and-George-Year-4-Project/Results/2102070660978313472_kiel.png.
Did not get any frequency file input, skipping ratios and echelle plots.
Saved dictionary to mnt/c/Users/georg/Documents/GitHub/Iwan-and-George-Year-4-Project/Results/2102070660978313472.json

Finished on 2024-01-20 17:08:29 (runtime 15.0 s).

