========================================================================================
                                         BASTA                                         
                             The BAyesian STellar Algorithm                             

                                     Version 1.2.1                                     

                                (c) 2022, The BASTA Team                                
                           https://github.com/BASTAcode/BASTA                           
========================================================================================

Run started on 2024-01-20 17:08:44 . 

Random numbers initialised with seed: 3178 .

Fitting star id: 2103845032226500352 .
* Using the grid '/root/BASTA/grids/Garstec_AS09_barbieMS.hdf5' of type 'sobol tracks'.
  - Grid built with BASTA version 1.3.1, timestamp: 2023-11-28 at 20:12:28.

Transforming solar-based asteroseismic quantities:
* Converting to solar units if needed...
* Solar model scaling not activated!  -->  Dnu will not be scaled.
Done!

Fitting information:
* Fitting parameters with values and uncertainties:
  - Teff: [4773.7817, 24.3877]
  - FeH: [0.2302, 0.0405]

Additional input parameters and settings in alphabetical order:
* asciiparams: ['Teff', 'FeH', 'radPhot', 'massfin', 'age']
* centroid: median
* cornerplots: ['Teff', 'FeH', 'radPhot', 'massfin', 'age']
* dnu_scales: {}
* dnusun: 135.1
* freqplots: []
* inputfile: input_JustKen.xml
* kielplots: [True]
* numsun: 3090.0
* output: mnt/c/Users/georg/Documents/GitHub/Iwan-and-George-Year-4-Project/Results/
* plotfmt: png
* solarmodel: False
* uncert: quantiles

Weights and priors:
* Bayesian weights:
  - Along tracks: age
  - Between tracks: volume
* Flat, constrained priors and ranges:
  - Teff: [4700.6186, 4846.944799999999]
  - FeH: [-0.019800000000000012, 0.48019999999999996]
* Additional priors (IMF): 


Computing likelihood of models in the grid (5977 tracks) ...
Done! Computed the likelihood of 29632 models, found 29632 models with non-zero likelihood!


*****************************************
**                                     **
**   Output and results from the fit   **
**                                     **
*****************************************


Highest likelihood model:
* Weighted, non-normalized log-probability: -3.4646755362673916
* Grid-index: grid/tracks/track5231[52], with parameters:
  - Name: track5231-727.fgong
  - Teff      :  4769.484125 
  - FeH       :     0.207564 
  - radPhot   :     0.736479 
  - massfin   :     0.750891 
  - age       :  7185.100228 

Lowest chi2 model:
* chi2: 0.0024948571736598127
* Grid-index: grid/tracks/track3651[236], with parameters:
  - Name: track3651-1670.fgong
  - Teff      :  4774.604341 
  - FeH       :     0.231692 
  - radPhot   :     0.853361 
  - massfin   :     0.837676 
  - age       : 18878.523290 


Computing posterior distributions for the requested output parameters!
==> Summary statistics printed below ...

-----------------------------------------------------
median     Teff          :   4773.809577
err_plus   Teff          :     23.691275
err_minus  Teff          :     24.171980
-----------------------------------------------------
median     FeH           :      0.233508
err_plus   FeH           :      0.036299
err_minus  FeH           :      0.036946
-----------------------------------------------------
median     radPhot       :      0.783564
err_plus   radPhot       :      0.056915
err_minus  radPhot       :      0.043773
-----------------------------------------------------
median     massfin       :      0.810758
err_plus   massfin       :      0.055223
err_minus  massfin       :      0.048990
-----------------------------------------------------
median     age           :   8543.070471
err_plus   age           :   7319.784449
err_minus  age           :   5602.517809
-----------------------------------------------------

Saved results to mnt/c/Users/georg/Documents/GitHub/Iwan-and-George-Year-4-Project/Results/JustKenResults.ascii.
Saved corner plot to mnt/c/Users/georg/Documents/GitHub/Iwan-and-George-Year-4-Project/Results/2103845032226500352_corner.png.
Saved Kiel diagram to mnt/c/Users/georg/Documents/GitHub/Iwan-and-George-Year-4-Project/Results/2103845032226500352_kiel.png.
Did not get any frequency file input, skipping ratios and echelle plots.
Saved dictionary to mnt/c/Users/georg/Documents/GitHub/Iwan-and-George-Year-4-Project/Results/2103845032226500352.json

Finished on 2024-01-20 17:09:03 (runtime 19.0 s).

