========================================================================================
                                         BASTA                                         
                             The BAyesian STellar Algorithm                             

                                     Version 1.2.1                                     

                                (c) 2022, The BASTA Team                                
                           https://github.com/BASTAcode/BASTA                           
========================================================================================

Run started on 2024-01-20 17:09:30 . 

Random numbers initialised with seed: 3178 .

Fitting star id: 2105415302330571008 .
* Using the grid '/root/BASTA/grids/Garstec_AS09_barbieMS.hdf5' of type 'sobol tracks'.
  - Grid built with BASTA version 1.3.1, timestamp: 2023-11-28 at 20:12:28.

Transforming solar-based asteroseismic quantities:
* Converting to solar units if needed...
* Solar model scaling not activated!  -->  Dnu will not be scaled.
Done!

Fitting information:
* Fitting parameters with values and uncertainties:
  - Teff: [5661.6255, 34.5459]
  - FeH: [-0.053, 0.0322]

Additional input parameters and settings in alphabetical order:
* asciiparams: ['Teff', 'FeH', 'radPhot', 'massfin', 'age']
* centroid: median
* cornerplots: ['Teff', 'FeH', 'radPhot', 'massfin', 'age']
* dnu_scales: {}
* dnusun: 135.1
* freqplots: []
* inputfile: input_JustKen.xml
* kielplots: [True]
* numsun: 3090.0
* output: mnt/c/Users/georg/Documents/GitHub/Iwan-and-George-Year-4-Project/Results/
* plotfmt: png
* solarmodel: False
* uncert: quantiles

Weights and priors:
* Bayesian weights:
  - Along tracks: age
  - Between tracks: volume
* Flat, constrained priors and ranges:
  - Teff: [5557.9878, 5765.2632]
  - FeH: [-0.303, 0.197]
* Additional priors (IMF): 


Computing likelihood of models in the grid (5977 tracks) ...
Done! Computed the likelihood of 70747 models, found 70747 models with non-zero likelihood!


*****************************************
**                                     **
**   Output and results from the fit   **
**                                     **
*****************************************


Highest likelihood model:
* Weighted, non-normalized log-probability: -3.9484636357262475
* Grid-index: grid/tracks/track1763[7], with parameters:
  - Name: track1763-517.fgong
  - Teff      :  5666.177978 
  - FeH       :    -0.058177 
  - radPhot   :     0.753922 
  - massfin   :     0.843993 
  - age       :   223.116745 

Lowest chi2 model:
* chi2: 5.2955263817078206e-05
* Grid-index: grid/tracks/track1691[58], with parameters:
  - Name: track1691-764.fgong
  - Teff      :  5661.544125 
  - FeH       :    -0.053222 
  - radPhot   :     0.860732 
  - massfin   :     0.909889 
  - age       :  2633.818525 


Computing posterior distributions for the requested output parameters!
==> Summary statistics printed below ...

-----------------------------------------------------
median     Teff          :   5660.568302
err_plus   Teff          :     33.616492
err_minus  Teff          :     33.831639
-----------------------------------------------------
median     FeH           :     -0.049533
err_plus   FeH           :      0.029341
err_minus  FeH           :      0.034289
-----------------------------------------------------
median     radPhot       :      0.982035
err_plus   radPhot       :      0.275168
err_minus  radPhot       :      0.122933
-----------------------------------------------------
median     massfin       :      0.918697
err_plus   massfin       :      0.060098
err_minus  massfin       :      0.062119
-----------------------------------------------------
median     age           :   7908.356351
err_plus   age           :   3928.536419
err_minus  age           :   5386.193526
-----------------------------------------------------

Saved results to mnt/c/Users/georg/Documents/GitHub/Iwan-and-George-Year-4-Project/Results/JustKenResults.ascii.
Saved corner plot to mnt/c/Users/georg/Documents/GitHub/Iwan-and-George-Year-4-Project/Results/2105415302330571008_corner.png.
Saved Kiel diagram to mnt/c/Users/georg/Documents/GitHub/Iwan-and-George-Year-4-Project/Results/2105415302330571008_kiel.png.
Did not get any frequency file input, skipping ratios and echelle plots.
Saved dictionary to mnt/c/Users/georg/Documents/GitHub/Iwan-and-George-Year-4-Project/Results/2105415302330571008.json

Finished on 2024-01-20 17:09:50 (runtime 20.0 s).

