========================================================================================
                                         BASTA                                         
                             The BAyesian STellar Algorithm                             

                                     Version 1.2.1                                     

                                (c) 2022, The BASTA Team                                
                           https://github.com/BASTAcode/BASTA                           
========================================================================================

Run started on 2024-01-20 17:10:34 . 

Random numbers initialised with seed: 3178 .

Fitting star id: 2106996095111385728 .
* Using the grid '/root/BASTA/grids/Garstec_AS09_barbieMS.hdf5' of type 'sobol tracks'.
  - Grid built with BASTA version 1.3.1, timestamp: 2023-11-28 at 20:12:28.

Transforming solar-based asteroseismic quantities:
* Converting to solar units if needed...
* Solar model scaling not activated!  -->  Dnu will not be scaled.
Done!

Fitting information:
* Fitting parameters with values and uncertainties:
  - Teff: [5337.2827, 187.3159]
  - FeH: [-0.2472, 0.1621]

Additional input parameters and settings in alphabetical order:
* asciiparams: ['Teff', 'FeH', 'radPhot', 'massfin', 'age']
* centroid: median
* cornerplots: ['Teff', 'FeH', 'radPhot', 'massfin', 'age']
* dnu_scales: {}
* dnusun: 135.1
* freqplots: []
* inputfile: input_JustKen.xml
* kielplots: [True]
* numsun: 3090.0
* output: mnt/c/Users/georg/Documents/GitHub/Iwan-and-George-Year-4-Project/Results/
* plotfmt: png
* solarmodel: False
* uncert: quantiles

Weights and priors:
* Bayesian weights:
  - Along tracks: age
  - Between tracks: volume
* Flat, constrained priors and ranges:
  - Teff: [4775.335, 5899.2303999999995]
  - FeH: [-0.4972, 0.002799999999999997]
* Additional priors (IMF): 


Computing likelihood of models in the grid (5977 tracks) ...
Done! Computed the likelihood of 151875 models, found 151875 models with non-zero likelihood!


*****************************************
**                                     **
**   Output and results from the fit   **
**                                     **
*****************************************


Highest likelihood model:
* Weighted, non-normalized log-probability: -3.1066151865596185
* Grid-index: grid/tracks/track4383[93], with parameters:
  - Name: track4383-957.fgong
  - Teff      :  5344.491756 
  - FeH       :    -0.229078 
  - radPhot   :     0.795854 
  - massfin   :     0.717649 
  - age       : 16249.723010 

Lowest chi2 model:
* chi2: 0.00010596435249488439
* Grid-index: grid/tracks/track5199[117], with parameters:
  - Name: track5199-1070.fgong
  - Teff      :  5339.161659 
  - FeH       :    -0.247575 
  - radPhot   :     0.843986 
  - massfin   :     0.742588 
  - age       : 17812.855220 


Computing posterior distributions for the requested output parameters!
==> Summary statistics printed below ...

-----------------------------------------------------
median     Teff          :   5380.147978
err_plus   Teff          :    168.782813
err_minus  Teff          :    177.361591
-----------------------------------------------------
median     FeH           :     -0.213072
err_plus   FeH           :      0.121737
err_minus  FeH           :      0.135393
-----------------------------------------------------
median     radPhot       :      0.803708
err_plus   radPhot       :      0.171311
err_minus  radPhot       :      0.081715
-----------------------------------------------------
median     massfin       :      0.782272
err_plus   massfin       :      0.069979
err_minus  massfin       :      0.050389
-----------------------------------------------------
median     age           :   9510.542498
err_plus   age           :   6817.378148
err_minus  age           :   6647.955971
-----------------------------------------------------

Saved results to mnt/c/Users/georg/Documents/GitHub/Iwan-and-George-Year-4-Project/Results/JustKenResults.ascii.
Saved corner plot to mnt/c/Users/georg/Documents/GitHub/Iwan-and-George-Year-4-Project/Results/2106996095111385728_corner.png.
Saved Kiel diagram to mnt/c/Users/georg/Documents/GitHub/Iwan-and-George-Year-4-Project/Results/2106996095111385728_kiel.png.
Did not get any frequency file input, skipping ratios and echelle plots.
Saved dictionary to mnt/c/Users/georg/Documents/GitHub/Iwan-and-George-Year-4-Project/Results/2106996095111385728.json

Finished on 2024-01-20 17:11:00 (runtime 26.0 s).

