========================================================================================
                                         BASTA                                         
                             The BAyesian STellar Algorithm                             

                                     Version 1.2.1                                     

                                (c) 2022, The BASTA Team                                
                           https://github.com/BASTAcode/BASTA                           
========================================================================================

Run started on 2024-01-20 17:10:03 . 

Random numbers initialised with seed: 3178 .

Fitting star id: 2106371744306291328 .
* Using the grid '/root/BASTA/grids/Garstec_AS09_barbieMS.hdf5' of type 'sobol tracks'.
  - Grid built with BASTA version 1.3.1, timestamp: 2023-11-28 at 20:12:28.

Transforming solar-based asteroseismic quantities:
* Converting to solar units if needed...
* Solar model scaling not activated!  -->  Dnu will not be scaled.
Done!

Fitting information:
* Fitting parameters with values and uncertainties:
  - Teff: [5329.74, 23.6765]
  - FeH: [-0.0884, 0.0236]

Additional input parameters and settings in alphabetical order:
* asciiparams: ['Teff', 'FeH', 'radPhot', 'massfin', 'age']
* centroid: median
* cornerplots: ['Teff', 'FeH', 'radPhot', 'massfin', 'age']
* dnu_scales: {}
* dnusun: 135.1
* freqplots: []
* inputfile: input_JustKen.xml
* kielplots: [True]
* numsun: 3090.0
* output: mnt/c/Users/georg/Documents/GitHub/Iwan-and-George-Year-4-Project/Results/
* plotfmt: png
* solarmodel: False
* uncert: quantiles

Weights and priors:
* Bayesian weights:
  - Along tracks: age
  - Between tracks: volume
* Flat, constrained priors and ranges:
  - Teff: [5258.7105, 5400.769499999999]
  - FeH: [-0.33840000000000003, 0.1616]
* Additional priors (IMF): 


Computing likelihood of models in the grid (5977 tracks) ...
Done! Computed the likelihood of 29974 models, found 29974 models with non-zero likelihood!


*****************************************
**                                     **
**   Output and results from the fit   **
**                                     **
*****************************************


Highest likelihood model:
* Weighted, non-normalized log-probability: -3.443248559999758
* Grid-index: grid/tracks/track1231[97], with parameters:
  - Name: track1231-973.fgong
  - Teff      :  5327.069622 
  - FeH       :    -0.100862 
  - radPhot   :     0.821488 
  - massfin   :     0.740658 
  - age       : 14781.258730 

Lowest chi2 model:
* chi2: 0.0018137169197063453
* Grid-index: grid/tracks/track3543[156], with parameters:
  - Name: track3543-1261.fgong
  - Teff      :  5330.144220 
  - FeH       :    -0.087479 
  - radPhot   :     0.914659 
  - massfin   :     0.818603 
  - age       : 13789.328680 


Computing posterior distributions for the requested output parameters!
==> Summary statistics printed below ...

-----------------------------------------------------
median     Teff          :   5331.838849
err_plus   Teff          :     23.597352
err_minus  Teff          :     24.410287
-----------------------------------------------------
median     FeH           :     -0.090687
err_plus   FeH           :      0.028331
err_minus  FeH           :      0.022575
-----------------------------------------------------
median     radPhot       :      0.835596
err_plus   radPhot       :      0.165139
err_minus  radPhot       :      0.073632
-----------------------------------------------------
median     massfin       :      0.823952
err_plus   massfin       :      0.043817
err_minus  massfin       :      0.055494
-----------------------------------------------------
median     age           :   9932.860935
err_plus   age           :   6776.626365
err_minus  age           :   7615.955560
-----------------------------------------------------

Saved results to mnt/c/Users/georg/Documents/GitHub/Iwan-and-George-Year-4-Project/Results/JustKenResults.ascii.
Saved corner plot to mnt/c/Users/georg/Documents/GitHub/Iwan-and-George-Year-4-Project/Results/2106371744306291328_corner.png.
Saved Kiel diagram to mnt/c/Users/georg/Documents/GitHub/Iwan-and-George-Year-4-Project/Results/2106371744306291328_kiel.png.
Did not get any frequency file input, skipping ratios and echelle plots.
Saved dictionary to mnt/c/Users/georg/Documents/GitHub/Iwan-and-George-Year-4-Project/Results/2106371744306291328.json

Finished on 2024-01-20 17:10:22 (runtime 19.0 s).

