========================================================================================
                                         BASTA                                         
                             The BAyesian STellar Algorithm                             

                                     Version 1.2.1                                     

                                (c) 2022, The BASTA Team                                
                           https://github.com/BASTAcode/BASTA                           
========================================================================================

Run started on 2024-01-20 17:11:36 . 

Random numbers initialised with seed: 3178 .

Fitting star id: 2107311723669410560 .
* Using the grid '/root/BASTA/grids/Garstec_AS09_barbieMS.hdf5' of type 'sobol tracks'.
  - Grid built with BASTA version 1.3.1, timestamp: 2023-11-28 at 20:12:28.

Transforming solar-based asteroseismic quantities:
* Converting to solar units if needed...
* Solar model scaling not activated!  -->  Dnu will not be scaled.
Done!

Fitting information:
* Fitting parameters with values and uncertainties:
  - Teff: [4648.7886, 5.9399]
  - FeH: [0.6283, 0.0189]

Additional input parameters and settings in alphabetical order:
* asciiparams: ['Teff', 'FeH', 'radPhot', 'massfin', 'age']
* centroid: median
* cornerplots: ['Teff', 'FeH', 'radPhot', 'massfin', 'age']
* dnu_scales: {}
* dnusun: 135.1
* freqplots: []
* inputfile: input_JustKen.xml
* kielplots: [True]
* numsun: 3090.0
* output: mnt/c/Users/georg/Documents/GitHub/Iwan-and-George-Year-4-Project/Results/
* plotfmt: png
* solarmodel: False
* uncert: quantiles

Weights and priors:
* Bayesian weights:
  - Along tracks: age
  - Between tracks: volume
* Flat, constrained priors and ranges:
  - Teff: [4630.9689, 4666.6083]
  - FeH: [0.37829999999999997, 0.8783]
* Additional priors (IMF): 


Computing likelihood of models in the grid (5977 tracks) ...
Done! Computed the likelihood of 3958 models, found 3958 models with non-zero likelihood!


*****************************************
**                                     **
**   Output and results from the fit   **
**                                     **
*****************************************


Highest likelihood model:
* Weighted, non-normalized log-probability: -6.903426399435784
* Grid-index: grid/tracks/track3315[5], with parameters:
  - Name: track3315-481.fgong
  - Teff      :  4647.356807 
  - FeH       :     0.593970 
  - radPhot   :     0.747377 
  - massfin   :     0.858998 
  - age       :   156.668545 

Lowest chi2 model:
* chi2: 3.3573247215468056
* Grid-index: grid/tracks/track3315[5], with parameters:
  - Name: track3315-481.fgong
  - Teff      :  4647.356807 
  - FeH       :     0.593970 
  - radPhot   :     0.747377 
  - massfin   :     0.858998 
  - age       :   156.668545 


Computing posterior distributions for the requested output parameters!
==> Summary statistics printed below ...

-----------------------------------------------------
median     Teff          :   4648.547241
err_plus   Teff          :      5.284614
err_minus  Teff          :      3.316252
-----------------------------------------------------
median     FeH           :      0.586618
err_plus   FeH           :      0.005577
err_minus  FeH           :      0.004784
-----------------------------------------------------
median     radPhot       :      0.808474
err_plus   radPhot       :      0.023912
err_minus  radPhot       :      0.056721
-----------------------------------------------------
median     massfin       :      0.915986
err_plus   massfin       :      0.047008
err_minus  massfin       :      0.056995
-----------------------------------------------------
median     age           :    509.168545
err_plus   age           :    354.333381
err_minus  age           :    294.466619
-----------------------------------------------------

Saved results to mnt/c/Users/georg/Documents/GitHub/Iwan-and-George-Year-4-Project/Results/JustKenResults.ascii.
Saved corner plot to mnt/c/Users/georg/Documents/GitHub/Iwan-and-George-Year-4-Project/Results/2107311723669410560_corner.png.
Saved Kiel diagram to mnt/c/Users/georg/Documents/GitHub/Iwan-and-George-Year-4-Project/Results/2107311723669410560_kiel.png.
Did not get any frequency file input, skipping ratios and echelle plots.
Saved dictionary to mnt/c/Users/georg/Documents/GitHub/Iwan-and-George-Year-4-Project/Results/2107311723669410560.json

Finished on 2024-01-20 17:11:48 (runtime 12.0 s).

