========================================================================================
                                         BASTA                                         
                             The BAyesian STellar Algorithm                             

                                     Version 1.2.1                                     

                                (c) 2022, The BASTA Team                                
                           https://github.com/BASTAcode/BASTA                           
========================================================================================

Run started on 2024-01-20 17:11:01 . 

Random numbers initialised with seed: 3178 .

Fitting star id: 2107244481660894592 .
* Using the grid '/root/BASTA/grids/Garstec_AS09_barbieMS.hdf5' of type 'sobol tracks'.
  - Grid built with BASTA version 1.3.1, timestamp: 2023-11-28 at 20:12:28.

Transforming solar-based asteroseismic quantities:
* Converting to solar units if needed...
* Solar model scaling not activated!  -->  Dnu will not be scaled.
Done!

Fitting information:
* Fitting parameters with values and uncertainties:
  - Teff: [4653.911, 18.57]
  - FeH: [0.1309, 0.0226]

Additional input parameters and settings in alphabetical order:
* asciiparams: ['Teff', 'FeH', 'radPhot', 'massfin', 'age']
* centroid: median
* cornerplots: ['Teff', 'FeH', 'radPhot', 'massfin', 'age']
* dnu_scales: {}
* dnusun: 135.1
* freqplots: []
* inputfile: input_JustKen.xml
* kielplots: [True]
* numsun: 3090.0
* output: mnt/c/Users/georg/Documents/GitHub/Iwan-and-George-Year-4-Project/Results/
* plotfmt: png
* solarmodel: False
* uncert: quantiles

Weights and priors:
* Bayesian weights:
  - Along tracks: age
  - Between tracks: volume
* Flat, constrained priors and ranges:
  - Teff: [4598.201, 4709.621]
  - FeH: [-0.11910000000000001, 0.3809]
* Additional priors (IMF): 


Computing likelihood of models in the grid (5977 tracks) ...
Done! Computed the likelihood of 13625 models, found 13625 models with non-zero likelihood!


*****************************************
**                                     **
**   Output and results from the fit   **
**                                     **
*****************************************


Highest likelihood model:
* Weighted, non-normalized log-probability: -3.089445570995701
* Grid-index: grid/tracks/track4319[83], with parameters:
  - Name: track4319-889.fgong
  - Teff      :  4653.739175 
  - FeH       :     0.132708 
  - radPhot   :     0.733296 
  - massfin   :     0.724823 
  - age       : 13964.886220 

Lowest chi2 model:
* chi2: 0.005792646368592855
* Grid-index: grid/tracks/track5823[65], with parameters:
  - Name: track5823-796.fgong
  - Teff      :  4655.273153 
  - FeH       :     0.131359 
  - radPhot   :     0.717171 
  - massfin   :     0.714856 
  - age       : 11440.891620 


Computing posterior distributions for the requested output parameters!
==> Summary statistics printed below ...

-----------------------------------------------------
median     Teff          :   4656.218501
err_plus   Teff          :     18.039292
err_minus  Teff          :     19.366243
-----------------------------------------------------
median     FeH           :      0.136632
err_plus   FeH           :      0.019810
err_minus  FeH           :      0.028805
-----------------------------------------------------
median     radPhot       :      0.730765
err_plus   radPhot       :      0.025702
err_minus  radPhot       :      0.027955
-----------------------------------------------------
median     massfin       :      0.751854
err_plus   massfin       :      0.047956
err_minus  massfin       :      0.030972
-----------------------------------------------------
median     age           :   9317.877376
err_plus   age           :   6331.939414
err_minus  age           :   6484.107810
-----------------------------------------------------

Saved results to mnt/c/Users/georg/Documents/GitHub/Iwan-and-George-Year-4-Project/Results/JustKenResults.ascii.
Saved corner plot to mnt/c/Users/georg/Documents/GitHub/Iwan-and-George-Year-4-Project/Results/2107244481660894592_corner.png.
Saved Kiel diagram to mnt/c/Users/georg/Documents/GitHub/Iwan-and-George-Year-4-Project/Results/2107244481660894592_kiel.png.
Did not get any frequency file input, skipping ratios and echelle plots.
Saved dictionary to mnt/c/Users/georg/Documents/GitHub/Iwan-and-George-Year-4-Project/Results/2107244481660894592.json

Finished on 2024-01-20 17:11:14 (runtime 13.0 s).

