========================================================================================
                                         BASTA                                         
                             The BAyesian STellar Algorithm                             

                                     Version 1.2.1                                     

                                (c) 2022, The BASTA Team                                
                           https://github.com/BASTAcode/BASTA                           
========================================================================================

Run started on 2024-01-20 17:12:28 . 

Random numbers initialised with seed: 3178 .

Fitting star id: 2119534646538533888 .
* Using the grid '/root/BASTA/grids/Garstec_AS09_barbieMS.hdf5' of type 'sobol tracks'.
  - Grid built with BASTA version 1.3.1, timestamp: 2023-11-28 at 20:12:28.

Transforming solar-based asteroseismic quantities:
* Converting to solar units if needed...
* Solar model scaling not activated!  -->  Dnu will not be scaled.
Done!

Fitting information:
* Fitting parameters with values and uncertainties:
  - Teff: [5942.2583, 15.8101]
  - FeH: [-0.3065, 0.013]

Additional input parameters and settings in alphabetical order:
* asciiparams: ['Teff', 'FeH', 'radPhot', 'massfin', 'age']
* centroid: median
* cornerplots: ['Teff', 'FeH', 'radPhot', 'massfin', 'age']
* dnu_scales: {}
* dnusun: 135.1
* freqplots: []
* inputfile: input_JustKen.xml
* kielplots: [True]
* numsun: 3090.0
* output: mnt/c/Users/georg/Documents/GitHub/Iwan-and-George-Year-4-Project/Results/
* plotfmt: png
* solarmodel: False
* uncert: quantiles

Weights and priors:
* Bayesian weights:
  - Along tracks: age
  - Between tracks: volume
* Flat, constrained priors and ranges:
  - Teff: [5894.828, 5989.6886]
  - FeH: [-0.5565, -0.056499999999999995]
* Additional priors (IMF): 


Computing likelihood of models in the grid (5977 tracks) ...
Done! Computed the likelihood of 26129 models, found 26129 models with non-zero likelihood!


*****************************************
**                                     **
**   Output and results from the fit   **
**                                     **
*****************************************


Highest likelihood model:
* Weighted, non-normalized log-probability: -4.141043891152112
* Grid-index: grid/tracks/track5475[155], with parameters:
  - Name: track5475-1262.fgong
  - Teff      :  5942.078721 
  - FeH       :    -0.303718 
  - radPhot   :     1.134646 
  - massfin   :     0.847359 
  - age       : 11479.180410 

Lowest chi2 model:
* chi2: 0.0005092639981452179
* Grid-index: grid/tracks/track2843[176], with parameters:
  - Name: track2843-1352.fgong
  - Teff      :  5942.308995 
  - FeH       :    -0.306790 
  - radPhot   :     1.214101 
  - massfin   :     0.905403 
  - age       :  8442.366426 


Computing posterior distributions for the requested output parameters!
==> Summary statistics printed below ...

-----------------------------------------------------
median     Teff          :   5945.215395
err_plus   Teff          :     13.374248
err_minus  Teff          :     16.075671
-----------------------------------------------------
median     FeH           :     -0.305521
err_plus   FeH           :      0.011881
err_minus  FeH           :      0.011870
-----------------------------------------------------
median     radPhot       :      1.015332
err_plus   radPhot       :      0.204792
err_minus  radPhot       :      0.142769
-----------------------------------------------------
median     massfin       :      0.892784
err_plus   massfin       :      0.053167
err_minus  massfin       :      0.049927
-----------------------------------------------------
median     age           :   7480.919982
err_plus   age           :   2482.076848
err_minus  age           :   4581.310921
-----------------------------------------------------

Saved results to mnt/c/Users/georg/Documents/GitHub/Iwan-and-George-Year-4-Project/Results/JustKenResults.ascii.
Saved corner plot to mnt/c/Users/georg/Documents/GitHub/Iwan-and-George-Year-4-Project/Results/2119534646538533888_corner.png.
Saved Kiel diagram to mnt/c/Users/georg/Documents/GitHub/Iwan-and-George-Year-4-Project/Results/2119534646538533888_kiel.png.
Did not get any frequency file input, skipping ratios and echelle plots.
Saved dictionary to mnt/c/Users/georg/Documents/GitHub/Iwan-and-George-Year-4-Project/Results/2119534646538533888.json

Finished on 2024-01-20 17:12:45 (runtime 17.0 s).

