========================================================================================
                                         BASTA                                         
                             The BAyesian STellar Algorithm                             

                                     Version 1.2.1                                     

                                (c) 2022, The BASTA Team                                
                           https://github.com/BASTAcode/BASTA                           
========================================================================================

Run started on 2024-01-20 17:13:13 . 

Random numbers initialised with seed: 3178 .

Fitting star id: 2125848733801094912 .
* Using the grid '/root/BASTA/grids/Garstec_AS09_barbieMS.hdf5' of type 'sobol tracks'.
  - Grid built with BASTA version 1.3.1, timestamp: 2023-11-28 at 20:12:28.

Transforming solar-based asteroseismic quantities:
* Converting to solar units if needed...
* Solar model scaling not activated!  -->  Dnu will not be scaled.
Done!

Fitting information:
* Fitting parameters with values and uncertainties:
  - Teff: [5067.63, 31.131]
  - FeH: [-0.6725, 0.033]

Additional input parameters and settings in alphabetical order:
* asciiparams: ['Teff', 'FeH', 'radPhot', 'massfin', 'age']
* centroid: median
* cornerplots: ['Teff', 'FeH', 'radPhot', 'massfin', 'age']
* dnu_scales: {}
* dnusun: 135.1
* freqplots: []
* inputfile: input_JustKen.xml
* kielplots: [True]
* numsun: 3090.0
* output: mnt/c/Users/georg/Documents/GitHub/Iwan-and-George-Year-4-Project/Results/
* plotfmt: png
* solarmodel: False
* uncert: quantiles

Weights and priors:
* Bayesian weights:
  - Along tracks: age
  - Between tracks: volume
* Flat, constrained priors and ranges:
  - Teff: [4974.237, 5161.023]
  - FeH: [-0.9225, -0.4225]
* Additional priors (IMF): 


Computing likelihood of models in the grid (5977 tracks) ...
Done! Computed the likelihood of 459 models, found 459 models with non-zero likelihood!


*****************************************
**                                     **
**   Output and results from the fit   **
**                                     **
*****************************************


Highest likelihood model:
* Weighted, non-normalized log-probability: -8.793241443195761
* Grid-index: grid/tracks/track4032[7], with parameters:
  - Name: track4032-522.fgong
  - Teff      :  5153.974314 
  - FeH       :    -0.622251 
  - radPhot   :     0.628340 
  - massfin   :     0.706995 
  - age       :   350.718593 

Lowest chi2 model:
* chi2: 10.011358916700557
* Grid-index: grid/tracks/track4032[7], with parameters:
  - Name: track4032-522.fgong
  - Teff      :  5153.974314 
  - FeH       :    -0.622251 
  - radPhot   :     0.628340 
  - massfin   :     0.706995 
  - age       :   350.718593 


Computing posterior distributions for the requested output parameters!
==> Summary statistics printed below ...

-----------------------------------------------------
median     Teff          :   5126.065826
err_plus   Teff          :     29.276808
err_minus  Teff          :     15.497676
-----------------------------------------------------
median     FeH           :     -0.581980
err_plus   FeH           :      0.010563
err_minus  FeH           :      0.040271
-----------------------------------------------------
median     radPhot       :      0.634463
err_plus   radPhot       :      0.007770
err_minus  radPhot       :      0.005136
-----------------------------------------------------
median     massfin       :      0.706988
err_plus   massfin       :      0.000007
err_minus  massfin       :      0.000019
-----------------------------------------------------
median     age           :    936.652743
err_plus   age           :   1351.000000
err_minus  age           :    579.000000
-----------------------------------------------------

Saved results to mnt/c/Users/georg/Documents/GitHub/Iwan-and-George-Year-4-Project/Results/JustKenResults.ascii.
Parameter $M$ (M$_\odot$) resulted in 2822 bins, raising MemoryError
WARNING! Using 'auto' as bin-rule causes a memory crash!Switching to 'scott' for the parameter '$M$ (M$_\odot$)'!
Saved corner plot to mnt/c/Users/georg/Documents/GitHub/Iwan-and-George-Year-4-Project/Results/2125848733801094912_corner.png.
Saved Kiel diagram to mnt/c/Users/georg/Documents/GitHub/Iwan-and-George-Year-4-Project/Results/2125848733801094912_kiel.png.
Did not get any frequency file input, skipping ratios and echelle plots.
Saved dictionary to mnt/c/Users/georg/Documents/GitHub/Iwan-and-George-Year-4-Project/Results/2125848733801094912.json

Finished on 2024-01-20 17:13:22 (runtime 9.0 s).

