========================================================================================
                                         BASTA                                         
                             The BAyesian STellar Algorithm                             

                                     Version 1.2.1                                     

                                (c) 2022, The BASTA Team                                
                           https://github.com/BASTAcode/BASTA                           
========================================================================================

Run started on 2024-01-20 17:12:57 . 

Random numbers initialised with seed: 3178 .

Fitting star id: 2125751461382627840 .
* Using the grid '/root/BASTA/grids/Garstec_AS09_barbieMS.hdf5' of type 'sobol tracks'.
  - Grid built with BASTA version 1.3.1, timestamp: 2023-11-28 at 20:12:28.

Transforming solar-based asteroseismic quantities:
* Converting to solar units if needed...
* Solar model scaling not activated!  -->  Dnu will not be scaled.
Done!

Fitting information:
* Fitting parameters with values and uncertainties:
  - Teff: [5766.714, 9.8187]
  - FeH: [-0.1014, 0.0101]

Additional input parameters and settings in alphabetical order:
* asciiparams: ['Teff', 'FeH', 'radPhot', 'massfin', 'age']
* centroid: median
* cornerplots: ['Teff', 'FeH', 'radPhot', 'massfin', 'age']
* dnu_scales: {}
* dnusun: 135.1
* freqplots: []
* inputfile: input_JustKen.xml
* kielplots: [True]
* numsun: 3090.0
* output: mnt/c/Users/georg/Documents/GitHub/Iwan-and-George-Year-4-Project/Results/
* plotfmt: png
* solarmodel: False
* uncert: quantiles

Weights and priors:
* Bayesian weights:
  - Along tracks: age
  - Between tracks: volume
* Flat, constrained priors and ranges:
  - Teff: [5737.2579, 5796.1701]
  - FeH: [-0.3514, 0.1486]
* Additional priors (IMF): 


Computing likelihood of models in the grid (5977 tracks) ...
Done! Computed the likelihood of 19951 models, found 19951 models with non-zero likelihood!


*****************************************
**                                     **
**   Output and results from the fit   **
**                                     **
*****************************************


Highest likelihood model:
* Weighted, non-normalized log-probability: -3.928281665809723
* Grid-index: grid/tracks/track1763[49], with parameters:
  - Name: track1763-727.fgong
  - Teff      :  5766.442655 
  - FeH       :    -0.101862 
  - radPhot   :     0.808668 
  - massfin   :     0.843863 
  - age       :  3499.116745 

Lowest chi2 model:
* chi2: 0.0010510362473986235
* Grid-index: grid/tracks/track0713[328], with parameters:
  - Name: track0713-2101.fgong
  - Teff      :  5766.401065 
  - FeH       :    -0.101340 
  - radPhot   :     1.580347 
  - massfin   :     1.054152 
  - age       :  8680.817192 


Computing posterior distributions for the requested output parameters!
==> Summary statistics printed below ...

-----------------------------------------------------
median     Teff          :   5766.442655
err_plus   Teff          :     10.281105
err_minus  Teff          :      9.018078
-----------------------------------------------------
median     FeH           :     -0.100194
err_plus   FeH           :      0.009701
err_minus  FeH           :      0.010916
-----------------------------------------------------
median     radPhot       :      0.977344
err_plus   radPhot       :      0.358181
err_minus  radPhot       :      0.130758
-----------------------------------------------------
median     massfin       :      0.918442
err_plus   massfin       :      0.052700
err_minus  massfin       :      0.054008
-----------------------------------------------------
median     age           :   7352.772027
err_plus   age           :   2829.338763
err_minus  age           :   3853.655282
-----------------------------------------------------

Saved results to mnt/c/Users/georg/Documents/GitHub/Iwan-and-George-Year-4-Project/Results/JustKenResults.ascii.
Saved corner plot to mnt/c/Users/georg/Documents/GitHub/Iwan-and-George-Year-4-Project/Results/2125751461382627840_corner.png.
Saved Kiel diagram to mnt/c/Users/georg/Documents/GitHub/Iwan-and-George-Year-4-Project/Results/2125751461382627840_kiel.png.
Did not get any frequency file input, skipping ratios and echelle plots.
Saved dictionary to mnt/c/Users/georg/Documents/GitHub/Iwan-and-George-Year-4-Project/Results/2125751461382627840.json

Finished on 2024-01-20 17:13:12 (runtime 15.0 s).

