========================================================================================
                                         BASTA                                         
                             The BAyesian STellar Algorithm                             

                                     Version 1.2.1                                     

                                (c) 2022, The BASTA Team                                
                           https://github.com/BASTAcode/BASTA                           
========================================================================================

Run started on 2024-01-20 17:13:22 . 

Random numbers initialised with seed: 3178 .

Fitting star id: 2126119862195142272 .
* Using the grid '/root/BASTA/grids/Garstec_AS09_barbieMS.hdf5' of type 'sobol tracks'.
  - Grid built with BASTA version 1.3.1, timestamp: 2023-11-28 at 20:12:28.

Transforming solar-based asteroseismic quantities:
* Converting to solar units if needed...
* Solar model scaling not activated!  -->  Dnu will not be scaled.
Done!

Fitting information:
* Fitting parameters with values and uncertainties:
  - Teff: [5587.348, 8.7184]
  - FeH: [-0.4374, 0.0131]

Additional input parameters and settings in alphabetical order:
* asciiparams: ['Teff', 'FeH', 'radPhot', 'massfin', 'age']
* centroid: median
* cornerplots: ['Teff', 'FeH', 'radPhot', 'massfin', 'age']
* dnu_scales: {}
* dnusun: 135.1
* freqplots: []
* inputfile: input_JustKen.xml
* kielplots: [True]
* numsun: 3090.0
* output: mnt/c/Users/georg/Documents/GitHub/Iwan-and-George-Year-4-Project/Results/
* plotfmt: png
* solarmodel: False
* uncert: quantiles

Weights and priors:
* Bayesian weights:
  - Along tracks: age
  - Between tracks: volume
* Flat, constrained priors and ranges:
  - Teff: [5561.1928, 5613.5032]
  - FeH: [-0.6874, -0.1874]
* Additional priors (IMF): 


Computing likelihood of models in the grid (5977 tracks) ...
Done! Computed the likelihood of 6026 models, found 6026 models with non-zero likelihood!


*****************************************
**                                     **
**   Output and results from the fit   **
**                                     **
*****************************************


Highest likelihood model:
* Weighted, non-normalized log-probability: -3.5109365972361903
* Grid-index: grid/tracks/track5920[32], with parameters:
  - Name: track5920-654.fgong
  - Teff      :  5586.200872 
  - FeH       :    -0.431223 
  - radPhot   :     0.694642 
  - massfin   :     0.724879 
  - age       :  4787.586527 

Lowest chi2 model:
* chi2: 0.003961641418489121
* Grid-index: grid/tracks/track0856[167], with parameters:
  - Name: track0856-1325.fgong
  - Teff      :  5587.860700 
  - FeH       :    -0.437106 
  - radPhot   :     0.975874 
  - massfin   :     0.791420 
  - age       : 17674.606160 


Computing posterior distributions for the requested output parameters!
==> Summary statistics printed below ...

-----------------------------------------------------
median     Teff          :   5588.434501
err_plus   Teff          :      8.433100
err_minus  Teff          :      9.217480
-----------------------------------------------------
median     FeH           :     -0.435276
err_plus   FeH           :      0.011433
err_minus  FeH           :      0.012461
-----------------------------------------------------
median     radPhot       :      0.778006
err_plus   radPhot       :      0.207693
err_minus  radPhot       :      0.062273
-----------------------------------------------------
median     massfin       :      0.757750
err_plus   massfin       :      0.050237
err_minus  massfin       :      0.032503
-----------------------------------------------------
median     age           :   9601.224876
err_plus   age           :   6976.028734
err_minus  age           :   5501.290710
-----------------------------------------------------

Saved results to mnt/c/Users/georg/Documents/GitHub/Iwan-and-George-Year-4-Project/Results/JustKenResults.ascii.
Saved corner plot to mnt/c/Users/georg/Documents/GitHub/Iwan-and-George-Year-4-Project/Results/2126119862195142272_corner.png.
Saved Kiel diagram to mnt/c/Users/georg/Documents/GitHub/Iwan-and-George-Year-4-Project/Results/2126119862195142272_kiel.png.
Did not get any frequency file input, skipping ratios and echelle plots.
Saved dictionary to mnt/c/Users/georg/Documents/GitHub/Iwan-and-George-Year-4-Project/Results/2126119862195142272.json

Finished on 2024-01-20 17:13:36 (runtime 14.0 s).

