========================================================================================
                                         BASTA                                         
                             The BAyesian STellar Algorithm                             

                                     Version 1.2.1                                     

                                (c) 2022, The BASTA Team                                
                           https://github.com/BASTAcode/BASTA                           
========================================================================================

Run started on 2024-01-20 17:14:00 . 

Random numbers initialised with seed: 3178 .

Fitting star id: 2126912305142208384 .
* Using the grid '/root/BASTA/grids/Garstec_AS09_barbieMS.hdf5' of type 'sobol tracks'.
  - Grid built with BASTA version 1.3.1, timestamp: 2023-11-28 at 20:12:28.

Transforming solar-based asteroseismic quantities:
* Converting to solar units if needed...
* Solar model scaling not activated!  -->  Dnu will not be scaled.
Done!

Fitting information:
* Fitting parameters with values and uncertainties:
  - Teff: [5368.125, 30.452]
  - FeH: [0.1628, 0.035]

Additional input parameters and settings in alphabetical order:
* asciiparams: ['Teff', 'FeH', 'radPhot', 'massfin', 'age']
* centroid: median
* cornerplots: ['Teff', 'FeH', 'radPhot', 'massfin', 'age']
* dnu_scales: {}
* dnusun: 135.1
* freqplots: []
* inputfile: input_JustKen.xml
* kielplots: [True]
* numsun: 3090.0
* output: mnt/c/Users/georg/Documents/GitHub/Iwan-and-George-Year-4-Project/Results/
* plotfmt: png
* solarmodel: False
* uncert: quantiles

Weights and priors:
* Bayesian weights:
  - Along tracks: age
  - Between tracks: volume
* Flat, constrained priors and ranges:
  - Teff: [5276.769, 5459.481]
  - FeH: [-0.0872, 0.4128]
* Additional priors (IMF): 


Computing likelihood of models in the grid (5977 tracks) ...
Done! Computed the likelihood of 80171 models, found 80171 models with non-zero likelihood!


*****************************************
**                                     **
**   Output and results from the fit   **
**                                     **
*****************************************


Highest likelihood model:
* Weighted, non-normalized log-probability: -4.347591241039616
* Grid-index: grid/tracks/track5555[262], with parameters:
  - Name: track5555-1781.fgong
  - Teff      :  5368.036312 
  - FeH       :     0.163588 
  - radPhot   :     1.178322 
  - massfin   :     0.869350 
  - age       : 16822.770740 

Lowest chi2 model:
* chi2: 5.557465352273165e-05
* Grid-index: grid/tracks/track1651[0], with parameters:
  - Name: track1651-466.fgong
  - Teff      :  5368.121289 
  - FeH       :     0.163061 
  - radPhot   :     0.769761 
  - massfin   :     0.861000 
  - age       :    49.859329 


Computing posterior distributions for the requested output parameters!
==> Summary statistics printed below ...

-----------------------------------------------------
median     Teff          :   5368.130701
err_plus   Teff          :     29.347717
err_minus  Teff          :     34.030401
-----------------------------------------------------
median     FeH           :      0.162665
err_plus   FeH           :      0.033289
err_minus  FeH           :      0.034029
-----------------------------------------------------
median     radPhot       :      0.958134
err_plus   radPhot       :      0.265353
err_minus  radPhot       :      0.101111
-----------------------------------------------------
median     massfin       :      0.933908
err_plus   massfin       :      0.064078
err_minus  massfin       :      0.064531
-----------------------------------------------------
median     age           :   8973.645889
err_plus   age           :   5613.752132
err_minus  age           :   6543.772518
-----------------------------------------------------

Saved results to mnt/c/Users/georg/Documents/GitHub/Iwan-and-George-Year-4-Project/Results/JustKenResults.ascii.
Saved corner plot to mnt/c/Users/georg/Documents/GitHub/Iwan-and-George-Year-4-Project/Results/2126912305142208384_corner.png.
Saved Kiel diagram to mnt/c/Users/georg/Documents/GitHub/Iwan-and-George-Year-4-Project/Results/2126912305142208384_kiel.png.
Did not get any frequency file input, skipping ratios and echelle plots.
Saved dictionary to mnt/c/Users/georg/Documents/GitHub/Iwan-and-George-Year-4-Project/Results/2126912305142208384.json

Finished on 2024-01-20 17:14:28 (runtime 28.0 s).

