========================================================================================
                                         BASTA                                         
                             The BAyesian STellar Algorithm                             

                                     Version 1.2.1                                     

                                (c) 2022, The BASTA Team                                
                           https://github.com/BASTAcode/BASTA                           
========================================================================================

Run started on 2024-01-20 17:13:37 . 

Random numbers initialised with seed: 3178 .

Fitting star id: 2126436800722944000 .
* Using the grid '/root/BASTA/grids/Garstec_AS09_barbieMS.hdf5' of type 'sobol tracks'.
  - Grid built with BASTA version 1.3.1, timestamp: 2023-11-28 at 20:12:28.

Transforming solar-based asteroseismic quantities:
* Converting to solar units if needed...
* Solar model scaling not activated!  -->  Dnu will not be scaled.
Done!

Fitting information:
* Fitting parameters with values and uncertainties:
  - Teff: [5787.8936, 3.2804]
  - FeH: [-0.2472, 0.0043]

Additional input parameters and settings in alphabetical order:
* asciiparams: ['Teff', 'FeH', 'radPhot', 'massfin', 'age']
* centroid: median
* cornerplots: ['Teff', 'FeH', 'radPhot', 'massfin', 'age']
* dnu_scales: {}
* dnusun: 135.1
* freqplots: []
* inputfile: input_JustKen.xml
* kielplots: [True]
* numsun: 3090.0
* output: mnt/c/Users/georg/Documents/GitHub/Iwan-and-George-Year-4-Project/Results/
* plotfmt: png
* solarmodel: False
* uncert: quantiles

Weights and priors:
* Bayesian weights:
  - Along tracks: age
  - Between tracks: volume
* Flat, constrained priors and ranges:
  - Teff: [5778.0524000000005, 5797.7348]
  - FeH: [-0.4972, 0.002799999999999997]
* Additional priors (IMF): 


Computing likelihood of models in the grid (5977 tracks) ...
Done! Computed the likelihood of 4709 models, found 4709 models with non-zero likelihood!


*****************************************
**                                     **
**   Output and results from the fit   **
**                                     **
*****************************************


Highest likelihood model:
* Weighted, non-normalized log-probability: -3.866443748426778
* Grid-index: grid/tracks/track5319[85], with parameters:
  - Name: track5319-914.fgong
  - Teff      :  5788.275464 
  - FeH       :    -0.245525 
  - radPhot   :     0.864383 
  - massfin   :     0.772632 
  - age       : 10256.082090 

Lowest chi2 model:
* chi2: 0.027351151602707843
* Grid-index: grid/tracks/track2211[61], with parameters:
  - Name: track2211-792.fgong
  - Teff      :  5787.805307 
  - FeH       :    -0.246498 
  - radPhot   :     0.823513 
  - massfin   :     0.853832 
  - age       :  4166.189749 


Computing posterior distributions for the requested output parameters!
==> Summary statistics printed below ...

-----------------------------------------------------
median     Teff          :   5787.607415
err_plus   Teff          :      4.065479
err_minus  Teff          :      3.690909
-----------------------------------------------------
median     FeH           :     -0.248590
err_plus   FeH           :      0.005167
err_minus  FeH           :      0.003011
-----------------------------------------------------
median     radPhot       :      0.868598
err_plus   radPhot       :      0.246392
err_minus  radPhot       :      0.060035
-----------------------------------------------------
median     massfin       :      0.889625
err_plus   massfin       :      0.035273
err_minus  massfin       :      0.084848
-----------------------------------------------------
median     age           :   8390.293975
err_plus   age           :   1865.788115
err_minus  age           :   6000.148388
-----------------------------------------------------

Saved results to mnt/c/Users/georg/Documents/GitHub/Iwan-and-George-Year-4-Project/Results/JustKenResults.ascii.
Saved corner plot to mnt/c/Users/georg/Documents/GitHub/Iwan-and-George-Year-4-Project/Results/2126436800722944000_corner.png.
Saved Kiel diagram to mnt/c/Users/georg/Documents/GitHub/Iwan-and-George-Year-4-Project/Results/2126436800722944000_kiel.png.
Did not get any frequency file input, skipping ratios and echelle plots.
Saved dictionary to mnt/c/Users/georg/Documents/GitHub/Iwan-and-George-Year-4-Project/Results/2126436800722944000.json

Finished on 2024-01-20 17:13:50 (runtime 13.0 s).

