========================================================================================
                                         BASTA                                         
                             The BAyesian STellar Algorithm                             

                                     Version 1.2.1                                     

                                (c) 2022, The BASTA Team                                
                           https://github.com/BASTAcode/BASTA                           
========================================================================================

Run started on 2024-01-20 17:14:28 . 

Random numbers initialised with seed: 3178 .

Fitting star id: 2127956360152391168 .
* Using the grid '/root/BASTA/grids/Garstec_AS09_barbieMS.hdf5' of type 'sobol tracks'.
  - Grid built with BASTA version 1.3.1, timestamp: 2023-11-28 at 20:12:28.

Transforming solar-based asteroseismic quantities:
* Converting to solar units if needed...
* Solar model scaling not activated!  -->  Dnu will not be scaled.
Done!

Fitting information:
* Fitting parameters with values and uncertainties:
  - Teff: [5168.095, 33.742]
  - FeH: [-0.0023, 0.0367]

Additional input parameters and settings in alphabetical order:
* asciiparams: ['Teff', 'FeH', 'radPhot', 'massfin', 'age']
* centroid: median
* cornerplots: ['Teff', 'FeH', 'radPhot', 'massfin', 'age']
* dnu_scales: {}
* dnusun: 135.1
* freqplots: []
* inputfile: input_JustKen.xml
* kielplots: [True]
* numsun: 3090.0
* output: mnt/c/Users/georg/Documents/GitHub/Iwan-and-George-Year-4-Project/Results/
* plotfmt: png
* solarmodel: False
* uncert: quantiles

Weights and priors:
* Bayesian weights:
  - Along tracks: age
  - Between tracks: volume
* Flat, constrained priors and ranges:
  - Teff: [5066.869000000001, 5269.321]
  - FeH: [-0.2523, 0.2477]
* Additional priors (IMF): 


Computing likelihood of models in the grid (5977 tracks) ...
Done! Computed the likelihood of 42317 models, found 42317 models with non-zero likelihood!


*****************************************
**                                     **
**   Output and results from the fit   **
**                                     **
*****************************************


Highest likelihood model:
* Weighted, non-normalized log-probability: -3.1804882137050052
* Grid-index: grid/tracks/track5727[112], with parameters:
  - Name: track5727-1048.fgong
  - Teff      :  5171.724429 
  - FeH       :     0.004772 
  - radPhot   :     0.826248 
  - massfin   :     0.727634 
  - age       : 18519.763100 

Lowest chi2 model:
* chi2: 0.0027723669361984647
* Grid-index: grid/tracks/track3311[132], with parameters:
  - Name: track3311-1132.fgong
  - Teff      :  5167.237348 
  - FeH       :    -0.000608 
  - radPhot   :     0.910672 
  - massfin   :     0.748566 
  - age       : 19333.639510 


Computing posterior distributions for the requested output parameters!
==> Summary statistics printed below ...

-----------------------------------------------------
median     Teff          :   5168.845808
err_plus   Teff          :     34.341244
err_minus  Teff          :     33.176808
-----------------------------------------------------
median     FeH           :      0.001045
err_plus   FeH           :      0.029085
err_minus  FeH           :      0.040403
-----------------------------------------------------
median     radPhot       :      0.820615
err_plus   radPhot       :      0.091549
err_minus  radPhot       :      0.062759
-----------------------------------------------------
median     massfin       :      0.815828
err_plus   massfin       :      0.050161
err_minus  massfin       :      0.049179
-----------------------------------------------------
median     age           :  10127.130490
err_plus   age           :   6286.102500
err_minus  age           :   7394.269555
-----------------------------------------------------

Saved results to mnt/c/Users/georg/Documents/GitHub/Iwan-and-George-Year-4-Project/Results/JustKenResults.ascii.
Saved corner plot to mnt/c/Users/georg/Documents/GitHub/Iwan-and-George-Year-4-Project/Results/2127956360152391168_corner.png.
Saved Kiel diagram to mnt/c/Users/georg/Documents/GitHub/Iwan-and-George-Year-4-Project/Results/2127956360152391168_kiel.png.
Did not get any frequency file input, skipping ratios and echelle plots.
Saved dictionary to mnt/c/Users/georg/Documents/GitHub/Iwan-and-George-Year-4-Project/Results/2127956360152391168.json

Finished on 2024-01-20 17:14:53 (runtime 25.0 s).

