========================================================================================
                                         BASTA                                         
                             The BAyesian STellar Algorithm                             

                                     Version 1.2.1                                     

                                (c) 2022, The BASTA Team                                
                           https://github.com/BASTAcode/BASTA                           
========================================================================================

Run started on 2024-01-20 17:14:53 . 

Random numbers initialised with seed: 3178 .

Fitting star id: 2127985806448631808 .
* Using the grid '/root/BASTA/grids/Garstec_AS09_barbieMS.hdf5' of type 'sobol tracks'.
  - Grid built with BASTA version 1.3.1, timestamp: 2023-11-28 at 20:12:28.

Transforming solar-based asteroseismic quantities:
* Converting to solar units if needed...
* Solar model scaling not activated!  -->  Dnu will not be scaled.
Done!

Fitting information:
* Fitting parameters with values and uncertainties:
  - Teff: [5482.518, 66.9424]
  - FeH: [-0.3118, 0.079]

Additional input parameters and settings in alphabetical order:
* asciiparams: ['Teff', 'FeH', 'radPhot', 'massfin', 'age']
* centroid: median
* cornerplots: ['Teff', 'FeH', 'radPhot', 'massfin', 'age']
* dnu_scales: {}
* dnusun: 135.1
* freqplots: []
* inputfile: input_JustKen.xml
* kielplots: [True]
* numsun: 3090.0
* output: mnt/c/Users/georg/Documents/GitHub/Iwan-and-George-Year-4-Project/Results/
* plotfmt: png
* solarmodel: False
* uncert: quantiles

Weights and priors:
* Bayesian weights:
  - Along tracks: age
  - Between tracks: volume
* Flat, constrained priors and ranges:
  - Teff: [5281.6908, 5683.3452]
  - FeH: [-0.5618000000000001, -0.06180000000000002]
* Additional priors (IMF): 


Computing likelihood of models in the grid (5977 tracks) ...
Done! Computed the likelihood of 56758 models, found 56758 models with non-zero likelihood!


*****************************************
**                                     **
**   Output and results from the fit   **
**                                     **
*****************************************


Highest likelihood model:
* Weighted, non-normalized log-probability: -3.2797668774590125
* Grid-index: grid/tracks/track4831[53], with parameters:
  - Name: track4831-753.fgong
  - Teff      :  5491.607963 
  - FeH       :    -0.267118 
  - radPhot   :     0.746660 
  - massfin   :     0.726791 
  - age       :  8395.155532 

Lowest chi2 model:
* chi2: 0.000613863616686482
* Grid-index: grid/tracks/track5184[59], with parameters:
  - Name: track5184-790.fgong
  - Teff      :  5483.299484 
  - FeH       :    -0.310074 
  - radPhot   :     0.738222 
  - massfin   :     0.711763 
  - age       : 10146.578170 


Computing posterior distributions for the requested output parameters!
==> Summary statistics printed below ...

-----------------------------------------------------
median     Teff          :   5485.312937
err_plus   Teff          :     65.434865
err_minus  Teff          :     62.828455
-----------------------------------------------------
median     FeH           :     -0.304211
err_plus   FeH           :      0.078439
err_minus  FeH           :      0.071327
-----------------------------------------------------
median     radPhot       :      0.807709
err_plus   radPhot       :      0.176539
err_minus  radPhot       :      0.079045
-----------------------------------------------------
median     massfin       :      0.777783
err_plus   massfin       :      0.053600
err_minus  massfin       :      0.044794
-----------------------------------------------------
median     age           :   9705.049488
err_plus   age           :   7320.831692
err_minus  age           :   6908.584083
-----------------------------------------------------

Saved results to mnt/c/Users/georg/Documents/GitHub/Iwan-and-George-Year-4-Project/Results/JustKenResults.ascii.
Saved corner plot to mnt/c/Users/georg/Documents/GitHub/Iwan-and-George-Year-4-Project/Results/2127985806448631808_corner.png.
Saved Kiel diagram to mnt/c/Users/georg/Documents/GitHub/Iwan-and-George-Year-4-Project/Results/2127985806448631808_kiel.png.
Did not get any frequency file input, skipping ratios and echelle plots.
Saved dictionary to mnt/c/Users/georg/Documents/GitHub/Iwan-and-George-Year-4-Project/Results/2127985806448631808.json

Finished on 2024-01-20 17:15:19 (runtime 26.0 s).

