========================================================================================
                                         BASTA                                         
                             The BAyesian STellar Algorithm                             

                                     Version 1.2.1                                     

                                (c) 2022, The BASTA Team                                
                           https://github.com/BASTAcode/BASTA                           
========================================================================================

Run started on 2024-01-20 17:16:27 . 

Random numbers initialised with seed: 3178 .

Fitting star id: 2128369501647063808 .
* Using the grid '/root/BASTA/grids/Garstec_AS09_barbieMS.hdf5' of type 'sobol tracks'.
  - Grid built with BASTA version 1.3.1, timestamp: 2023-11-28 at 20:12:28.

Transforming solar-based asteroseismic quantities:
* Converting to solar units if needed...
* Solar model scaling not activated!  -->  Dnu will not be scaled.
Done!

Fitting information:
* Fitting parameters with values and uncertainties:
  - Teff: [4895.582, 18.8653]
  - FeH: [0.0035, 0.0246]

Additional input parameters and settings in alphabetical order:
* asciiparams: ['Teff', 'FeH', 'radPhot', 'massfin', 'age']
* centroid: median
* cornerplots: ['Teff', 'FeH', 'radPhot', 'massfin', 'age']
* dnu_scales: {}
* dnusun: 135.1
* freqplots: []
* inputfile: input_JustKen.xml
* kielplots: [True]
* numsun: 3090.0
* output: mnt/c/Users/georg/Documents/GitHub/Iwan-and-George-Year-4-Project/Results/
* plotfmt: png
* solarmodel: False
* uncert: quantiles

Weights and priors:
* Bayesian weights:
  - Along tracks: age
  - Between tracks: volume
* Flat, constrained priors and ranges:
  - Teff: [4838.9861, 4952.177900000001]
  - FeH: [-0.2465, 0.2535]
* Additional priors (IMF): 


Computing likelihood of models in the grid (5977 tracks) ...
Done! Computed the likelihood of 12967 models, found 12967 models with non-zero likelihood!


*****************************************
**                                     **
**   Output and results from the fit   **
**                                     **
*****************************************


Highest likelihood model:
* Weighted, non-normalized log-probability: -3.4511819264973402
* Grid-index: grid/tracks/track1567[27], with parameters:
  - Name: track1567-620.fgong
  - Teff      :  4900.459809 
  - FeH       :     0.016703 
  - radPhot   :     0.681173 
  - massfin   :     0.715937 
  - age       :  4146.162848 

Lowest chi2 model:
* chi2: 0.0014806056827651934
* Grid-index: grid/tracks/track0919[193], with parameters:
  - Name: track0919-1445.fgong
  - Teff      :  4894.933339 
  - FeH       :     0.003075 
  - radPhot   :     0.863905 
  - massfin   :     0.812659 
  - age       : 17792.413480 


Computing posterior distributions for the requested output parameters!
==> Summary statistics printed below ...

-----------------------------------------------------
median     Teff          :   4896.102849
err_plus   Teff          :     18.289864
err_minus  Teff          :     19.457912
-----------------------------------------------------
median     FeH           :      0.006347
err_plus   FeH           :      0.020853
err_minus  FeH           :      0.026031
-----------------------------------------------------
median     radPhot       :      0.752901
err_plus   radPhot       :      0.060075
err_minus  radPhot       :      0.041908
-----------------------------------------------------
median     massfin       :      0.763687
err_plus   massfin       :      0.043018
err_minus  massfin       :      0.042735
-----------------------------------------------------
median     age           :  10607.912860
err_plus   age           :   5223.096070
err_minus  age           :   6753.697760
-----------------------------------------------------

Saved results to mnt/c/Users/georg/Documents/GitHub/Iwan-and-George-Year-4-Project/Results/JustKenResults.ascii.
Saved corner plot to mnt/c/Users/georg/Documents/GitHub/Iwan-and-George-Year-4-Project/Results/2128369501647063808_corner.png.
Saved Kiel diagram to mnt/c/Users/georg/Documents/GitHub/Iwan-and-George-Year-4-Project/Results/2128369501647063808_kiel.png.
Did not get any frequency file input, skipping ratios and echelle plots.
Saved dictionary to mnt/c/Users/georg/Documents/GitHub/Iwan-and-George-Year-4-Project/Results/2128369501647063808.json

Finished on 2024-01-20 17:16:43 (runtime 16.0 s).

