========================================================================================
                                         BASTA                                         
                             The BAyesian STellar Algorithm                             

                                     Version 1.2.1                                     

                                (c) 2022, The BASTA Team                                
                           https://github.com/BASTAcode/BASTA                           
========================================================================================

Run started on 2024-01-20 17:16:07 . 

Random numbers initialised with seed: 3178 .

Fitting star id: 2128273225659492608 .
* Using the grid '/root/BASTA/grids/Garstec_AS09_barbieMS.hdf5' of type 'sobol tracks'.
  - Grid built with BASTA version 1.3.1, timestamp: 2023-11-28 at 20:12:28.

Transforming solar-based asteroseismic quantities:
* Converting to solar units if needed...
* Solar model scaling not activated!  -->  Dnu will not be scaled.
Done!

Fitting information:
* Fitting parameters with values and uncertainties:
  - Teff: [5747.7817, 32.7037]
  - FeH: [0.0695, 0.0329]

Additional input parameters and settings in alphabetical order:
* asciiparams: ['Teff', 'FeH', 'radPhot', 'massfin', 'age']
* centroid: median
* cornerplots: ['Teff', 'FeH', 'radPhot', 'massfin', 'age']
* dnu_scales: {}
* dnusun: 135.1
* freqplots: []
* inputfile: input_JustKen.xml
* kielplots: [True]
* numsun: 3090.0
* output: mnt/c/Users/georg/Documents/GitHub/Iwan-and-George-Year-4-Project/Results/
* plotfmt: png
* solarmodel: False
* uncert: quantiles

Weights and priors:
* Bayesian weights:
  - Along tracks: age
  - Between tracks: volume
* Flat, constrained priors and ranges:
  - Teff: [5649.6705999999995, 5845.8928]
  - FeH: [-0.1805, 0.3195]
* Additional priors (IMF): 


Computing likelihood of models in the grid (5977 tracks) ...
Done! Computed the likelihood of 85719 models, found 85719 models with non-zero likelihood!


*****************************************
**                                     **
**   Output and results from the fit   **
**                                     **
*****************************************


Highest likelihood model:
* Weighted, non-normalized log-probability: -4.516241479049603
* Grid-index: grid/tracks/track5979[7], with parameters:
  - Name: track5979-506.fgong
  - Teff      :  5748.375330 
  - FeH       :     0.059660 
  - radPhot   :     0.827023 
  - massfin   :     0.916995 
  - age       :   142.642618 

Lowest chi2 model:
* chi2: 0.0009998637475759293
* Grid-index: grid/tracks/track1483[199], with parameters:
  - Name: track1483-1465.fgong
  - Teff      :  5746.913473 
  - FeH       :     0.070065 
  - radPhot   :     1.099853 
  - massfin   :     0.927506 
  - age       :  8945.695384 


Computing posterior distributions for the requested output parameters!
==> Summary statistics printed below ...

-----------------------------------------------------
median     Teff          :   5748.073297
err_plus   Teff          :     30.755398
err_minus  Teff          :     29.389672
-----------------------------------------------------
median     FeH           :      0.068066
err_plus   FeH           :      0.033180
err_minus  FeH           :      0.031920
-----------------------------------------------------
median     radPhot       :      1.065297
err_plus   radPhot       :      0.320404
err_minus  radPhot       :      0.146553
-----------------------------------------------------
median     massfin       :      1.005643
err_plus   massfin       :      0.075674
err_minus  massfin       :      0.068264
-----------------------------------------------------
median     age           :   6385.227162
err_plus   age           :   2563.931230
err_minus  age           :   4754.354157
-----------------------------------------------------

Saved results to mnt/c/Users/georg/Documents/GitHub/Iwan-and-George-Year-4-Project/Results/JustKenResults.ascii.
Saved corner plot to mnt/c/Users/georg/Documents/GitHub/Iwan-and-George-Year-4-Project/Results/2128273225659492608_corner.png.
Saved Kiel diagram to mnt/c/Users/georg/Documents/GitHub/Iwan-and-George-Year-4-Project/Results/2128273225659492608_kiel.png.
Did not get any frequency file input, skipping ratios and echelle plots.
Saved dictionary to mnt/c/Users/georg/Documents/GitHub/Iwan-and-George-Year-4-Project/Results/2128273225659492608.json

Finished on 2024-01-20 17:16:26 (runtime 19.0 s).

