========================================================================================
                                         BASTA                                         
                             The BAyesian STellar Algorithm                             

                                     Version 1.2.1                                     

                                (c) 2022, The BASTA Team                                
                           https://github.com/BASTAcode/BASTA                           
========================================================================================

Run started on 2024-01-20 17:15:49 . 

Random numbers initialised with seed: 3178 .

Fitting star id: 2128198974266072192 .
* Using the grid '/root/BASTA/grids/Garstec_AS09_barbieMS.hdf5' of type 'sobol tracks'.
  - Grid built with BASTA version 1.3.1, timestamp: 2023-11-28 at 20:12:28.

Transforming solar-based asteroseismic quantities:
* Converting to solar units if needed...
* Solar model scaling not activated!  -->  Dnu will not be scaled.
Done!

Fitting information:
* Fitting parameters with values and uncertainties:
  - Teff: [5852.477, 24.7945]
  - FeH: [-0.2441, 0.0198]

Additional input parameters and settings in alphabetical order:
* asciiparams: ['Teff', 'FeH', 'radPhot', 'massfin', 'age']
* centroid: median
* cornerplots: ['Teff', 'FeH', 'radPhot', 'massfin', 'age']
* dnu_scales: {}
* dnusun: 135.1
* freqplots: []
* inputfile: input_JustKen.xml
* kielplots: [True]
* numsun: 3090.0
* output: mnt/c/Users/georg/Documents/GitHub/Iwan-and-George-Year-4-Project/Results/
* plotfmt: png
* solarmodel: False
* uncert: quantiles

Weights and priors:
* Bayesian weights:
  - Along tracks: age
  - Between tracks: volume
* Flat, constrained priors and ranges:
  - Teff: [5778.0935, 5926.8605]
  - FeH: [-0.4941, 0.005899999999999989]
* Additional priors (IMF): 


Computing likelihood of models in the grid (5977 tracks) ...
Done! Computed the likelihood of 40115 models, found 40115 models with non-zero likelihood!


*****************************************
**                                     **
**   Output and results from the fit   **
**                                     **
*****************************************


Highest likelihood model:
* Weighted, non-normalized log-probability: -4.135665691736951
* Grid-index: grid/tracks/track5475[81], with parameters:
  - Name: track5475-892.fgong
  - Teff      :  5853.926045 
  - FeH       :    -0.240572 
  - radPhot   :     0.853333 
  - massfin   :     0.847751 
  - age       :  5855.180411 

Lowest chi2 model:
* chi2: 0.0006256607901052075
* Grid-index: grid/tracks/track4627[44], with parameters:
  - Name: track4627-692.fgong
  - Teff      :  5851.972730 
  - FeH       :    -0.244388 
  - radPhot   :     0.857466 
  - massfin   :     0.872880 
  - age       :  2528.070116 


Computing posterior distributions for the requested output parameters!
==> Summary statistics printed below ...

-----------------------------------------------------
median     Teff          :   5852.968387
err_plus   Teff          :     24.996840
err_minus  Teff          :     24.095156
-----------------------------------------------------
median     FeH           :     -0.243978
err_plus   FeH           :      0.018594
err_minus  FeH           :      0.018993
-----------------------------------------------------
median     radPhot       :      0.921240
err_plus   radPhot       :      0.273207
err_minus  radPhot       :      0.081068
-----------------------------------------------------
median     massfin       :      0.883792
err_plus   massfin       :      0.062108
err_minus  massfin       :      0.046150
-----------------------------------------------------
median     age           :   6324.605545
err_plus   age           :   3969.781915
err_minus  age           :   4054.394370
-----------------------------------------------------

Saved results to mnt/c/Users/georg/Documents/GitHub/Iwan-and-George-Year-4-Project/Results/JustKenResults.ascii.
Saved corner plot to mnt/c/Users/georg/Documents/GitHub/Iwan-and-George-Year-4-Project/Results/2128198974266072192_corner.png.
Saved Kiel diagram to mnt/c/Users/georg/Documents/GitHub/Iwan-and-George-Year-4-Project/Results/2128198974266072192_kiel.png.
Did not get any frequency file input, skipping ratios and echelle plots.
Saved dictionary to mnt/c/Users/georg/Documents/GitHub/Iwan-and-George-Year-4-Project/Results/2128198974266072192.json

Finished on 2024-01-20 17:16:07 (runtime 18.0 s).

