========================================================================================
                                         BASTA                                         
                             The BAyesian STellar Algorithm                             

                                     Version 1.2.1                                     

                                (c) 2022, The BASTA Team                                
                           https://github.com/BASTAcode/BASTA                           
========================================================================================

Run started on 2024-01-20 17:16:43 . 

Random numbers initialised with seed: 3178 .

Fitting star id: 2129503235571760128 .
* Using the grid '/root/BASTA/grids/Garstec_AS09_barbieMS.hdf5' of type 'sobol tracks'.
  - Grid built with BASTA version 1.3.1, timestamp: 2023-11-28 at 20:12:28.

Transforming solar-based asteroseismic quantities:
* Converting to solar units if needed...
* Solar model scaling not activated!  -->  Dnu will not be scaled.
Done!

Fitting information:
* Fitting parameters with values and uncertainties:
  - Teff: [5703.2744, 114.5166]
  - FeH: [-0.0842, 0.134]

Additional input parameters and settings in alphabetical order:
* asciiparams: ['Teff', 'FeH', 'radPhot', 'massfin', 'age']
* centroid: median
* cornerplots: ['Teff', 'FeH', 'radPhot', 'massfin', 'age']
* dnu_scales: {}
* dnusun: 135.1
* freqplots: []
* inputfile: input_JustKen.xml
* kielplots: [True]
* numsun: 3090.0
* output: mnt/c/Users/georg/Documents/GitHub/Iwan-and-George-Year-4-Project/Results/
* plotfmt: png
* solarmodel: False
* uncert: quantiles

Weights and priors:
* Bayesian weights:
  - Along tracks: age
  - Between tracks: volume
* Flat, constrained priors and ranges:
  - Teff: [5359.7246000000005, 6046.8242]
  - FeH: [-0.3342, 0.1658]
* Additional priors (IMF): 


Computing likelihood of models in the grid (5977 tracks) ...
Done! Computed the likelihood of 222139 models, found 222139 models with non-zero likelihood!


*****************************************
**                                     **
**   Output and results from the fit   **
**                                     **
*****************************************


Highest likelihood model:
* Weighted, non-normalized log-probability: -3.9289566046104136
* Grid-index: grid/tracks/track1763[24], with parameters:
  - Name: track1763-602.fgong
  - Teff      :  5705.866618 
  - FeH       :    -0.076060 
  - radPhot   :     0.775177 
  - massfin   :     0.843944 
  - age       :  1549.116745 

Lowest chi2 model:
* chi2: 8.335594196791284e-06
* Grid-index: grid/tracks/track2395[266], with parameters:
  - Name: track2395-1818.fgong
  - Teff      :  5703.380388 
  - FeH       :    -0.084566 
  - radPhot   :     1.416376 
  - massfin   :     0.917185 
  - age       : 12412.987320 


Computing posterior distributions for the requested output parameters!
==> Summary statistics printed below ...

-----------------------------------------------------
median     Teff          :   5693.779331
err_plus   Teff          :    116.330293
err_minus  Teff          :    114.620488
-----------------------------------------------------
median     FeH           :     -0.084905
err_plus   FeH           :      0.121364
err_minus  FeH           :      0.122192
-----------------------------------------------------
median     radPhot       :      0.985419
err_plus   radPhot       :      0.274934
err_minus  radPhot       :      0.135777
-----------------------------------------------------
median     massfin       :      0.914996
err_plus   massfin       :      0.091881
err_minus  massfin       :      0.078454
-----------------------------------------------------
median     age           :   7571.607101
err_plus   age           :   4338.814939
err_minus  age           :   4992.197933
-----------------------------------------------------

Saved results to mnt/c/Users/georg/Documents/GitHub/Iwan-and-George-Year-4-Project/Results/JustKenResults.ascii.
Saved corner plot to mnt/c/Users/georg/Documents/GitHub/Iwan-and-George-Year-4-Project/Results/2129503235571760128_corner.png.
Saved Kiel diagram to mnt/c/Users/georg/Documents/GitHub/Iwan-and-George-Year-4-Project/Results/2129503235571760128_kiel.png.
Did not get any frequency file input, skipping ratios and echelle plots.
Saved dictionary to mnt/c/Users/georg/Documents/GitHub/Iwan-and-George-Year-4-Project/Results/2129503235571760128.json

Finished on 2024-01-20 17:17:15 (runtime 32.0 s).

