========================================================================================
                                         BASTA                                         
                             The BAyesian STellar Algorithm                             

                                     Version 1.2.1                                     

                                (c) 2022, The BASTA Team                                
                           https://github.com/BASTAcode/BASTA                           
========================================================================================

Run started on 2024-01-20 17:17:15 . 

Random numbers initialised with seed: 3178 .

Fitting star id: 2130124219123552256 .
* Using the grid '/root/BASTA/grids/Garstec_AS09_barbieMS.hdf5' of type 'sobol tracks'.
  - Grid built with BASTA version 1.3.1, timestamp: 2023-11-28 at 20:12:28.

Transforming solar-based asteroseismic quantities:
* Converting to solar units if needed...
* Solar model scaling not activated!  -->  Dnu will not be scaled.
Done!

Fitting information:
* Fitting parameters with values and uncertainties:
  - Teff: [4777.7144, 18.1216]
  - FeH: [0.11, 0.0296]

Additional input parameters and settings in alphabetical order:
* asciiparams: ['Teff', 'FeH', 'radPhot', 'massfin', 'age']
* centroid: median
* cornerplots: ['Teff', 'FeH', 'radPhot', 'massfin', 'age']
* dnu_scales: {}
* dnusun: 135.1
* freqplots: []
* inputfile: input_JustKen.xml
* kielplots: [True]
* numsun: 3090.0
* output: mnt/c/Users/georg/Documents/GitHub/Iwan-and-George-Year-4-Project/Results/
* plotfmt: png
* solarmodel: False
* uncert: quantiles

Weights and priors:
* Bayesian weights:
  - Along tracks: age
  - Between tracks: volume
* Flat, constrained priors and ranges:
  - Teff: [4723.3496, 4832.0792]
  - FeH: [-0.14, 0.36]
* Additional priors (IMF): 


Computing likelihood of models in the grid (5977 tracks) ...
Done! Computed the likelihood of 14629 models, found 14629 models with non-zero likelihood!


*****************************************
**                                     **
**   Output and results from the fit   **
**                                     **
*****************************************


Highest likelihood model:
* Weighted, non-normalized log-probability: -3.3603998782731335
* Grid-index: grid/tracks/track4847[73], with parameters:
  - Name: track4847-838.fgong
  - Teff      :  4779.698272 
  - FeH       :     0.121451 
  - radPhot   :     0.747163 
  - massfin   :     0.749844 
  - age       : 10321.723230 

Lowest chi2 model:
* chi2: 0.00048796875452470376
* Grid-index: grid/tracks/track2671[109], with parameters:
  - Name: track2671-1015.fgong
  - Teff      :  4777.352498 
  - FeH       :     0.110279 
  - radPhot   :     0.782025 
  - massfin   :     0.751765 
  - age       : 15473.632470 


Computing posterior distributions for the requested output parameters!
==> Summary statistics printed below ...

-----------------------------------------------------
median     Teff          :   4777.428808
err_plus   Teff          :     18.542086
err_minus  Teff          :     18.623657
-----------------------------------------------------
median     FeH           :      0.112926
err_plus   FeH           :      0.026767
err_minus  FeH           :      0.028209
-----------------------------------------------------
median     radPhot       :      0.770040
err_plus   radPhot       :      0.027497
err_minus  radPhot       :      0.046781
-----------------------------------------------------
median     massfin       :      0.774968
err_plus   massfin       :      0.039828
err_minus  massfin       :      0.037083
-----------------------------------------------------
median     age           :  10720.183100
err_plus   age           :   6640.708520
err_minus  age           :   6431.830904
-----------------------------------------------------

Saved results to mnt/c/Users/georg/Documents/GitHub/Iwan-and-George-Year-4-Project/Results/JustKenResults.ascii.
Saved corner plot to mnt/c/Users/georg/Documents/GitHub/Iwan-and-George-Year-4-Project/Results/2130124219123552256_corner.png.
Saved Kiel diagram to mnt/c/Users/georg/Documents/GitHub/Iwan-and-George-Year-4-Project/Results/2130124219123552256_kiel.png.
Did not get any frequency file input, skipping ratios and echelle plots.
Saved dictionary to mnt/c/Users/georg/Documents/GitHub/Iwan-and-George-Year-4-Project/Results/2130124219123552256.json

Finished on 2024-01-20 17:17:32 (runtime 17.0 s).

