========================================================================================
                                         BASTA                                         
                             The BAyesian STellar Algorithm                             

                                     Version 1.2.1                                     

                                (c) 2022, The BASTA Team                                
                           https://github.com/BASTAcode/BASTA                           
========================================================================================

Run started on 2024-01-20 17:18:26 . 

Random numbers initialised with seed: 3178 .

Fitting star id: 2130889204338693504 .
* Using the grid '/root/BASTA/grids/Garstec_AS09_barbieMS.hdf5' of type 'sobol tracks'.
  - Grid built with BASTA version 1.3.1, timestamp: 2023-11-28 at 20:12:28.

Transforming solar-based asteroseismic quantities:
* Converting to solar units if needed...
* Solar model scaling not activated!  -->  Dnu will not be scaled.
Done!

Fitting information:
* Fitting parameters with values and uncertainties:
  - Teff: [5942.953, 13.2643]
  - FeH: [-0.2768, 0.0119]

Additional input parameters and settings in alphabetical order:
* asciiparams: ['Teff', 'FeH', 'radPhot', 'massfin', 'age']
* centroid: median
* cornerplots: ['Teff', 'FeH', 'radPhot', 'massfin', 'age']
* dnu_scales: {}
* dnusun: 135.1
* freqplots: []
* inputfile: input_JustKen.xml
* kielplots: [True]
* numsun: 3090.0
* output: mnt/c/Users/georg/Documents/GitHub/Iwan-and-George-Year-4-Project/Results/
* plotfmt: png
* solarmodel: False
* uncert: quantiles

Weights and priors:
* Bayesian weights:
  - Along tracks: age
  - Between tracks: volume
* Flat, constrained priors and ranges:
  - Teff: [5903.1601, 5982.745900000001]
  - FeH: [-0.5267999999999999, -0.02679999999999999]
* Additional priors (IMF): 


Computing likelihood of models in the grid (5977 tracks) ...
Done! Computed the likelihood of 23257 models, found 23257 models with non-zero likelihood!


*****************************************
**                                     **
**   Output and results from the fit   **
**                                     **
*****************************************


Highest likelihood model:
* Weighted, non-normalized log-probability: -4.181097387859945
* Grid-index: grid/tracks/track5475[124], with parameters:
  - Name: track5475-1107.fgong
  - Teff      :  5940.125190 
  - FeH       :    -0.280178 
  - radPhot   :     0.968437 
  - massfin   :     0.847554 
  - age       :  9123.180411 

Lowest chi2 model:
* chi2: 0.0011886098920013992
* Grid-index: grid/tracks/track1441[204], with parameters:
  - Name: track1441-1490.fgong
  - Teff      :  5943.033030 
  - FeH       :    -0.276396 
  - radPhot   :     1.508093 
  - massfin   :     0.978239 
  - age       :  7623.912179 


Computing posterior distributions for the requested output parameters!
==> Summary statistics printed below ...

-----------------------------------------------------
median     Teff          :   5942.930906
err_plus   Teff          :     12.375664
err_minus  Teff          :     12.692649
-----------------------------------------------------
median     FeH           :     -0.278367
err_plus   FeH           :      0.010708
err_minus  FeH           :      0.010382
-----------------------------------------------------
median     radPhot       :      0.971034
err_plus   radPhot       :      0.259336
err_minus  radPhot       :      0.115453
-----------------------------------------------------
median     massfin       :      0.910260
err_plus   massfin       :      0.040610
err_minus  massfin       :      0.062636
-----------------------------------------------------
median     age           :   5901.505142
err_plus   age           :   3145.441285
err_minus  age           :   3643.325698
-----------------------------------------------------

Saved results to mnt/c/Users/georg/Documents/GitHub/Iwan-and-George-Year-4-Project/Results/JustKenResults.ascii.
Saved corner plot to mnt/c/Users/georg/Documents/GitHub/Iwan-and-George-Year-4-Project/Results/2130889204338693504_corner.png.
Saved Kiel diagram to mnt/c/Users/georg/Documents/GitHub/Iwan-and-George-Year-4-Project/Results/2130889204338693504_kiel.png.
Did not get any frequency file input, skipping ratios and echelle plots.
Saved dictionary to mnt/c/Users/georg/Documents/GitHub/Iwan-and-George-Year-4-Project/Results/2130889204338693504.json

Finished on 2024-01-20 17:18:46 (runtime 20.0 s).

