========================================================================================
                                         BASTA                                         
                             The BAyesian STellar Algorithm                             

                                     Version 1.2.1                                     

                                (c) 2022, The BASTA Team                                
                           https://github.com/BASTAcode/BASTA                           
========================================================================================

Run started on 2024-01-20 17:18:47 . 

Random numbers initialised with seed: 3178 .

Fitting star id: 2131059594280288128 .
* Using the grid '/root/BASTA/grids/Garstec_AS09_barbieMS.hdf5' of type 'sobol tracks'.
  - Grid built with BASTA version 1.3.1, timestamp: 2023-11-28 at 20:12:28.

Transforming solar-based asteroseismic quantities:
* Converting to solar units if needed...
* Solar model scaling not activated!  -->  Dnu will not be scaled.
Done!

Fitting information:
* Fitting parameters with values and uncertainties:
  - Teff: [5783.063, 85.1587]
  - FeH: [0.283, 0.0794]

Additional input parameters and settings in alphabetical order:
* asciiparams: ['Teff', 'FeH', 'radPhot', 'massfin', 'age']
* centroid: median
* cornerplots: ['Teff', 'FeH', 'radPhot', 'massfin', 'age']
* dnu_scales: {}
* dnusun: 135.1
* freqplots: []
* inputfile: input_JustKen.xml
* kielplots: [True]
* numsun: 3090.0
* output: mnt/c/Users/georg/Documents/GitHub/Iwan-and-George-Year-4-Project/Results/
* plotfmt: png
* solarmodel: False
* uncert: quantiles

Weights and priors:
* Bayesian weights:
  - Along tracks: age
  - Between tracks: volume
* Flat, constrained priors and ranges:
  - Teff: [5527.5869, 6038.5391]
  - FeH: [0.032999999999999974, 0.5329999999999999]
* Additional priors (IMF): 


Computing likelihood of models in the grid (5977 tracks) ...
Done! Computed the likelihood of 186480 models, found 186480 models with non-zero likelihood!


*****************************************
**                                     **
**   Output and results from the fit   **
**                                     **
*****************************************


Highest likelihood model:
* Weighted, non-normalized log-probability: -5.092134760580718
* Grid-index: grid/tracks/track0945[167], with parameters:
  - Name: track0945-1300.fgong
  - Teff      :  5763.737777 
  - FeH       :     0.264073 
  - radPhot   :     1.043552 
  - massfin   :     0.993662 
  - age       :  5859.487901 

Lowest chi2 model:
* chi2: 2.0972044262000595e-05
* Grid-index: grid/tracks/track5701[325], with parameters:
  - Name: track5701-2041.fgong
  - Teff      :  5782.677836 
  - FeH       :     0.283057 
  - radPhot   :     1.405475 
  - massfin   :     1.150397 
  - age       :  6196.624685 


Computing posterior distributions for the requested output parameters!
==> Summary statistics printed below ...

-----------------------------------------------------
median     Teff          :   5759.627825
err_plus   Teff          :     77.465700
err_minus  Teff          :     76.199858
-----------------------------------------------------
median     FeH           :      0.262925
err_plus   FeH           :      0.075507
err_minus  FeH           :      0.076526
-----------------------------------------------------
median     radPhot       :      1.139037
err_plus   radPhot       :      0.217729
err_minus  radPhot       :      0.128316
-----------------------------------------------------
median     massfin       :      1.106879
err_plus   massfin       :      0.060496
err_minus  massfin       :      0.071025
-----------------------------------------------------
median     age           :   4523.705115
err_plus   age           :   2521.414914
err_minus  age           :   2990.217019
-----------------------------------------------------

Saved results to mnt/c/Users/georg/Documents/GitHub/Iwan-and-George-Year-4-Project/Results/JustKenResults.ascii.
Saved corner plot to mnt/c/Users/georg/Documents/GitHub/Iwan-and-George-Year-4-Project/Results/2131059594280288128_corner.png.
Saved Kiel diagram to mnt/c/Users/georg/Documents/GitHub/Iwan-and-George-Year-4-Project/Results/2131059594280288128_kiel.png.
Did not get any frequency file input, skipping ratios and echelle plots.
Saved dictionary to mnt/c/Users/georg/Documents/GitHub/Iwan-and-George-Year-4-Project/Results/2131059594280288128.json

Finished on 2024-01-20 17:19:19 (runtime 32.0 s).

