========================================================================================
                                         BASTA                                         
                             The BAyesian STellar Algorithm                             

                                     Version 1.2.1                                     

                                (c) 2022, The BASTA Team                                
                           https://github.com/BASTAcode/BASTA                           
========================================================================================

Run started on 2024-01-20 17:21:56 . 

Random numbers initialised with seed: 3178 .

Fitting star id: 2132614922197436928 .
* Using the grid '/root/BASTA/grids/Garstec_AS09_barbieMS.hdf5' of type 'sobol tracks'.
  - Grid built with BASTA version 1.3.1, timestamp: 2023-11-28 at 20:12:28.

Transforming solar-based asteroseismic quantities:
* Converting to solar units if needed...
* Solar model scaling not activated!  -->  Dnu will not be scaled.
Done!

Fitting information:
* Fitting parameters with values and uncertainties:
  - Teff: [5549.2686, 18.7154]
  - FeH: [-0.4406, 0.0292]

Additional input parameters and settings in alphabetical order:
* asciiparams: ['Teff', 'FeH', 'radPhot', 'massfin', 'age']
* centroid: median
* cornerplots: ['Teff', 'FeH', 'radPhot', 'massfin', 'age']
* dnu_scales: {}
* dnusun: 135.1
* freqplots: []
* inputfile: input_JustKen.xml
* kielplots: [True]
* numsun: 3090.0
* output: mnt/c/Users/georg/Documents/GitHub/Iwan-and-George-Year-4-Project/Results/
* plotfmt: png
* solarmodel: False
* uncert: quantiles

Weights and priors:
* Bayesian weights:
  - Along tracks: age
  - Between tracks: volume
* Flat, constrained priors and ranges:
  - Teff: [5493.1224, 5605.4148000000005]
  - FeH: [-0.6906, -0.1906]
* Additional priors (IMF): 


Computing likelihood of models in the grid (5977 tracks) ...
Done! Computed the likelihood of 11734 models, found 11734 models with non-zero likelihood!


*****************************************
**                                     **
**   Output and results from the fit   **
**                                     **
*****************************************


Highest likelihood model:
* Weighted, non-normalized log-probability: -3.3314560954376176
* Grid-index: grid/tracks/track3184[67], with parameters:
  - Name: track3184-833.fgong
  - Teff      :  5548.148650 
  - FeH       :    -0.436478 
  - radPhot   :     0.752251 
  - massfin   :     0.734736 
  - age       : 10438.657420 

Lowest chi2 model:
* chi2: 0.002646852199744853
* Grid-index: grid/tracks/track3488[21], with parameters:
  - Name: track3488-600.fgong
  - Teff      :  5548.317661 
  - FeH       :    -0.440836 
  - radPhot   :     0.674252 
  - massfin   :     0.727932 
  - age       :  2814.131433 


Computing posterior distributions for the requested output parameters!
==> Summary statistics printed below ...

-----------------------------------------------------
median     Teff          :   5549.181648
err_plus   Teff          :     19.304119
err_minus  Teff          :     18.201194
-----------------------------------------------------
median     FeH           :     -0.442701
err_plus   FeH           :      0.033537
err_minus  FeH           :      0.023857
-----------------------------------------------------
median     radPhot       :      0.770688
err_plus   radPhot       :      0.187595
err_minus  radPhot       :      0.057500
-----------------------------------------------------
median     massfin       :      0.755781
err_plus   massfin       :      0.039134
err_minus  massfin       :      0.030868
-----------------------------------------------------
median     age           :   9355.647926
err_plus   age           :   7861.432055
err_minus  age           :   5704.913872
-----------------------------------------------------

Saved results to mnt/c/Users/georg/Documents/GitHub/Iwan-and-George-Year-4-Project/Results/JustKenResults.ascii.
Saved corner plot to mnt/c/Users/georg/Documents/GitHub/Iwan-and-George-Year-4-Project/Results/2132614922197436928_corner.png.
Saved Kiel diagram to mnt/c/Users/georg/Documents/GitHub/Iwan-and-George-Year-4-Project/Results/2132614922197436928_kiel.png.
Did not get any frequency file input, skipping ratios and echelle plots.
Saved dictionary to mnt/c/Users/georg/Documents/GitHub/Iwan-and-George-Year-4-Project/Results/2132614922197436928.json

Finished on 2024-01-20 17:22:15 (runtime 19.0 s).

