========================================================================================
                                         BASTA                                         
                             The BAyesian STellar Algorithm                             

                                     Version 1.2.1                                     

                                (c) 2022, The BASTA Team                                
                           https://github.com/BASTAcode/BASTA                           
========================================================================================

Run started on 2024-01-20 17:19:53 . 

Random numbers initialised with seed: 3178 .

Fitting star id: 2132152916856093952 .
* Using the grid '/root/BASTA/grids/Garstec_AS09_barbieMS.hdf5' of type 'sobol tracks'.
  - Grid built with BASTA version 1.3.1, timestamp: 2023-11-28 at 20:12:28.

Transforming solar-based asteroseismic quantities:
* Converting to solar units if needed...
* Solar model scaling not activated!  -->  Dnu will not be scaled.
Done!

Fitting information:
* Fitting parameters with values and uncertainties:
  - Teff: [5871.573, 17.025]
  - FeH: [-0.1123, 0.0123]

Additional input parameters and settings in alphabetical order:
* asciiparams: ['Teff', 'FeH', 'radPhot', 'massfin', 'age']
* centroid: median
* cornerplots: ['Teff', 'FeH', 'radPhot', 'massfin', 'age']
* dnu_scales: {}
* dnusun: 135.1
* freqplots: []
* inputfile: input_JustKen.xml
* kielplots: [True]
* numsun: 3090.0
* output: mnt/c/Users/georg/Documents/GitHub/Iwan-and-George-Year-4-Project/Results/
* plotfmt: png
* solarmodel: False
* uncert: quantiles

Weights and priors:
* Bayesian weights:
  - Along tracks: age
  - Between tracks: volume
* Flat, constrained priors and ranges:
  - Teff: [5820.4980000000005, 5922.648]
  - FeH: [-0.3623, 0.1377]
* Additional priors (IMF): 


Computing likelihood of models in the grid (5977 tracks) ...
Done! Computed the likelihood of 36301 models, found 36301 models with non-zero likelihood!


*****************************************
**                                     **
**   Output and results from the fit   **
**                                     **
*****************************************


Highest likelihood model:
* Weighted, non-normalized log-probability: -4.5871709069980255
* Grid-index: grid/tracks/track5907[144], with parameters:
  - Name: track5907-1202.fgong
  - Teff      :  5874.449390 
  - FeH       :    -0.110534 
  - radPhot   :     1.001962 
  - massfin   :     0.873555 
  - age       :  8818.528936 

Lowest chi2 model:
* chi2: 0.015465459551711056
* Grid-index: grid/tracks/track3385[261], with parameters:
  - Name: track3385-1770.fgong
  - Teff      :  5870.126426 
  - FeH       :    -0.111183 
  - radPhot   :     1.480388 
  - massfin   :     1.023233 
  - age       :  8074.796601 


Computing posterior distributions for the requested output parameters!
==> Summary statistics printed below ...

-----------------------------------------------------
median     Teff          :   5869.911786
err_plus   Teff          :     15.153818
err_minus  Teff          :     15.618708
-----------------------------------------------------
median     FeH           :     -0.112808
err_plus   FeH           :      0.012388
err_minus  FeH           :      0.012550
-----------------------------------------------------
median     radPhot       :      1.040463
err_plus   radPhot       :      0.299538
err_minus  radPhot       :      0.156469
-----------------------------------------------------
median     massfin       :      0.963329
err_plus   massfin       :      0.054363
err_minus  massfin       :      0.056410
-----------------------------------------------------
median     age           :   6238.739148
err_plus   age           :   2687.435939
err_minus  age           :   4250.266809
-----------------------------------------------------

Saved results to mnt/c/Users/georg/Documents/GitHub/Iwan-and-George-Year-4-Project/Results/JustKenResults.ascii.
Saved corner plot to mnt/c/Users/georg/Documents/GitHub/Iwan-and-George-Year-4-Project/Results/2132152916856093952_corner.png.
Saved Kiel diagram to mnt/c/Users/georg/Documents/GitHub/Iwan-and-George-Year-4-Project/Results/2132152916856093952_kiel.png.
Did not get any frequency file input, skipping ratios and echelle plots.
Saved dictionary to mnt/c/Users/georg/Documents/GitHub/Iwan-and-George-Year-4-Project/Results/2132152916856093952.json

Finished on 2024-01-20 17:21:55 (runtime 122.0 s).

