========================================================================================
                                         BASTA                                         
                             The BAyesian STellar Algorithm                             

                                     Version 1.2.1                                     

                                (c) 2022, The BASTA Team                                
                           https://github.com/BASTAcode/BASTA                           
========================================================================================

Run started on 2024-01-20 17:22:16 . 

Random numbers initialised with seed: 3178 .

Fitting star id: 2133035966431029376 .
* Using the grid '/root/BASTA/grids/Garstec_AS09_barbieMS.hdf5' of type 'sobol tracks'.
  - Grid built with BASTA version 1.3.1, timestamp: 2023-11-28 at 20:12:28.

Transforming solar-based asteroseismic quantities:
* Converting to solar units if needed...
* Solar model scaling not activated!  -->  Dnu will not be scaled.
Done!

Fitting information:
* Fitting parameters with values and uncertainties:
  - Teff: [5472.315, 19.348]
  - FeH: [-0.2623, 0.0233]

Additional input parameters and settings in alphabetical order:
* asciiparams: ['Teff', 'FeH', 'radPhot', 'massfin', 'age']
* centroid: median
* cornerplots: ['Teff', 'FeH', 'radPhot', 'massfin', 'age']
* dnu_scales: {}
* dnusun: 135.1
* freqplots: []
* inputfile: input_JustKen.xml
* kielplots: [True]
* numsun: 3090.0
* output: mnt/c/Users/georg/Documents/GitHub/Iwan-and-George-Year-4-Project/Results/
* plotfmt: png
* solarmodel: False
* uncert: quantiles

Weights and priors:
* Bayesian weights:
  - Along tracks: age
  - Between tracks: volume
* Flat, constrained priors and ranges:
  - Teff: [5414.271, 5530.3589999999995]
  - FeH: [-0.5123, -0.012299999999999978]
* Additional priors (IMF): 


Computing likelihood of models in the grid (5977 tracks) ...
Done! Computed the likelihood of 18808 models, found 18808 models with non-zero likelihood!


*****************************************
**                                     **
**   Output and results from the fit   **
**                                     **
*****************************************


Highest likelihood model:
* Weighted, non-normalized log-probability: -3.115602853560185
* Grid-index: grid/tracks/track4831[49], with parameters:
  - Name: track4831-733.fgong
  - Teff      :  5471.447468 
  - FeH       :    -0.260217 
  - radPhot   :     0.737167 
  - massfin   :     0.726812 
  - age       :  7703.155532 

Lowest chi2 model:
* chi2: 0.0018535019835814112
* Grid-index: grid/tracks/track0391[110], with parameters:
  - Name: track0391-1035.fgong
  - Teff      :  5473.094561 
  - FeH       :    -0.261947 
  - radPhot   :     0.875549 
  - massfin   :     0.766600 
  - age       : 14058.021960 


Computing posterior distributions for the requested output parameters!
==> Summary statistics printed below ...

-----------------------------------------------------
median     Teff          :   5473.108845
err_plus   Teff          :     18.242177
err_minus  Teff          :     21.395492
-----------------------------------------------------
median     FeH           :     -0.259954
err_plus   FeH           :      0.019198
err_minus  FeH           :      0.022574
-----------------------------------------------------
median     radPhot       :      0.832576
err_plus   radPhot       :      0.187438
err_minus  radPhot       :      0.086370
-----------------------------------------------------
median     massfin       :      0.782954
err_plus   massfin       :      0.048566
err_minus  massfin       :      0.047126
-----------------------------------------------------
median     age           :  11602.398720
err_plus   age           :   6310.317348
err_minus  age           :   8625.215613
-----------------------------------------------------

Saved results to mnt/c/Users/georg/Documents/GitHub/Iwan-and-George-Year-4-Project/Results/JustKenResults.ascii.
Saved corner plot to mnt/c/Users/georg/Documents/GitHub/Iwan-and-George-Year-4-Project/Results/2133035966431029376_corner.png.
Saved Kiel diagram to mnt/c/Users/georg/Documents/GitHub/Iwan-and-George-Year-4-Project/Results/2133035966431029376_kiel.png.
Did not get any frequency file input, skipping ratios and echelle plots.
Saved dictionary to mnt/c/Users/georg/Documents/GitHub/Iwan-and-George-Year-4-Project/Results/2133035966431029376.json

Finished on 2024-01-20 17:22:35 (runtime 19.0 s).

