========================================================================================
                                         BASTA                                         
                             The BAyesian STellar Algorithm                             

                                     Version 1.2.1                                     

                                (c) 2022, The BASTA Team                                
                           https://github.com/BASTAcode/BASTA                           
========================================================================================

Run started on 2024-01-20 17:22:35 . 

Random numbers initialised with seed: 3178 .

Fitting star id: 2133946843094378752 .
* Using the grid '/root/BASTA/grids/Garstec_AS09_barbieMS.hdf5' of type 'sobol tracks'.
  - Grid built with BASTA version 1.3.1, timestamp: 2023-11-28 at 20:12:28.

Transforming solar-based asteroseismic quantities:
* Converting to solar units if needed...
* Solar model scaling not activated!  -->  Dnu will not be scaled.
Done!

Fitting information:
* Fitting parameters with values and uncertainties:
  - Teff: [5454.4395, 12.7529]
  - FeH: [0.0113, 0.014]

Additional input parameters and settings in alphabetical order:
* asciiparams: ['Teff', 'FeH', 'radPhot', 'massfin', 'age']
* centroid: median
* cornerplots: ['Teff', 'FeH', 'radPhot', 'massfin', 'age']
* dnu_scales: {}
* dnusun: 135.1
* freqplots: []
* inputfile: input_JustKen.xml
* kielplots: [True]
* numsun: 3090.0
* output: mnt/c/Users/georg/Documents/GitHub/Iwan-and-George-Year-4-Project/Results/
* plotfmt: png
* solarmodel: False
* uncert: quantiles

Weights and priors:
* Bayesian weights:
  - Along tracks: age
  - Between tracks: volume
* Flat, constrained priors and ranges:
  - Teff: [5416.1808, 5492.698200000001]
  - FeH: [-0.2387, 0.2613]
* Additional priors (IMF): 


Computing likelihood of models in the grid (5977 tracks) ...
Done! Computed the likelihood of 25184 models, found 25184 models with non-zero likelihood!


*****************************************
**                                     **
**   Output and results from the fit   **
**                                     **
*****************************************


Highest likelihood model:
* Weighted, non-normalized log-probability: -3.990651856872502
* Grid-index: grid/tracks/track4759[198], with parameters:
  - Name: track4759-1473.fgong
  - Teff      :  5459.569949 
  - FeH       :     0.010893 
  - radPhot   :     1.217080 
  - massfin   :     0.816303 
  - age       : 17783.073250 

Lowest chi2 model:
* chi2: 0.00698348067532528
* Grid-index: grid/tracks/track0707[154], with parameters:
  - Name: track0707-1254.fgong
  - Teff      :  5453.546382 
  - FeH       :     0.011938 
  - radPhot   :     0.914007 
  - massfin   :     0.835608 
  - age       : 12346.818600 


Computing posterior distributions for the requested output parameters!
==> Summary statistics printed below ...

-----------------------------------------------------
median     Teff          :   5454.464528
err_plus   Teff          :     12.992640
err_minus  Teff          :     13.405187
-----------------------------------------------------
median     FeH           :      0.009497
err_plus   FeH           :      0.016836
err_minus  FeH           :      0.011282
-----------------------------------------------------
median     radPhot       :      0.916231
err_plus   radPhot       :      0.306854
err_minus  radPhot       :      0.079084
-----------------------------------------------------
median     massfin       :      0.875616
err_plus   massfin       :      0.053627
err_minus  massfin       :      0.040008
-----------------------------------------------------
median     age           :   9215.624947
err_plus   age           :   4729.216763
err_minus  age           :   5162.988496
-----------------------------------------------------

Saved results to mnt/c/Users/georg/Documents/GitHub/Iwan-and-George-Year-4-Project/Results/JustKenResults.ascii.
Saved corner plot to mnt/c/Users/georg/Documents/GitHub/Iwan-and-George-Year-4-Project/Results/2133946843094378752_corner.png.
Saved Kiel diagram to mnt/c/Users/georg/Documents/GitHub/Iwan-and-George-Year-4-Project/Results/2133946843094378752_kiel.png.
Did not get any frequency file input, skipping ratios and echelle plots.
Saved dictionary to mnt/c/Users/georg/Documents/GitHub/Iwan-and-George-Year-4-Project/Results/2133946843094378752.json

Finished on 2024-01-20 17:22:55 (runtime 20.0 s).

