========================================================================================
                                         BASTA                                         
                             The BAyesian STellar Algorithm                             

                                     Version 1.2.1                                     

                                (c) 2022, The BASTA Team                                
                           https://github.com/BASTAcode/BASTA                           
========================================================================================

Run started on 2024-01-20 17:23:46 . 

Random numbers initialised with seed: 3178 .

Fitting star id: 2139300262131379584 .
* Using the grid '/root/BASTA/grids/Garstec_AS09_barbieMS.hdf5' of type 'sobol tracks'.
  - Grid built with BASTA version 1.3.1, timestamp: 2023-11-28 at 20:12:28.

Transforming solar-based asteroseismic quantities:
* Converting to solar units if needed...
* Solar model scaling not activated!  -->  Dnu will not be scaled.
Done!

Fitting information:
* Fitting parameters with values and uncertainties:
  - Teff: [5599.9014, 9.1626]
  - FeH: [-0.1969, 0.0116]

Additional input parameters and settings in alphabetical order:
* asciiparams: ['Teff', 'FeH', 'radPhot', 'massfin', 'age']
* centroid: median
* cornerplots: ['Teff', 'FeH', 'radPhot', 'massfin', 'age']
* dnu_scales: {}
* dnusun: 135.1
* freqplots: []
* inputfile: input_JustKen.xml
* kielplots: [True]
* numsun: 3090.0
* output: mnt/c/Users/georg/Documents/GitHub/Iwan-and-George-Year-4-Project/Results/
* plotfmt: png
* solarmodel: False
* uncert: quantiles

Weights and priors:
* Bayesian weights:
  - Along tracks: age
  - Between tracks: volume
* Flat, constrained priors and ranges:
  - Teff: [5572.4136, 5627.3892]
  - FeH: [-0.44689999999999996, 0.05310000000000001]
* Additional priors (IMF): 


Computing likelihood of models in the grid (5977 tracks) ...
Done! Computed the likelihood of 12784 models, found 12784 models with non-zero likelihood!


*****************************************
**                                     **
**   Output and results from the fit   **
**                                     **
*****************************************


Highest likelihood model:
* Weighted, non-normalized log-probability: -3.748609412679156
* Grid-index: grid/tracks/track3759[74], with parameters:
  - Name: track3759-859.fgong
  - Teff      :  5601.317788 
  - FeH       :    -0.192012 
  - radPhot   :     0.810599 
  - massfin   :     0.760711 
  - age       :  9698.254941 

Lowest chi2 model:
* chi2: 0.0008948314068147654
* Grid-index: grid/tracks/track5947[141], with parameters:
  - Name: track5947-1202.fgong
  - Teff      :  5600.170244 
  - FeH       :    -0.196832 
  - radPhot   :     0.878977 
  - massfin   :     0.897733 
  - age       :  7031.351405 


Computing posterior distributions for the requested output parameters!
==> Summary statistics printed below ...

-----------------------------------------------------
median     Teff          :   5601.107790
err_plus   Teff          :      8.396152
err_minus  Teff          :      9.721675
-----------------------------------------------------
median     FeH           :     -0.198043
err_plus   FeH           :      0.014679
err_minus  FeH           :      0.009080
-----------------------------------------------------
median     radPhot       :      0.893441
err_plus   radPhot       :      0.256555
err_minus  radPhot       :      0.075682
-----------------------------------------------------
median     massfin       :      0.830522
err_plus   massfin       :      0.061744
err_minus  massfin       :      0.052657
-----------------------------------------------------
median     age           :  10003.561730
err_plus   age           :   4490.857490
err_minus  age           :   5451.093910
-----------------------------------------------------

Saved results to mnt/c/Users/georg/Documents/GitHub/Iwan-and-George-Year-4-Project/Results/JustKenResults.ascii.
Saved corner plot to mnt/c/Users/georg/Documents/GitHub/Iwan-and-George-Year-4-Project/Results/2139300262131379584_corner.png.
Saved Kiel diagram to mnt/c/Users/georg/Documents/GitHub/Iwan-and-George-Year-4-Project/Results/2139300262131379584_kiel.png.
Did not get any frequency file input, skipping ratios and echelle plots.
Saved dictionary to mnt/c/Users/georg/Documents/GitHub/Iwan-and-George-Year-4-Project/Results/2139300262131379584.json

Finished on 2024-01-20 17:24:02 (runtime 16.0 s).

