========================================================================================
                                         BASTA                                         
                             The BAyesian STellar Algorithm                             

                                     Version 1.2.1                                     

                                (c) 2022, The BASTA Team                                
                           https://github.com/BASTAcode/BASTA                           
========================================================================================

Run started on 2024-01-20 17:24:02 . 

Random numbers initialised with seed: 3178 .

Fitting star id: 2141754578242371584 .
* Using the grid '/root/BASTA/grids/Garstec_AS09_barbieMS.hdf5' of type 'sobol tracks'.
  - Grid built with BASTA version 1.3.1, timestamp: 2023-11-28 at 20:12:28.

Transforming solar-based asteroseismic quantities:
* Converting to solar units if needed...
* Solar model scaling not activated!  -->  Dnu will not be scaled.
Done!

Fitting information:
* Fitting parameters with values and uncertainties:
  - Teff: [6084.4478, 4.3742]
  - FeH: [-0.0741, 0.0062]

Additional input parameters and settings in alphabetical order:
* asciiparams: ['Teff', 'FeH', 'radPhot', 'massfin', 'age']
* centroid: median
* cornerplots: ['Teff', 'FeH', 'radPhot', 'massfin', 'age']
* dnu_scales: {}
* dnusun: 135.1
* freqplots: []
* inputfile: input_JustKen.xml
* kielplots: [True]
* numsun: 3090.0
* output: mnt/c/Users/georg/Documents/GitHub/Iwan-and-George-Year-4-Project/Results/
* plotfmt: png
* solarmodel: False
* uncert: quantiles

Weights and priors:
* Bayesian weights:
  - Along tracks: age
  - Between tracks: volume
* Flat, constrained priors and ranges:
  - Teff: [6071.3252, 6097.5704]
  - FeH: [-0.3241, 0.1759]
* Additional priors (IMF): 


Computing likelihood of models in the grid (5977 tracks) ...
Done! Computed the likelihood of 9960 models, found 9960 models with non-zero likelihood!


*****************************************
**                                     **
**   Output and results from the fit   **
**                                     **
*****************************************


Highest likelihood model:
* Weighted, non-normalized log-probability: -5.261931098454904
* Grid-index: grid/tracks/track4569[100], with parameters:
  - Name: track4569-964.fgong
  - Teff      :  6083.028105 
  - FeH       :    -0.077230 
  - radPhot   :     1.027205 
  - massfin   :     1.036783 
  - age       :  2831.551066 

Lowest chi2 model:
* chi2: 0.004490596358908698
* Grid-index: grid/tracks/track1957[232], with parameters:
  - Name: track1957-1587.fgong
  - Teff      :  6084.168042 
  - FeH       :    -0.073976 
  - radPhot   :     1.425154 
  - massfin   :     1.165438 
  - age       :  4349.216409 


Computing posterior distributions for the requested output parameters!
==> Summary statistics printed below ...

-----------------------------------------------------
median     Teff          :   6085.050455
err_plus   Teff          :      4.218316
err_minus  Teff          :      5.402521
-----------------------------------------------------
median     FeH           :     -0.074203
err_plus   FeH           :      0.004560
err_minus  FeH           :      0.005928
-----------------------------------------------------
median     radPhot       :      1.192705
err_plus   radPhot       :      0.227054
err_minus  radPhot       :      0.164185
-----------------------------------------------------
median     massfin       :      1.057484
err_plus   massfin       :      0.079748
err_minus  massfin       :      0.020706
-----------------------------------------------------
median     age           :   4311.102123
err_plus   age           :   1458.744755
err_minus  age           :   1717.578061
-----------------------------------------------------

Saved results to mnt/c/Users/georg/Documents/GitHub/Iwan-and-George-Year-4-Project/Results/JustKenResults.ascii.
Saved corner plot to mnt/c/Users/georg/Documents/GitHub/Iwan-and-George-Year-4-Project/Results/2141754578242371584_corner.png.
Saved Kiel diagram to mnt/c/Users/georg/Documents/GitHub/Iwan-and-George-Year-4-Project/Results/2141754578242371584_kiel.png.
Did not get any frequency file input, skipping ratios and echelle plots.
Saved dictionary to mnt/c/Users/georg/Documents/GitHub/Iwan-and-George-Year-4-Project/Results/2141754578242371584.json

Finished on 2024-01-20 17:24:15 (runtime 13.0 s).

