========================================================================================
                                         BASTA                                         
                             The BAyesian STellar Algorithm                             

                                     Version 1.2.1                                     

                                (c) 2022, The BASTA Team                                
                           https://github.com/BASTAcode/BASTA                           
========================================================================================

Run started on 2024-01-20 17:24:22 . 

Random numbers initialised with seed: 3178 .

Fitting star id: 2221164434736927360 .
* Using the grid '/root/BASTA/grids/Garstec_AS09_barbieMS.hdf5' of type 'sobol tracks'.
  - Grid built with BASTA version 1.3.1, timestamp: 2023-11-28 at 20:12:28.

Transforming solar-based asteroseismic quantities:
* Converting to solar units if needed...
* Solar model scaling not activated!  -->  Dnu will not be scaled.
Done!

Fitting information:
* Fitting parameters with values and uncertainties:
  - Teff: [5315.492, 8.7473]
  - FeH: [0.1803, 0.0096]

Additional input parameters and settings in alphabetical order:
* asciiparams: ['Teff', 'FeH', 'radPhot', 'massfin', 'age']
* centroid: median
* cornerplots: ['Teff', 'FeH', 'radPhot', 'massfin', 'age']
* dnu_scales: {}
* dnusun: 135.1
* freqplots: []
* inputfile: input_JustKen.xml
* kielplots: [True]
* numsun: 3090.0
* output: mnt/c/Users/georg/Documents/GitHub/Iwan-and-George-Year-4-Project/Results/
* plotfmt: png
* solarmodel: False
* uncert: quantiles

Weights and priors:
* Bayesian weights:
  - Along tracks: age
  - Between tracks: volume
* Flat, constrained priors and ranges:
  - Teff: [5289.2501, 5341.7339]
  - FeH: [-0.06970000000000001, 0.4303]
* Additional priors (IMF): 


Computing likelihood of models in the grid (5977 tracks) ...
Done! Computed the likelihood of 25783 models, found 25783 models with non-zero likelihood!


*****************************************
**                                     **
**   Output and results from the fit   **
**                                     **
*****************************************


Highest likelihood model:
* Weighted, non-normalized log-probability: -4.494841264333038
* Grid-index: grid/tracks/track5555[274], with parameters:
  - Name: track5555-1841.fgong
  - Teff      :  5318.079581 
  - FeH       :     0.175927 
  - radPhot   :     1.271027 
  - massfin   :     0.869292 
  - age       : 17602.770740 

Lowest chi2 model:
* chi2: 0.006985351755657858
* Grid-index: grid/tracks/track3329[311], with parameters:
  - Name: track3329-2022.fgong
  - Teff      :  5314.798799 
  - FeH       :     0.180555 
  - radPhot   :     1.139949 
  - massfin   :     0.953456 
  - age       : 12918.650870 


Computing posterior distributions for the requested output parameters!
==> Summary statistics printed below ...

-----------------------------------------------------
median     Teff          :   5314.877109
err_plus   Teff          :      9.523602
err_minus  Teff          :      8.359270
-----------------------------------------------------
median     FeH           :      0.179767
err_plus   FeH           :      0.010156
err_minus  FeH           :      0.008359
-----------------------------------------------------
median     radPhot       :      1.041077
err_plus   radPhot       :      0.199384
err_minus  radPhot       :      0.185426
-----------------------------------------------------
median     massfin       :      0.953369
err_plus   massfin       :      0.032485
err_minus  massfin       :      0.064049
-----------------------------------------------------
median     age           :  12289.507480
err_plus   age           :   3045.117490
err_minus  age           :   9493.523795
-----------------------------------------------------

Saved results to mnt/c/Users/georg/Documents/GitHub/Iwan-and-George-Year-4-Project/Results/JustKenResults.ascii.
Saved corner plot to mnt/c/Users/georg/Documents/GitHub/Iwan-and-George-Year-4-Project/Results/2221164434736927360_corner.png.
Saved Kiel diagram to mnt/c/Users/georg/Documents/GitHub/Iwan-and-George-Year-4-Project/Results/2221164434736927360_kiel.png.
Did not get any frequency file input, skipping ratios and echelle plots.
Saved dictionary to mnt/c/Users/georg/Documents/GitHub/Iwan-and-George-Year-4-Project/Results/2221164434736927360.json

Finished on 2024-01-20 17:24:39 (runtime 17.0 s).

