========================================================================================
                                         BASTA                                         
                             The BAyesian STellar Algorithm                             

                                     Version 1.2.1                                     

                                (c) 2022, The BASTA Team                                
                           https://github.com/BASTAcode/BASTA                           
========================================================================================

Run started on 2024-01-20 17:24:39 . 

Random numbers initialised with seed: 3178 .

Fitting star id: 2254929887069708160 .
* Using the grid '/root/BASTA/grids/Garstec_AS09_barbieMS.hdf5' of type 'sobol tracks'.
  - Grid built with BASTA version 1.3.1, timestamp: 2023-11-28 at 20:12:28.

Transforming solar-based asteroseismic quantities:
* Converting to solar units if needed...
* Solar model scaling not activated!  -->  Dnu will not be scaled.
Done!

Fitting information:
* Fitting parameters with values and uncertainties:
  - Teff: [5802.538, 1.3155]
  - FeH: [0.2933, 0.0018]

Additional input parameters and settings in alphabetical order:
* asciiparams: ['Teff', 'FeH', 'radPhot', 'massfin', 'age']
* centroid: median
* cornerplots: ['Teff', 'FeH', 'radPhot', 'massfin', 'age']
* dnu_scales: {}
* dnusun: 135.1
* freqplots: []
* inputfile: input_JustKen.xml
* kielplots: [True]
* numsun: 3090.0
* output: mnt/c/Users/georg/Documents/GitHub/Iwan-and-George-Year-4-Project/Results/
* plotfmt: png
* solarmodel: False
* uncert: quantiles

Weights and priors:
* Bayesian weights:
  - Along tracks: age
  - Between tracks: volume
* Flat, constrained priors and ranges:
  - Teff: [5798.5914999999995, 5806.4845]
  - FeH: [0.043300000000000005, 0.5433]
* Additional priors (IMF): 


Computing likelihood of models in the grid (5977 tracks) ...
Done! Computed the likelihood of 2966 models, found 2966 models with non-zero likelihood!


*****************************************
**                                     **
**   Output and results from the fit   **
**                                     **
*****************************************


Highest likelihood model:
* Weighted, non-normalized log-probability: -5.9279398027800685
* Grid-index: grid/tracks/track4405[288], with parameters:
  - Name: track4405-1847.fgong
  - Teff      :  5802.057012 
  - FeH       :     0.292788 
  - radPhot   :     1.440958 
  - massfin   :     1.179374 
  - age       :  5373.998189 

Lowest chi2 model:
* chi2: 0.21456426268908263
* Grid-index: grid/tracks/track4405[288], with parameters:
  - Name: track4405-1847.fgong
  - Teff      :  5802.057012 
  - FeH       :     0.292788 
  - radPhot   :     1.440958 
  - massfin   :     1.179374 
  - age       :  5373.998189 


Computing posterior distributions for the requested output parameters!
==> Summary statistics printed below ...

-----------------------------------------------------
median     Teff          :   5802.962189
err_plus   Teff          :      1.362533
err_minus  Teff          :      1.382520
-----------------------------------------------------
median     FeH           :      0.293701
err_plus   FeH           :      0.001741
err_minus  FeH           :      0.002254
-----------------------------------------------------
median     radPhot       :      1.164527
err_plus   radPhot       :      0.231161
err_minus  radPhot       :      0.102740
-----------------------------------------------------
median     massfin       :      1.062795
err_plus   massfin       :      0.087700
err_minus  massfin       :      0.012227
-----------------------------------------------------
median     age           :   5502.853258
err_plus   age           :    748.429342
err_minus  age           :    882.246543
-----------------------------------------------------

Saved results to mnt/c/Users/georg/Documents/GitHub/Iwan-and-George-Year-4-Project/Results/JustKenResults.ascii.
Saved corner plot to mnt/c/Users/georg/Documents/GitHub/Iwan-and-George-Year-4-Project/Results/2254929887069708160_corner.png.
Saved Kiel diagram to mnt/c/Users/georg/Documents/GitHub/Iwan-and-George-Year-4-Project/Results/2254929887069708160_kiel.png.
Did not get any frequency file input, skipping ratios and echelle plots.
Saved dictionary to mnt/c/Users/georg/Documents/GitHub/Iwan-and-George-Year-4-Project/Results/2254929887069708160.json

Finished on 2024-01-20 17:24:50 (runtime 11.0 s).

