========================================================================================
                                         BASTA                                         
                             The BAyesian STellar Algorithm                             

                                     Version 1.2.1                                     

                                (c) 2022, The BASTA Team                                
                           https://github.com/BASTAcode/BASTA                           
========================================================================================

Run started on 2024-01-20 17:24:51 . 

Random numbers initialised with seed: 3178 .

Fitting star id: 2296342614570999552 .
* Using the grid '/root/BASTA/grids/Garstec_AS09_barbieMS.hdf5' of type 'sobol tracks'.
  - Grid built with BASTA version 1.3.1, timestamp: 2023-11-28 at 20:12:28.

Transforming solar-based asteroseismic quantities:
* Converting to solar units if needed...
* Solar model scaling not activated!  -->  Dnu will not be scaled.
Done!

Fitting information:
* Fitting parameters with values and uncertainties:
  - Teff: [5768.8984, 2.0116]
  - FeH: [-0.0769, 0.0042]

Additional input parameters and settings in alphabetical order:
* asciiparams: ['Teff', 'FeH', 'radPhot', 'massfin', 'age']
* centroid: median
* cornerplots: ['Teff', 'FeH', 'radPhot', 'massfin', 'age']
* dnu_scales: {}
* dnusun: 135.1
* freqplots: []
* inputfile: input_JustKen.xml
* kielplots: [True]
* numsun: 3090.0
* output: mnt/c/Users/georg/Documents/GitHub/Iwan-and-George-Year-4-Project/Results/
* plotfmt: png
* solarmodel: False
* uncert: quantiles

Weights and priors:
* Bayesian weights:
  - Along tracks: age
  - Between tracks: volume
* Flat, constrained priors and ranges:
  - Teff: [5762.8636, 5774.9332]
  - FeH: [-0.32689999999999997, 0.1731]
* Additional priors (IMF): 


Computing likelihood of models in the grid (5977 tracks) ...
Done! Computed the likelihood of 4509 models, found 4509 models with non-zero likelihood!


*****************************************
**                                     **
**   Output and results from the fit   **
**                                     **
*****************************************


Highest likelihood model:
* Weighted, non-normalized log-probability: -4.464557995993072
* Grid-index: grid/tracks/track0611[100], with parameters:
  - Name: track0611-977.fgong
  - Teff      :  5769.108414 
  - FeH       :    -0.077575 
  - radPhot   :     0.904923 
  - massfin   :     0.845687 
  - age       :  7373.162825 

Lowest chi2 model:
* chi2: 0.01984906246923967
* Grid-index: grid/tracks/track4977[126], with parameters:
  - Name: track4977-1112.fgong
  - Teff      :  5769.173268 
  - FeH       :    -0.077044 
  - radPhot   :     0.981857 
  - massfin   :     0.987752 
  - age       :  4514.140145 


Computing posterior distributions for the requested output parameters!
==> Summary statistics printed below ...

-----------------------------------------------------
median     Teff          :   5769.108414
err_plus   Teff          :      1.908419
err_minus  Teff          :      1.958273
-----------------------------------------------------
median     FeH           :     -0.076273
err_plus   FeH           :      0.005580
err_minus  FeH           :      0.001913
-----------------------------------------------------
median     radPhot       :      0.999522
err_plus   radPhot       :      0.290979
err_minus  radPhot       :      0.094599
-----------------------------------------------------
median     massfin       :      0.942608
err_plus   massfin       :      0.049542
err_minus  massfin       :      0.073185
-----------------------------------------------------
median     age           :   6896.690475
err_plus   age           :   2648.084188
err_minus  age           :   3136.386024
-----------------------------------------------------

Saved results to mnt/c/Users/georg/Documents/GitHub/Iwan-and-George-Year-4-Project/Results/JustKenResults.ascii.
Saved corner plot to mnt/c/Users/georg/Documents/GitHub/Iwan-and-George-Year-4-Project/Results/2296342614570999552_corner.png.
Saved Kiel diagram to mnt/c/Users/georg/Documents/GitHub/Iwan-and-George-Year-4-Project/Results/2296342614570999552_kiel.png.
Did not get any frequency file input, skipping ratios and echelle plots.
Saved dictionary to mnt/c/Users/georg/Documents/GitHub/Iwan-and-George-Year-4-Project/Results/2296342614570999552.json

Finished on 2024-01-20 17:25:04 (runtime 13.0 s).

