========================================================================================
                                         BASTA                                         
                             The BAyesian STellar Algorithm                             

                                     Version 1.2.1                                     

                                (c) 2022, The BASTA Team                                
                           https://github.com/BASTAcode/BASTA                           
========================================================================================

Run started on 2024-01-20 17:25:05 . 

Random numbers initialised with seed: 3178 .

Fitting star id: 2300641567596591488 .
* Using the grid '/root/BASTA/grids/Garstec_AS09_barbieMS.hdf5' of type 'sobol tracks'.
  - Grid built with BASTA version 1.3.1, timestamp: 2023-11-28 at 20:12:28.

Transforming solar-based asteroseismic quantities:
* Converting to solar units if needed...
* Solar model scaling not activated!  -->  Dnu will not be scaled.
Done!

Fitting information:
* Fitting parameters with values and uncertainties:
  - Teff: [4998.011, 9.4973]
  - FeH: [-0.2142, 0.0266]

Additional input parameters and settings in alphabetical order:
* asciiparams: ['Teff', 'FeH', 'radPhot', 'massfin', 'age']
* centroid: median
* cornerplots: ['Teff', 'FeH', 'radPhot', 'massfin', 'age']
* dnu_scales: {}
* dnusun: 135.1
* freqplots: []
* inputfile: input_JustKen.xml
* kielplots: [True]
* numsun: 3090.0
* output: mnt/c/Users/georg/Documents/GitHub/Iwan-and-George-Year-4-Project/Results/
* plotfmt: png
* solarmodel: False
* uncert: quantiles

Weights and priors:
* Bayesian weights:
  - Along tracks: age
  - Between tracks: volume
* Flat, constrained priors and ranges:
  - Teff: [4969.5191, 5026.5029]
  - FeH: [-0.4642, 0.0358]
* Additional priors (IMF): 


Computing likelihood of models in the grid (5977 tracks) ...
Done! Computed the likelihood of 3488 models, found 3488 models with non-zero likelihood!


*****************************************
**                                     **
**   Output and results from the fit   **
**                                     **
*****************************************


Highest likelihood model:
* Weighted, non-normalized log-probability: -3.2557841017272464
* Grid-index: grid/tracks/track4655[97], with parameters:
  - Name: track4655-968.fgong
  - Teff      :  4998.352516 
  - FeH       :    -0.218270 
  - radPhot   :     0.766619 
  - massfin   :     0.755761 
  - age       : 13414.825970 

Lowest chi2 model:
* chi2: 0.008677910762389074
* Grid-index: grid/tracks/track0719[28], with parameters:
  - Name: track0719-620.fgong
  - Teff      :  4997.808179 
  - FeH       :    -0.211788 
  - radPhot   :     0.699205 
  - massfin   :     0.741935 
  - age       :  3790.213223 


Computing posterior distributions for the requested output parameters!
==> Summary statistics printed below ...

-----------------------------------------------------
median     Teff          :   4999.463838
err_plus   Teff          :      8.493961
err_minus  Teff          :      9.579118
-----------------------------------------------------
median     FeH           :     -0.214605
err_plus   FeH           :      0.018934
err_minus  FeH           :      0.019783
-----------------------------------------------------
median     radPhot       :      0.706225
err_plus   radPhot       :      0.079334
err_minus  radPhot       :      0.033359
-----------------------------------------------------
median     massfin       :      0.736984
err_plus   massfin       :      0.020014
err_minus  massfin       :      0.023022
-----------------------------------------------------
median     age           :   8572.571164
err_plus   age           :   9477.958976
err_minus  age           :   7739.928164
-----------------------------------------------------

Saved results to mnt/c/Users/georg/Documents/GitHub/Iwan-and-George-Year-4-Project/Results/JustKenResults.ascii.
Saved corner plot to mnt/c/Users/georg/Documents/GitHub/Iwan-and-George-Year-4-Project/Results/2300641567596591488_corner.png.
Saved Kiel diagram to mnt/c/Users/georg/Documents/GitHub/Iwan-and-George-Year-4-Project/Results/2300641567596591488_kiel.png.
Did not get any frequency file input, skipping ratios and echelle plots.
Saved dictionary to mnt/c/Users/georg/Documents/GitHub/Iwan-and-George-Year-4-Project/Results/2300641567596591488.json

Finished on 2024-01-20 17:25:16 (runtime 11.0 s).

