========================================================================================
                                         BASTA                                         
                             The BAyesian STellar Algorithm                             

                                     Version 1.2.1                                     

                                (c) 2022, The BASTA Team                                
                           https://github.com/BASTAcode/BASTA                           
========================================================================================

Run started on 2024-01-20 17:25:17 . 

Random numbers initialised with seed: 3178 .

Fitting star id: 2303332931542914048 .
* Using the grid '/root/BASTA/grids/Garstec_AS09_barbieMS.hdf5' of type 'sobol tracks'.
  - Grid built with BASTA version 1.3.1, timestamp: 2023-11-28 at 20:12:28.

Transforming solar-based asteroseismic quantities:
* Converting to solar units if needed...
* Solar model scaling not activated!  -->  Dnu will not be scaled.
Done!

Fitting information:
* Fitting parameters with values and uncertainties:
  - Teff: [5933.392, 8.3053]
  - FeH: [0.2851, 0.0061]

Additional input parameters and settings in alphabetical order:
* asciiparams: ['Teff', 'FeH', 'radPhot', 'massfin', 'age']
* centroid: median
* cornerplots: ['Teff', 'FeH', 'radPhot', 'massfin', 'age']
* dnu_scales: {}
* dnusun: 135.1
* freqplots: []
* inputfile: input_JustKen.xml
* kielplots: [True]
* numsun: 3090.0
* output: mnt/c/Users/georg/Documents/GitHub/Iwan-and-George-Year-4-Project/Results/
* plotfmt: png
* solarmodel: False
* uncert: quantiles

Weights and priors:
* Bayesian weights:
  - Along tracks: age
  - Between tracks: volume
* Flat, constrained priors and ranges:
  - Teff: [5908.4761, 5958.3079]
  - FeH: [0.03510000000000002, 0.5351]
* Additional priors (IMF): 


Computing likelihood of models in the grid (5977 tracks) ...
Done! Computed the likelihood of 11519 models, found 11519 models with non-zero likelihood!


*****************************************
**                                     **
**   Output and results from the fit   **
**                                     **
*****************************************


Highest likelihood model:
* Weighted, non-normalized log-probability: -5.62857559628759
* Grid-index: grid/tracks/track2349[239], with parameters:
  - Name: track2349-1615.fgong
  - Teff      :  5935.038400 
  - FeH       :     0.282859 
  - radPhot   :     1.262594 
  - massfin   :     1.132559 
  - age       :  4588.932928 

Lowest chi2 model:
* chi2: 0.0067304841173670225
* Grid-index: grid/tracks/track3213[92], with parameters:
  - Name: track3213-880.fgong
  - Teff      :  5932.979526 
  - FeH       :     0.284702 
  - radPhot   :     1.125167 
  - massfin   :     1.112848 
  - age       :  1770.708418 


Computing posterior distributions for the requested output parameters!
==> Summary statistics printed below ...

-----------------------------------------------------
median     Teff          :   5934.408541
err_plus   Teff          :      7.966973
err_minus  Teff          :      8.125661
-----------------------------------------------------
median     FeH           :      0.284389
err_plus   FeH           :      0.005415
err_minus  FeH           :      0.005337
-----------------------------------------------------
median     radPhot       :      1.120950
err_plus   radPhot       :      0.187536
err_minus  radPhot       :      0.070491
-----------------------------------------------------
median     massfin       :      1.132555
err_plus   massfin       :      0.028967
err_minus  massfin       :      0.019696
-----------------------------------------------------
median     age           :   1767.399673
err_plus   age           :   2943.417432
err_minus  age           :    906.711587
-----------------------------------------------------

Saved results to mnt/c/Users/georg/Documents/GitHub/Iwan-and-George-Year-4-Project/Results/JustKenResults.ascii.
Saved corner plot to mnt/c/Users/georg/Documents/GitHub/Iwan-and-George-Year-4-Project/Results/2303332931542914048_corner.png.
Saved Kiel diagram to mnt/c/Users/georg/Documents/GitHub/Iwan-and-George-Year-4-Project/Results/2303332931542914048_kiel.png.
Did not get any frequency file input, skipping ratios and echelle plots.
Saved dictionary to mnt/c/Users/georg/Documents/GitHub/Iwan-and-George-Year-4-Project/Results/2303332931542914048.json

Finished on 2024-01-20 17:25:28 (runtime 11.0 s).

