========================================================================================
                                         BASTA                                         
                             The BAyesian STellar Algorithm                             

                                     Version 1.2.1                                     

                                (c) 2022, The BASTA Team                                
                           https://github.com/BASTAcode/BASTA                           
========================================================================================

Run started on 2024-01-20 17:25:29 . 

Random numbers initialised with seed: 3178 .

Fitting star id: 2340919358581488768 .
* Using the grid '/root/BASTA/grids/Garstec_AS09_barbieMS.hdf5' of type 'sobol tracks'.
  - Grid built with BASTA version 1.3.1, timestamp: 2023-11-28 at 20:12:28.

Transforming solar-based asteroseismic quantities:
* Converting to solar units if needed...
* Solar model scaling not activated!  -->  Dnu will not be scaled.
Done!

Fitting information:
* Fitting parameters with values and uncertainties:
  - Teff: [5749.773, 2.368]
  - FeH: [0.0435, 0.0055]

Additional input parameters and settings in alphabetical order:
* asciiparams: ['Teff', 'FeH', 'radPhot', 'massfin', 'age']
* centroid: median
* cornerplots: ['Teff', 'FeH', 'radPhot', 'massfin', 'age']
* dnu_scales: {}
* dnusun: 135.1
* freqplots: []
* inputfile: input_JustKen.xml
* kielplots: [True]
* numsun: 3090.0
* output: mnt/c/Users/georg/Documents/GitHub/Iwan-and-George-Year-4-Project/Results/
* plotfmt: png
* solarmodel: False
* uncert: quantiles

Weights and priors:
* Bayesian weights:
  - Along tracks: age
  - Between tracks: volume
* Flat, constrained priors and ranges:
  - Teff: [5742.669, 5756.877]
  - FeH: [-0.20650000000000002, 0.2935]
* Additional priors (IMF): 


Computing likelihood of models in the grid (5977 tracks) ...
Done! Computed the likelihood of 6508 models, found 6508 models with non-zero likelihood!


*****************************************
**                                     **
**   Output and results from the fit   **
**                                     **
*****************************************


Highest likelihood model:
* Weighted, non-normalized log-probability: -4.747292785673253
* Grid-index: grid/tracks/track2283[195], with parameters:
  - Name: track2283-1453.fgong
  - Teff      :  5750.309402 
  - FeH       :     0.044964 
  - radPhot   :     1.052442 
  - massfin   :     0.936551 
  - age       :  8517.946536 

Lowest chi2 model:
* chi2: 0.0024490098949264284
* Grid-index: grid/tracks/track0345[256], with parameters:
  - Name: track0345-1739.fgong
  - Teff      :  5749.680112 
  - FeH       :     0.043334 
  - radPhot   :     1.816943 
  - massfin   :     1.042124 
  - age       :  7194.466610 


Computing posterior distributions for the requested output parameters!
==> Summary statistics printed below ...

-----------------------------------------------------
median     Teff          :   5750.418322
err_plus   Teff          :      2.252000
err_minus  Teff          :      2.223940
-----------------------------------------------------
median     FeH           :      0.043583
err_plus   FeH           :      0.004464
err_minus  FeH           :      0.005044
-----------------------------------------------------
median     radPhot       :      1.108228
err_plus   radPhot       :      0.158723
err_minus  radPhot       :      0.102614
-----------------------------------------------------
median     massfin       :      0.984466
err_plus   massfin       :      0.090820
err_minus  massfin       :      0.047922
-----------------------------------------------------
median     age           :   8603.396682
err_plus   age           :    936.899854
err_minus  age           :   6426.437785
-----------------------------------------------------

Saved results to mnt/c/Users/georg/Documents/GitHub/Iwan-and-George-Year-4-Project/Results/JustKenResults.ascii.
Saved corner plot to mnt/c/Users/georg/Documents/GitHub/Iwan-and-George-Year-4-Project/Results/2340919358581488768_corner.png.
Saved Kiel diagram to mnt/c/Users/georg/Documents/GitHub/Iwan-and-George-Year-4-Project/Results/2340919358581488768_kiel.png.
Did not get any frequency file input, skipping ratios and echelle plots.
Saved dictionary to mnt/c/Users/georg/Documents/GitHub/Iwan-and-George-Year-4-Project/Results/2340919358581488768.json

Finished on 2024-01-20 17:25:44 (runtime 15.0 s).

