========================================================================================
                                         BASTA                                         
                             The BAyesian STellar Algorithm                             

                                     Version 1.2.1                                     

                                (c) 2022, The BASTA Team                                
                           https://github.com/BASTAcode/BASTA                           
========================================================================================

Run started on 2024-01-20 17:26:01 . 

Random numbers initialised with seed: 3178 .

Fitting star id: 2415410962124813056 .
* Using the grid '/root/BASTA/grids/Garstec_AS09_barbieMS.hdf5' of type 'sobol tracks'.
  - Grid built with BASTA version 1.3.1, timestamp: 2023-11-28 at 20:12:28.

Transforming solar-based asteroseismic quantities:
* Converting to solar units if needed...
* Solar model scaling not activated!  -->  Dnu will not be scaled.
Done!

Fitting information:
* Fitting parameters with values and uncertainties:
  - Teff: [5593.2373, 3.3452]
  - FeH: [-0.056, 0.0057]

Additional input parameters and settings in alphabetical order:
* asciiparams: ['Teff', 'FeH', 'radPhot', 'massfin', 'age']
* centroid: median
* cornerplots: ['Teff', 'FeH', 'radPhot', 'massfin', 'age']
* dnu_scales: {}
* dnusun: 135.1
* freqplots: []
* inputfile: input_JustKen.xml
* kielplots: [True]
* numsun: 3090.0
* output: mnt/c/Users/georg/Documents/GitHub/Iwan-and-George-Year-4-Project/Results/
* plotfmt: png
* solarmodel: False
* uncert: quantiles

Weights and priors:
* Bayesian weights:
  - Along tracks: age
  - Between tracks: volume
* Flat, constrained priors and ranges:
  - Teff: [5583.2017, 5603.2729]
  - FeH: [-0.306, 0.194]
* Additional priors (IMF): 


Computing likelihood of models in the grid (5977 tracks) ...
Done! Computed the likelihood of 6427 models, found 6427 models with non-zero likelihood!


*****************************************
**                                     **
**   Output and results from the fit   **
**                                     **
*****************************************


Highest likelihood model:
* Weighted, non-normalized log-probability: -3.9824253810191266
* Grid-index: grid/tracks/track0727[144], with parameters:
  - Name: track0727-1197.fgong
  - Teff      :  5593.630461 
  - FeH       :    -0.055164 
  - radPhot   :     0.985608 
  - massfin   :     0.819528 
  - age       : 12623.434450 

Lowest chi2 model:
* chi2: 0.004794714927763466
* Grid-index: grid/tracks/track3059[65], with parameters:
  - Name: track3059-794.fgong
  - Teff      :  5593.271234 
  - FeH       :    -0.055610 
  - radPhot   :     0.863818 
  - massfin   :     0.856832 
  - age       :  4363.742399 


Computing posterior distributions for the requested output parameters!
==> Summary statistics printed below ...

-----------------------------------------------------
median     Teff          :   5593.436720
err_plus   Teff          :      3.476876
err_minus  Teff          :      3.726144
-----------------------------------------------------
median     FeH           :     -0.055610
err_plus   FeH           :      0.005068
err_minus  FeH           :      0.005363
-----------------------------------------------------
median     radPhot       :      0.981627
err_plus   radPhot       :      0.186030
err_minus  radPhot       :      0.120410
-----------------------------------------------------
median     massfin       :      0.882446
err_plus   massfin       :      0.056031
err_minus  massfin       :      0.062913
-----------------------------------------------------
median     age           :  10303.636450
err_plus   age           :   2477.902420
err_minus  age           :   6982.778515
-----------------------------------------------------

Saved results to mnt/c/Users/georg/Documents/GitHub/Iwan-and-George-Year-4-Project/Results/JustKenResults.ascii.
Saved corner plot to mnt/c/Users/georg/Documents/GitHub/Iwan-and-George-Year-4-Project/Results/2415410962124813056_corner.png.
Saved Kiel diagram to mnt/c/Users/georg/Documents/GitHub/Iwan-and-George-Year-4-Project/Results/2415410962124813056_kiel.png.
Did not get any frequency file input, skipping ratios and echelle plots.
Saved dictionary to mnt/c/Users/georg/Documents/GitHub/Iwan-and-George-Year-4-Project/Results/2415410962124813056.json

Finished on 2024-01-20 17:26:16 (runtime 15.0 s).

