========================================================================================
                                         BASTA                                         
                             The BAyesian STellar Algorithm                             

                                     Version 1.2.1                                     

                                (c) 2022, The BASTA Team                                
                           https://github.com/BASTAcode/BASTA                           
========================================================================================

Run started on 2024-01-20 17:26:16 . 

Random numbers initialised with seed: 3178 .

Fitting star id: 2424406513428936832 .
* Using the grid '/root/BASTA/grids/Garstec_AS09_barbieMS.hdf5' of type 'sobol tracks'.
  - Grid built with BASTA version 1.3.1, timestamp: 2023-11-28 at 20:12:28.

Transforming solar-based asteroseismic quantities:
* Converting to solar units if needed...
* Solar model scaling not activated!  -->  Dnu will not be scaled.
Done!

Fitting information:
* Fitting parameters with values and uncertainties:
  - Teff: [5368.3022, 13.1538]
  - FeH: [0.0907, 0.0144]

Additional input parameters and settings in alphabetical order:
* asciiparams: ['Teff', 'FeH', 'radPhot', 'massfin', 'age']
* centroid: median
* cornerplots: ['Teff', 'FeH', 'radPhot', 'massfin', 'age']
* dnu_scales: {}
* dnusun: 135.1
* freqplots: []
* inputfile: input_JustKen.xml
* kielplots: [True]
* numsun: 3090.0
* output: mnt/c/Users/georg/Documents/GitHub/Iwan-and-George-Year-4-Project/Results/
* plotfmt: png
* solarmodel: False
* uncert: quantiles

Weights and priors:
* Bayesian weights:
  - Along tracks: age
  - Between tracks: volume
* Flat, constrained priors and ranges:
  - Teff: [5328.8408, 5407.7636]
  - FeH: [-0.1593, 0.3407]
* Additional priors (IMF): 


Computing likelihood of models in the grid (5977 tracks) ...
Done! Computed the likelihood of 27801 models, found 27801 models with non-zero likelihood!


*****************************************
**                                     **
**   Output and results from the fit   **
**                                     **
*****************************************


Highest likelihood model:
* Weighted, non-normalized log-probability: -3.897706284379557
* Grid-index: grid/tracks/track1575[170], with parameters:
  - Name: track1575-1329.fgong
  - Teff      :  5364.893723 
  - FeH       :     0.083444 
  - radPhot   :     0.999360 
  - massfin   :     0.786461 
  - age       : 18796.859400 

Lowest chi2 model:
* chi2: 0.004609883294027474
* Grid-index: grid/tracks/track3827[259], with parameters:
  - Name: track3827-1777.fgong
  - Teff      :  5367.545652 
  - FeH       :     0.090180 
  - radPhot   :     1.301386 
  - massfin   :     0.858251 
  - age       : 18033.233550 


Computing posterior distributions for the requested output parameters!
==> Summary statistics printed below ...

-----------------------------------------------------
median     Teff          :   5368.373593
err_plus   Teff          :     13.288572
err_minus  Teff          :     12.642756
-----------------------------------------------------
median     FeH           :      0.090267
err_plus   FeH           :      0.012580
err_minus  FeH           :      0.012838
-----------------------------------------------------
median     radPhot       :      0.912837
err_plus   radPhot       :      0.287288
err_minus  radPhot       :      0.071425
-----------------------------------------------------
median     massfin       :      0.908339
err_plus   massfin       :      0.048864
err_minus  massfin       :      0.070450
-----------------------------------------------------
median     age           :   9002.803563
err_plus   age           :   6575.272667
err_minus  age           :   6190.785224
-----------------------------------------------------

Saved results to mnt/c/Users/georg/Documents/GitHub/Iwan-and-George-Year-4-Project/Results/JustKenResults.ascii.
Saved corner plot to mnt/c/Users/georg/Documents/GitHub/Iwan-and-George-Year-4-Project/Results/2424406513428936832_corner.png.
Saved Kiel diagram to mnt/c/Users/georg/Documents/GitHub/Iwan-and-George-Year-4-Project/Results/2424406513428936832_kiel.png.
Did not get any frequency file input, skipping ratios and echelle plots.
Saved dictionary to mnt/c/Users/georg/Documents/GitHub/Iwan-and-George-Year-4-Project/Results/2424406513428936832.json

Finished on 2024-01-20 17:26:33 (runtime 17.0 s).

