========================================================================================
                                         BASTA                                         
                             The BAyesian STellar Algorithm                             

                                     Version 1.2.1                                     

                                (c) 2022, The BASTA Team                                
                           https://github.com/BASTAcode/BASTA                           
========================================================================================

Run started on 2024-01-20 17:26:34 . 

Random numbers initialised with seed: 3178 .

Fitting star id: 2424621502311961344 .
* Using the grid '/root/BASTA/grids/Garstec_AS09_barbieMS.hdf5' of type 'sobol tracks'.
  - Grid built with BASTA version 1.3.1, timestamp: 2023-11-28 at 20:12:28.

Transforming solar-based asteroseismic quantities:
* Converting to solar units if needed...
* Solar model scaling not activated!  -->  Dnu will not be scaled.
Done!

Fitting information:
* Fitting parameters with values and uncertainties:
  - Teff: [6019.915, 15.712]
  - FeH: [-0.0681, 0.0157]

Additional input parameters and settings in alphabetical order:
* asciiparams: ['Teff', 'FeH', 'radPhot', 'massfin', 'age']
* centroid: median
* cornerplots: ['Teff', 'FeH', 'radPhot', 'massfin', 'age']
* dnu_scales: {}
* dnusun: 135.1
* freqplots: []
* inputfile: input_JustKen.xml
* kielplots: [True]
* numsun: 3090.0
* output: mnt/c/Users/georg/Documents/GitHub/Iwan-and-George-Year-4-Project/Results/
* plotfmt: png
* solarmodel: False
* uncert: quantiles

Weights and priors:
* Bayesian weights:
  - Along tracks: age
  - Between tracks: volume
* Flat, constrained priors and ranges:
  - Teff: [5972.7789999999995, 6067.051]
  - FeH: [-0.3181, 0.1819]
* Additional priors (IMF): 


Computing likelihood of models in the grid (5977 tracks) ...
Done! Computed the likelihood of 37011 models, found 37011 models with non-zero likelihood!


*****************************************
**                                     **
**   Output and results from the fit   **
**                                     **
*****************************************


Highest likelihood model:
* Weighted, non-normalized log-probability: -4.758567126670009
* Grid-index: grid/tracks/track5889[168], with parameters:
  - Name: track5889-1315.fgong
  - Teff      :  6016.719859 
  - FeH       :    -0.063700 
  - radPhot   :     1.130651 
  - massfin   :     0.951504 
  - age       :  6912.546398 

Lowest chi2 model:
* chi2: 0.004036941129907322
* Grid-index: grid/tracks/track0877[280], with parameters:
  - Name: track0877-1835.fgong
  - Teff      :  6019.612645 
  - FeH       :    -0.069051 
  - radPhot   :     1.454930 
  - massfin   :     1.128352 
  - age       :  5415.462803 


Computing posterior distributions for the requested output parameters!
==> Summary statistics printed below ...

-----------------------------------------------------
median     Teff          :   6020.227311
err_plus   Teff          :     15.448045
err_minus  Teff          :     15.055407
-----------------------------------------------------
median     FeH           :     -0.068874
err_plus   FeH           :      0.015468
err_minus  FeH           :      0.016060
-----------------------------------------------------
median     radPhot       :      1.124305
err_plus   radPhot       :      0.301273
err_minus  radPhot       :      0.145748
-----------------------------------------------------
median     massfin       :      1.043294
err_plus   massfin       :      0.057522
err_minus  massfin       :      0.091664
-----------------------------------------------------
median     age           :   4939.987837
err_plus   age           :   1654.914938
err_minus  age           :   2997.677615
-----------------------------------------------------

Saved results to mnt/c/Users/georg/Documents/GitHub/Iwan-and-George-Year-4-Project/Results/JustKenResults.ascii.
Saved corner plot to mnt/c/Users/georg/Documents/GitHub/Iwan-and-George-Year-4-Project/Results/2424621502311961344_corner.png.
Saved Kiel diagram to mnt/c/Users/georg/Documents/GitHub/Iwan-and-George-Year-4-Project/Results/2424621502311961344_kiel.png.
Did not get any frequency file input, skipping ratios and echelle plots.
Saved dictionary to mnt/c/Users/georg/Documents/GitHub/Iwan-and-George-Year-4-Project/Results/2424621502311961344.json

Finished on 2024-01-20 17:26:50 (runtime 16.0 s).

