========================================================================================
                                         BASTA                                         
                             The BAyesian STellar Algorithm                             

                                     Version 1.2.1                                     

                                (c) 2022, The BASTA Team                                
                           https://github.com/BASTAcode/BASTA                           
========================================================================================

Run started on 2024-01-20 17:26:57 . 

Random numbers initialised with seed: 3178 .

Fitting star id: 2441013811932929280 .
* Using the grid '/root/BASTA/grids/Garstec_AS09_barbieMS.hdf5' of type 'sobol tracks'.
  - Grid built with BASTA version 1.3.1, timestamp: 2023-11-28 at 20:12:28.

Transforming solar-based asteroseismic quantities:
* Converting to solar units if needed...
* Solar model scaling not activated!  -->  Dnu will not be scaled.
Done!

Fitting information:
* Fitting parameters with values and uncertainties:
  - Teff: [6426.0034, 8.4086]
  - FeH: [-0.3622, 0.0056]

Additional input parameters and settings in alphabetical order:
* asciiparams: ['Teff', 'FeH', 'radPhot', 'massfin', 'age']
* centroid: median
* cornerplots: ['Teff', 'FeH', 'radPhot', 'massfin', 'age']
* dnu_scales: {}
* dnusun: 135.1
* freqplots: []
* inputfile: input_JustKen.xml
* kielplots: [True]
* numsun: 3090.0
* output: mnt/c/Users/georg/Documents/GitHub/Iwan-and-George-Year-4-Project/Results/
* plotfmt: png
* solarmodel: False
* uncert: quantiles

Weights and priors:
* Bayesian weights:
  - Along tracks: age
  - Between tracks: volume
* Flat, constrained priors and ranges:
  - Teff: [6400.777599999999, 6451.2292]
  - FeH: [-0.6122000000000001, -0.11220000000000002]
* Additional priors (IMF): 


Computing likelihood of models in the grid (5977 tracks) ...
Done! Computed the likelihood of 11241 models, found 11241 models with non-zero likelihood!


*****************************************
**                                     **
**   Output and results from the fit   **
**                                     **
*****************************************


Highest likelihood model:
* Weighted, non-normalized log-probability: -5.014121605175356
* Grid-index: grid/tracks/track5134[12], with parameters:
  - Name: track5134-537.fgong
  - Teff      :  6428.291410 
  - FeH       :    -0.361216 
  - radPhot   :     0.906875 
  - massfin   :     0.981977 
  - age       :   296.588281 

Lowest chi2 model:
* chi2: 0.0004995037898612338
* Grid-index: grid/tracks/track2534[98], with parameters:
  - Name: track2534-961.fgong
  - Teff      :  6426.000149 
  - FeH       :    -0.362075 
  - radPhot   :     1.089798 
  - massfin   :     1.029705 
  - age       :  2867.044151 


Computing posterior distributions for the requested output parameters!
==> Summary statistics printed below ...

-----------------------------------------------------
median     Teff          :   6426.617909
err_plus   Teff          :      4.065896
err_minus  Teff          :      5.986257
-----------------------------------------------------
median     FeH           :     -0.361821
err_plus   FeH           :      0.005413
err_minus  FeH           :      0.005009
-----------------------------------------------------
median     radPhot       :      1.192949
err_plus   radPhot       :      0.158500
err_minus  radPhot       :      0.190497
-----------------------------------------------------
median     massfin       :      1.057431
err_plus   massfin       :      0.073403
err_minus  massfin       :      0.075448
-----------------------------------------------------
median     age           :   2540.983063
err_plus   age           :   1487.500557
err_minus  age           :   1954.029704
-----------------------------------------------------

Saved results to mnt/c/Users/georg/Documents/GitHub/Iwan-and-George-Year-4-Project/Results/JustKenResults.ascii.
Saved corner plot to mnt/c/Users/georg/Documents/GitHub/Iwan-and-George-Year-4-Project/Results/2441013811932929280_corner.png.
Saved Kiel diagram to mnt/c/Users/georg/Documents/GitHub/Iwan-and-George-Year-4-Project/Results/2441013811932929280_kiel.png.
Did not get any frequency file input, skipping ratios and echelle plots.
Saved dictionary to mnt/c/Users/georg/Documents/GitHub/Iwan-and-George-Year-4-Project/Results/2441013811932929280.json

Finished on 2024-01-20 17:27:09 (runtime 12.0 s).

