========================================================================================
                                         BASTA                                         
                             The BAyesian STellar Algorithm                             

                                     Version 1.2.1                                     

                                (c) 2022, The BASTA Team                                
                           https://github.com/BASTAcode/BASTA                           
========================================================================================

Run started on 2024-01-20 17:27:10 . 

Random numbers initialised with seed: 3178 .

Fitting star id: 2498515516990171392 .
* Using the grid '/root/BASTA/grids/Garstec_AS09_barbieMS.hdf5' of type 'sobol tracks'.
  - Grid built with BASTA version 1.3.1, timestamp: 2023-11-28 at 20:12:28.

Transforming solar-based asteroseismic quantities:
* Converting to solar units if needed...
* Solar model scaling not activated!  -->  Dnu will not be scaled.
Done!

Fitting information:
* Fitting parameters with values and uncertainties:
  - Teff: [6049.0347, 5.7413]
  - FeH: [-0.2918, 0.0098]

Additional input parameters and settings in alphabetical order:
* asciiparams: ['Teff', 'FeH', 'radPhot', 'massfin', 'age']
* centroid: median
* cornerplots: ['Teff', 'FeH', 'radPhot', 'massfin', 'age']
* dnu_scales: {}
* dnusun: 135.1
* freqplots: []
* inputfile: input_JustKen.xml
* kielplots: [True]
* numsun: 3090.0
* output: mnt/c/Users/georg/Documents/GitHub/Iwan-and-George-Year-4-Project/Results/
* plotfmt: png
* solarmodel: False
* uncert: quantiles

Weights and priors:
* Bayesian weights:
  - Along tracks: age
  - Between tracks: volume
* Flat, constrained priors and ranges:
  - Teff: [6031.8108, 6066.2586]
  - FeH: [-0.5418000000000001, -0.041800000000000004]
* Additional priors (IMF): 


Computing likelihood of models in the grid (5977 tracks) ...
Done! Computed the likelihood of 10988 models, found 10988 models with non-zero likelihood!


*****************************************
**                                     **
**   Output and results from the fit   **
**                                     **
*****************************************


Highest likelihood model:
* Weighted, non-normalized log-probability: -4.742469736157813
* Grid-index: grid/tracks/track4523[201], with parameters:
  - Name: track4523-1486.fgong
  - Teff      :  6048.708641 
  - FeH       :    -0.295191 
  - radPhot   :     1.449398 
  - massfin   :     0.946212 
  - age       :  8451.889780 

Lowest chi2 model:
* chi2: 0.048184321649091956
* Grid-index: grid/tracks/track5033[318], with parameters:
  - Name: track5033-2059.fgong
  - Teff      :  6049.960096 
  - FeH       :    -0.293260 
  - radPhot   :     1.587793 
  - massfin   :     1.071101 
  - age       :  7612.893145 


Computing posterior distributions for the requested output parameters!
==> Summary statistics printed below ...

-----------------------------------------------------
median     Teff          :   6048.174300
err_plus   Teff          :      6.280993
err_minus  Teff          :      5.578941
-----------------------------------------------------
median     FeH           :     -0.295892
err_plus   FeH           :      0.015073
err_minus  FeH           :      0.007698
-----------------------------------------------------
median     radPhot       :      1.017816
err_plus   radPhot       :      0.390901
err_minus  radPhot       :      0.153546
-----------------------------------------------------
median     massfin       :      0.964351
err_plus   massfin       :      0.045369
err_minus  massfin       :      0.065631
-----------------------------------------------------
median     age           :   5206.136550
err_plus   age           :   2299.158070
err_minus  age           :   3828.679429
-----------------------------------------------------

Saved results to mnt/c/Users/georg/Documents/GitHub/Iwan-and-George-Year-4-Project/Results/JustKenResults.ascii.
Saved corner plot to mnt/c/Users/georg/Documents/GitHub/Iwan-and-George-Year-4-Project/Results/2498515516990171392_corner.png.
Saved Kiel diagram to mnt/c/Users/georg/Documents/GitHub/Iwan-and-George-Year-4-Project/Results/2498515516990171392_kiel.png.
Did not get any frequency file input, skipping ratios and echelle plots.
Saved dictionary to mnt/c/Users/georg/Documents/GitHub/Iwan-and-George-Year-4-Project/Results/2498515516990171392.json

Finished on 2024-01-20 17:27:24 (runtime 14.0 s).

