========================================================================================
                                         BASTA                                         
                             The BAyesian STellar Algorithm                             

                                     Version 1.2.1                                     

                                (c) 2022, The BASTA Team                                
                           https://github.com/BASTAcode/BASTA                           
========================================================================================

Run started on 2024-01-20 17:27:25 . 

Random numbers initialised with seed: 3178 .

Fitting star id: 2507901914613201024 .
* Using the grid '/root/BASTA/grids/Garstec_AS09_barbieMS.hdf5' of type 'sobol tracks'.
  - Grid built with BASTA version 1.3.1, timestamp: 2023-11-28 at 20:12:28.

Transforming solar-based asteroseismic quantities:
* Converting to solar units if needed...
* Solar model scaling not activated!  -->  Dnu will not be scaled.
Done!

Fitting information:
* Fitting parameters with values and uncertainties:
  - Teff: [6121.359, 4.353]
  - FeH: [-0.0657, 0.0052]

Additional input parameters and settings in alphabetical order:
* asciiparams: ['Teff', 'FeH', 'radPhot', 'massfin', 'age']
* centroid: median
* cornerplots: ['Teff', 'FeH', 'radPhot', 'massfin', 'age']
* dnu_scales: {}
* dnusun: 135.1
* freqplots: []
* inputfile: input_JustKen.xml
* kielplots: [True]
* numsun: 3090.0
* output: mnt/c/Users/georg/Documents/GitHub/Iwan-and-George-Year-4-Project/Results/
* plotfmt: png
* solarmodel: False
* uncert: quantiles

Weights and priors:
* Bayesian weights:
  - Along tracks: age
  - Between tracks: volume
* Flat, constrained priors and ranges:
  - Teff: [6108.3, 6134.418000000001]
  - FeH: [-0.3157, 0.18430000000000002]
* Additional priors (IMF): 


Computing likelihood of models in the grid (5977 tracks) ...
Done! Computed the likelihood of 8030 models, found 8030 models with non-zero likelihood!


*****************************************
**                                     **
**   Output and results from the fit   **
**                                     **
*****************************************


Highest likelihood model:
* Weighted, non-normalized log-probability: -5.14174444443609
* Grid-index: grid/tracks/track5649[108], with parameters:
  - Name: track5649-1020.fgong
  - Teff      :  6119.454855 
  - FeH       :    -0.068652 
  - radPhot   :     1.018874 
  - massfin   :     0.997729 
  - age       :  3666.750295 

Lowest chi2 model:
* chi2: 0.06421357648708682
* Grid-index: grid/tracks/track0809[247], with parameters:
  - Name: track0809-1688.fgong
  - Teff      :  6120.261426 
  - FeH       :    -0.065831 
  - radPhot   :     1.474605 
  - massfin   :     1.069288 
  - age       :  5957.577257 


Computing posterior distributions for the requested output parameters!
==> Summary statistics printed below ...

-----------------------------------------------------
median     Teff          :   6119.836532
err_plus   Teff          :      4.627913
err_minus  Teff          :      4.545906
-----------------------------------------------------
median     FeH           :     -0.066175
err_plus   FeH           :      0.005080
err_minus  FeH           :      0.005497
-----------------------------------------------------
median     radPhot       :      1.059967
err_plus   radPhot       :      0.408703
err_minus  radPhot       :      0.042811
-----------------------------------------------------
median     massfin       :      1.072619
err_plus   massfin       :      0.070547
err_minus  massfin       :      0.074885
-----------------------------------------------------
median     age           :   3313.750295
err_plus   age           :    732.898824
err_minus  age           :   2147.824036
-----------------------------------------------------

Saved results to mnt/c/Users/georg/Documents/GitHub/Iwan-and-George-Year-4-Project/Results/JustKenResults.ascii.
Saved corner plot to mnt/c/Users/georg/Documents/GitHub/Iwan-and-George-Year-4-Project/Results/2507901914613201024_corner.png.
Saved Kiel diagram to mnt/c/Users/georg/Documents/GitHub/Iwan-and-George-Year-4-Project/Results/2507901914613201024_kiel.png.
Did not get any frequency file input, skipping ratios and echelle plots.
Saved dictionary to mnt/c/Users/georg/Documents/GitHub/Iwan-and-George-Year-4-Project/Results/2507901914613201024.json

Finished on 2024-01-20 17:27:41 (runtime 16.0 s).

