========================================================================================
                                         BASTA                                         
                             The BAyesian STellar Algorithm                             

                                     Version 1.2.1                                     

                                (c) 2022, The BASTA Team                                
                           https://github.com/BASTAcode/BASTA                           
========================================================================================

Run started on 2024-01-20 17:27:41 . 

Random numbers initialised with seed: 3178 .

Fitting star id: 2512413932376364288 .
* Using the grid '/root/BASTA/grids/Garstec_AS09_barbieMS.hdf5' of type 'sobol tracks'.
  - Grid built with BASTA version 1.3.1, timestamp: 2023-11-28 at 20:12:28.

Transforming solar-based asteroseismic quantities:
* Converting to solar units if needed...
* Solar model scaling not activated!  -->  Dnu will not be scaled.
Done!

Fitting information:
* Fitting parameters with values and uncertainties:
  - Teff: [5716.1416, 6.939]
  - FeH: [-0.0807, 0.0089]

Additional input parameters and settings in alphabetical order:
* asciiparams: ['Teff', 'FeH', 'radPhot', 'massfin', 'age']
* centroid: median
* cornerplots: ['Teff', 'FeH', 'radPhot', 'massfin', 'age']
* dnu_scales: {}
* dnusun: 135.1
* freqplots: []
* inputfile: input_JustKen.xml
* kielplots: [True]
* numsun: 3090.0
* output: mnt/c/Users/georg/Documents/GitHub/Iwan-and-George-Year-4-Project/Results/
* plotfmt: png
* solarmodel: False
* uncert: quantiles

Weights and priors:
* Bayesian weights:
  - Along tracks: age
  - Between tracks: volume
* Flat, constrained priors and ranges:
  - Teff: [5695.3246, 5736.9586]
  - FeH: [-0.3307, 0.1693]
* Additional priors (IMF): 


Computing likelihood of models in the grid (5977 tracks) ...
Done! Computed the likelihood of 13524 models, found 13524 models with non-zero likelihood!


*****************************************
**                                     **
**   Output and results from the fit   **
**                                     **
*****************************************


Highest likelihood model:
* Weighted, non-normalized log-probability: -3.9326096779141335
* Grid-index: grid/tracks/track1763[28], with parameters:
  - Name: track1763-622.fgong
  - Teff      :  5715.497866 
  - FeH       :    -0.080221 
  - radPhot   :     0.780084 
  - massfin   :     0.843932 
  - age       :  1861.116745 

Lowest chi2 model:
* chi2: 0.01150821321260674
* Grid-index: grid/tracks/track1763[28], with parameters:
  - Name: track1763-622.fgong
  - Teff      :  5715.497866 
  - FeH       :    -0.080221 
  - radPhot   :     0.780084 
  - massfin   :     0.843932 
  - age       :  1861.116745 


Computing posterior distributions for the requested output parameters!
==> Summary statistics printed below ...

-----------------------------------------------------
median     Teff          :   5716.206132
err_plus   Teff          :      6.978708
err_minus  Teff          :      6.794170
-----------------------------------------------------
median     FeH           :     -0.080521
err_plus   FeH           :      0.008451
err_minus  FeH           :      0.006576
-----------------------------------------------------
median     radPhot       :      0.975367
err_plus   radPhot       :      0.369468
err_minus  radPhot       :      0.097407
-----------------------------------------------------
median     massfin       :      0.916783
err_plus   massfin       :      0.059750
err_minus  massfin       :      0.051931
-----------------------------------------------------
median     age           :   7930.486354
err_plus   age           :   2794.840296
err_minus  age           :   4903.878555
-----------------------------------------------------

Saved results to mnt/c/Users/georg/Documents/GitHub/Iwan-and-George-Year-4-Project/Results/JustKenResults.ascii.
Saved corner plot to mnt/c/Users/georg/Documents/GitHub/Iwan-and-George-Year-4-Project/Results/2512413932376364288_corner.png.
Saved Kiel diagram to mnt/c/Users/georg/Documents/GitHub/Iwan-and-George-Year-4-Project/Results/2512413932376364288_kiel.png.
Did not get any frequency file input, skipping ratios and echelle plots.
Saved dictionary to mnt/c/Users/georg/Documents/GitHub/Iwan-and-George-Year-4-Project/Results/2512413932376364288.json

Finished on 2024-01-20 17:27:59 (runtime 18.0 s).

