========================================================================================
                                         BASTA                                         
                             The BAyesian STellar Algorithm                             

                                     Version 1.2.1                                     

                                (c) 2022, The BASTA Team                                
                           https://github.com/BASTAcode/BASTA                           
========================================================================================

Run started on 2024-01-20 17:28:00 . 

Random numbers initialised with seed: 3178 .

Fitting star id: 2538824923230146560 .
* Using the grid '/root/BASTA/grids/Garstec_AS09_barbieMS.hdf5' of type 'sobol tracks'.
  - Grid built with BASTA version 1.3.1, timestamp: 2023-11-28 at 20:12:28.

Transforming solar-based asteroseismic quantities:
* Converting to solar units if needed...
* Solar model scaling not activated!  -->  Dnu will not be scaled.
Done!

Fitting information:
* Fitting parameters with values and uncertainties:
  - Teff: [4389.408, 12.8557]
  - FeH: [0.3436, 0.0681]

Additional input parameters and settings in alphabetical order:
* asciiparams: ['Teff', 'FeH', 'radPhot', 'massfin', 'age']
* centroid: median
* cornerplots: ['Teff', 'FeH', 'radPhot', 'massfin', 'age']
* dnu_scales: {}
* dnusun: 135.1
* freqplots: []
* inputfile: input_JustKen.xml
* kielplots: [True]
* numsun: 3090.0
* output: mnt/c/Users/georg/Documents/GitHub/Iwan-and-George-Year-4-Project/Results/
* plotfmt: png
* solarmodel: False
* uncert: quantiles

Weights and priors:
* Bayesian weights:
  - Along tracks: age
  - Between tracks: volume
* Flat, constrained priors and ranges:
  - Teff: [4350.8409, 4427.975100000001]
  - FeH: [0.09360000000000002, 0.5936]
* Additional priors (IMF): 


Computing likelihood of models in the grid (5977 tracks) ...
Done! Computed the likelihood of 8843 models, found 8843 models with non-zero likelihood!


*****************************************
**                                     **
**   Output and results from the fit   **
**                                     **
*****************************************


Highest likelihood model:
* Weighted, non-normalized log-probability: -3.236955110803175
* Grid-index: grid/tracks/track1743[90], with parameters:
  - Name: track1743-930.fgong
  - Teff      :  4389.020314 
  - FeH       :     0.348115 
  - radPhot   :     0.706195 
  - massfin   :     0.741867 
  - age       : 13569.583000 

Lowest chi2 model:
* chi2: 0.0008173161043554312
* Grid-index: grid/tracks/track5327[32], with parameters:
  - Name: track5327-627.fgong
  - Teff      :  4389.058231 
  - FeH       :     0.343002 
  - radPhot   :     0.684386 
  - massfin   :     0.741956 
  - age       :  4377.516088 


Computing posterior distributions for the requested output parameters!
==> Summary statistics printed below ...

-----------------------------------------------------
median     Teff          :   4389.074885
err_plus   Teff          :     13.192809
err_minus  Teff          :     12.201274
-----------------------------------------------------
median     FeH           :      0.349018
err_plus   FeH           :      0.069089
err_minus  FeH           :      0.056862
-----------------------------------------------------
median     radPhot       :      0.718419
err_plus   radPhot       :      0.037724
err_minus  radPhot       :      0.028064
-----------------------------------------------------
median     massfin       :      0.764803
err_plus   massfin       :      0.044020
err_minus  massfin       :      0.040860
-----------------------------------------------------
median     age           :  12592.601400
err_plus   age           :   4333.755310
err_minus  age           :   9431.696355
-----------------------------------------------------

Saved results to mnt/c/Users/georg/Documents/GitHub/Iwan-and-George-Year-4-Project/Results/JustKenResults.ascii.
Saved corner plot to mnt/c/Users/georg/Documents/GitHub/Iwan-and-George-Year-4-Project/Results/2538824923230146560_corner.png.
Saved Kiel diagram to mnt/c/Users/georg/Documents/GitHub/Iwan-and-George-Year-4-Project/Results/2538824923230146560_kiel.png.
Did not get any frequency file input, skipping ratios and echelle plots.
Saved dictionary to mnt/c/Users/georg/Documents/GitHub/Iwan-and-George-Year-4-Project/Results/2538824923230146560.json

Finished on 2024-01-20 17:28:15 (runtime 15.0 s).

