========================================================================================
                                         BASTA                                         
                             The BAyesian STellar Algorithm                             

                                     Version 1.2.1                                     

                                (c) 2022, The BASTA Team                                
                           https://github.com/BASTAcode/BASTA                           
========================================================================================

Run started on 2024-01-20 17:28:15 . 

Random numbers initialised with seed: 3178 .

Fitting star id: 2562569564026683520 .
* Using the grid '/root/BASTA/grids/Garstec_AS09_barbieMS.hdf5' of type 'sobol tracks'.
  - Grid built with BASTA version 1.3.1, timestamp: 2023-11-28 at 20:12:28.

Transforming solar-based asteroseismic quantities:
* Converting to solar units if needed...
* Solar model scaling not activated!  -->  Dnu will not be scaled.
Done!

Fitting information:
* Fitting parameters with values and uncertainties:
  - Teff: [6289.9805, 22.395]
  - FeH: [-0.0141, 0.0202]

Additional input parameters and settings in alphabetical order:
* asciiparams: ['Teff', 'FeH', 'radPhot', 'massfin', 'age']
* centroid: median
* cornerplots: ['Teff', 'FeH', 'radPhot', 'massfin', 'age']
* dnu_scales: {}
* dnusun: 135.1
* freqplots: []
* inputfile: input_JustKen.xml
* kielplots: [True]
* numsun: 3090.0
* output: mnt/c/Users/georg/Documents/GitHub/Iwan-and-George-Year-4-Project/Results/
* plotfmt: png
* solarmodel: False
* uncert: quantiles

Weights and priors:
* Bayesian weights:
  - Along tracks: age
  - Between tracks: volume
* Flat, constrained priors and ranges:
  - Teff: [6222.795499999999, 6357.1655]
  - FeH: [-0.2641, 0.2359]
* Additional priors (IMF): 


Computing likelihood of models in the grid (5977 tracks) ...
Done! Computed the likelihood of 29118 models, found 29118 models with non-zero likelihood!


*****************************************
**                                     **
**   Output and results from the fit   **
**                                     **
*****************************************


Highest likelihood model:
* Weighted, non-normalized log-probability: -5.46348997072114
* Grid-index: grid/tracks/track0925[47], with parameters:
  - Name: track0925-686.fgong
  - Teff      :  6295.788458 
  - FeH       :    -0.010769 
  - radPhot   :     1.034993 
  - massfin   :     1.094914 
  - age       :   898.740418 

Lowest chi2 model:
* chi2: 0.026345866401157818
* Grid-index: grid/tracks/track3413[156], with parameters:
  - Name: track3413-1200.fgong
  - Teff      :  6286.962184 
  - FeH       :    -0.012273 
  - radPhot   :     1.310806 
  - massfin   :     1.199614 
  - age       :  2847.481379 


Computing posterior distributions for the requested output parameters!
==> Summary statistics printed below ...

-----------------------------------------------------
median     Teff          :   6291.665419
err_plus   Teff          :     22.197240
err_minus  Teff          :     29.181195
-----------------------------------------------------
median     FeH           :     -0.018742
err_plus   FeH           :      0.021150
err_minus  FeH           :      0.020493
-----------------------------------------------------
median     radPhot       :      1.143417
err_plus   radPhot       :      0.143344
err_minus  radPhot       :      0.096875
-----------------------------------------------------
median     massfin       :      1.133642
err_plus   massfin       :      0.043182
err_minus  massfin       :      0.043170
-----------------------------------------------------
median     age           :   1639.446300
err_plus   age           :   1522.251488
err_minus  age           :   1130.509178
-----------------------------------------------------

Saved results to mnt/c/Users/georg/Documents/GitHub/Iwan-and-George-Year-4-Project/Results/JustKenResults.ascii.
Saved corner plot to mnt/c/Users/georg/Documents/GitHub/Iwan-and-George-Year-4-Project/Results/2562569564026683520_corner.png.
Saved Kiel diagram to mnt/c/Users/georg/Documents/GitHub/Iwan-and-George-Year-4-Project/Results/2562569564026683520_kiel.png.
Did not get any frequency file input, skipping ratios and echelle plots.
Saved dictionary to mnt/c/Users/georg/Documents/GitHub/Iwan-and-George-Year-4-Project/Results/2562569564026683520.json

Finished on 2024-01-20 17:28:28 (runtime 13.0 s).

