========================================================================================
                                         BASTA                                         
                             The BAyesian STellar Algorithm                             

                                     Version 1.2.1                                     

                                (c) 2022, The BASTA Team                                
                           https://github.com/BASTAcode/BASTA                           
========================================================================================

Run started on 2024-01-20 17:28:29 . 

Random numbers initialised with seed: 3178 .

Fitting star id: 2641087471777046016 .
* Using the grid '/root/BASTA/grids/Garstec_AS09_barbieMS.hdf5' of type 'sobol tracks'.
  - Grid built with BASTA version 1.3.1, timestamp: 2023-11-28 at 20:12:28.

Transforming solar-based asteroseismic quantities:
* Converting to solar units if needed...
* Solar model scaling not activated!  -->  Dnu will not be scaled.
Done!

Fitting information:
* Fitting parameters with values and uncertainties:
  - Teff: [6004.221, 33.0695]
  - FeH: [-0.5208, 0.0298]

Additional input parameters and settings in alphabetical order:
* asciiparams: ['Teff', 'FeH', 'radPhot', 'massfin', 'age']
* centroid: median
* cornerplots: ['Teff', 'FeH', 'radPhot', 'massfin', 'age']
* dnu_scales: {}
* dnusun: 135.1
* freqplots: []
* inputfile: input_JustKen.xml
* kielplots: [True]
* numsun: 3090.0
* output: mnt/c/Users/georg/Documents/GitHub/Iwan-and-George-Year-4-Project/Results/
* plotfmt: png
* solarmodel: False
* uncert: quantiles

Weights and priors:
* Bayesian weights:
  - Along tracks: age
  - Between tracks: volume
* Flat, constrained priors and ranges:
  - Teff: [5905.0125, 6103.429499999999]
  - FeH: [-0.7708, -0.27080000000000004]
* Additional priors (IMF): 


Computing likelihood of models in the grid (5977 tracks) ...
Done! Computed the likelihood of 39882 models, found 39882 models with non-zero likelihood!


*****************************************
**                                     **
**   Output and results from the fit   **
**                                     **
*****************************************


Highest likelihood model:
* Weighted, non-normalized log-probability: -3.6725027286522764
* Grid-index: grid/tracks/track5560[61], with parameters:
  - Name: track5560-788.fgong
  - Teff      :  6006.706468 
  - FeH       :    -0.515236 
  - radPhot   :     0.826438 
  - massfin   :     0.775708 
  - age       :  7035.147550 

Lowest chi2 model:
* chi2: 0.000903151813819036
* Grid-index: grid/tracks/track0268[18], with parameters:
  - Name: track0268-573.fgong
  - Teff      :  6005.182127 
  - FeH       :    -0.520572 
  - radPhot   :     0.771702 
  - massfin   :     0.858956 
  - age       :   985.472406 


Computing posterior distributions for the requested output parameters!
==> Summary statistics printed below ...

-----------------------------------------------------
median     Teff          :   6004.428651
err_plus   Teff          :     32.298176
err_minus  Teff          :     35.078577
-----------------------------------------------------
median     FeH           :     -0.518646
err_plus   FeH           :      0.027963
err_minus  FeH           :      0.029249
-----------------------------------------------------
median     radPhot       :      0.913226
err_plus   radPhot       :      0.277950
err_minus  radPhot       :      0.113478
-----------------------------------------------------
median     massfin       :      0.845681
err_plus   massfin       :      0.051157
err_minus  massfin       :      0.058814
-----------------------------------------------------
median     age           :   7223.897103
err_plus   age           :   3198.002117
err_minus  age           :   4950.602756
-----------------------------------------------------

Saved results to mnt/c/Users/georg/Documents/GitHub/Iwan-and-George-Year-4-Project/Results/JustKenResults.ascii.
Saved corner plot to mnt/c/Users/georg/Documents/GitHub/Iwan-and-George-Year-4-Project/Results/2641087471777046016_corner.png.
Saved Kiel diagram to mnt/c/Users/georg/Documents/GitHub/Iwan-and-George-Year-4-Project/Results/2641087471777046016_kiel.png.
Did not get any frequency file input, skipping ratios and echelle plots.
Saved dictionary to mnt/c/Users/georg/Documents/GitHub/Iwan-and-George-Year-4-Project/Results/2641087471777046016.json

Finished on 2024-01-20 17:28:49 (runtime 20.0 s).

