========================================================================================
                                         BASTA                                         
                             The BAyesian STellar Algorithm                             

                                     Version 1.2.1                                     

                                (c) 2022, The BASTA Team                                
                           https://github.com/BASTAcode/BASTA                           
========================================================================================

Run started on 2024-01-20 17:28:50 . 

Random numbers initialised with seed: 3178 .

Fitting star id: 2645727449501559680 .
* Using the grid '/root/BASTA/grids/Garstec_AS09_barbieMS.hdf5' of type 'sobol tracks'.
  - Grid built with BASTA version 1.3.1, timestamp: 2023-11-28 at 20:12:28.

Transforming solar-based asteroseismic quantities:
* Converting to solar units if needed...
* Solar model scaling not activated!  -->  Dnu will not be scaled.
Done!

Fitting information:
* Fitting parameters with values and uncertainties:
  - Teff: [4250.179, 3.873]
  - FeH: [0.3232, 0.0149]

Additional input parameters and settings in alphabetical order:
* asciiparams: ['Teff', 'FeH', 'radPhot', 'massfin', 'age']
* centroid: median
* cornerplots: ['Teff', 'FeH', 'radPhot', 'massfin', 'age']
* dnu_scales: {}
* dnusun: 135.1
* freqplots: []
* inputfile: input_JustKen.xml
* kielplots: [True]
* numsun: 3090.0
* output: mnt/c/Users/georg/Documents/GitHub/Iwan-and-George-Year-4-Project/Results/
* plotfmt: png
* solarmodel: False
* uncert: quantiles

Weights and priors:
* Bayesian weights:
  - Along tracks: age
  - Between tracks: volume
* Flat, constrained priors and ranges:
  - Teff: [4238.56, 4261.798]
  - FeH: [0.07319999999999999, 0.5731999999999999]
* Additional priors (IMF): 


Computing likelihood of models in the grid (5977 tracks) ...
Done! Computed the likelihood of 2048 models, found 2048 models with non-zero likelihood!


*****************************************
**                                     **
**   Output and results from the fit   **
**                                     **
*****************************************


Highest likelihood model:
* Weighted, non-normalized log-probability: -3.3095257554474706
* Grid-index: grid/tracks/track3167[91], with parameters:
  - Name: track3167-921.fgong
  - Teff      :  4250.325396 
  - FeH       :     0.316634 
  - radPhot   :     0.693255 
  - massfin   :     0.727874 
  - age       : 15007.372110 

Lowest chi2 model:
* chi2: 0.02348344531831854
* Grid-index: grid/tracks/track4511[50], with parameters:
  - Name: track4511-716.fgong
  - Teff      :  4250.197189 
  - FeH       :     0.325482 
  - radPhot   :     0.671986 
  - massfin   :     0.719931 
  - age       :  8249.132796 


Computing posterior distributions for the requested output parameters!
==> Summary statistics printed below ...

-----------------------------------------------------
median     Teff          :   4250.234261
err_plus   Teff          :      4.526303
err_minus  Teff          :      3.728403
-----------------------------------------------------
median     FeH           :      0.327586
err_plus   FeH           :      0.008665
err_minus  FeH           :      0.020696
-----------------------------------------------------
median     radPhot       :      0.693575
err_plus   radPhot       :      0.009901
err_minus  radPhot       :      0.028782
-----------------------------------------------------
median     massfin       :      0.727879
err_plus   massfin       :      0.039042
err_minus  massfin       :      0.012967
-----------------------------------------------------
median     age           :  11912.155980
err_plus   age           :   5239.677970
err_minus  age           :   4743.023184
-----------------------------------------------------

Saved results to mnt/c/Users/georg/Documents/GitHub/Iwan-and-George-Year-4-Project/Results/JustKenResults.ascii.
Saved corner plot to mnt/c/Users/georg/Documents/GitHub/Iwan-and-George-Year-4-Project/Results/2645727449501559680_corner.png.
Saved Kiel diagram to mnt/c/Users/georg/Documents/GitHub/Iwan-and-George-Year-4-Project/Results/2645727449501559680_kiel.png.
Did not get any frequency file input, skipping ratios and echelle plots.
Saved dictionary to mnt/c/Users/georg/Documents/GitHub/Iwan-and-George-Year-4-Project/Results/2645727449501559680.json

Finished on 2024-01-20 17:29:00 (runtime 10.0 s).

