========================================================================================
                                         BASTA                                         
                             The BAyesian STellar Algorithm                             

                                     Version 1.2.1                                     

                                (c) 2022, The BASTA Team                                
                           https://github.com/BASTAcode/BASTA                           
========================================================================================

Run started on 2024-01-20 17:29:01 . 

Random numbers initialised with seed: 3178 .

Fitting star id: 2657135741633337088 .
* Using the grid '/root/BASTA/grids/Garstec_AS09_barbieMS.hdf5' of type 'sobol tracks'.
  - Grid built with BASTA version 1.3.1, timestamp: 2023-11-28 at 20:12:28.

Transforming solar-based asteroseismic quantities:
* Converting to solar units if needed...
* Solar model scaling not activated!  -->  Dnu will not be scaled.
Done!

Fitting information:
* Fitting parameters with values and uncertainties:
  - Teff: [5590.1895, 135.2415]
  - FeH: [-0.2545, 0.149]

Additional input parameters and settings in alphabetical order:
* asciiparams: ['Teff', 'FeH', 'radPhot', 'massfin', 'age']
* centroid: median
* cornerplots: ['Teff', 'FeH', 'radPhot', 'massfin', 'age']
* dnu_scales: {}
* dnusun: 135.1
* freqplots: []
* inputfile: input_JustKen.xml
* kielplots: [True]
* numsun: 3090.0
* output: mnt/c/Users/georg/Documents/GitHub/Iwan-and-George-Year-4-Project/Results/
* plotfmt: png
* solarmodel: False
* uncert: quantiles

Weights and priors:
* Bayesian weights:
  - Along tracks: age
  - Between tracks: volume
* Flat, constrained priors and ranges:
  - Teff: [5184.465, 5995.914000000001]
  - FeH: [-0.5045, -0.004500000000000004]
* Additional priors (IMF): 


Computing likelihood of models in the grid (5977 tracks) ...
Done! Computed the likelihood of 158496 models, found 158496 models with non-zero likelihood!


*****************************************
**                                     **
**   Output and results from the fit   **
**                                     **
*****************************************


Highest likelihood model:
* Weighted, non-normalized log-probability: -3.152395840358711
* Grid-index: grid/tracks/track4831[70], with parameters:
  - Name: track4831-838.fgong
  - Teff      :  5578.429057 
  - FeH       :    -0.295585 
  - radPhot   :     0.797378 
  - massfin   :     0.726691 
  - age       : 11336.155530 

Lowest chi2 model:
* chi2: 2.880857979816055e-05
* Grid-index: grid/tracks/track5955[74], with parameters:
  - Name: track5955-852.fgong
  - Teff      :  5589.478852 
  - FeH       :    -0.254663 
  - radPhot   :     0.830866 
  - massfin   :     0.838803 
  - age       :  5658.660641 


Computing posterior distributions for the requested output parameters!
==> Summary statistics printed below ...

-----------------------------------------------------
median     Teff          :   5591.704600
err_plus   Teff          :    127.752221
err_minus  Teff          :    128.957813
-----------------------------------------------------
median     FeH           :     -0.245669
err_plus   FeH           :      0.126103
err_minus  FeH           :      0.128901
-----------------------------------------------------
median     radPhot       :      0.875929
err_plus   radPhot       :      0.242314
err_minus  radPhot       :      0.111020
-----------------------------------------------------
median     massfin       :      0.820590
err_plus   massfin       :      0.074985
err_minus  massfin       :      0.063596
-----------------------------------------------------
median     age           :   9382.487659
err_plus   age           :   5876.937802
err_minus  age           :   6309.611518
-----------------------------------------------------

Saved results to mnt/c/Users/georg/Documents/GitHub/Iwan-and-George-Year-4-Project/Results/JustKenResults.ascii.
Saved corner plot to mnt/c/Users/georg/Documents/GitHub/Iwan-and-George-Year-4-Project/Results/2657135741633337088_corner.png.
Saved Kiel diagram to mnt/c/Users/georg/Documents/GitHub/Iwan-and-George-Year-4-Project/Results/2657135741633337088_kiel.png.
Did not get any frequency file input, skipping ratios and echelle plots.
Saved dictionary to mnt/c/Users/georg/Documents/GitHub/Iwan-and-George-Year-4-Project/Results/2657135741633337088.json

Finished on 2024-01-20 17:29:25 (runtime 24.0 s).

