========================================================================================
                                         BASTA                                         
                             The BAyesian STellar Algorithm                             

                                     Version 1.2.1                                     

                                (c) 2022, The BASTA Team                                
                           https://github.com/BASTAcode/BASTA                           
========================================================================================

Run started on 2024-01-20 17:29:41 . 

Random numbers initialised with seed: 3178 .

Fitting star id: 2666015878575546496 .
* Using the grid '/root/BASTA/grids/Garstec_AS09_barbieMS.hdf5' of type 'sobol tracks'.
  - Grid built with BASTA version 1.3.1, timestamp: 2023-11-28 at 20:12:28.

Transforming solar-based asteroseismic quantities:
* Converting to solar units if needed...
* Solar model scaling not activated!  -->  Dnu will not be scaled.
Done!

Fitting information:
* Fitting parameters with values and uncertainties:
  - Teff: [5050.713, 23.732]
  - FeH: [0.2772, 0.0266]

Additional input parameters and settings in alphabetical order:
* asciiparams: ['Teff', 'FeH', 'radPhot', 'massfin', 'age']
* centroid: median
* cornerplots: ['Teff', 'FeH', 'radPhot', 'massfin', 'age']
* dnu_scales: {}
* dnusun: 135.1
* freqplots: []
* inputfile: input_JustKen.xml
* kielplots: [True]
* numsun: 3090.0
* output: mnt/c/Users/georg/Documents/GitHub/Iwan-and-George-Year-4-Project/Results/
* plotfmt: png
* solarmodel: False
* uncert: quantiles

Weights and priors:
* Bayesian weights:
  - Along tracks: age
  - Between tracks: volume
* Flat, constrained priors and ranges:
  - Teff: [4979.517, 5121.909]
  - FeH: [0.027200000000000002, 0.5272]
* Additional priors (IMF): 


Computing likelihood of models in the grid (5977 tracks) ...
Done! Computed the likelihood of 55009 models, found 55009 models with non-zero likelihood!


*****************************************
**                                     **
**   Output and results from the fit   **
**                                     **
*****************************************


Highest likelihood model:
* Weighted, non-normalized log-probability: -3.9119012932834756
* Grid-index: grid/tracks/track5123[90], with parameters:
  - Name: track5123-922.fgong
  - Teff      :  5054.261693 
  - FeH       :     0.288464 
  - radPhot   :     0.798395 
  - massfin   :     0.825837 
  - age       :  7536.313273 

Lowest chi2 model:
* chi2: 0.00023945815516510988
* Grid-index: grid/tracks/track3171[55], with parameters:
  - Name: track3171-737.fgong
  - Teff      :  5051.065129 
  - FeH       :     0.277083 
  - radPhot   :     0.797841 
  - massfin   :     0.844908 
  - age       :  4000.725584 


Computing posterior distributions for the requested output parameters!
==> Summary statistics printed below ...

-----------------------------------------------------
median     Teff          :   5049.386241
err_plus   Teff          :     24.971986
err_minus  Teff          :     23.306757
-----------------------------------------------------
median     FeH           :      0.275586
err_plus   FeH           :      0.027715
err_minus  FeH           :      0.025822
-----------------------------------------------------
median     radPhot       :      0.877022
err_plus   radPhot       :      0.124364
err_minus  radPhot       :      0.054546
-----------------------------------------------------
median     massfin       :      0.898907
err_plus   massfin       :      0.051862
err_minus  massfin       :      0.056126
-----------------------------------------------------
median     age           :   9247.696802
err_plus   age           :   8640.472648
err_minus  age           :   5864.063357
-----------------------------------------------------

Saved results to mnt/c/Users/georg/Documents/GitHub/Iwan-and-George-Year-4-Project/Results/JustKenResults.ascii.
Saved corner plot to mnt/c/Users/georg/Documents/GitHub/Iwan-and-George-Year-4-Project/Results/2666015878575546496_corner.png.
Saved Kiel diagram to mnt/c/Users/georg/Documents/GitHub/Iwan-and-George-Year-4-Project/Results/2666015878575546496_kiel.png.
Did not get any frequency file input, skipping ratios and echelle plots.
Saved dictionary to mnt/c/Users/georg/Documents/GitHub/Iwan-and-George-Year-4-Project/Results/2666015878575546496.json

Finished on 2024-01-20 17:30:11 (runtime 30.0 s).

