========================================================================================
                                         BASTA                                         
                             The BAyesian STellar Algorithm                             

                                     Version 1.2.1                                     

                                (c) 2022, The BASTA Team                                
                           https://github.com/BASTAcode/BASTA                           
========================================================================================

Run started on 2024-01-20 17:30:12 . 

Random numbers initialised with seed: 3178 .

Fitting star id: 2677447294810845824 .
* Using the grid '/root/BASTA/grids/Garstec_AS09_barbieMS.hdf5' of type 'sobol tracks'.
  - Grid built with BASTA version 1.3.1, timestamp: 2023-11-28 at 20:12:28.

Transforming solar-based asteroseismic quantities:
* Converting to solar units if needed...
* Solar model scaling not activated!  -->  Dnu will not be scaled.
Done!

Fitting information:
* Fitting parameters with values and uncertainties:
  - Teff: [5026.5513, 10.624]
  - FeH: [0.4522, 0.0106]

Additional input parameters and settings in alphabetical order:
* asciiparams: ['Teff', 'FeH', 'radPhot', 'massfin', 'age']
* centroid: median
* cornerplots: ['Teff', 'FeH', 'radPhot', 'massfin', 'age']
* dnu_scales: {}
* dnusun: 135.1
* freqplots: []
* inputfile: input_JustKen.xml
* kielplots: [True]
* numsun: 3090.0
* output: mnt/c/Users/georg/Documents/GitHub/Iwan-and-George-Year-4-Project/Results/
* plotfmt: png
* solarmodel: False
* uncert: quantiles

Weights and priors:
* Bayesian weights:
  - Along tracks: age
  - Between tracks: volume
* Flat, constrained priors and ranges:
  - Teff: [4994.6793, 5058.4233]
  - FeH: [0.2022, 0.7021999999999999]
* Additional priors (IMF): 


Computing likelihood of models in the grid (5977 tracks) ...
Done! Computed the likelihood of 19955 models, found 19955 models with non-zero likelihood!


*****************************************
**                                     **
**   Output and results from the fit   **
**                                     **
*****************************************


Highest likelihood model:
* Weighted, non-normalized log-probability: -4.621493930738224
* Grid-index: grid/tracks/track5267[160], with parameters:
  - Name: track5267-1250.fgong
  - Teff      :  5025.622964 
  - FeH       :     0.451201 
  - radPhot   :     0.875525 
  - massfin   :     0.878769 
  - age       :  9508.096387 

Lowest chi2 model:
* chi2: 0.013990240982149274
* Grid-index: grid/tracks/track0897[43], with parameters:
  - Name: track0897-668.fgong
  - Teff      :  5026.348419 
  - FeH       :     0.450963 
  - radPhot   :     0.866617 
  - massfin   :     0.953954 
  - age       :  1690.435320 


Computing posterior distributions for the requested output parameters!
==> Summary statistics printed below ...

-----------------------------------------------------
median     Teff          :   5027.049891
err_plus   Teff          :     10.420849
err_minus  Teff          :     10.759817
-----------------------------------------------------
median     FeH           :      0.451247
err_plus   FeH           :      0.011364
err_minus  FeH           :      0.009511
-----------------------------------------------------
median     radPhot       :      0.943758
err_plus   radPhot       :      0.161815
err_minus  radPhot       :      0.067519
-----------------------------------------------------
median     massfin       :      0.991442
err_plus   massfin       :      0.041103
err_minus  massfin       :      0.076786
-----------------------------------------------------
median     age           :   9565.210660
err_plus   age           :   7283.611050
err_minus  age           :   5880.839295
-----------------------------------------------------

Saved results to mnt/c/Users/georg/Documents/GitHub/Iwan-and-George-Year-4-Project/Results/JustKenResults.ascii.
Saved corner plot to mnt/c/Users/georg/Documents/GitHub/Iwan-and-George-Year-4-Project/Results/2677447294810845824_corner.png.
Saved Kiel diagram to mnt/c/Users/georg/Documents/GitHub/Iwan-and-George-Year-4-Project/Results/2677447294810845824_kiel.png.
Did not get any frequency file input, skipping ratios and echelle plots.
Saved dictionary to mnt/c/Users/georg/Documents/GitHub/Iwan-and-George-Year-4-Project/Results/2677447294810845824.json

Finished on 2024-01-20 17:30:27 (runtime 15.0 s).

