========================================================================================
                                         BASTA                                         
                             The BAyesian STellar Algorithm                             

                                     Version 1.2.1                                     

                                (c) 2022, The BASTA Team                                
                           https://github.com/BASTAcode/BASTA                           
========================================================================================

Run started on 2024-01-20 17:30:28 . 

Random numbers initialised with seed: 3178 .

Fitting star id: 2790691147020786816 .
* Using the grid '/root/BASTA/grids/Garstec_AS09_barbieMS.hdf5' of type 'sobol tracks'.
  - Grid built with BASTA version 1.3.1, timestamp: 2023-11-28 at 20:12:28.

Transforming solar-based asteroseismic quantities:
* Converting to solar units if needed...
* Solar model scaling not activated!  -->  Dnu will not be scaled.
Done!

Fitting information:
* Fitting parameters with values and uncertainties:
  - Teff: [6304.67, 6.067]
  - FeH: [-0.0773, 0.0048]

Additional input parameters and settings in alphabetical order:
* asciiparams: ['Teff', 'FeH', 'radPhot', 'massfin', 'age']
* centroid: median
* cornerplots: ['Teff', 'FeH', 'radPhot', 'massfin', 'age']
* dnu_scales: {}
* dnusun: 135.1
* freqplots: []
* inputfile: input_JustKen.xml
* kielplots: [True]
* numsun: 3090.0
* output: mnt/c/Users/georg/Documents/GitHub/Iwan-and-George-Year-4-Project/Results/
* plotfmt: png
* solarmodel: False
* uncert: quantiles

Weights and priors:
* Bayesian weights:
  - Along tracks: age
  - Between tracks: volume
* Flat, constrained priors and ranges:
  - Teff: [6286.469, 6322.871]
  - FeH: [-0.3273, 0.17270000000000002]
* Additional priors (IMF): 


Computing likelihood of models in the grid (5977 tracks) ...
Done! Computed the likelihood of 9551 models, found 9551 models with non-zero likelihood!


*****************************************
**                                     **
**   Output and results from the fit   **
**                                     **
*****************************************


Highest likelihood model:
* Weighted, non-normalized log-probability: -5.2307157153508355
* Grid-index: grid/tracks/track1821[36], with parameters:
  - Name: track1821-625.fgong
  - Teff      :  6305.201149 
  - FeH       :    -0.076625 
  - radPhot   :     1.032486 
  - massfin   :     1.092935 
  - age       :   683.146291 

Lowest chi2 model:
* chi2: 0.027449286161021734
* Grid-index: grid/tracks/track1821[36], with parameters:
  - Name: track1821-625.fgong
  - Teff      :  6305.201149 
  - FeH       :    -0.076625 
  - radPhot   :     1.032486 
  - massfin   :     1.092935 
  - age       :   683.146291 


Computing posterior distributions for the requested output parameters!
==> Summary statistics printed below ...

-----------------------------------------------------
median     Teff          :   6302.925927
err_plus   Teff          :      4.960832
err_minus  Teff          :      6.536232
-----------------------------------------------------
median     FeH           :     -0.078688
err_plus   FeH           :      0.004616
err_minus  FeH           :      0.004249
-----------------------------------------------------
median     radPhot       :      1.136573
err_plus   radPhot       :      0.217736
err_minus  radPhot       :      0.105136
-----------------------------------------------------
median     massfin       :      1.102833
err_plus   massfin       :      0.061044
err_minus  massfin       :      0.052011
-----------------------------------------------------
median     age           :   1703.368838
err_plus   age           :   1666.619037
err_minus  age           :    999.172547
-----------------------------------------------------

Saved results to mnt/c/Users/georg/Documents/GitHub/Iwan-and-George-Year-4-Project/Results/JustKenResults.ascii.
Saved corner plot to mnt/c/Users/georg/Documents/GitHub/Iwan-and-George-Year-4-Project/Results/2790691147020786816_corner.png.
Saved Kiel diagram to mnt/c/Users/georg/Documents/GitHub/Iwan-and-George-Year-4-Project/Results/2790691147020786816_kiel.png.
Did not get any frequency file input, skipping ratios and echelle plots.
Saved dictionary to mnt/c/Users/georg/Documents/GitHub/Iwan-and-George-Year-4-Project/Results/2790691147020786816.json

Finished on 2024-01-20 17:30:39 (runtime 11.0 s).

