========================================================================================
                                         BASTA                                         
                             The BAyesian STellar Algorithm                             

                                     Version 1.2.1                                     

                                (c) 2022, The BASTA Team                                
                           https://github.com/BASTAcode/BASTA                           
========================================================================================

Run started on 2024-01-20 17:30:40 . 

Random numbers initialised with seed: 3178 .

Fitting star id: 2831084391023184128 .
* Using the grid '/root/BASTA/grids/Garstec_AS09_barbieMS.hdf5' of type 'sobol tracks'.
  - Grid built with BASTA version 1.3.1, timestamp: 2023-11-28 at 20:12:28.

Transforming solar-based asteroseismic quantities:
* Converting to solar units if needed...
* Solar model scaling not activated!  -->  Dnu will not be scaled.
Done!

Fitting information:
* Fitting parameters with values and uncertainties:
  - Teff: [5635.9517, 16.1396]
  - FeH: [-0.6664, 0.0166]

Additional input parameters and settings in alphabetical order:
* asciiparams: ['Teff', 'FeH', 'radPhot', 'massfin', 'age']
* centroid: median
* cornerplots: ['Teff', 'FeH', 'radPhot', 'massfin', 'age']
* dnu_scales: {}
* dnusun: 135.1
* freqplots: []
* inputfile: input_JustKen.xml
* kielplots: [True]
* numsun: 3090.0
* output: mnt/c/Users/georg/Documents/GitHub/Iwan-and-George-Year-4-Project/Results/
* plotfmt: png
* solarmodel: False
* uncert: quantiles

Weights and priors:
* Bayesian weights:
  - Along tracks: age
  - Between tracks: volume
* Flat, constrained priors and ranges:
  - Teff: [5587.532899999999, 5684.3705]
  - FeH: [-0.9164, -0.4164]
* Additional priors (IMF): 


Computing likelihood of models in the grid (5977 tracks) ...
Done! Computed the likelihood of 6263 models, found 6263 models with non-zero likelihood!


*****************************************
**                                     **
**   Output and results from the fit   **
**                                     **
*****************************************


Highest likelihood model:
* Weighted, non-normalized log-probability: -3.3918675919285772
* Grid-index: grid/tracks/track3296[59], with parameters:
  - Name: track3296-778.fgong
  - Teff      :  5637.824544 
  - FeH       :    -0.664465 
  - radPhot   :     0.742356 
  - massfin   :     0.717738 
  - age       :  9981.900244 

Lowest chi2 model:
* chi2: 0.0026074059711800996
* Grid-index: grid/tracks/track5368[82], with parameters:
  - Name: track5368-891.fgong
  - Teff      :  5636.772850 
  - FeH       :    -0.666472 
  - radPhot   :     0.789648 
  - massfin   :     0.764693 
  - age       : 10528.807570 


Computing posterior distributions for the requested output parameters!
==> Summary statistics printed below ...

-----------------------------------------------------
median     Teff          :   5635.638379
err_plus   Teff          :     17.380908
err_minus  Teff          :     16.287961
-----------------------------------------------------
median     FeH           :     -0.670654
err_plus   FeH           :      0.019101
err_minus  FeH           :      0.014532
-----------------------------------------------------
median     radPhot       :      0.736761
err_plus   radPhot       :      0.072668
err_minus  radPhot       :      0.054212
-----------------------------------------------------
median     massfin       :      0.738748
err_plus   massfin       :      0.028179
err_minus  massfin       :      0.025891
-----------------------------------------------------
median     age           :   8654.447517
err_plus   age           :   4725.134293
err_minus  age           :   5711.441529
-----------------------------------------------------

Saved results to mnt/c/Users/georg/Documents/GitHub/Iwan-and-George-Year-4-Project/Results/JustKenResults.ascii.
Saved corner plot to mnt/c/Users/georg/Documents/GitHub/Iwan-and-George-Year-4-Project/Results/2831084391023184128_corner.png.
Saved Kiel diagram to mnt/c/Users/georg/Documents/GitHub/Iwan-and-George-Year-4-Project/Results/2831084391023184128_kiel.png.
Did not get any frequency file input, skipping ratios and echelle plots.
Saved dictionary to mnt/c/Users/georg/Documents/GitHub/Iwan-and-George-Year-4-Project/Results/2831084391023184128.json

Finished on 2024-01-20 17:30:55 (runtime 15.0 s).

