========================================================================================
                                         BASTA                                         
                             The BAyesian STellar Algorithm                             

                                     Version 1.2.1                                     

                                (c) 2022, The BASTA Team                                
                           https://github.com/BASTAcode/BASTA                           
========================================================================================

Run started on 2024-01-20 17:31:18 . 

Random numbers initialised with seed: 3178 .

Fitting star id: 2878641361300809856 .
* Using the grid '/root/BASTA/grids/Garstec_AS09_barbieMS.hdf5' of type 'sobol tracks'.
  - Grid built with BASTA version 1.3.1, timestamp: 2023-11-28 at 20:12:28.

Transforming solar-based asteroseismic quantities:
* Converting to solar units if needed...
* Solar model scaling not activated!  -->  Dnu will not be scaled.
Done!

Fitting information:
* Fitting parameters with values and uncertainties:
  - Teff: [5980.7095, 38.2441]
  - FeH: [-1.2048, 0.0305]

Additional input parameters and settings in alphabetical order:
* asciiparams: ['Teff', 'FeH', 'radPhot', 'massfin', 'age']
* centroid: median
* cornerplots: ['Teff', 'FeH', 'radPhot', 'massfin', 'age']
* dnu_scales: {}
* dnusun: 135.1
* freqplots: []
* inputfile: input_JustKen.xml
* kielplots: [True]
* numsun: 3090.0
* output: mnt/c/Users/georg/Documents/GitHub/Iwan-and-George-Year-4-Project/Results/
* plotfmt: png
* solarmodel: False
* uncert: quantiles

Weights and priors:
* Bayesian weights:
  - Along tracks: age
  - Between tracks: volume
* Flat, constrained priors and ranges:
  - Teff: [5865.9772, 6095.4418]
  - FeH: [-1.4548, -0.9548000000000001]
* Additional priors (IMF): 


Computing likelihood of models in the grid (5977 tracks) ...
Done! Computed the likelihood of 5915 models, found 5915 models with non-zero likelihood!


*****************************************
**                                     **
**   Output and results from the fit   **
**                                     **
*****************************************


Highest likelihood model:
* Weighted, non-normalized log-probability: -3.666498275095195
* Grid-index: grid/tracks/track4592[102], with parameters:
  - Name: track4592-980.fgong
  - Teff      :  5972.259726 
  - FeH       :    -1.185870 
  - radPhot   :     1.122488 
  - massfin   :     0.731275 
  - age       : 16420.237470 

Lowest chi2 model:
* chi2: 0.0012248241109764674
* Grid-index: grid/tracks/track3416[132], with parameters:
  - Name: track3416-1136.fgong
  - Teff      :  5981.848480 
  - FeH       :    -1.204239 
  - radPhot   :     1.553879 
  - massfin   :     0.792067 
  - age       : 13608.072140 


Computing posterior distributions for the requested output parameters!
==> Summary statistics printed below ...

-----------------------------------------------------
median     Teff          :   5988.900159
err_plus   Teff          :     36.023952
err_minus  Teff          :     24.431815
-----------------------------------------------------
median     FeH           :     -1.183028
err_plus   FeH           :      0.029008
err_minus  FeH           :      0.021447
-----------------------------------------------------
median     radPhot       :      1.151893
err_plus   radPhot       :      0.325635
err_minus  radPhot       :      0.216110
-----------------------------------------------------
median     massfin       :      0.726455
err_plus   massfin       :      0.036842
err_minus  massfin       :      0.012269
-----------------------------------------------------
median     age           :  15207.154920
err_plus   age           :   1955.436750
err_minus  age           :   2617.399950
-----------------------------------------------------

Saved results to mnt/c/Users/georg/Documents/GitHub/Iwan-and-George-Year-4-Project/Results/JustKenResults.ascii.
Saved corner plot to mnt/c/Users/georg/Documents/GitHub/Iwan-and-George-Year-4-Project/Results/2878641361300809856_corner.png.
Saved Kiel diagram to mnt/c/Users/georg/Documents/GitHub/Iwan-and-George-Year-4-Project/Results/2878641361300809856_kiel.png.
Did not get any frequency file input, skipping ratios and echelle plots.
Saved dictionary to mnt/c/Users/georg/Documents/GitHub/Iwan-and-George-Year-4-Project/Results/2878641361300809856.json

Finished on 2024-01-20 17:31:37 (runtime 19.0 s).

