========================================================================================
                                         BASTA                                         
                             The BAyesian STellar Algorithm                             

                                     Version 1.2.1                                     

                                (c) 2022, The BASTA Team                                
                           https://github.com/BASTAcode/BASTA                           
========================================================================================

Run started on 2024-01-20 17:32:11 . 

Random numbers initialised with seed: 3178 .

Fitting star id: 2924661867160818304 .
* Using the grid '/root/BASTA/grids/Garstec_AS09_barbieMS.hdf5' of type 'sobol tracks'.
  - Grid built with BASTA version 1.3.1, timestamp: 2023-11-28 at 20:12:28.

Transforming solar-based asteroseismic quantities:
* Converting to solar units if needed...
* Solar model scaling not activated!  -->  Dnu will not be scaled.
Done!

Fitting information:
* Fitting parameters with values and uncertainties:
  - Teff: [6247.6133, 1.5537]
  - FeH: [0.0814, 0.0031]

Additional input parameters and settings in alphabetical order:
* asciiparams: ['Teff', 'FeH', 'radPhot', 'massfin', 'age']
* centroid: median
* cornerplots: ['Teff', 'FeH', 'radPhot', 'massfin', 'age']
* dnu_scales: {}
* dnusun: 135.1
* freqplots: []
* inputfile: input_JustKen.xml
* kielplots: [True]
* numsun: 3090.0
* output: mnt/c/Users/georg/Documents/GitHub/Iwan-and-George-Year-4-Project/Results/
* plotfmt: png
* solarmodel: False
* uncert: quantiles

Weights and priors:
* Bayesian weights:
  - Along tracks: age
  - Between tracks: volume
* Flat, constrained priors and ranges:
  - Teff: [6242.9522, 6252.2744]
  - FeH: [-0.1686, 0.33140000000000003]
* Additional priors (IMF): 


Computing likelihood of models in the grid (5977 tracks) ...
Done! Computed the likelihood of 1648 models, found 1648 models with non-zero likelihood!


*****************************************
**                                     **
**   Output and results from the fit   **
**                                     **
*****************************************


Highest likelihood model:
* Weighted, non-normalized log-probability: -6.041635013591364
* Grid-index: grid/tracks/track4789[28], with parameters:
  - Name: track4789-558.fgong
  - Teff      :  6246.175795 
  - FeH       :     0.080143 
  - radPhot   :     1.158162 
  - massfin   :     1.184946 
  - age       :   472.363511 

Lowest chi2 model:
* chi2: 0.6226487518656337
* Grid-index: grid/tracks/track5909[152], with parameters:
  - Name: track5909-1173.fgong
  - Teff      :  6248.384930 
  - FeH       :     0.079499 
  - radPhot   :     1.311685 
  - massfin   :     1.186629 
  - age       :  2782.409338 


Computing posterior distributions for the requested output parameters!
==> Summary statistics printed below ...

-----------------------------------------------------
median     Teff          :   6247.365431
err_plus   Teff          :      2.541130
err_minus  Teff          :      1.647601
-----------------------------------------------------
median     FeH           :      0.080143
err_plus   FeH           :      0.003511
err_minus  FeH           :      0.002408
-----------------------------------------------------
median     radPhot       :      1.197730
err_plus   radPhot       :      0.112085
err_minus  radPhot       :      0.044424
-----------------------------------------------------
median     massfin       :      1.184939
err_plus   massfin       :      0.001684
err_minus  massfin       :      0.048392
-----------------------------------------------------
median     age           :   1980.307438
err_plus   age           :    783.344757
err_minus  age           :   1507.943927
-----------------------------------------------------

Saved results to mnt/c/Users/georg/Documents/GitHub/Iwan-and-George-Year-4-Project/Results/JustKenResults.ascii.
Saved corner plot to mnt/c/Users/georg/Documents/GitHub/Iwan-and-George-Year-4-Project/Results/2924661867160818304_corner.png.
Saved Kiel diagram to mnt/c/Users/georg/Documents/GitHub/Iwan-and-George-Year-4-Project/Results/2924661867160818304_kiel.png.
Did not get any frequency file input, skipping ratios and echelle plots.
Saved dictionary to mnt/c/Users/georg/Documents/GitHub/Iwan-and-George-Year-4-Project/Results/2924661867160818304.json

Finished on 2024-01-20 17:32:22 (runtime 11.0 s).

