========================================================================================
                                         BASTA                                         
                             The BAyesian STellar Algorithm                             

                                     Version 1.2.1                                     

                                (c) 2022, The BASTA Team                                
                           https://github.com/BASTAcode/BASTA                           
========================================================================================

Run started on 2024-01-20 17:32:22 . 

Random numbers initialised with seed: 3178 .

Fitting star id: 2930141657016297216 .
* Using the grid '/root/BASTA/grids/Garstec_AS09_barbieMS.hdf5' of type 'sobol tracks'.
  - Grid built with BASTA version 1.3.1, timestamp: 2023-11-28 at 20:12:28.

Transforming solar-based asteroseismic quantities:
* Converting to solar units if needed...
* Solar model scaling not activated!  -->  Dnu will not be scaled.
Done!

Fitting information:
* Fitting parameters with values and uncertainties:
  - Teff: [6184.962, 4.456]
  - FeH: [-0.1279, 0.0029]

Additional input parameters and settings in alphabetical order:
* asciiparams: ['Teff', 'FeH', 'radPhot', 'massfin', 'age']
* centroid: median
* cornerplots: ['Teff', 'FeH', 'radPhot', 'massfin', 'age']
* dnu_scales: {}
* dnusun: 135.1
* freqplots: []
* inputfile: input_JustKen.xml
* kielplots: [True]
* numsun: 3090.0
* output: mnt/c/Users/georg/Documents/GitHub/Iwan-and-George-Year-4-Project/Results/
* plotfmt: png
* solarmodel: False
* uncert: quantiles

Weights and priors:
* Bayesian weights:
  - Along tracks: age
  - Between tracks: volume
* Flat, constrained priors and ranges:
  - Teff: [6171.594, 6198.330000000001]
  - FeH: [-0.3779, 0.12209999999999999]
* Additional priors (IMF): 


Computing likelihood of models in the grid (5977 tracks) ...
Done! Computed the likelihood of 8638 models, found 8638 models with non-zero likelihood!


*****************************************
**                                     **
**   Output and results from the fit   **
**                                     **
*****************************************


Highest likelihood model:
* Weighted, non-normalized log-probability: -4.787587828226698
* Grid-index: grid/tracks/track4011[25], with parameters:
  - Name: track4011-594.fgong
  - Teff      :  6183.827213 
  - FeH       :    -0.128854 
  - radPhot   :     0.894435 
  - massfin   :     0.945941 
  - age       :   886.779563 

Lowest chi2 model:
* chi2: 0.11350982440359961
* Grid-index: grid/tracks/track4893[50], with parameters:
  - Name: track4893-703.fgong
  - Teff      :  6184.011830 
  - FeH       :    -0.128656 
  - radPhot   :     1.023055 
  - massfin   :     1.093915 
  - age       :   976.134545 


Computing posterior distributions for the requested output parameters!
==> Summary statistics printed below ...

-----------------------------------------------------
median     Teff          :   6183.419767
err_plus   Teff          :      3.653264
err_minus  Teff          :      3.231885
-----------------------------------------------------
median     FeH           :     -0.128656
err_plus   FeH           :      0.003137
err_minus  FeH           :      0.002486
-----------------------------------------------------
median     radPhot       :      1.014196
err_plus   radPhot       :      0.419636
err_minus  radPhot       :      0.118249
-----------------------------------------------------
median     massfin       :      1.082956
err_plus   massfin       :      0.027642
err_minus  massfin       :      0.137012
-----------------------------------------------------
median     age           :    972.979564
err_plus   age           :   2970.946697
err_minus  age           :    420.452697
-----------------------------------------------------

Saved results to mnt/c/Users/georg/Documents/GitHub/Iwan-and-George-Year-4-Project/Results/JustKenResults.ascii.
Saved corner plot to mnt/c/Users/georg/Documents/GitHub/Iwan-and-George-Year-4-Project/Results/2930141657016297216_corner.png.
Saved Kiel diagram to mnt/c/Users/georg/Documents/GitHub/Iwan-and-George-Year-4-Project/Results/2930141657016297216_kiel.png.
Did not get any frequency file input, skipping ratios and echelle plots.
Saved dictionary to mnt/c/Users/georg/Documents/GitHub/Iwan-and-George-Year-4-Project/Results/2930141657016297216.json

Finished on 2024-01-20 17:32:35 (runtime 13.0 s).

