========================================================================================
                                         BASTA                                         
                             The BAyesian STellar Algorithm                             

                                     Version 1.2.1                                     

                                (c) 2022, The BASTA Team                                
                           https://github.com/BASTAcode/BASTA                           
========================================================================================

Run started on 2024-01-20 17:33:05 . 

Random numbers initialised with seed: 3178 .

Fitting star id: 2980392087185289216 .
* Using the grid '/root/BASTA/grids/Garstec_AS09_barbieMS.hdf5' of type 'sobol tracks'.
  - Grid built with BASTA version 1.3.1, timestamp: 2023-11-28 at 20:12:28.

Transforming solar-based asteroseismic quantities:
* Converting to solar units if needed...
* Solar model scaling not activated!  -->  Dnu will not be scaled.
Done!

Fitting information:
* Fitting parameters with values and uncertainties:
  - Teff: [5842.128, 9.8027]
  - FeH: [0.0672, 0.01]

Additional input parameters and settings in alphabetical order:
* asciiparams: ['Teff', 'FeH', 'radPhot', 'massfin', 'age']
* centroid: median
* cornerplots: ['Teff', 'FeH', 'radPhot', 'massfin', 'age']
* dnu_scales: {}
* dnusun: 135.1
* freqplots: []
* inputfile: input_JustKen.xml
* kielplots: [True]
* numsun: 3090.0
* output: mnt/c/Users/georg/Documents/GitHub/Iwan-and-George-Year-4-Project/Results/
* plotfmt: png
* solarmodel: False
* uncert: quantiles

Weights and priors:
* Bayesian weights:
  - Along tracks: age
  - Between tracks: volume
* Flat, constrained priors and ranges:
  - Teff: [5812.7199, 5871.536099999999]
  - FeH: [-0.18280000000000002, 0.3172]
* Additional priors (IMF): 


Computing likelihood of models in the grid (5977 tracks) ...
Done! Computed the likelihood of 24984 models, found 24984 models with non-zero likelihood!


*****************************************
**                                     **
**   Output and results from the fit   **
**                                     **
*****************************************


Highest likelihood model:
* Weighted, non-normalized log-probability: -5.112525888459638
* Grid-index: grid/tracks/track4545[95], with parameters:
  - Name: track4545-941.fgong
  - Teff      :  5842.397704 
  - FeH       :     0.069581 
  - radPhot   :     0.973644 
  - massfin   :     0.958785 
  - age       :  3751.279153 

Lowest chi2 model:
* chi2: 0.004726462156068341
* Grid-index: grid/tracks/track3229[42], with parameters:
  - Name: track3229-657.fgong
  - Teff      :  5842.165396 
  - FeH       :     0.067886 
  - radPhot   :     1.006905 
  - massfin   :     1.096946 
  - age       :   800.805795 


Computing posterior distributions for the requested output parameters!
==> Summary statistics printed below ...

-----------------------------------------------------
median     Teff          :   5843.595168
err_plus   Teff          :      9.614572
err_minus  Teff          :      9.468666
-----------------------------------------------------
median     FeH           :      0.068362
err_plus   FeH           :      0.010461
err_minus  FeH           :      0.010968
-----------------------------------------------------
median     radPhot       :      1.073536
err_plus   radPhot       :      0.269398
err_minus  radPhot       :      0.069439
-----------------------------------------------------
median     massfin       :      1.034921
err_plus   massfin       :      0.062036
err_minus  massfin       :      0.071250
-----------------------------------------------------
median     age           :   5418.879223
err_plus   age           :   2003.779169
err_minus  age           :   3403.255661
-----------------------------------------------------

Saved results to mnt/c/Users/georg/Documents/GitHub/Iwan-and-George-Year-4-Project/Results/JustKenResults.ascii.
Saved corner plot to mnt/c/Users/georg/Documents/GitHub/Iwan-and-George-Year-4-Project/Results/2980392087185289216_corner.png.
Saved Kiel diagram to mnt/c/Users/georg/Documents/GitHub/Iwan-and-George-Year-4-Project/Results/2980392087185289216_kiel.png.
Did not get any frequency file input, skipping ratios and echelle plots.
Saved dictionary to mnt/c/Users/georg/Documents/GitHub/Iwan-and-George-Year-4-Project/Results/2980392087185289216.json

Finished on 2024-01-20 17:33:23 (runtime 18.0 s).

