========================================================================================
                                         BASTA                                         
                             The BAyesian STellar Algorithm                             

                                     Version 1.2.1                                     

                                (c) 2022, The BASTA Team                                
                           https://github.com/BASTAcode/BASTA                           
========================================================================================

Run started on 2024-01-20 17:33:24 . 

Random numbers initialised with seed: 3178 .

Fitting star id: 3022644120017418496 .
* Using the grid '/root/BASTA/grids/Garstec_AS09_barbieMS.hdf5' of type 'sobol tracks'.
  - Grid built with BASTA version 1.3.1, timestamp: 2023-11-28 at 20:12:28.

Transforming solar-based asteroseismic quantities:
* Converting to solar units if needed...
* Solar model scaling not activated!  -->  Dnu will not be scaled.
Done!

Fitting information:
* Fitting parameters with values and uncertainties:
  - Teff: [5246.597, 12.983]
  - FeH: [0.3325, 0.0136]

Additional input parameters and settings in alphabetical order:
* asciiparams: ['Teff', 'FeH', 'radPhot', 'massfin', 'age']
* centroid: median
* cornerplots: ['Teff', 'FeH', 'radPhot', 'massfin', 'age']
* dnu_scales: {}
* dnusun: 135.1
* freqplots: []
* inputfile: input_JustKen.xml
* kielplots: [True]
* numsun: 3090.0
* output: mnt/c/Users/georg/Documents/GitHub/Iwan-and-George-Year-4-Project/Results/
* plotfmt: png
* solarmodel: False
* uncert: quantiles

Weights and priors:
* Bayesian weights:
  - Along tracks: age
  - Between tracks: volume
* Flat, constrained priors and ranges:
  - Teff: [5207.648, 5285.545999999999]
  - FeH: [0.08250000000000002, 0.5825]
* Additional priors (IMF): 


Computing likelihood of models in the grid (5977 tracks) ...
Done! Computed the likelihood of 40588 models, found 40588 models with non-zero likelihood!


*****************************************
**                                     **
**   Output and results from the fit   **
**                                     **
*****************************************


Highest likelihood model:
* Weighted, non-normalized log-probability: -4.484427826403433
* Grid-index: grid/tracks/track1467[343], with parameters:
  - Name: track1467-2173.fgong
  - Teff      :  5246.559883 
  - FeH       :     0.326736 
  - radPhot   :     1.280423 
  - massfin   :     0.900317 
  - age       : 16957.936290 

Lowest chi2 model:
* chi2: 0.0009310172967296274
* Grid-index: grid/tracks/track1621[557], with parameters:
  - Name: track1621-3206.fgong
  - Teff      :  5246.929968 
  - FeH       :     0.332725 
  - radPhot   :     1.863910 
  - massfin   :     1.197001 
  - age       : 10316.347550 


Computing posterior distributions for the requested output parameters!
==> Summary statistics printed below ...

-----------------------------------------------------
median     Teff          :   5247.256807
err_plus   Teff          :     12.848844
err_minus  Teff          :     12.428410
-----------------------------------------------------
median     FeH           :      0.335923
err_plus   FeH           :      0.012455
err_minus  FeH           :      0.015836
-----------------------------------------------------
median     radPhot       :      0.988297
err_plus   radPhot       :      0.336288
err_minus  radPhot       :      0.077061
-----------------------------------------------------
median     massfin       :      0.986754
err_plus   massfin       :      0.055381
err_minus  massfin       :      0.068342
-----------------------------------------------------
median     age           :   8758.725398
err_plus   age           :   6988.177792
err_minus  age           :   5240.051044
-----------------------------------------------------

Saved results to mnt/c/Users/georg/Documents/GitHub/Iwan-and-George-Year-4-Project/Results/JustKenResults.ascii.
Saved corner plot to mnt/c/Users/georg/Documents/GitHub/Iwan-and-George-Year-4-Project/Results/3022644120017418496_corner.png.
Saved Kiel diagram to mnt/c/Users/georg/Documents/GitHub/Iwan-and-George-Year-4-Project/Results/3022644120017418496_kiel.png.
Did not get any frequency file input, skipping ratios and echelle plots.
Saved dictionary to mnt/c/Users/georg/Documents/GitHub/Iwan-and-George-Year-4-Project/Results/3022644120017418496.json

Finished on 2024-01-20 17:33:44 (runtime 20.0 s).

