========================================================================================
                                         BASTA                                         
                             The BAyesian STellar Algorithm                             

                                     Version 1.2.1                                     

                                (c) 2022, The BASTA Team                                
                           https://github.com/BASTAcode/BASTA                           
========================================================================================

Run started on 2024-01-20 17:33:45 . 

Random numbers initialised with seed: 3178 .

Fitting star id: 3046327742219111808 .
* Using the grid '/root/BASTA/grids/Garstec_AS09_barbieMS.hdf5' of type 'sobol tracks'.
  - Grid built with BASTA version 1.3.1, timestamp: 2023-11-28 at 20:12:28.

Transforming solar-based asteroseismic quantities:
* Converting to solar units if needed...
* Solar model scaling not activated!  -->  Dnu will not be scaled.
Done!

Fitting information:
* Fitting parameters with values and uncertainties:
  - Teff: [5923.166, 19.647]
  - FeH: [0.0467, 0.017]

Additional input parameters and settings in alphabetical order:
* asciiparams: ['Teff', 'FeH', 'radPhot', 'massfin', 'age']
* centroid: median
* cornerplots: ['Teff', 'FeH', 'radPhot', 'massfin', 'age']
* dnu_scales: {}
* dnusun: 135.1
* freqplots: []
* inputfile: input_JustKen.xml
* kielplots: [True]
* numsun: 3090.0
* output: mnt/c/Users/georg/Documents/GitHub/Iwan-and-George-Year-4-Project/Results/
* plotfmt: png
* solarmodel: False
* uncert: quantiles

Weights and priors:
* Bayesian weights:
  - Along tracks: age
  - Between tracks: volume
* Flat, constrained priors and ranges:
  - Teff: [5864.225, 5982.107]
  - FeH: [-0.2033, 0.2967]
* Additional priors (IMF): 


Computing likelihood of models in the grid (5977 tracks) ...
Done! Computed the likelihood of 45050 models, found 45050 models with non-zero likelihood!


*****************************************
**                                     **
**   Output and results from the fit   **
**                                     **
*****************************************


Highest likelihood model:
* Weighted, non-normalized log-probability: -4.9688412737711545
* Grid-index: grid/tracks/track3793[172], with parameters:
  - Name: track3793-1317.fgong
  - Teff      :  5919.199046 
  - FeH       :     0.053211 
  - radPhot   :     1.216691 
  - massfin   :     1.007534 
  - age       :  5677.596304 

Lowest chi2 model:
* chi2: 0.0015043083671864117
* Grid-index: grid/tracks/track0117[355], with parameters:
  - Name: track0117-2208.fgong
  - Teff      :  5923.878430 
  - FeH       :     0.046934 
  - radPhot   :     1.490090 
  - massfin   :     1.172247 
  - age       :  6671.295590 


Computing posterior distributions for the requested output parameters!
==> Summary statistics printed below ...

-----------------------------------------------------
median     Teff          :   5919.231529
err_plus   Teff          :     21.092594
err_minus  Teff          :     19.414837
-----------------------------------------------------
median     FeH           :      0.047139
err_plus   FeH           :      0.016948
err_minus  FeH           :      0.019618
-----------------------------------------------------
median     radPhot       :      1.137373
err_plus   radPhot       :      0.270192
err_minus  radPhot       :      0.134033
-----------------------------------------------------
median     massfin       :      1.064580
err_plus   massfin       :      0.057212
err_minus  massfin       :      0.056971
-----------------------------------------------------
median     age           :   4731.030994
err_plus   age           :   1793.111422
err_minus  age           :   2798.651516
-----------------------------------------------------

Saved results to mnt/c/Users/georg/Documents/GitHub/Iwan-and-George-Year-4-Project/Results/JustKenResults.ascii.
Saved corner plot to mnt/c/Users/georg/Documents/GitHub/Iwan-and-George-Year-4-Project/Results/3046327742219111808_corner.png.
Saved Kiel diagram to mnt/c/Users/georg/Documents/GitHub/Iwan-and-George-Year-4-Project/Results/3046327742219111808_kiel.png.
Did not get any frequency file input, skipping ratios and echelle plots.
Saved dictionary to mnt/c/Users/georg/Documents/GitHub/Iwan-and-George-Year-4-Project/Results/3046327742219111808.json

Finished on 2024-01-20 17:34:00 (runtime 15.0 s).

