========================================================================================
                                         BASTA                                         
                             The BAyesian STellar Algorithm                             

                                     Version 1.2.1                                     

                                (c) 2022, The BASTA Team                                
                           https://github.com/BASTAcode/BASTA                           
========================================================================================

Run started on 2024-01-20 17:34:30 . 

Random numbers initialised with seed: 3178 .

Fitting star id: 3087206553745290624 .
* Using the grid '/root/BASTA/grids/Garstec_AS09_barbieMS.hdf5' of type 'sobol tracks'.
  - Grid built with BASTA version 1.3.1, timestamp: 2023-11-28 at 20:12:28.

Transforming solar-based asteroseismic quantities:
* Converting to solar units if needed...
* Solar model scaling not activated!  -->  Dnu will not be scaled.
Done!

Fitting information:
* Fitting parameters with values and uncertainties:
  - Teff: [4598.748, 1.442]
  - FeH: [0.7954, 0.0037]

Additional input parameters and settings in alphabetical order:
* asciiparams: ['Teff', 'FeH', 'radPhot', 'massfin', 'age']
* centroid: median
* cornerplots: ['Teff', 'FeH', 'radPhot', 'massfin', 'age']
* dnu_scales: {}
* dnusun: 135.1
* freqplots: []
* inputfile: input_JustKen.xml
* kielplots: [True]
* numsun: 3090.0
* output: mnt/c/Users/georg/Documents/GitHub/Iwan-and-George-Year-4-Project/Results/
* plotfmt: png
* solarmodel: False
* uncert: quantiles

Weights and priors:
* Bayesian weights:
  - Along tracks: age
  - Between tracks: volume
* Flat, constrained priors and ranges:
  - Teff: [4594.422, 4603.074]
  - FeH: [0.5454, 1.0453999999999999]
* Additional priors (IMF): 


Computing likelihood of models in the grid (5977 tracks) ...
Done! Computed the likelihood of 69 models, found 69 models with non-zero likelihood!


*****************************************
**                                     **
**   Output and results from the fit   **
**                                     **
*****************************************


Highest likelihood model:
* Weighted, non-normalized log-probability: -1631.4102878653625
* Grid-index: grid/tracks/track1889[5], with parameters:
  - Name: track1889-483.fgong
  - Teff      :  4597.191651 
  - FeH       :     0.584448 
  - radPhot   :     0.837303 
  - massfin   :     0.971998 
  - age       :   135.050412 

Lowest chi2 model:
* chi2: 3251.7584188958995
* Grid-index: grid/tracks/track1889[5], with parameters:
  - Name: track1889-483.fgong
  - Teff      :  4597.191651 
  - FeH       :     0.584448 
  - radPhot   :     0.837303 
  - massfin   :     0.971998 
  - age       :   135.050412 


Computing posterior distributions for the requested output parameters!
==> Summary statistics printed below ...

-----------------------------------------------------
median     Teff          :   4597.191651
err_plus   Teff          :      0.000000
err_minus  Teff          :      0.000000
-----------------------------------------------------
median     FeH           :      0.584448
err_plus   FeH           :      0.000000
err_minus  FeH           :      0.000000
-----------------------------------------------------
median     radPhot       :      0.837303
err_plus   radPhot       :      0.000000
err_minus  radPhot       :      0.000000
-----------------------------------------------------
median     massfin       :      0.971998
err_plus   massfin       :      0.000000
err_minus  massfin       :      0.000000
-----------------------------------------------------
median     age           :    135.050412
err_plus   age           :      0.000000
err_minus  age           :      0.000000
-----------------------------------------------------

Saved results to mnt/c/Users/georg/Documents/GitHub/Iwan-and-George-Year-4-Project/Results/JustKenResults.ascii.
WARNING! Unable to create KDE. Skipping plot...
Corner plot failed with the error: The data appears to lie in a lower-dimensional subspace of the space in which it is expressed. This has resulted in a singular data covariance matrix, which cannot be treated using the algorithms implemented in `gaussian_kde`. Consider performing principle component analysis / dimensionality reduction and using `gaussian_kde` with the transformed data.
Saved Kiel diagram to mnt/c/Users/georg/Documents/GitHub/Iwan-and-George-Year-4-Project/Results/3087206553745290624_kiel.png.
Did not get any frequency file input, skipping ratios and echelle plots.
Saved dictionary to mnt/c/Users/georg/Documents/GitHub/Iwan-and-George-Year-4-Project/Results/3087206553745290624.json

Finished on 2024-01-20 17:34:40 (runtime 10.0 s).

