========================================================================================
                                         BASTA                                         
                             The BAyesian STellar Algorithm                             

                                     Version 1.2.1                                     

                                (c) 2022, The BASTA Team                                
                           https://github.com/BASTAcode/BASTA                           
========================================================================================

Run started on 2024-01-20 17:34:40 . 

Random numbers initialised with seed: 3178 .

Fitting star id: 3105507886130792448 .
* Using the grid '/root/BASTA/grids/Garstec_AS09_barbieMS.hdf5' of type 'sobol tracks'.
  - Grid built with BASTA version 1.3.1, timestamp: 2023-11-28 at 20:12:28.

Transforming solar-based asteroseismic quantities:
* Converting to solar units if needed...
* Solar model scaling not activated!  -->  Dnu will not be scaled.
Done!

Fitting information:
* Fitting parameters with values and uncertainties:
  - Teff: [6299.214, 10.9095]
  - FeH: [-0.3325, 0.0105]

Additional input parameters and settings in alphabetical order:
* asciiparams: ['Teff', 'FeH', 'radPhot', 'massfin', 'age']
* centroid: median
* cornerplots: ['Teff', 'FeH', 'radPhot', 'massfin', 'age']
* dnu_scales: {}
* dnusun: 135.1
* freqplots: []
* inputfile: input_JustKen.xml
* kielplots: [True]
* numsun: 3090.0
* output: mnt/c/Users/georg/Documents/GitHub/Iwan-and-George-Year-4-Project/Results/
* plotfmt: png
* solarmodel: False
* uncert: quantiles

Weights and priors:
* Bayesian weights:
  - Along tracks: age
  - Between tracks: volume
* Flat, constrained priors and ranges:
  - Teff: [6266.4855, 6331.9425]
  - FeH: [-0.5825, -0.08250000000000002]
* Additional priors (IMF): 


Computing likelihood of models in the grid (5977 tracks) ...
Done! Computed the likelihood of 20022 models, found 20022 models with non-zero likelihood!


*****************************************
**                                     **
**   Output and results from the fit   **
**                                     **
*****************************************


Highest likelihood model:
* Weighted, non-normalized log-probability: -4.742466893931808
* Grid-index: grid/tracks/track5566[105], with parameters:
  - Name: track5566-1000.fgong
  - Teff      :  6303.074865 
  - FeH       :    -0.330853 
  - radPhot   :     1.073235 
  - massfin   :     0.963646 
  - age       :  4072.217819 

Lowest chi2 model:
* chi2: 0.0020785301101208286
* Grid-index: grid/tracks/track0749[239], with parameters:
  - Name: track0749-1643.fgong
  - Teff      :  6299.628582 
  - FeH       :    -0.332236 
  - radPhot   :     1.347824 
  - massfin   :     1.125406 
  - age       :  4626.259287 


Computing posterior distributions for the requested output parameters!
==> Summary statistics printed below ...

-----------------------------------------------------
median     Teff          :   6300.160619
err_plus   Teff          :     10.094944
err_minus  Teff          :     12.294797
-----------------------------------------------------
median     FeH           :     -0.331635
err_plus   FeH           :      0.010049
err_minus  FeH           :      0.010959
-----------------------------------------------------
median     radPhot       :      1.120769
err_plus   radPhot       :      0.254110
err_minus  radPhot       :      0.131894
-----------------------------------------------------
median     massfin       :      1.024814
err_plus   massfin       :      0.079318
err_minus  massfin       :      0.054143
-----------------------------------------------------
median     age           :   3668.217819
err_plus   age           :   1065.123820
err_minus  age           :   2262.297617
-----------------------------------------------------

Saved results to mnt/c/Users/georg/Documents/GitHub/Iwan-and-George-Year-4-Project/Results/JustKenResults.ascii.
Saved corner plot to mnt/c/Users/georg/Documents/GitHub/Iwan-and-George-Year-4-Project/Results/3105507886130792448_corner.png.
Saved Kiel diagram to mnt/c/Users/georg/Documents/GitHub/Iwan-and-George-Year-4-Project/Results/3105507886130792448_kiel.png.
Did not get any frequency file input, skipping ratios and echelle plots.
Saved dictionary to mnt/c/Users/georg/Documents/GitHub/Iwan-and-George-Year-4-Project/Results/3105507886130792448.json

Finished on 2024-01-20 17:34:55 (runtime 15.0 s).

