========================================================================================
                                         BASTA                                         
                             The BAyesian STellar Algorithm                             

                                     Version 1.2.1                                     

                                (c) 2022, The BASTA Team                                
                           https://github.com/BASTAcode/BASTA                           
========================================================================================

Run started on 2024-01-20 17:34:55 . 

Random numbers initialised with seed: 3178 .

Fitting star id: 3107255598526406912 .
* Using the grid '/root/BASTA/grids/Garstec_AS09_barbieMS.hdf5' of type 'sobol tracks'.
  - Grid built with BASTA version 1.3.1, timestamp: 2023-11-28 at 20:12:28.

Transforming solar-based asteroseismic quantities:
* Converting to solar units if needed...
* Solar model scaling not activated!  -->  Dnu will not be scaled.
Done!

Fitting information:
* Fitting parameters with values and uncertainties:
  - Teff: [5245.569, 40.399]
  - FeH: [-0.4875, 0.0434]

Additional input parameters and settings in alphabetical order:
* asciiparams: ['Teff', 'FeH', 'radPhot', 'massfin', 'age']
* centroid: median
* cornerplots: ['Teff', 'FeH', 'radPhot', 'massfin', 'age']
* dnu_scales: {}
* dnusun: 135.1
* freqplots: []
* inputfile: input_JustKen.xml
* kielplots: [True]
* numsun: 3090.0
* output: mnt/c/Users/georg/Documents/GitHub/Iwan-and-George-Year-4-Project/Results/
* plotfmt: png
* solarmodel: False
* uncert: quantiles

Weights and priors:
* Bayesian weights:
  - Along tracks: age
  - Between tracks: volume
* Flat, constrained priors and ranges:
  - Teff: [5124.372, 5366.7660000000005]
  - FeH: [-0.7375, -0.2375]
* Additional priors (IMF): 


Computing likelihood of models in the grid (5977 tracks) ...
Done! Computed the likelihood of 8403 models, found 8403 models with non-zero likelihood!


*****************************************
**                                     **
**   Output and results from the fit   **
**                                     **
*****************************************


Highest likelihood model:
* Weighted, non-normalized log-probability: -3.2854599841468195
* Grid-index: grid/tracks/track5872[37], with parameters:
  - Name: track5872-678.fgong
  - Teff      :  5241.185883 
  - FeH       :    -0.501705 
  - radPhot   :     0.684531 
  - massfin   :     0.733896 
  - age       :  5374.357234 

Lowest chi2 model:
* chi2: 0.0016711001237141169
* Grid-index: grid/tracks/track1072[127], with parameters:
  - Name: track1072-1120.fgong
  - Teff      :  5246.114319 
  - FeH       :    -0.489175 
  - radPhot   :     1.725499 
  - massfin   :     0.738159 
  - age       : 18235.337910 


Computing posterior distributions for the requested output parameters!
==> Summary statistics printed below ...

-----------------------------------------------------
median     Teff          :   5253.639607
err_plus   Teff          :     41.246110
err_minus  Teff          :     42.015783
-----------------------------------------------------
median     FeH           :     -0.476528
err_plus   FeH           :      0.041585
err_minus  FeH           :      0.033411
-----------------------------------------------------
median     radPhot       :      0.700691
err_plus   radPhot       :      0.056786
err_minus  radPhot       :      0.027751
-----------------------------------------------------
median     massfin       :      0.723723
err_plus   massfin       :      0.017253
err_minus  massfin       :      0.014031
-----------------------------------------------------
median     age           :   7155.459342
err_plus   age           :   7850.349248
err_minus  age           :   4311.856738
-----------------------------------------------------

Saved results to mnt/c/Users/georg/Documents/GitHub/Iwan-and-George-Year-4-Project/Results/JustKenResults.ascii.
Saved corner plot to mnt/c/Users/georg/Documents/GitHub/Iwan-and-George-Year-4-Project/Results/3107255598526406912_corner.png.
Saved Kiel diagram to mnt/c/Users/georg/Documents/GitHub/Iwan-and-George-Year-4-Project/Results/3107255598526406912_kiel.png.
Did not get any frequency file input, skipping ratios and echelle plots.
Saved dictionary to mnt/c/Users/georg/Documents/GitHub/Iwan-and-George-Year-4-Project/Results/3107255598526406912.json

Finished on 2024-01-20 17:35:09 (runtime 14.0 s).

