========================================================================================
                                         BASTA                                         
                             The BAyesian STellar Algorithm                             

                                     Version 1.2.1                                     

                                (c) 2022, The BASTA Team                                
                           https://github.com/BASTAcode/BASTA                           
========================================================================================

Run started on 2024-01-20 17:35:09 . 

Random numbers initialised with seed: 3178 .

Fitting star id: 3107267177757848576 .
* Using the grid '/root/BASTA/grids/Garstec_AS09_barbieMS.hdf5' of type 'sobol tracks'.
  - Grid built with BASTA version 1.3.1, timestamp: 2023-11-28 at 20:12:28.

Transforming solar-based asteroseismic quantities:
* Converting to solar units if needed...
* Solar model scaling not activated!  -->  Dnu will not be scaled.
Done!

Fitting information:
* Fitting parameters with values and uncertainties:
  - Teff: [5351.1714, 11.6696]
  - FeH: [0.155, 0.0116]

Additional input parameters and settings in alphabetical order:
* asciiparams: ['Teff', 'FeH', 'radPhot', 'massfin', 'age']
* centroid: median
* cornerplots: ['Teff', 'FeH', 'radPhot', 'massfin', 'age']
* dnu_scales: {}
* dnusun: 135.1
* freqplots: []
* inputfile: input_JustKen.xml
* kielplots: [True]
* numsun: 3090.0
* output: mnt/c/Users/georg/Documents/GitHub/Iwan-and-George-Year-4-Project/Results/
* plotfmt: png
* solarmodel: False
* uncert: quantiles

Weights and priors:
* Bayesian weights:
  - Along tracks: age
  - Between tracks: volume
* Flat, constrained priors and ranges:
  - Teff: [5316.162600000001, 5386.1802]
  - FeH: [-0.095, 0.405]
* Additional priors (IMF): 


Computing likelihood of models in the grid (5977 tracks) ...
Done! Computed the likelihood of 29927 models, found 29927 models with non-zero likelihood!


*****************************************
**                                     **
**   Output and results from the fit   **
**                                     **
*****************************************


Highest likelihood model:
* Weighted, non-normalized log-probability: -4.306707161266467
* Grid-index: grid/tracks/track4115[71], with parameters:
  - Name: track4115-818.fgong
  - Teff      :  5351.209285 
  - FeH       :     0.154475 
  - radPhot   :     0.853287 
  - massfin   :     0.871861 
  - age       :  4323.819080 

Lowest chi2 model:
* chi2: 0.0013051431788455479
* Grid-index: grid/tracks/track0395[25], with parameters:
  - Name: track0395-607.fgong
  - Teff      :  5350.766175 
  - FeH       :     0.155116 
  - radPhot   :     0.822398 
  - massfin   :     0.923967 
  - age       :  1023.738656 


Computing posterior distributions for the requested output parameters!
==> Summary statistics printed below ...

-----------------------------------------------------
median     Teff          :   5350.099200
err_plus   Teff          :     12.480975
err_minus  Teff          :     13.606384
-----------------------------------------------------
median     FeH           :      0.155195
err_plus   FeH           :      0.011344
err_minus  FeH           :      0.010847
-----------------------------------------------------
median     radPhot       :      0.926184
err_plus   radPhot       :      0.267035
err_minus  radPhot       :      0.085128
-----------------------------------------------------
median     massfin       :      0.924895
err_plus   massfin       :      0.068096
err_minus  massfin       :      0.053048
-----------------------------------------------------
median     age           :   8292.788391
err_plus   age           :   6627.719089
err_minus  age           :   6972.915020
-----------------------------------------------------

Saved results to mnt/c/Users/georg/Documents/GitHub/Iwan-and-George-Year-4-Project/Results/JustKenResults.ascii.
Saved corner plot to mnt/c/Users/georg/Documents/GitHub/Iwan-and-George-Year-4-Project/Results/3107267177757848576_corner.png.
Saved Kiel diagram to mnt/c/Users/georg/Documents/GitHub/Iwan-and-George-Year-4-Project/Results/3107267177757848576_kiel.png.
Did not get any frequency file input, skipping ratios and echelle plots.
Saved dictionary to mnt/c/Users/georg/Documents/GitHub/Iwan-and-George-Year-4-Project/Results/3107267177757848576.json

Finished on 2024-01-20 17:35:27 (runtime 18.0 s).

