========================================================================================
                                         BASTA                                         
                             The BAyesian STellar Algorithm                             

                                     Version 1.2.1                                     

                                (c) 2022, The BASTA Team                                
                           https://github.com/BASTAcode/BASTA                           
========================================================================================

Run started on 2024-01-20 17:36:01 . 

Random numbers initialised with seed: 3178 .

Fitting star id: 3211188618762023424 .
* Using the grid '/root/BASTA/grids/Garstec_AS09_barbieMS.hdf5' of type 'sobol tracks'.
  - Grid built with BASTA version 1.3.1, timestamp: 2023-11-28 at 20:12:28.

Transforming solar-based asteroseismic quantities:
* Converting to solar units if needed...
* Solar model scaling not activated!  -->  Dnu will not be scaled.
Done!

Fitting information:
* Fitting parameters with values and uncertainties:
  - Teff: [5875.2974, 4.8852]
  - FeH: [-0.3427, 0.0062]

Additional input parameters and settings in alphabetical order:
* asciiparams: ['Teff', 'FeH', 'radPhot', 'massfin', 'age']
* centroid: median
* cornerplots: ['Teff', 'FeH', 'radPhot', 'massfin', 'age']
* dnu_scales: {}
* dnusun: 135.1
* freqplots: []
* inputfile: input_JustKen.xml
* kielplots: [True]
* numsun: 3090.0
* output: mnt/c/Users/georg/Documents/GitHub/Iwan-and-George-Year-4-Project/Results/
* plotfmt: png
* solarmodel: False
* uncert: quantiles

Weights and priors:
* Bayesian weights:
  - Along tracks: age
  - Between tracks: volume
* Flat, constrained priors and ranges:
  - Teff: [5860.6418, 5889.953]
  - FeH: [-0.5927, -0.0927]
* Additional priors (IMF): 


Computing likelihood of models in the grid (5977 tracks) ...
Done! Computed the likelihood of 6261 models, found 6261 models with non-zero likelihood!


*****************************************
**                                     **
**   Output and results from the fit   **
**                                     **
*****************************************


Highest likelihood model:
* Weighted, non-normalized log-probability: -4.045198560223797
* Grid-index: grid/tracks/track0104[46], with parameters:
  - Name: track0104-715.fgong
  - Teff      :  5876.566158 
  - FeH       :    -0.343109 
  - radPhot   :     0.783069 
  - massfin   :     0.812847 
  - age       :  3916.817909 

Lowest chi2 model:
* chi2: 0.0025913417644029208
* Grid-index: grid/tracks/track3239[105], with parameters:
  - Name: track3239-995.fgong
  - Teff      :  5875.175639 
  - FeH       :    -0.342975 
  - radPhot   :     1.049841 
  - massfin   :     0.791473 
  - age       : 10885.708050 


Computing posterior distributions for the requested output parameters!
==> Summary statistics printed below ...

-----------------------------------------------------
median     Teff          :   5875.460129
err_plus   Teff          :      4.036626
err_minus  Teff          :      4.747995
-----------------------------------------------------
median     FeH           :     -0.343837
err_plus   FeH           :      0.005852
err_minus  FeH           :      0.004859
-----------------------------------------------------
median     radPhot       :      0.985968
err_plus   radPhot       :      0.268505
err_minus  radPhot       :      0.183753
-----------------------------------------------------
median     massfin       :      0.835364
err_plus   massfin       :      0.063607
err_minus  massfin       :      0.043857
-----------------------------------------------------
median     age           :   8059.542178
err_plus   age           :   2934.165872
err_minus  age           :   4423.224269
-----------------------------------------------------

Saved results to mnt/c/Users/georg/Documents/GitHub/Iwan-and-George-Year-4-Project/Results/JustKenResults.ascii.
Saved corner plot to mnt/c/Users/georg/Documents/GitHub/Iwan-and-George-Year-4-Project/Results/3211188618762023424_corner.png.
Saved Kiel diagram to mnt/c/Users/georg/Documents/GitHub/Iwan-and-George-Year-4-Project/Results/3211188618762023424_kiel.png.
Did not get any frequency file input, skipping ratios and echelle plots.
Saved dictionary to mnt/c/Users/georg/Documents/GitHub/Iwan-and-George-Year-4-Project/Results/3211188618762023424.json

Finished on 2024-01-20 17:36:20 (runtime 19.0 s).

