========================================================================================
                                         BASTA                                         
                             The BAyesian STellar Algorithm                             

                                     Version 1.2.1                                     

                                (c) 2022, The BASTA Team                                
                           https://github.com/BASTAcode/BASTA                           
========================================================================================

Run started on 2024-01-20 17:36:37 . 

Random numbers initialised with seed: 3178 .

Fitting star id: 3231856379348299008 .
* Using the grid '/root/BASTA/grids/Garstec_AS09_barbieMS.hdf5' of type 'sobol tracks'.
  - Grid built with BASTA version 1.3.1, timestamp: 2023-11-28 at 20:12:28.

Transforming solar-based asteroseismic quantities:
* Converting to solar units if needed...
* Solar model scaling not activated!  -->  Dnu will not be scaled.
Done!

Fitting information:
* Fitting parameters with values and uncertainties:
  - Teff: [6200.522, 16.555]
  - FeH: [-0.2111, 0.0128]

Additional input parameters and settings in alphabetical order:
* asciiparams: ['Teff', 'FeH', 'radPhot', 'massfin', 'age']
* centroid: median
* cornerplots: ['Teff', 'FeH', 'radPhot', 'massfin', 'age']
* dnu_scales: {}
* dnusun: 135.1
* freqplots: []
* inputfile: input_JustKen.xml
* kielplots: [True]
* numsun: 3090.0
* output: mnt/c/Users/georg/Documents/GitHub/Iwan-and-George-Year-4-Project/Results/
* plotfmt: png
* solarmodel: False
* uncert: quantiles

Weights and priors:
* Bayesian weights:
  - Along tracks: age
  - Between tracks: volume
* Flat, constrained priors and ranges:
  - Teff: [6150.857, 6250.187]
  - FeH: [-0.4611, 0.03889999999999999]
* Additional priors (IMF): 


Computing likelihood of models in the grid (5977 tracks) ...
Done! Computed the likelihood of 31365 models, found 31365 models with non-zero likelihood!


*****************************************
**                                     **
**   Output and results from the fit   **
**                                     **
*****************************************


Highest likelihood model:
* Weighted, non-normalized log-probability: -4.945666787593153
* Grid-index: grid/tracks/track1401[198], with parameters:
  - Name: track1401-1459.fgong
  - Teff      :  6198.925755 
  - FeH       :    -0.204258 
  - radPhot   :     1.308741 
  - massfin   :     1.019362 
  - age       :  6209.854601 

Lowest chi2 model:
* chi2: 0.007311373407548818
* Grid-index: grid/tracks/track0589[292], with parameters:
  - Name: track0589-1900.fgong
  - Teff      :  6201.230831 
  - FeH       :    -0.212047 
  - radPhot   :     1.660184 
  - massfin   :     1.119145 
  - age       :  5685.425004 


Computing posterior distributions for the requested output parameters!
==> Summary statistics printed below ...

-----------------------------------------------------
median     Teff          :   6198.872542
err_plus   Teff          :     14.542584
err_minus  Teff          :     15.284882
-----------------------------------------------------
median     FeH           :     -0.211112
err_plus   FeH           :      0.012056
err_minus  FeH           :      0.012148
-----------------------------------------------------
median     radPhot       :      1.127603
err_plus   radPhot       :      0.260100
err_minus  radPhot       :      0.166648
-----------------------------------------------------
median     massfin       :      1.027271
err_plus   massfin       :      0.074448
err_minus  massfin       :      0.051307
-----------------------------------------------------
median     age           :   3861.280121
err_plus   age           :   1441.189538
err_minus  age           :   2467.009806
-----------------------------------------------------

Saved results to mnt/c/Users/georg/Documents/GitHub/Iwan-and-George-Year-4-Project/Results/JustKenResults.ascii.
Saved corner plot to mnt/c/Users/georg/Documents/GitHub/Iwan-and-George-Year-4-Project/Results/3231856379348299008_corner.png.
Saved Kiel diagram to mnt/c/Users/georg/Documents/GitHub/Iwan-and-George-Year-4-Project/Results/3231856379348299008_kiel.png.
Did not get any frequency file input, skipping ratios and echelle plots.
Saved dictionary to mnt/c/Users/georg/Documents/GitHub/Iwan-and-George-Year-4-Project/Results/3231856379348299008.json

Finished on 2024-01-20 17:36:53 (runtime 16.0 s).

