========================================================================================
                                         BASTA                                         
                             The BAyesian STellar Algorithm                             

                                     Version 1.2.1                                     

                                (c) 2022, The BASTA Team                                
                           https://github.com/BASTAcode/BASTA                           
========================================================================================

Run started on 2024-01-20 17:37:00 . 

Random numbers initialised with seed: 3178 .

Fitting star id: 3326541506073371776 .
* Using the grid '/root/BASTA/grids/Garstec_AS09_barbieMS.hdf5' of type 'sobol tracks'.
  - Grid built with BASTA version 1.3.1, timestamp: 2023-11-28 at 20:12:28.

Transforming solar-based asteroseismic quantities:
* Converting to solar units if needed...
* Solar model scaling not activated!  -->  Dnu will not be scaled.
Done!

Fitting information:
* Fitting parameters with values and uncertainties:
  - Teff: [5765.2734, 43.2276]
  - FeH: [-0.0108, 0.0512]

Additional input parameters and settings in alphabetical order:
* asciiparams: ['Teff', 'FeH', 'radPhot', 'massfin', 'age']
* centroid: median
* cornerplots: ['Teff', 'FeH', 'radPhot', 'massfin', 'age']
* dnu_scales: {}
* dnusun: 135.1
* freqplots: []
* inputfile: input_JustKen.xml
* kielplots: [True]
* numsun: 3090.0
* output: mnt/c/Users/georg/Documents/GitHub/Iwan-and-George-Year-4-Project/Results/
* plotfmt: png
* solarmodel: False
* uncert: quantiles

Weights and priors:
* Bayesian weights:
  - Along tracks: age
  - Between tracks: volume
* Flat, constrained priors and ranges:
  - Teff: [5635.5906, 5894.9562]
  - FeH: [-0.2608, 0.2392]
* Additional priors (IMF): 


Computing likelihood of models in the grid (5977 tracks) ...
Done! Computed the likelihood of 102854 models, found 102854 models with non-zero likelihood!


*****************************************
**                                     **
**   Output and results from the fit   **
**                                     **
*****************************************


Highest likelihood model:
* Weighted, non-normalized log-probability: -4.483708645396381
* Grid-index: grid/tracks/track0251[7], with parameters:
  - Name: track0251-509.fgong
  - Teff      :  5768.148507 
  - FeH       :    -0.008446 
  - radPhot   :     0.800150 
  - massfin   :     0.888994 
  - age       :   164.739187 

Lowest chi2 model:
* chi2: 7.68461767507571e-05
* Grid-index: grid/tracks/track5707[193], with parameters:
  - Name: track5707-1447.fgong
  - Teff      :  5765.642366 
  - FeH       :    -0.010902 
  - radPhot   :     1.039320 
  - massfin   :     0.931554 
  - age       :  8569.043839 


Computing posterior distributions for the requested output parameters!
==> Summary statistics printed below ...

-----------------------------------------------------
median     Teff          :   5765.617284
err_plus   Teff          :     43.999241
err_minus  Teff          :     41.541324
-----------------------------------------------------
median     FeH           :     -0.011406
err_plus   FeH           :      0.052050
err_minus  FeH           :      0.050931
-----------------------------------------------------
median     radPhot       :      1.020179
err_plus   radPhot       :      0.314701
err_minus  radPhot       :      0.115907
-----------------------------------------------------
median     massfin       :      0.970226
err_plus   massfin       :      0.070099
err_minus  massfin       :      0.065531
-----------------------------------------------------
median     age           :   6561.725452
err_plus   age           :   2976.805935
err_minus  age           :   4512.522765
-----------------------------------------------------

Saved results to mnt/c/Users/georg/Documents/GitHub/Iwan-and-George-Year-4-Project/Results/JustKenResults.ascii.
Saved corner plot to mnt/c/Users/georg/Documents/GitHub/Iwan-and-George-Year-4-Project/Results/3326541506073371776_corner.png.
Saved Kiel diagram to mnt/c/Users/georg/Documents/GitHub/Iwan-and-George-Year-4-Project/Results/3326541506073371776_kiel.png.
Did not get any frequency file input, skipping ratios and echelle plots.
Saved dictionary to mnt/c/Users/georg/Documents/GitHub/Iwan-and-George-Year-4-Project/Results/3326541506073371776.json

Finished on 2024-01-20 17:37:21 (runtime 21.0 s).

