========================================================================================
                                         BASTA                                         
                             The BAyesian STellar Algorithm                             

                                     Version 1.2.1                                     

                                (c) 2022, The BASTA Team                                
                           https://github.com/BASTAcode/BASTA                           
========================================================================================

Run started on 2024-01-20 17:37:21 . 

Random numbers initialised with seed: 3178 .

Fitting star id: 3342228616422593664 .
* Using the grid '/root/BASTA/grids/Garstec_AS09_barbieMS.hdf5' of type 'sobol tracks'.
  - Grid built with BASTA version 1.3.1, timestamp: 2023-11-28 at 20:12:28.

Transforming solar-based asteroseismic quantities:
* Converting to solar units if needed...
* Solar model scaling not activated!  -->  Dnu will not be scaled.
Done!

Fitting information:
* Fitting parameters with values and uncertainties:
  - Teff: [6333.0283, 14.0407]
  - FeH: [0.0429, 0.0116]

Additional input parameters and settings in alphabetical order:
* asciiparams: ['Teff', 'FeH', 'radPhot', 'massfin', 'age']
* centroid: median
* cornerplots: ['Teff', 'FeH', 'radPhot', 'massfin', 'age']
* dnu_scales: {}
* dnusun: 135.1
* freqplots: []
* inputfile: input_JustKen.xml
* kielplots: [True]
* numsun: 3090.0
* output: mnt/c/Users/georg/Documents/GitHub/Iwan-and-George-Year-4-Project/Results/
* plotfmt: png
* solarmodel: False
* uncert: quantiles

Weights and priors:
* Bayesian weights:
  - Along tracks: age
  - Between tracks: volume
* Flat, constrained priors and ranges:
  - Teff: [6290.9062, 6375.1503999999995]
  - FeH: [-0.2071, 0.2929]
* Additional priors (IMF): 


Computing likelihood of models in the grid (5977 tracks) ...
Done! Computed the likelihood of 12808 models, found 12808 models with non-zero likelihood!


*****************************************
**                                     **
**   Output and results from the fit   **
**                                     **
*****************************************


Highest likelihood model:
* Weighted, non-normalized log-probability: -5.297979388483368
* Grid-index: grid/tracks/track0093[58], with parameters:
  - Name: track0093-727.fgong
  - Teff      :  6332.337252 
  - FeH       :     0.043098 
  - radPhot   :     1.085871 
  - massfin   :     1.102883 
  - age       :  1107.753099 

Lowest chi2 model:
* chi2: 0.00031048937332454055
* Grid-index: grid/tracks/track2733[53], with parameters:
  - Name: track2733-684.fgong
  - Teff      :  6333.113953 
  - FeH       :     0.042708 
  - radPhot   :     1.158822 
  - massfin   :     1.137883 
  - age       :   968.678978 


Computing posterior distributions for the requested output parameters!
==> Summary statistics printed below ...

-----------------------------------------------------
median     Teff          :   6331.291548
err_plus   Teff          :     12.745814
err_minus  Teff          :     11.504162
-----------------------------------------------------
median     FeH           :      0.041910
err_plus   FeH           :      0.011659
err_minus  FeH           :      0.011731
-----------------------------------------------------
median     radPhot       :      1.122034
err_plus   radPhot       :      0.121635
err_minus  radPhot       :      0.039846
-----------------------------------------------------
median     massfin       :      1.138713
err_plus   massfin       :      0.039186
err_minus  massfin       :      0.035839
-----------------------------------------------------
median     age           :   1106.726253
err_plus   age           :   1194.971535
err_minus  age           :    554.836832
-----------------------------------------------------

Saved results to mnt/c/Users/georg/Documents/GitHub/Iwan-and-George-Year-4-Project/Results/JustKenResults.ascii.
Saved corner plot to mnt/c/Users/georg/Documents/GitHub/Iwan-and-George-Year-4-Project/Results/3342228616422593664_corner.png.
Saved Kiel diagram to mnt/c/Users/georg/Documents/GitHub/Iwan-and-George-Year-4-Project/Results/3342228616422593664_kiel.png.
Did not get any frequency file input, skipping ratios and echelle plots.
Saved dictionary to mnt/c/Users/georg/Documents/GitHub/Iwan-and-George-Year-4-Project/Results/3342228616422593664.json

Finished on 2024-01-20 17:37:32 (runtime 11.0 s).

