========================================================================================
                                         BASTA                                         
                             The BAyesian STellar Algorithm                             

                                     Version 1.2.1                                     

                                (c) 2022, The BASTA Team                                
                           https://github.com/BASTAcode/BASTA                           
========================================================================================

Run started on 2024-01-20 17:37:32 . 

Random numbers initialised with seed: 3178 .

Fitting star id: 338382713564401920 .
* Using the grid '/root/BASTA/grids/Garstec_AS09_barbieMS.hdf5' of type 'sobol tracks'.
  - Grid built with BASTA version 1.3.1, timestamp: 2023-11-28 at 20:12:28.

Transforming solar-based asteroseismic quantities:
* Converting to solar units if needed...
* Solar model scaling not activated!  -->  Dnu will not be scaled.
Done!

Fitting information:
* Fitting parameters with values and uncertainties:
  - Teff: [5749.947, 4.7747]
  - FeH: [0.0196, 0.0065]

Additional input parameters and settings in alphabetical order:
* asciiparams: ['Teff', 'FeH', 'radPhot', 'massfin', 'age']
* centroid: median
* cornerplots: ['Teff', 'FeH', 'radPhot', 'massfin', 'age']
* dnu_scales: {}
* dnusun: 135.1
* freqplots: []
* inputfile: input_JustKen.xml
* kielplots: [True]
* numsun: 3090.0
* output: mnt/c/Users/georg/Documents/GitHub/Iwan-and-George-Year-4-Project/Results/
* plotfmt: png
* solarmodel: False
* uncert: quantiles

Weights and priors:
* Bayesian weights:
  - Along tracks: age
  - Between tracks: volume
* Flat, constrained priors and ranges:
  - Teff: [5735.6229, 5764.2711]
  - FeH: [-0.2304, 0.2696]
* Additional priors (IMF): 


Computing likelihood of models in the grid (5977 tracks) ...
Done! Computed the likelihood of 12889 models, found 12889 models with non-zero likelihood!


*****************************************
**                                     **
**   Output and results from the fit   **
**                                     **
*****************************************


Highest likelihood model:
* Weighted, non-normalized log-probability: -4.812441667002306
* Grid-index: grid/tracks/track0689[81], with parameters:
  - Name: track0689-888.fgong
  - Teff      :  5750.162912 
  - FeH       :     0.020527 
  - radPhot   :     0.932788 
  - massfin   :     0.995856 
  - age       :  2761.202687 

Lowest chi2 model:
* chi2: 0.0024072253138880087
* Grid-index: grid/tracks/track0779[111], with parameters:
  - Name: track0779-1020.fgong
  - Teff      :  5750.047692 
  - FeH       :     0.019888 
  - radPhot   :     0.979357 
  - massfin   :     0.920738 
  - age       :  5016.696744 


Computing posterior distributions for the requested output parameters!
==> Summary statistics printed below ...

-----------------------------------------------------
median     Teff          :   5748.703740
err_plus   Teff          :      5.586271
err_minus  Teff          :      4.779239
-----------------------------------------------------
median     FeH           :      0.019568
err_plus   FeH           :      0.007228
err_minus  FeH           :      0.007642
-----------------------------------------------------
median     radPhot       :      0.993983
err_plus   radPhot       :      0.270449
err_minus  radPhot       :      0.065847
-----------------------------------------------------
median     massfin       :      0.995856
err_plus   massfin       :      0.048696
err_minus  massfin       :      0.075130
-----------------------------------------------------
median     age           :   6765.544346
err_plus   age           :   2436.113398
err_minus  age           :   4958.817821
-----------------------------------------------------

Saved results to mnt/c/Users/georg/Documents/GitHub/Iwan-and-George-Year-4-Project/Results/JustKenResults.ascii.
Saved corner plot to mnt/c/Users/georg/Documents/GitHub/Iwan-and-George-Year-4-Project/Results/338382713564401920_corner.png.
Saved Kiel diagram to mnt/c/Users/georg/Documents/GitHub/Iwan-and-George-Year-4-Project/Results/338382713564401920_kiel.png.
Did not get any frequency file input, skipping ratios and echelle plots.
Saved dictionary to mnt/c/Users/georg/Documents/GitHub/Iwan-and-George-Year-4-Project/Results/338382713564401920.json

Finished on 2024-01-20 17:37:47 (runtime 15.0 s).

