========================================================================================
                                         BASTA                                         
                             The BAyesian STellar Algorithm                             

                                     Version 1.2.1                                     

                                (c) 2022, The BASTA Team                                
                           https://github.com/BASTAcode/BASTA                           
========================================================================================

Run started on 2024-01-20 17:37:48 . 

Random numbers initialised with seed: 3178 .

Fitting star id: 3385777286999240576 .
* Using the grid '/root/BASTA/grids/Garstec_AS09_barbieMS.hdf5' of type 'sobol tracks'.
  - Grid built with BASTA version 1.3.1, timestamp: 2023-11-28 at 20:12:28.

Transforming solar-based asteroseismic quantities:
* Converting to solar units if needed...
* Solar model scaling not activated!  -->  Dnu will not be scaled.
Done!

Fitting information:
* Fitting parameters with values and uncertainties:
  - Teff: [6480.038, 14.463]
  - FeH: [-0.233, 0.0114]

Additional input parameters and settings in alphabetical order:
* asciiparams: ['Teff', 'FeH', 'radPhot', 'massfin', 'age']
* centroid: median
* cornerplots: ['Teff', 'FeH', 'radPhot', 'massfin', 'age']
* dnu_scales: {}
* dnusun: 135.1
* freqplots: []
* inputfile: input_JustKen.xml
* kielplots: [True]
* numsun: 3090.0
* output: mnt/c/Users/georg/Documents/GitHub/Iwan-and-George-Year-4-Project/Results/
* plotfmt: png
* solarmodel: False
* uncert: quantiles

Weights and priors:
* Bayesian weights:
  - Along tracks: age
  - Between tracks: volume
* Flat, constrained priors and ranges:
  - Teff: [6436.648999999999, 6523.427]
  - FeH: [-0.483, 0.016999999999999987]
* Additional priors (IMF): 


Computing likelihood of models in the grid (5977 tracks) ...
Done! Computed the likelihood of 13223 models, found 13223 models with non-zero likelihood!


*****************************************
**                                     **
**   Output and results from the fit   **
**                                     **
*****************************************


Highest likelihood model:
* Weighted, non-normalized log-probability: -5.369109614932056
* Grid-index: grid/tracks/track5881[57], with parameters:
  - Name: track5881-768.fgong
  - Teff      :  6471.217782 
  - FeH       :    -0.234692 
  - radPhot   :     1.035504 
  - massfin   :     1.015819 
  - age       :  1783.535168 

Lowest chi2 model:
* chi2: 0.018145504945984315
* Grid-index: grid/tracks/track0309[85], with parameters:
  - Name: track0309-838.fgong
  - Teff      :  6478.150788 
  - FeH       :    -0.233381 
  - radPhot   :     1.301818 
  - massfin   :     1.179755 
  - age       :  1536.675986 


Computing posterior distributions for the requested output parameters!
==> Summary statistics printed below ...

-----------------------------------------------------
median     Teff          :   6475.786048
err_plus   Teff          :     15.311270
err_minus  Teff          :     13.370828
-----------------------------------------------------
median     FeH           :     -0.234031
err_plus   FeH           :      0.011633
err_minus  FeH           :      0.011362
-----------------------------------------------------
median     radPhot       :      1.144440
err_plus   radPhot       :      0.141922
err_minus  radPhot       :      0.109310
-----------------------------------------------------
median     massfin       :      1.100865
err_plus   massfin       :      0.068972
err_minus  massfin       :      0.043106
-----------------------------------------------------
median     age           :   1490.135168
err_plus   age           :   1080.709904
err_minus  age           :    930.341567
-----------------------------------------------------

Saved results to mnt/c/Users/georg/Documents/GitHub/Iwan-and-George-Year-4-Project/Results/JustKenResults.ascii.
Saved corner plot to mnt/c/Users/georg/Documents/GitHub/Iwan-and-George-Year-4-Project/Results/3385777286999240576_corner.png.
Saved Kiel diagram to mnt/c/Users/georg/Documents/GitHub/Iwan-and-George-Year-4-Project/Results/3385777286999240576_kiel.png.
Did not get any frequency file input, skipping ratios and echelle plots.
Saved dictionary to mnt/c/Users/georg/Documents/GitHub/Iwan-and-George-Year-4-Project/Results/3385777286999240576.json

Finished on 2024-01-20 17:37:59 (runtime 11.0 s).

