========================================================================================
                                         BASTA                                         
                             The BAyesian STellar Algorithm                             

                                     Version 1.2.1                                     

                                (c) 2022, The BASTA Team                                
                           https://github.com/BASTAcode/BASTA                           
========================================================================================

Run started on 2024-01-20 17:37:59 . 

Random numbers initialised with seed: 3178 .

Fitting star id: 3394923127797114496 .
* Using the grid '/root/BASTA/grids/Garstec_AS09_barbieMS.hdf5' of type 'sobol tracks'.
  - Grid built with BASTA version 1.3.1, timestamp: 2023-11-28 at 20:12:28.

Transforming solar-based asteroseismic quantities:
* Converting to solar units if needed...
* Solar model scaling not activated!  -->  Dnu will not be scaled.
Done!

Fitting information:
* Fitting parameters with values and uncertainties:
  - Teff: [6580.8594, 9.8916]
  - FeH: [-0.2834, 0.0041]

Additional input parameters and settings in alphabetical order:
* asciiparams: ['Teff', 'FeH', 'radPhot', 'massfin', 'age']
* centroid: median
* cornerplots: ['Teff', 'FeH', 'radPhot', 'massfin', 'age']
* dnu_scales: {}
* dnusun: 135.1
* freqplots: []
* inputfile: input_JustKen.xml
* kielplots: [True]
* numsun: 3090.0
* output: mnt/c/Users/georg/Documents/GitHub/Iwan-and-George-Year-4-Project/Results/
* plotfmt: png
* solarmodel: False
* uncert: quantiles

Weights and priors:
* Bayesian weights:
  - Along tracks: age
  - Between tracks: volume
* Flat, constrained priors and ranges:
  - Teff: [6551.1846000000005, 6610.5342]
  - FeH: [-0.5334, -0.033399999999999985]
* Additional priors (IMF): 


Computing likelihood of models in the grid (5977 tracks) ...
Done! Computed the likelihood of 5654 models, found 5654 models with non-zero likelihood!


*****************************************
**                                     **
**   Output and results from the fit   **
**                                     **
*****************************************


Highest likelihood model:
* Weighted, non-normalized log-probability: -5.587996413433804
* Grid-index: grid/tracks/track0838[20], with parameters:
  - Name: track0838-572.fgong
  - Teff      :  6585.566697 
  - FeH       :    -0.284319 
  - radPhot   :     1.005813 
  - massfin   :     1.026942 
  - age       :   537.641397 

Lowest chi2 model:
* chi2: 0.03409293112255569
* Grid-index: grid/tracks/track3565[39], with parameters:
  - Name: track3565-644.fgong
  - Teff      :  6579.652198 
  - FeH       :    -0.282832 
  - radPhot   :     1.153666 
  - massfin   :     1.123896 
  - age       :   742.227107 


Computing posterior distributions for the requested output parameters!
==> Summary statistics printed below ...

-----------------------------------------------------
median     Teff          :   6579.892722
err_plus   Teff          :     14.013883
err_minus  Teff          :      9.203857
-----------------------------------------------------
median     FeH           :     -0.283692
err_plus   FeH           :      0.004187
err_minus  FeH           :      0.004034
-----------------------------------------------------
median     radPhot       :      1.103970
err_plus   radPhot       :      0.122030
err_minus  radPhot       :      0.047265
-----------------------------------------------------
median     massfin       :      1.124639
err_plus   massfin       :      0.043291
err_minus  massfin       :      0.062706
-----------------------------------------------------
median     age           :    563.720626
err_plus   age           :    612.762350
err_minus  age           :    306.214383
-----------------------------------------------------

Saved results to mnt/c/Users/georg/Documents/GitHub/Iwan-and-George-Year-4-Project/Results/JustKenResults.ascii.
Saved corner plot to mnt/c/Users/georg/Documents/GitHub/Iwan-and-George-Year-4-Project/Results/3394923127797114496_corner.png.
Saved Kiel diagram to mnt/c/Users/georg/Documents/GitHub/Iwan-and-George-Year-4-Project/Results/3394923127797114496_kiel.png.
Did not get any frequency file input, skipping ratios and echelle plots.
Saved dictionary to mnt/c/Users/georg/Documents/GitHub/Iwan-and-George-Year-4-Project/Results/3394923127797114496.json

Finished on 2024-01-20 17:38:10 (runtime 11.0 s).

