========================================================================================
                                         BASTA                                         
                             The BAyesian STellar Algorithm                             

                                     Version 1.2.1                                     

                                (c) 2022, The BASTA Team                                
                           https://github.com/BASTAcode/BASTA                           
========================================================================================

Run started on 2024-01-20 17:38:24 . 

Random numbers initialised with seed: 3178 .

Fitting star id: 3445148131761842944 .
* Using the grid '/root/BASTA/grids/Garstec_AS09_barbieMS.hdf5' of type 'sobol tracks'.
  - Grid built with BASTA version 1.3.1, timestamp: 2023-11-28 at 20:12:28.

Transforming solar-based asteroseismic quantities:
* Converting to solar units if needed...
* Solar model scaling not activated!  -->  Dnu will not be scaled.
Done!

Fitting information:
* Fitting parameters with values and uncertainties:
  - Teff: [5737.8066, 71.8964]
  - FeH: [0.0165, 0.0633]

Additional input parameters and settings in alphabetical order:
* asciiparams: ['Teff', 'FeH', 'radPhot', 'massfin', 'age']
* centroid: median
* cornerplots: ['Teff', 'FeH', 'radPhot', 'massfin', 'age']
* dnu_scales: {}
* dnusun: 135.1
* freqplots: []
* inputfile: input_JustKen.xml
* kielplots: [True]
* numsun: 3090.0
* output: mnt/c/Users/georg/Documents/GitHub/Iwan-and-George-Year-4-Project/Results/
* plotfmt: png
* solarmodel: False
* uncert: quantiles

Weights and priors:
* Bayesian weights:
  - Along tracks: age
  - Between tracks: volume
* Flat, constrained priors and ranges:
  - Teff: [5522.1174, 5953.4958]
  - FeH: [-0.23349999999999999, 0.2665]
* Additional priors (IMF): 


Computing likelihood of models in the grid (5977 tracks) ...
Done! Computed the likelihood of 171470 models, found 171470 models with non-zero likelihood!


*****************************************
**                                     **
**   Output and results from the fit   **
**                                     **
*****************************************


Highest likelihood model:
* Weighted, non-normalized log-probability: -4.453047718310294
* Grid-index: grid/tracks/track0979[179], with parameters:
  - Name: track0979-1374.fgong
  - Teff      :  5738.953429 
  - FeH       :     0.016797 
  - radPhot   :     1.029509 
  - massfin   :     0.879510 
  - age       : 10516.830970 

Lowest chi2 model:
* chi2: 1.0086417276603895e-05
* Grid-index: grid/tracks/track3723[204], with parameters:
  - Name: track3723-1490.fgong
  - Teff      :  5737.743162 
  - FeH       :     0.016307 
  - radPhot   :     1.135313 
  - massfin   :     0.925472 
  - age       :  9232.042294 


Computing posterior distributions for the requested output parameters!
==> Summary statistics printed below ...

-----------------------------------------------------
median     Teff          :   5739.311312
err_plus   Teff          :     70.477316
err_minus  Teff          :     78.311948
-----------------------------------------------------
median     FeH           :      0.015159
err_plus   FeH           :      0.063152
err_minus  FeH           :      0.062163
-----------------------------------------------------
median     radPhot       :      1.033902
err_plus   radPhot       :      0.301068
err_minus  radPhot       :      0.132473
-----------------------------------------------------
median     massfin       :      0.977570
err_plus   massfin       :      0.077339
err_minus  massfin       :      0.071820
-----------------------------------------------------
median     age           :   6554.667531
err_plus   age           :   3193.361388
err_minus  age           :   4433.917188
-----------------------------------------------------

Saved results to mnt/c/Users/georg/Documents/GitHub/Iwan-and-George-Year-4-Project/Results/JustKenResults.ascii.
Saved corner plot to mnt/c/Users/georg/Documents/GitHub/Iwan-and-George-Year-4-Project/Results/3445148131761842944_corner.png.
Saved Kiel diagram to mnt/c/Users/georg/Documents/GitHub/Iwan-and-George-Year-4-Project/Results/3445148131761842944_kiel.png.
Did not get any frequency file input, skipping ratios and echelle plots.
Saved dictionary to mnt/c/Users/georg/Documents/GitHub/Iwan-and-George-Year-4-Project/Results/3445148131761842944.json

Finished on 2024-01-20 17:38:45 (runtime 21.0 s).

