========================================================================================
                                         BASTA                                         
                             The BAyesian STellar Algorithm                             

                                     Version 1.2.1                                     

                                (c) 2022, The BASTA Team                                
                           https://github.com/BASTAcode/BASTA                           
========================================================================================

Run started on 2024-01-20 17:38:46 . 

Random numbers initialised with seed: 3178 .

Fitting star id: 3515865416826633984 .
* Using the grid '/root/BASTA/grids/Garstec_AS09_barbieMS.hdf5' of type 'sobol tracks'.
  - Grid built with BASTA version 1.3.1, timestamp: 2023-11-28 at 20:12:28.

Transforming solar-based asteroseismic quantities:
* Converting to solar units if needed...
* Solar model scaling not activated!  -->  Dnu will not be scaled.
Done!

Fitting information:
* Fitting parameters with values and uncertainties:
  - Teff: [5408.758, 3.0535]
  - FeH: [-0.0219, 0.0054]

Additional input parameters and settings in alphabetical order:
* asciiparams: ['Teff', 'FeH', 'radPhot', 'massfin', 'age']
* centroid: median
* cornerplots: ['Teff', 'FeH', 'radPhot', 'massfin', 'age']
* dnu_scales: {}
* dnusun: 135.1
* freqplots: []
* inputfile: input_JustKen.xml
* kielplots: [True]
* numsun: 3090.0
* output: mnt/c/Users/georg/Documents/GitHub/Iwan-and-George-Year-4-Project/Results/
* plotfmt: png
* solarmodel: False
* uncert: quantiles

Weights and priors:
* Bayesian weights:
  - Along tracks: age
  - Between tracks: volume
* Flat, constrained priors and ranges:
  - Teff: [5399.5975, 5417.9185]
  - FeH: [-0.2719, 0.2281]
* Additional priors (IMF): 


Computing likelihood of models in the grid (5977 tracks) ...
Done! Computed the likelihood of 4699 models, found 4699 models with non-zero likelihood!


*****************************************
**                                     **
**   Output and results from the fit   **
**                                     **
*****************************************


Highest likelihood model:
* Weighted, non-normalized log-probability: -4.503599933957308
* Grid-index: grid/tracks/track1623[20], with parameters:
  - Name: track1623-582.fgong
  - Teff      :  5408.904756 
  - FeH       :    -0.027399 
  - radPhot   :     0.749495 
  - massfin   :     0.821960 
  - age       :  1437.222472 

Lowest chi2 model:
* chi2: 0.16554412618944825
* Grid-index: grid/tracks/track3355[163], with parameters:
  - Name: track3355-1303.fgong
  - Teff      :  5408.778120 
  - FeH       :    -0.024097 
  - radPhot   :     0.896796 
  - massfin   :     0.906732 
  - age       :  7843.792279 


Computing posterior distributions for the requested output parameters!
==> Summary statistics printed below ...

-----------------------------------------------------
median     Teff          :   5407.769250
err_plus   Teff          :      3.652561
err_minus  Teff          :      3.180348
-----------------------------------------------------
median     FeH           :     -0.024103
err_plus   FeH           :      0.005906
err_minus  FeH           :      0.003992
-----------------------------------------------------
median     radPhot       :      0.887297
err_plus   radPhot       :      0.465129
err_minus  radPhot       :      0.083599
-----------------------------------------------------
median     massfin       :      0.894189
err_plus   massfin       :      0.056706
err_minus  massfin       :      0.072229
-----------------------------------------------------
median     age           :   7647.992279
err_plus   age           :   7454.826821
err_minus  age           :   6210.769807
-----------------------------------------------------

Saved results to mnt/c/Users/georg/Documents/GitHub/Iwan-and-George-Year-4-Project/Results/JustKenResults.ascii.
Saved corner plot to mnt/c/Users/georg/Documents/GitHub/Iwan-and-George-Year-4-Project/Results/3515865416826633984_corner.png.
Saved Kiel diagram to mnt/c/Users/georg/Documents/GitHub/Iwan-and-George-Year-4-Project/Results/3515865416826633984_kiel.png.
Did not get any frequency file input, skipping ratios and echelle plots.
Saved dictionary to mnt/c/Users/georg/Documents/GitHub/Iwan-and-George-Year-4-Project/Results/3515865416826633984.json

Finished on 2024-01-20 17:39:00 (runtime 14.0 s).

