========================================================================================
                                         BASTA                                         
                             The BAyesian STellar Algorithm                             

                                     Version 1.2.1                                     

                                (c) 2022, The BASTA Team                                
                           https://github.com/BASTAcode/BASTA                           
========================================================================================

Run started on 2024-01-20 17:39:00 . 

Random numbers initialised with seed: 3178 .

Fitting star id: 3537110837630877568 .
* Using the grid '/root/BASTA/grids/Garstec_AS09_barbieMS.hdf5' of type 'sobol tracks'.
  - Grid built with BASTA version 1.3.1, timestamp: 2023-11-28 at 20:12:28.

Transforming solar-based asteroseismic quantities:
* Converting to solar units if needed...
* Solar model scaling not activated!  -->  Dnu will not be scaled.
Done!

Fitting information:
* Fitting parameters with values and uncertainties:
  - Teff: [5719.5156, 46.7549]
  - FeH: [0.0244, 0.0494]

Additional input parameters and settings in alphabetical order:
* asciiparams: ['Teff', 'FeH', 'radPhot', 'massfin', 'age']
* centroid: median
* cornerplots: ['Teff', 'FeH', 'radPhot', 'massfin', 'age']
* dnu_scales: {}
* dnusun: 135.1
* freqplots: []
* inputfile: input_JustKen.xml
* kielplots: [True]
* numsun: 3090.0
* output: mnt/c/Users/georg/Documents/GitHub/Iwan-and-George-Year-4-Project/Results/
* plotfmt: png
* solarmodel: False
* uncert: quantiles

Weights and priors:
* Bayesian weights:
  - Along tracks: age
  - Between tracks: volume
* Flat, constrained priors and ranges:
  - Teff: [5579.2509, 5859.780299999999]
  - FeH: [-0.2256, 0.2744]
* Additional priors (IMF): 


Computing likelihood of models in the grid (5977 tracks) ...
Done! Computed the likelihood of 114607 models, found 114607 models with non-zero likelihood!


*****************************************
**                                     **
**   Output and results from the fit   **
**                                     **
*****************************************


Highest likelihood model:
* Weighted, non-normalized log-probability: -4.455859953443101
* Grid-index: grid/tracks/track0979[159], with parameters:
  - Name: track0979-1274.fgong
  - Teff      :  5720.737569 
  - FeH       :     0.027968 
  - radPhot   :     0.974714 
  - massfin   :     0.879589 
  - age       :  9316.830970 

Lowest chi2 model:
* chi2: 0.0001173844979901981
* Grid-index: grid/tracks/track5169[6], with parameters:
  - Name: track5169-509.fgong
  - Teff      :  5719.969556 
  - FeH       :     0.024638 
  - radPhot   :     0.883808 
  - massfin   :     0.989997 
  - age       :    86.490945 


Computing posterior distributions for the requested output parameters!
==> Summary statistics printed below ...

-----------------------------------------------------
median     Teff          :   5721.815828
err_plus   Teff          :     44.374555
err_minus  Teff          :     50.541235
-----------------------------------------------------
median     FeH           :      0.023370
err_plus   FeH           :      0.048898
err_minus  FeH           :      0.049808
-----------------------------------------------------
median     radPhot       :      1.025838
err_plus   radPhot       :      0.313043
err_minus  radPhot       :      0.128744
-----------------------------------------------------
median     massfin       :      0.976524
err_plus   massfin       :      0.071641
err_minus  massfin       :      0.066618
-----------------------------------------------------
median     age           :   6703.621845
err_plus   age           :   3093.209125
err_minus  age           :   4716.933617
-----------------------------------------------------

Saved results to mnt/c/Users/georg/Documents/GitHub/Iwan-and-George-Year-4-Project/Results/JustKenResults.ascii.
Saved corner plot to mnt/c/Users/georg/Documents/GitHub/Iwan-and-George-Year-4-Project/Results/3537110837630877568_corner.png.
Saved Kiel diagram to mnt/c/Users/georg/Documents/GitHub/Iwan-and-George-Year-4-Project/Results/3537110837630877568_kiel.png.
Did not get any frequency file input, skipping ratios and echelle plots.
Saved dictionary to mnt/c/Users/georg/Documents/GitHub/Iwan-and-George-Year-4-Project/Results/3537110837630877568.json

Finished on 2024-01-20 17:39:21 (runtime 21.0 s).

