========================================================================================
                                         BASTA                                         
                             The BAyesian STellar Algorithm                             

                                     Version 1.2.1                                     

                                (c) 2022, The BASTA Team                                
                           https://github.com/BASTAcode/BASTA                           
========================================================================================

Run started on 2024-01-20 17:39:36 . 

Random numbers initialised with seed: 3178 .

Fitting star id: 3558354604869150208 .
* Using the grid '/root/BASTA/grids/Garstec_AS09_barbieMS.hdf5' of type 'sobol tracks'.
  - Grid built with BASTA version 1.3.1, timestamp: 2023-11-28 at 20:12:28.

Transforming solar-based asteroseismic quantities:
* Converting to solar units if needed...
* Solar model scaling not activated!  -->  Dnu will not be scaled.
Done!

Fitting information:
* Fitting parameters with values and uncertainties:
  - Teff: [5383.158, 27.4294]
  - FeH: [0.2524, 0.028]

Additional input parameters and settings in alphabetical order:
* asciiparams: ['Teff', 'FeH', 'radPhot', 'massfin', 'age']
* centroid: median
* cornerplots: ['Teff', 'FeH', 'radPhot', 'massfin', 'age']
* dnu_scales: {}
* dnusun: 135.1
* freqplots: []
* inputfile: input_JustKen.xml
* kielplots: [True]
* numsun: 3090.0
* output: mnt/c/Users/georg/Documents/GitHub/Iwan-and-George-Year-4-Project/Results/
* plotfmt: png
* solarmodel: False
* uncert: quantiles

Weights and priors:
* Bayesian weights:
  - Along tracks: age
  - Between tracks: volume
* Flat, constrained priors and ranges:
  - Teff: [5300.8698, 5465.4462]
  - FeH: [0.0024000000000000132, 0.5024]
* Additional priors (IMF): 


Computing likelihood of models in the grid (5977 tracks) ...
Done! Computed the likelihood of 86934 models, found 86934 models with non-zero likelihood!


*****************************************
**                                     **
**   Output and results from the fit   **
**                                     **
*****************************************


Highest likelihood model:
* Weighted, non-normalized log-probability: -4.7222917517137315
* Grid-index: grid/tracks/track2321[415], with parameters:
  - Name: track2321-2538.fgong
  - Teff      :  5382.176737 
  - FeH       :     0.252638 
  - radPhot   :     1.405499 
  - massfin   :     0.999199 
  - age       : 14432.065840 

Lowest chi2 model:
* chi2: 0.0001248639924828751
* Grid-index: grid/tracks/track4475[62], with parameters:
  - Name: track4475-772.fgong
  - Teff      :  5383.426571 
  - FeH       :     0.252551 
  - radPhot   :     0.843067 
  - massfin   :     0.893898 
  - age       :  3097.708473 


Computing posterior distributions for the requested output parameters!
==> Summary statistics printed below ...

-----------------------------------------------------
median     Teff          :   5382.900859
err_plus   Teff          :     27.036415
err_minus  Teff          :     27.696686
-----------------------------------------------------
median     FeH           :      0.255568
err_plus   FeH           :      0.029892
err_minus  FeH           :      0.029104
-----------------------------------------------------
median     radPhot       :      1.022629
err_plus   radPhot       :      0.281044
err_minus  radPhot       :      0.136529
-----------------------------------------------------
median     massfin       :      0.984521
err_plus   massfin       :      0.062594
err_minus  massfin       :      0.067060
-----------------------------------------------------
median     age           :   8583.042114
err_plus   age           :   4343.781766
err_minus  age           :   6199.200219
-----------------------------------------------------

Saved results to mnt/c/Users/georg/Documents/GitHub/Iwan-and-George-Year-4-Project/Results/JustKenResults.ascii.
Saved corner plot to mnt/c/Users/georg/Documents/GitHub/Iwan-and-George-Year-4-Project/Results/3558354604869150208_corner.png.
Saved Kiel diagram to mnt/c/Users/georg/Documents/GitHub/Iwan-and-George-Year-4-Project/Results/3558354604869150208_kiel.png.
Did not get any frequency file input, skipping ratios and echelle plots.
Saved dictionary to mnt/c/Users/georg/Documents/GitHub/Iwan-and-George-Year-4-Project/Results/3558354604869150208.json

Finished on 2024-01-20 17:39:56 (runtime 20.0 s).

