========================================================================================
                                         BASTA                                         
                             The BAyesian STellar Algorithm                             

                                     Version 1.2.1                                     

                                (c) 2022, The BASTA Team                                
                           https://github.com/BASTAcode/BASTA                           
========================================================================================

Run started on 2024-01-20 17:40:07 . 

Random numbers initialised with seed: 3178 .

Fitting star id: 3578783977588991360 .
* Using the grid '/root/BASTA/grids/Garstec_AS09_barbieMS.hdf5' of type 'sobol tracks'.
  - Grid built with BASTA version 1.3.1, timestamp: 2023-11-28 at 20:12:28.

Transforming solar-based asteroseismic quantities:
* Converting to solar units if needed...
* Solar model scaling not activated!  -->  Dnu will not be scaled.
Done!

Fitting information:
* Fitting parameters with values and uncertainties:
  - Teff: [5671.689, 51.172]
  - FeH: [-0.2158, 0.0574]

Additional input parameters and settings in alphabetical order:
* asciiparams: ['Teff', 'FeH', 'radPhot', 'massfin', 'age']
* centroid: median
* cornerplots: ['Teff', 'FeH', 'radPhot', 'massfin', 'age']
* dnu_scales: {}
* dnusun: 135.1
* freqplots: []
* inputfile: input_JustKen.xml
* kielplots: [True]
* numsun: 3090.0
* output: mnt/c/Users/georg/Documents/GitHub/Iwan-and-George-Year-4-Project/Results/
* plotfmt: png
* solarmodel: False
* uncert: quantiles

Weights and priors:
* Bayesian weights:
  - Along tracks: age
  - Between tracks: volume
* Flat, constrained priors and ranges:
  - Teff: [5518.173000000001, 5825.205]
  - FeH: [-0.4658, 0.03420000000000001]
* Additional priors (IMF): 


Computing likelihood of models in the grid (5977 tracks) ...
Done! Computed the likelihood of 73527 models, found 73527 models with non-zero likelihood!


*****************************************
**                                     **
**   Output and results from the fit   **
**                                     **
*****************************************


Highest likelihood model:
* Weighted, non-normalized log-probability: -3.6487362459491073
* Grid-index: grid/tracks/track3759[92], with parameters:
  - Name: track3759-949.fgong
  - Teff      :  5673.797435 
  - FeH       :    -0.215476 
  - radPhot   :     0.876376 
  - massfin   :     0.760603 
  - age       : 12200.254940 

Lowest chi2 model:
* chi2: 0.00018495176327822243
* Grid-index: grid/tracks/track5523[114], with parameters:
  - Name: track5523-1049.fgong
  - Teff      :  5671.705349 
  - FeH       :    -0.216580 
  - radPhot   :     0.908097 
  - massfin   :     0.877719 
  - age       :  6735.903751 


Computing posterior distributions for the requested output parameters!
==> Summary statistics printed below ...

-----------------------------------------------------
median     Teff          :   5673.248319
err_plus   Teff          :     46.820582
err_minus  Teff          :     51.568094
-----------------------------------------------------
median     FeH           :     -0.214994
err_plus   FeH           :      0.054487
err_minus  FeH           :      0.055853
-----------------------------------------------------
median     radPhot       :      0.932941
err_plus   radPhot       :      0.242797
err_minus  radPhot       :      0.117352
-----------------------------------------------------
median     massfin       :      0.851334
err_plus   massfin       :      0.059618
err_minus  massfin       :      0.057625
-----------------------------------------------------
median     age           :   9703.484963
err_plus   age           :   4110.736227
err_minus  age           :   5902.286541
-----------------------------------------------------

Saved results to mnt/c/Users/georg/Documents/GitHub/Iwan-and-George-Year-4-Project/Results/JustKenResults.ascii.
Saved corner plot to mnt/c/Users/georg/Documents/GitHub/Iwan-and-George-Year-4-Project/Results/3578783977588991360_corner.png.
Saved Kiel diagram to mnt/c/Users/georg/Documents/GitHub/Iwan-and-George-Year-4-Project/Results/3578783977588991360_kiel.png.
Did not get any frequency file input, skipping ratios and echelle plots.
Saved dictionary to mnt/c/Users/georg/Documents/GitHub/Iwan-and-George-Year-4-Project/Results/3578783977588991360.json

Finished on 2024-01-20 17:40:28 (runtime 21.0 s).

