========================================================================================
                                         BASTA                                         
                             The BAyesian STellar Algorithm                             

                                     Version 1.2.1                                     

                                (c) 2022, The BASTA Team                                
                           https://github.com/BASTAcode/BASTA                           
========================================================================================

Run started on 2024-01-20 17:39:56 . 

Random numbers initialised with seed: 3178 .

Fitting star id: 3578596339057980160 .
* Using the grid '/root/BASTA/grids/Garstec_AS09_barbieMS.hdf5' of type 'sobol tracks'.
  - Grid built with BASTA version 1.3.1, timestamp: 2023-11-28 at 20:12:28.

Transforming solar-based asteroseismic quantities:
* Converting to solar units if needed...
* Solar model scaling not activated!  -->  Dnu will not be scaled.
Done!

Fitting information:
* Fitting parameters with values and uncertainties:
  - Teff: [4397.4834, 1.7796]
  - FeH: [0.4877, 0.0103]

Additional input parameters and settings in alphabetical order:
* asciiparams: ['Teff', 'FeH', 'radPhot', 'massfin', 'age']
* centroid: median
* cornerplots: ['Teff', 'FeH', 'radPhot', 'massfin', 'age']
* dnu_scales: {}
* dnusun: 135.1
* freqplots: []
* inputfile: input_JustKen.xml
* kielplots: [True]
* numsun: 3090.0
* output: mnt/c/Users/georg/Documents/GitHub/Iwan-and-George-Year-4-Project/Results/
* plotfmt: png
* solarmodel: False
* uncert: quantiles

Weights and priors:
* Bayesian weights:
  - Along tracks: age
  - Between tracks: volume
* Flat, constrained priors and ranges:
  - Teff: [4392.1446, 4402.8222000000005]
  - FeH: [0.23770000000000002, 0.7377]
* Additional priors (IMF): 


Computing likelihood of models in the grid (5977 tracks) ...
Done! Computed the likelihood of 1033 models, found 1033 models with non-zero likelihood!


*****************************************
**                                     **
**   Output and results from the fit   **
**                                     **
*****************************************


Highest likelihood model:
* Weighted, non-normalized log-probability: -3.912196769635077
* Grid-index: grid/tracks/track4335[113], with parameters:
  - Name: track4335-1035.fgong
  - Teff      :  4397.007695 
  - FeH       :     0.497501 
  - radPhot   :     0.730842 
  - massfin   :     0.748835 
  - age       : 16551.849370 

Lowest chi2 model:
* chi2: 4.260454311848839e-05
* Grid-index: grid/tracks/track1779[19], with parameters:
  - Name: track1779-567.fgong
  - Teff      :  4397.489856 
  - FeH       :     0.487756 
  - radPhot   :     0.743088 
  - massfin   :     0.858986 
  - age       :  1179.592242 


Computing posterior distributions for the requested output parameters!
==> Summary statistics printed below ...

-----------------------------------------------------
median     Teff          :   4397.402680
err_plus   Teff          :      1.642695
err_minus  Teff          :      1.457368
-----------------------------------------------------
median     FeH           :      0.489431
err_plus   FeH           :      0.005845
err_minus  FeH           :      0.005145
-----------------------------------------------------
median     radPhot       :      0.746217
err_plus   radPhot       :      0.029383
err_minus  radPhot       :      0.014465
-----------------------------------------------------
median     massfin       :      0.852754
err_plus   massfin       :      0.006242
err_minus  massfin       :      0.067914
-----------------------------------------------------
median     age           :   6291.471949
err_plus   age           :  10438.885931
err_minus  age           :   4970.879707
-----------------------------------------------------

Saved results to mnt/c/Users/georg/Documents/GitHub/Iwan-and-George-Year-4-Project/Results/JustKenResults.ascii.
Saved corner plot to mnt/c/Users/georg/Documents/GitHub/Iwan-and-George-Year-4-Project/Results/3578596339057980160_corner.png.
Saved Kiel diagram to mnt/c/Users/georg/Documents/GitHub/Iwan-and-George-Year-4-Project/Results/3578596339057980160_kiel.png.
Did not get any frequency file input, skipping ratios and echelle plots.
Saved dictionary to mnt/c/Users/georg/Documents/GitHub/Iwan-and-George-Year-4-Project/Results/3578596339057980160.json

Finished on 2024-01-20 17:40:07 (runtime 11.0 s).

