========================================================================================
                                         BASTA                                         
                             The BAyesian STellar Algorithm                             

                                     Version 1.2.1                                     

                                (c) 2022, The BASTA Team                                
                           https://github.com/BASTAcode/BASTA                           
========================================================================================

Run started on 2024-01-20 17:40:28 . 

Random numbers initialised with seed: 3178 .

Fitting star id: 3579426053724051584 .
* Using the grid '/root/BASTA/grids/Garstec_AS09_barbieMS.hdf5' of type 'sobol tracks'.
  - Grid built with BASTA version 1.3.1, timestamp: 2023-11-28 at 20:12:28.

Transforming solar-based asteroseismic quantities:
* Converting to solar units if needed...
* Solar model scaling not activated!  -->  Dnu will not be scaled.
Done!

Fitting information:
* Fitting parameters with values and uncertainties:
  - Teff: [5558.4185, 29.479]
  - FeH: [0.0182, 0.0258]

Additional input parameters and settings in alphabetical order:
* asciiparams: ['Teff', 'FeH', 'radPhot', 'massfin', 'age']
* centroid: median
* cornerplots: ['Teff', 'FeH', 'radPhot', 'massfin', 'age']
* dnu_scales: {}
* dnusun: 135.1
* freqplots: []
* inputfile: input_JustKen.xml
* kielplots: [True]
* numsun: 3090.0
* output: mnt/c/Users/georg/Documents/GitHub/Iwan-and-George-Year-4-Project/Results/
* plotfmt: png
* solarmodel: False
* uncert: quantiles

Weights and priors:
* Bayesian weights:
  - Along tracks: age
  - Between tracks: volume
* Flat, constrained priors and ranges:
  - Teff: [5469.9815, 5646.8555]
  - FeH: [-0.2318, 0.2682]
* Additional priors (IMF): 


Computing likelihood of models in the grid (5977 tracks) ...
Done! Computed the likelihood of 66692 models, found 66692 models with non-zero likelihood!


*****************************************
**                                     **
**   Output and results from the fit   **
**                                     **
*****************************************


Highest likelihood model:
* Weighted, non-normalized log-probability: -4.080533935842711
* Grid-index: grid/tracks/track2339[75], with parameters:
  - Name: track2339-847.fgong
  - Teff      :  5554.233018 
  - FeH       :     0.011933 
  - radPhot   :     0.848553 
  - massfin   :     0.851813 
  - age       :  5265.474561 

Lowest chi2 model:
* chi2: 0.001857560624541536
* Grid-index: grid/tracks/track5265[343], with parameters:
  - Name: track5265-2191.fgong
  - Teff      :  5559.523947 
  - FeH       :     0.018748 
  - radPhot   :     1.423730 
  - massfin   :     1.003207 
  - age       : 11699.198190 


Computing posterior distributions for the requested output parameters!
==> Summary statistics printed below ...

-----------------------------------------------------
median     Teff          :   5556.731792
err_plus   Teff          :     30.122682
err_minus  Teff          :     29.443174
-----------------------------------------------------
median     FeH           :      0.019680
err_plus   FeH           :      0.023878
err_minus  FeH           :      0.026910
-----------------------------------------------------
median     radPhot       :      1.009730
err_plus   radPhot       :      0.234417
err_minus  radPhot       :      0.141169
-----------------------------------------------------
median     massfin       :      0.929534
err_plus   massfin       :      0.060678
err_minus  massfin       :      0.068899
-----------------------------------------------------
median     age           :   9478.454450
err_plus   age           :   3567.455840
err_minus  age           :   6416.351113
-----------------------------------------------------

Saved results to mnt/c/Users/georg/Documents/GitHub/Iwan-and-George-Year-4-Project/Results/JustKenResults.ascii.
Saved corner plot to mnt/c/Users/georg/Documents/GitHub/Iwan-and-George-Year-4-Project/Results/3579426053724051584_corner.png.
Saved Kiel diagram to mnt/c/Users/georg/Documents/GitHub/Iwan-and-George-Year-4-Project/Results/3579426053724051584_kiel.png.
Did not get any frequency file input, skipping ratios and echelle plots.
Saved dictionary to mnt/c/Users/georg/Documents/GitHub/Iwan-and-George-Year-4-Project/Results/3579426053724051584.json

Finished on 2024-01-20 17:40:48 (runtime 20.0 s).

