========================================================================================
                                         BASTA                                         
                             The BAyesian STellar Algorithm                             

                                     Version 1.2.1                                     

                                (c) 2022, The BASTA Team                                
                           https://github.com/BASTAcode/BASTA                           
========================================================================================

Run started on 2024-01-20 17:41:43 . 

Random numbers initialised with seed: 3178 .

Fitting star id: 3582706794559052160 .
* Using the grid '/root/BASTA/grids/Garstec_AS09_barbieMS.hdf5' of type 'sobol tracks'.
  - Grid built with BASTA version 1.3.1, timestamp: 2023-11-28 at 20:12:28.

Transforming solar-based asteroseismic quantities:
* Converting to solar units if needed...
* Solar model scaling not activated!  -->  Dnu will not be scaled.
Done!

Fitting information:
* Fitting parameters with values and uncertainties:
  - Teff: [4862.4893, 10.7133]
  - FeH: [-0.0189, 0.0117]

Additional input parameters and settings in alphabetical order:
* asciiparams: ['Teff', 'FeH', 'radPhot', 'massfin', 'age']
* centroid: median
* cornerplots: ['Teff', 'FeH', 'radPhot', 'massfin', 'age']
* dnu_scales: {}
* dnusun: 135.1
* freqplots: []
* inputfile: input_JustKen.xml
* kielplots: [True]
* numsun: 3090.0
* output: mnt/c/Users/georg/Documents/GitHub/Iwan-and-George-Year-4-Project/Results/
* plotfmt: png
* solarmodel: False
* uncert: quantiles

Weights and priors:
* Bayesian weights:
  - Along tracks: age
  - Between tracks: volume
* Flat, constrained priors and ranges:
  - Teff: [4830.3494, 4894.6292]
  - FeH: [-0.26890000000000003, 0.2311]
* Additional priors (IMF): 


Computing likelihood of models in the grid (5977 tracks) ...
Done! Computed the likelihood of 6427 models, found 6427 models with non-zero likelihood!


*****************************************
**                                     **
**   Output and results from the fit   **
**                                     **
*****************************************


Highest likelihood model:
* Weighted, non-normalized log-probability: -3.30998687096775
* Grid-index: grid/tracks/track4495[31], with parameters:
  - Name: track4495-634.fgong
  - Teff      :  4862.945740 
  - FeH       :    -0.017625 
  - radPhot   :     0.700626 
  - massfin   :     0.735930 
  - age       :  4557.684442 

Lowest chi2 model:
* chi2: 0.007564785831806313
* Grid-index: grid/tracks/track5703[12], with parameters:
  - Name: track5703-538.fgong
  - Teff      :  4862.386309 
  - FeH       :    -0.017889 
  - radPhot   :     0.710727 
  - massfin   :     0.774985 
  - age       :   930.530145 


Computing posterior distributions for the requested output parameters!
==> Summary statistics printed below ...

-----------------------------------------------------
median     Teff          :   4862.945740
err_plus   Teff          :     10.277815
err_minus  Teff          :     10.291197
-----------------------------------------------------
median     FeH           :     -0.016988
err_plus   FeH           :      0.009108
err_minus  FeH           :      0.010615
-----------------------------------------------------
median     radPhot       :      0.733757
err_plus   radPhot       :      0.050868
err_minus  radPhot       :      0.031115
-----------------------------------------------------
median     massfin       :      0.758862
err_plus   massfin       :      0.032952
err_minus  massfin       :      0.033951
-----------------------------------------------------
median     age           :   8601.181640
err_plus   age           :   6268.949940
err_minus  age           :   4371.497198
-----------------------------------------------------

Saved results to mnt/c/Users/georg/Documents/GitHub/Iwan-and-George-Year-4-Project/Results/JustKenResults.ascii.
Saved corner plot to mnt/c/Users/georg/Documents/GitHub/Iwan-and-George-Year-4-Project/Results/3582706794559052160_corner.png.
Saved Kiel diagram to mnt/c/Users/georg/Documents/GitHub/Iwan-and-George-Year-4-Project/Results/3582706794559052160_kiel.png.
Did not get any frequency file input, skipping ratios and echelle plots.
Saved dictionary to mnt/c/Users/georg/Documents/GitHub/Iwan-and-George-Year-4-Project/Results/3582706794559052160.json

Finished on 2024-01-20 17:41:55 (runtime 12.0 s).

