========================================================================================
                                         BASTA                                         
                             The BAyesian STellar Algorithm                             

                                     Version 1.2.1                                     

                                (c) 2022, The BASTA Team                                
                           https://github.com/BASTAcode/BASTA                           
========================================================================================

Run started on 2024-01-20 17:41:07 . 

Random numbers initialised with seed: 3178 .

Fitting star id: 3582098107498270208 .
* Using the grid '/root/BASTA/grids/Garstec_AS09_barbieMS.hdf5' of type 'sobol tracks'.
  - Grid built with BASTA version 1.3.1, timestamp: 2023-11-28 at 20:12:28.

Transforming solar-based asteroseismic quantities:
* Converting to solar units if needed...
* Solar model scaling not activated!  -->  Dnu will not be scaled.
Done!

Fitting information:
* Fitting parameters with values and uncertainties:
  - Teff: [5440.208, 54.709]
  - FeH: [-0.0109, 0.0541]

Additional input parameters and settings in alphabetical order:
* asciiparams: ['Teff', 'FeH', 'radPhot', 'massfin', 'age']
* centroid: median
* cornerplots: ['Teff', 'FeH', 'radPhot', 'massfin', 'age']
* dnu_scales: {}
* dnusun: 135.1
* freqplots: []
* inputfile: input_JustKen.xml
* kielplots: [True]
* numsun: 3090.0
* output: mnt/c/Users/georg/Documents/GitHub/Iwan-and-George-Year-4-Project/Results/
* plotfmt: png
* solarmodel: False
* uncert: quantiles

Weights and priors:
* Bayesian weights:
  - Along tracks: age
  - Between tracks: volume
* Flat, constrained priors and ranges:
  - Teff: [5276.080999999999, 5604.335]
  - FeH: [-0.2609, 0.2391]
* Additional priors (IMF): 


Computing likelihood of models in the grid (5977 tracks) ...
Done! Computed the likelihood of 99879 models, found 99879 models with non-zero likelihood!


*****************************************
**                                     **
**   Output and results from the fit   **
**                                     **
*****************************************


Highest likelihood model:
* Weighted, non-normalized log-probability: -3.988083178591381
* Grid-index: grid/tracks/track5207[48], with parameters:
  - Name: track5207-713.fgong
  - Teff      :  5442.970101 
  - FeH       :    -0.006770 
  - radPhot   :     0.794743 
  - massfin   :     0.821881 
  - age       :  3929.850909 

Lowest chi2 model:
* chi2: 0.0003975651671757766
* Grid-index: grid/tracks/track4921[383], with parameters:
  - Name: track4921-2390.fgong
  - Teff      :  5440.858525 
  - FeH       :    -0.011766 
  - radPhot   :     1.629184 
  - massfin   :     1.022084 
  - age       : 11986.774750 


Computing posterior distributions for the requested output parameters!
==> Summary statistics printed below ...

-----------------------------------------------------
median     Teff          :   5443.057563
err_plus   Teff          :     55.811615
err_minus  Teff          :     57.811729
-----------------------------------------------------
median     FeH           :     -0.006770
err_plus   FeH           :      0.052515
err_minus  FeH           :      0.061376
-----------------------------------------------------
median     radPhot       :      0.918008
err_plus   radPhot       :      0.255757
err_minus  radPhot       :      0.098109
-----------------------------------------------------
median     massfin       :      0.870706
err_plus   massfin       :      0.060746
err_minus  massfin       :      0.054090
-----------------------------------------------------
median     age           :   9674.111698
err_plus   age           :   5638.420662
err_minus  age           :   6378.520861
-----------------------------------------------------

Saved results to mnt/c/Users/georg/Documents/GitHub/Iwan-and-George-Year-4-Project/Results/JustKenResults.ascii.
Saved corner plot to mnt/c/Users/georg/Documents/GitHub/Iwan-and-George-Year-4-Project/Results/3582098107498270208_corner.png.
Saved Kiel diagram to mnt/c/Users/georg/Documents/GitHub/Iwan-and-George-Year-4-Project/Results/3582098107498270208_kiel.png.
Did not get any frequency file input, skipping ratios and echelle plots.
Saved dictionary to mnt/c/Users/georg/Documents/GitHub/Iwan-and-George-Year-4-Project/Results/3582098107498270208.json

Finished on 2024-01-20 17:41:29 (runtime 22.0 s).

