========================================================================================
                                         BASTA                                         
                             The BAyesian STellar Algorithm                             

                                     Version 1.2.1                                     

                                (c) 2022, The BASTA Team                                
                           https://github.com/BASTAcode/BASTA                           
========================================================================================

Run started on 2024-01-20 17:40:48 . 

Random numbers initialised with seed: 3178 .

Fitting star id: 3582057258065666816 .
* Using the grid '/root/BASTA/grids/Garstec_AS09_barbieMS.hdf5' of type 'sobol tracks'.
  - Grid built with BASTA version 1.3.1, timestamp: 2023-11-28 at 20:12:28.

Transforming solar-based asteroseismic quantities:
* Converting to solar units if needed...
* Solar model scaling not activated!  -->  Dnu will not be scaled.
Done!

Fitting information:
* Fitting parameters with values and uncertainties:
  - Teff: [5475.795, 20.2714]
  - FeH: [-0.1175, 0.0203]

Additional input parameters and settings in alphabetical order:
* asciiparams: ['Teff', 'FeH', 'radPhot', 'massfin', 'age']
* centroid: median
* cornerplots: ['Teff', 'FeH', 'radPhot', 'massfin', 'age']
* dnu_scales: {}
* dnusun: 135.1
* freqplots: []
* inputfile: input_JustKen.xml
* kielplots: [True]
* numsun: 3090.0
* output: mnt/c/Users/georg/Documents/GitHub/Iwan-and-George-Year-4-Project/Results/
* plotfmt: png
* solarmodel: False
* uncert: quantiles

Weights and priors:
* Bayesian weights:
  - Along tracks: age
  - Between tracks: volume
* Flat, constrained priors and ranges:
  - Teff: [5414.9808, 5536.6092]
  - FeH: [-0.3675, 0.1325]
* Additional priors (IMF): 


Computing likelihood of models in the grid (5977 tracks) ...
Done! Computed the likelihood of 30553 models, found 30553 models with non-zero likelihood!


*****************************************
**                                     **
**   Output and results from the fit   **
**                                     **
*****************************************


Highest likelihood model:
* Weighted, non-normalized log-probability: -3.6441376556889677
* Grid-index: grid/tracks/track2607[123], with parameters:
  - Name: track2607-1096.fgong
  - Teff      :  5473.147572 
  - FeH       :    -0.121861 
  - radPhot   :     0.967588 
  - massfin   :     0.755490 
  - age       : 17132.860940 

Lowest chi2 model:
* chi2: 0.0008841802288050206
* Grid-index: grid/tracks/track0971[292], with parameters:
  - Name: track0971-1935.fgong
  - Teff      :  5476.373801 
  - FeH       :    -0.117331 
  - radPhot   :     1.521354 
  - massfin   :     0.926150 
  - age       : 13266.301620 


Computing posterior distributions for the requested output parameters!
==> Summary statistics printed below ...

-----------------------------------------------------
median     Teff          :   5476.961826
err_plus   Teff          :     19.732966
err_minus  Teff          :     20.335903
-----------------------------------------------------
median     FeH           :     -0.116249
err_plus   FeH           :      0.020267
err_minus  FeH           :      0.020389
-----------------------------------------------------
median     radPhot       :      0.892188
err_plus   radPhot       :      0.242808
err_minus  radPhot       :      0.104116
-----------------------------------------------------
median     massfin       :      0.836793
err_plus   massfin       :      0.052011
err_minus  massfin       :      0.049041
-----------------------------------------------------
median     age           :  10449.562810
err_plus   age           :   6147.076380
err_minus  age           :   7676.643593
-----------------------------------------------------

Saved results to mnt/c/Users/georg/Documents/GitHub/Iwan-and-George-Year-4-Project/Results/JustKenResults.ascii.
Saved corner plot to mnt/c/Users/georg/Documents/GitHub/Iwan-and-George-Year-4-Project/Results/3582057258065666816_corner.png.
Saved Kiel diagram to mnt/c/Users/georg/Documents/GitHub/Iwan-and-George-Year-4-Project/Results/3582057258065666816_kiel.png.
Did not get any frequency file input, skipping ratios and echelle plots.
Saved dictionary to mnt/c/Users/georg/Documents/GitHub/Iwan-and-George-Year-4-Project/Results/3582057258065666816.json

Finished on 2024-01-20 17:41:06 (runtime 18.0 s).

