========================================================================================
                                         BASTA                                         
                             The BAyesian STellar Algorithm                             

                                     Version 1.2.1                                     

                                (c) 2022, The BASTA Team                                
                           https://github.com/BASTAcode/BASTA                           
========================================================================================

Run started on 2024-01-20 17:41:56 . 

Random numbers initialised with seed: 3178 .

Fitting star id: 3583611726988838144 .
* Using the grid '/root/BASTA/grids/Garstec_AS09_barbieMS.hdf5' of type 'sobol tracks'.
  - Grid built with BASTA version 1.3.1, timestamp: 2023-11-28 at 20:12:28.

Transforming solar-based asteroseismic quantities:
* Converting to solar units if needed...
* Solar model scaling not activated!  -->  Dnu will not be scaled.
Done!

Fitting information:
* Fitting parameters with values and uncertainties:
  - Teff: [4573.7617, 7.4009]
  - FeH: [-0.1463, 0.0102]

Additional input parameters and settings in alphabetical order:
* asciiparams: ['Teff', 'FeH', 'radPhot', 'massfin', 'age']
* centroid: median
* cornerplots: ['Teff', 'FeH', 'radPhot', 'massfin', 'age']
* dnu_scales: {}
* dnusun: 135.1
* freqplots: []
* inputfile: input_JustKen.xml
* kielplots: [True]
* numsun: 3090.0
* output: mnt/c/Users/georg/Documents/GitHub/Iwan-and-George-Year-4-Project/Results/
* plotfmt: png
* solarmodel: False
* uncert: quantiles

Weights and priors:
* Bayesian weights:
  - Along tracks: age
  - Between tracks: volume
* Flat, constrained priors and ranges:
  - Teff: [4551.559, 4595.9644]
  - FeH: [-0.3963, 0.10369999999999999]
* Additional priors (IMF): 


Computing likelihood of models in the grid (5977 tracks) ...
Done! Computed the likelihood of 922 models, found 922 models with non-zero likelihood!


*****************************************
**                                     **
**   Output and results from the fit   **
**                                     **
*****************************************


Highest likelihood model:
* Weighted, non-normalized log-probability: -4.012303892530629
* Grid-index: grid/tracks/track1663[16], with parameters:
  - Name: track1663-576.fgong
  - Teff      :  4571.340446 
  - FeH       :    -0.151309 
  - radPhot   :     0.647640 
  - massfin   :     0.704976 
  - age       :  2294.729840 

Lowest chi2 model:
* chi2: 0.3482279166169114
* Grid-index: grid/tracks/track1663[16], with parameters:
  - Name: track1663-576.fgong
  - Teff      :  4571.340446 
  - FeH       :    -0.151309 
  - radPhot   :     0.647640 
  - massfin   :     0.704976 
  - age       :  2294.729840 


Computing posterior distributions for the requested output parameters!
==> Summary statistics printed below ...

-----------------------------------------------------
median     Teff          :   4573.430822
err_plus   Teff          :      6.454756
err_minus  Teff          :      8.100635
-----------------------------------------------------
median     FeH           :     -0.147573
err_plus   FeH           :      0.016350
err_minus  FeH           :      0.006217
-----------------------------------------------------
median     radPhot       :      0.649328
err_plus   radPhot       :      0.031500
err_minus  radPhot       :      0.004338
-----------------------------------------------------
median     massfin       :      0.704980
err_plus   massfin       :      0.003909
err_minus  massfin       :      0.000011
-----------------------------------------------------
median     age           :   2684.729840
err_plus   age           :   6899.831881
err_minus  age           :    975.000000
-----------------------------------------------------

Saved results to mnt/c/Users/georg/Documents/GitHub/Iwan-and-George-Year-4-Project/Results/JustKenResults.ascii.
Saved corner plot to mnt/c/Users/georg/Documents/GitHub/Iwan-and-George-Year-4-Project/Results/3583611726988838144_corner.png.
Saved Kiel diagram to mnt/c/Users/georg/Documents/GitHub/Iwan-and-George-Year-4-Project/Results/3583611726988838144_kiel.png.
Did not get any frequency file input, skipping ratios and echelle plots.
Saved dictionary to mnt/c/Users/georg/Documents/GitHub/Iwan-and-George-Year-4-Project/Results/3583611726988838144.json

Finished on 2024-01-20 17:42:05 (runtime 9.0 s).

