========================================================================================
                                         BASTA                                         
                             The BAyesian STellar Algorithm                             

                                     Version 1.2.1                                     

                                (c) 2022, The BASTA Team                                
                           https://github.com/BASTAcode/BASTA                           
========================================================================================

Run started on 2024-01-20 17:42:06 . 

Random numbers initialised with seed: 3178 .

Fitting star id: 3583630934082556416 .
* Using the grid '/root/BASTA/grids/Garstec_AS09_barbieMS.hdf5' of type 'sobol tracks'.
  - Grid built with BASTA version 1.3.1, timestamp: 2023-11-28 at 20:12:28.

Transforming solar-based asteroseismic quantities:
* Converting to solar units if needed...
* Solar model scaling not activated!  -->  Dnu will not be scaled.
Done!

Fitting information:
* Fitting parameters with values and uncertainties:
  - Teff: [5263.0347, 4.4163]
  - FeH: [0.089, 0.0056]

Additional input parameters and settings in alphabetical order:
* asciiparams: ['Teff', 'FeH', 'radPhot', 'massfin', 'age']
* centroid: median
* cornerplots: ['Teff', 'FeH', 'radPhot', 'massfin', 'age']
* dnu_scales: {}
* dnusun: 135.1
* freqplots: []
* inputfile: input_JustKen.xml
* kielplots: [True]
* numsun: 3090.0
* output: mnt/c/Users/georg/Documents/GitHub/Iwan-and-George-Year-4-Project/Results/
* plotfmt: png
* solarmodel: False
* uncert: quantiles

Weights and priors:
* Bayesian weights:
  - Along tracks: age
  - Between tracks: volume
* Flat, constrained priors and ranges:
  - Teff: [5249.785800000001, 5276.2836]
  - FeH: [-0.161, 0.33899999999999997]
* Additional priors (IMF): 


Computing likelihood of models in the grid (5977 tracks) ...
Done! Computed the likelihood of 8706 models, found 8706 models with non-zero likelihood!


*****************************************
**                                     **
**   Output and results from the fit   **
**                                     **
*****************************************


Highest likelihood model:
* Weighted, non-normalized log-probability: -3.899671195638381
* Grid-index: grid/tracks/track0871[105], with parameters:
  - Name: track0871-1004.fgong
  - Teff      :  5262.413312 
  - FeH       :     0.086144 
  - radPhot   :     0.827091 
  - massfin   :     0.783716 
  - age       : 11741.800320 

Lowest chi2 model:
* chi2: 0.03997590814975774
* Grid-index: grid/tracks/track5347[11], with parameters:
  - Name: track5347-525.fgong
  - Teff      :  5263.596403 
  - FeH       :     0.088136 
  - radPhot   :     0.769520 
  - massfin   :     0.842985 
  - age       :   584.456671 


Computing posterior distributions for the requested output parameters!
==> Summary statistics printed below ...

-----------------------------------------------------
median     Teff          :   5263.184766
err_plus   Teff          :      4.702452
err_minus  Teff          :      5.048918
-----------------------------------------------------
median     FeH           :      0.089886
err_plus   FeH           :      0.004780
err_minus  FeH           :      0.006438
-----------------------------------------------------
median     radPhot       :      0.902250
err_plus   radPhot       :      0.250971
err_minus  radPhot       :      0.111668
-----------------------------------------------------
median     massfin       :      0.860221
err_plus   massfin       :      0.045765
err_minus  massfin       :      0.043343
-----------------------------------------------------
median     age           :  11741.800320
err_plus   age           :   5750.078670
err_minus  age           :  10413.981217
-----------------------------------------------------

Saved results to mnt/c/Users/georg/Documents/GitHub/Iwan-and-George-Year-4-Project/Results/JustKenResults.ascii.
Saved corner plot to mnt/c/Users/georg/Documents/GitHub/Iwan-and-George-Year-4-Project/Results/3583630934082556416_corner.png.
Saved Kiel diagram to mnt/c/Users/georg/Documents/GitHub/Iwan-and-George-Year-4-Project/Results/3583630934082556416_kiel.png.
Did not get any frequency file input, skipping ratios and echelle plots.
Saved dictionary to mnt/c/Users/georg/Documents/GitHub/Iwan-and-George-Year-4-Project/Results/3583630934082556416.json

Finished on 2024-01-20 17:42:21 (runtime 15.0 s).

