========================================================================================
                                         BASTA                                         
                             The BAyesian STellar Algorithm                             

                                     Version 1.2.1                                     

                                (c) 2022, The BASTA Team                                
                           https://github.com/BASTAcode/BASTA                           
========================================================================================

Run started on 2024-01-20 17:42:40 . 

Random numbers initialised with seed: 3178 .

Fitting star id: 3594882751966012160 .
* Using the grid '/root/BASTA/grids/Garstec_AS09_barbieMS.hdf5' of type 'sobol tracks'.
  - Grid built with BASTA version 1.3.1, timestamp: 2023-11-28 at 20:12:28.

Transforming solar-based asteroseismic quantities:
* Converting to solar units if needed...
* Solar model scaling not activated!  -->  Dnu will not be scaled.
Done!

Fitting information:
* Fitting parameters with values and uncertainties:
  - Teff: [5289.797, 7.526]
  - FeH: [-0.2139, 0.0058]

Additional input parameters and settings in alphabetical order:
* asciiparams: ['Teff', 'FeH', 'radPhot', 'massfin', 'age']
* centroid: median
* cornerplots: ['Teff', 'FeH', 'radPhot', 'massfin', 'age']
* dnu_scales: {}
* dnusun: 135.1
* freqplots: []
* inputfile: input_JustKen.xml
* kielplots: [True]
* numsun: 3090.0
* output: mnt/c/Users/georg/Documents/GitHub/Iwan-and-George-Year-4-Project/Results/
* plotfmt: png
* solarmodel: False
* uncert: quantiles

Weights and priors:
* Bayesian weights:
  - Along tracks: age
  - Between tracks: volume
* Flat, constrained priors and ranges:
  - Teff: [5267.218999999999, 5312.375]
  - FeH: [-0.4639, 0.03609999999999999]
* Additional priors (IMF): 


Computing likelihood of models in the grid (5977 tracks) ...
Done! Computed the likelihood of 5669 models, found 5669 models with non-zero likelihood!


*****************************************
**                                     **
**   Output and results from the fit   **
**                                     **
*****************************************


Highest likelihood model:
* Weighted, non-normalized log-probability: -3.181709026773663
* Grid-index: grid/tracks/track4383[82], with parameters:
  - Name: track4383-902.fgong
  - Teff      :  5286.923054 
  - FeH       :    -0.214686 
  - radPhot   :     0.765642 
  - massfin   :     0.717708 
  - age       : 14247.723010 

Lowest chi2 model:
* chi2: 0.04585484862540792
* Grid-index: grid/tracks/track2991[90], with parameters:
  - Name: track2991-928.fgong
  - Teff      :  5291.269508 
  - FeH       :    -0.214405 
  - radPhot   :     0.807922 
  - massfin   :     0.758715 
  - age       : 12057.902270 


Computing posterior distributions for the requested output parameters!
==> Summary statistics printed below ...

-----------------------------------------------------
median     Teff          :   5290.667642
err_plus   Teff          :      6.719555
err_minus  Teff          :      7.195056
-----------------------------------------------------
median     FeH           :     -0.213342
err_plus   FeH           :      0.005059
err_minus  FeH           :      0.004005
-----------------------------------------------------
median     radPhot       :      0.768140
err_plus   radPhot       :      0.065010
err_minus  radPhot       :      0.041621
-----------------------------------------------------
median     massfin       :      0.752722
err_plus   massfin       :      0.039868
err_minus  massfin       :      0.035009
-----------------------------------------------------
median     age           :  11352.902270
err_plus   age           :   3258.820740
err_minus  age           :   8237.793205
-----------------------------------------------------

Saved results to mnt/c/Users/georg/Documents/GitHub/Iwan-and-George-Year-4-Project/Results/JustKenResults.ascii.
Saved corner plot to mnt/c/Users/georg/Documents/GitHub/Iwan-and-George-Year-4-Project/Results/3594882751966012160_corner.png.
Saved Kiel diagram to mnt/c/Users/georg/Documents/GitHub/Iwan-and-George-Year-4-Project/Results/3594882751966012160_kiel.png.
Did not get any frequency file input, skipping ratios and echelle plots.
Saved dictionary to mnt/c/Users/georg/Documents/GitHub/Iwan-and-George-Year-4-Project/Results/3594882751966012160.json

Finished on 2024-01-20 17:42:55 (runtime 15.0 s).

