========================================================================================
                                         BASTA                                         
                             The BAyesian STellar Algorithm                             

                                     Version 1.2.1                                     

                                (c) 2022, The BASTA Team                                
                           https://github.com/BASTAcode/BASTA                           
========================================================================================

Run started on 2024-01-20 17:43:03 . 

Random numbers initialised with seed: 3178 .

Fitting star id: 3596003497911958528 .
* Using the grid '/root/BASTA/grids/Garstec_AS09_barbieMS.hdf5' of type 'sobol tracks'.
  - Grid built with BASTA version 1.3.1, timestamp: 2023-11-28 at 20:12:28.

Transforming solar-based asteroseismic quantities:
* Converting to solar units if needed...
* Solar model scaling not activated!  -->  Dnu will not be scaled.
Done!

Fitting information:
* Fitting parameters with values and uncertainties:
  - Teff: [5425.3164, 19.5436]
  - FeH: [0.0264, 0.0218]

Additional input parameters and settings in alphabetical order:
* asciiparams: ['Teff', 'FeH', 'radPhot', 'massfin', 'age']
* centroid: median
* cornerplots: ['Teff', 'FeH', 'radPhot', 'massfin', 'age']
* dnu_scales: {}
* dnusun: 135.1
* freqplots: []
* inputfile: input_JustKen.xml
* kielplots: [True]
* numsun: 3090.0
* output: mnt/c/Users/georg/Documents/GitHub/Iwan-and-George-Year-4-Project/Results/
* plotfmt: png
* solarmodel: False
* uncert: quantiles

Weights and priors:
* Bayesian weights:
  - Along tracks: age
  - Between tracks: volume
* Flat, constrained priors and ranges:
  - Teff: [5366.6856, 5483.9472]
  - FeH: [-0.2236, 0.2764]
* Additional priors (IMF): 


Computing likelihood of models in the grid (5977 tracks) ...
Done! Computed the likelihood of 37309 models, found 37309 models with non-zero likelihood!


*****************************************
**                                     **
**   Output and results from the fit   **
**                                     **
*****************************************


Highest likelihood model:
* Weighted, non-normalized log-probability: -3.9514674745797307
* Grid-index: grid/tracks/track4759[124], with parameters:
  - Name: track4759-1103.fgong
  - Teff      :  5426.140645 
  - FeH       :     0.032663 
  - radPhot   :     0.869696 
  - massfin   :     0.816674 
  - age       : 11012.073250 

Lowest chi2 model:
* chi2: 0.0008097878645400137
* Grid-index: grid/tracks/track5899[299], with parameters:
  - Name: track5899-1970.fgong
  - Teff      :  5424.775648 
  - FeH       :     0.026545 
  - radPhot   :     1.118208 
  - massfin   :     0.920417 
  - age       : 13887.974350 


Computing posterior distributions for the requested output parameters!
==> Summary statistics printed below ...

-----------------------------------------------------
median     Teff          :   5425.713176
err_plus   Teff          :     19.014211
err_minus  Teff          :     19.867410
-----------------------------------------------------
median     FeH           :      0.028065
err_plus   FeH           :      0.020426
err_minus  FeH           :      0.020401
-----------------------------------------------------
median     radPhot       :      0.908378
err_plus   radPhot       :      0.268652
err_minus  radPhot       :      0.073227
-----------------------------------------------------
median     massfin       :      0.885687
err_plus   massfin       :      0.045516
err_minus  massfin       :      0.052887
-----------------------------------------------------
median     age           :   9002.403904
err_plus   age           :   5869.420446
err_minus  age           :   5718.166895
-----------------------------------------------------

Saved results to mnt/c/Users/georg/Documents/GitHub/Iwan-and-George-Year-4-Project/Results/JustKenResults.ascii.
Saved corner plot to mnt/c/Users/georg/Documents/GitHub/Iwan-and-George-Year-4-Project/Results/3596003497911958528_corner.png.
Saved Kiel diagram to mnt/c/Users/georg/Documents/GitHub/Iwan-and-George-Year-4-Project/Results/3596003497911958528_kiel.png.
Did not get any frequency file input, skipping ratios and echelle plots.
Saved dictionary to mnt/c/Users/georg/Documents/GitHub/Iwan-and-George-Year-4-Project/Results/3596003497911958528.json

Finished on 2024-01-20 17:43:20 (runtime 17.0 s).

