========================================================================================
                                         BASTA                                         
                             The BAyesian STellar Algorithm                             

                                     Version 1.2.1                                     

                                (c) 2022, The BASTA Team                                
                           https://github.com/BASTAcode/BASTA                           
========================================================================================

Run started on 2024-01-20 17:43:44 . 

Random numbers initialised with seed: 3178 .

Fitting star id: 3597570989175080576 .
* Using the grid '/root/BASTA/grids/Garstec_AS09_barbieMS.hdf5' of type 'sobol tracks'.
  - Grid built with BASTA version 1.3.1, timestamp: 2023-11-28 at 20:12:28.

Transforming solar-based asteroseismic quantities:
* Converting to solar units if needed...
* Solar model scaling not activated!  -->  Dnu will not be scaled.
Done!

Fitting information:
* Fitting parameters with values and uncertainties:
  - Teff: [6075.4224, 8.5676]
  - FeH: [-0.1804, 0.0074]

Additional input parameters and settings in alphabetical order:
* asciiparams: ['Teff', 'FeH', 'radPhot', 'massfin', 'age']
* centroid: median
* cornerplots: ['Teff', 'FeH', 'radPhot', 'massfin', 'age']
* dnu_scales: {}
* dnusun: 135.1
* freqplots: []
* inputfile: input_JustKen.xml
* kielplots: [True]
* numsun: 3090.0
* output: mnt/c/Users/georg/Documents/GitHub/Iwan-and-George-Year-4-Project/Results/
* plotfmt: png
* solarmodel: False
* uncert: quantiles

Weights and priors:
* Bayesian weights:
  - Along tracks: age
  - Between tracks: volume
* Flat, constrained priors and ranges:
  - Teff: [6049.7196, 6101.1252]
  - FeH: [-0.4304, 0.0696]
* Additional priors (IMF): 


Computing likelihood of models in the grid (5977 tracks) ...
Done! Computed the likelihood of 18733 models, found 18733 models with non-zero likelihood!


*****************************************
**                                     **
**   Output and results from the fit   **
**                                     **
*****************************************


Highest likelihood model:
* Weighted, non-normalized log-probability: -4.638245769816786
* Grid-index: grid/tracks/track5665[145], with parameters:
  - Name: track5665-1188.fgong
  - Teff      :  6073.009538 
  - FeH       :    -0.178092 
  - radPhot   :     1.233474 
  - massfin   :     0.974506 
  - age       :  5455.551564 

Lowest chi2 model:
* chi2: 0.01756015365249209
* Grid-index: grid/tracks/track2217[152], with parameters:
  - Name: track2217-1216.fgong
  - Teff      :  6076.499801 
  - FeH       :    -0.180091 
  - radPhot   :     1.122686 
  - massfin   :     1.073690 
  - age       :  3553.055031 


Computing posterior distributions for the requested output parameters!
==> Summary statistics printed below ...

-----------------------------------------------------
median     Teff          :   6074.180515
err_plus   Teff          :      8.175389
err_minus  Teff          :      6.884849
-----------------------------------------------------
median     FeH           :     -0.179795
err_plus   FeH           :      0.007220
err_minus  FeH           :      0.007016
-----------------------------------------------------
median     radPhot       :      1.118689
err_plus   radPhot       :      0.222167
err_minus  radPhot       :      0.159932
-----------------------------------------------------
median     massfin       :      1.020808
err_plus   massfin       :      0.052882
err_minus  massfin       :      0.063933
-----------------------------------------------------
median     age           :   4833.089359
err_plus   age           :   1054.169336
err_minus  age           :   3012.127975
-----------------------------------------------------

Saved results to mnt/c/Users/georg/Documents/GitHub/Iwan-and-George-Year-4-Project/Results/JustKenResults.ascii.
Saved corner plot to mnt/c/Users/georg/Documents/GitHub/Iwan-and-George-Year-4-Project/Results/3597570989175080576_corner.png.
Saved Kiel diagram to mnt/c/Users/georg/Documents/GitHub/Iwan-and-George-Year-4-Project/Results/3597570989175080576_kiel.png.
Did not get any frequency file input, skipping ratios and echelle plots.
Saved dictionary to mnt/c/Users/georg/Documents/GitHub/Iwan-and-George-Year-4-Project/Results/3597570989175080576.json

Finished on 2024-01-20 17:43:59 (runtime 15.0 s).

