========================================================================================
                                         BASTA                                         
                             The BAyesian STellar Algorithm                             

                                     Version 1.2.1                                     

                                (c) 2022, The BASTA Team                                
                           https://github.com/BASTAcode/BASTA                           
========================================================================================

Run started on 2024-01-20 17:44:14 . 

Random numbers initialised with seed: 3178 .

Fitting star id: 3600851450836925312 .
* Using the grid '/root/BASTA/grids/Garstec_AS09_barbieMS.hdf5' of type 'sobol tracks'.
  - Grid built with BASTA version 1.3.1, timestamp: 2023-11-28 at 20:12:28.

Transforming solar-based asteroseismic quantities:
* Converting to solar units if needed...
* Solar model scaling not activated!  -->  Dnu will not be scaled.
Done!

Fitting information:
* Fitting parameters with values and uncertainties:
  - Teff: [5383.1523, 31.2087]
  - FeH: [-0.0195, 0.0379]

Additional input parameters and settings in alphabetical order:
* asciiparams: ['Teff', 'FeH', 'radPhot', 'massfin', 'age']
* centroid: median
* cornerplots: ['Teff', 'FeH', 'radPhot', 'massfin', 'age']
* dnu_scales: {}
* dnusun: 135.1
* freqplots: []
* inputfile: input_JustKen.xml
* kielplots: [True]
* numsun: 3090.0
* output: mnt/c/Users/georg/Documents/GitHub/Iwan-and-George-Year-4-Project/Results/
* plotfmt: png
* solarmodel: False
* uncert: quantiles

Weights and priors:
* Bayesian weights:
  - Along tracks: age
  - Between tracks: volume
* Flat, constrained priors and ranges:
  - Teff: [5289.526199999999, 5476.7784]
  - FeH: [-0.2695, 0.2305]
* Additional priors (IMF): 


Computing likelihood of models in the grid (5977 tracks) ...
Done! Computed the likelihood of 50734 models, found 50734 models with non-zero likelihood!


*****************************************
**                                     **
**   Output and results from the fit   **
**                                     **
*****************************************


Highest likelihood model:
* Weighted, non-normalized log-probability: -3.831339442221665
* Grid-index: grid/tracks/track4903[42], with parameters:
  - Name: track4903-690.fgong
  - Teff      :  5382.194085 
  - FeH       :    -0.021964 
  - radPhot   :     0.757673 
  - massfin   :     0.787888 
  - age       :  4251.880359 

Lowest chi2 model:
* chi2: 0.0051685396215544665
* Grid-index: grid/tracks/track4903[42], with parameters:
  - Name: track4903-690.fgong
  - Teff      :  5382.194085 
  - FeH       :    -0.021964 
  - radPhot   :     0.757673 
  - massfin   :     0.787888 
  - age       :  4251.880359 


Computing posterior distributions for the requested output parameters!
==> Summary statistics printed below ...

-----------------------------------------------------
median     Teff          :   5381.712792
err_plus   Teff          :     30.521054
err_minus  Teff          :     30.984022
-----------------------------------------------------
median     FeH           :     -0.025398
err_plus   FeH           :      0.049008
err_minus  FeH           :      0.035449
-----------------------------------------------------
median     radPhot       :      0.886058
err_plus   radPhot       :      0.241660
err_minus  radPhot       :      0.085333
-----------------------------------------------------
median     massfin       :      0.853615
err_plus   massfin       :      0.052540
err_minus  massfin       :      0.051729
-----------------------------------------------------
median     age           :   9809.228892
err_plus   age           :   6892.644668
err_minus  age           :   6287.495053
-----------------------------------------------------

Saved results to mnt/c/Users/georg/Documents/GitHub/Iwan-and-George-Year-4-Project/Results/JustKenResults.ascii.
Saved corner plot to mnt/c/Users/georg/Documents/GitHub/Iwan-and-George-Year-4-Project/Results/3600851450836925312_corner.png.
Saved Kiel diagram to mnt/c/Users/georg/Documents/GitHub/Iwan-and-George-Year-4-Project/Results/3600851450836925312_kiel.png.
Did not get any frequency file input, skipping ratios and echelle plots.
Saved dictionary to mnt/c/Users/georg/Documents/GitHub/Iwan-and-George-Year-4-Project/Results/3600851450836925312.json

Finished on 2024-01-20 17:44:33 (runtime 19.0 s).

