========================================================================================
                                         BASTA                                         
                             The BAyesian STellar Algorithm                             

                                     Version 1.2.1                                     

                                (c) 2022, The BASTA Team                                
                           https://github.com/BASTAcode/BASTA                           
========================================================================================

Run started on 2024-01-20 17:44:33 . 

Random numbers initialised with seed: 3178 .

Fitting star id: 3630680754621236096 .
* Using the grid '/root/BASTA/grids/Garstec_AS09_barbieMS.hdf5' of type 'sobol tracks'.
  - Grid built with BASTA version 1.3.1, timestamp: 2023-11-28 at 20:12:28.

Transforming solar-based asteroseismic quantities:
* Converting to solar units if needed...
* Solar model scaling not activated!  -->  Dnu will not be scaled.
Done!

Fitting information:
* Fitting parameters with values and uncertainties:
  - Teff: [4546.25, 6.644]
  - FeH: [-0.1021, 0.0081]

Additional input parameters and settings in alphabetical order:
* asciiparams: ['Teff', 'FeH', 'radPhot', 'massfin', 'age']
* centroid: median
* cornerplots: ['Teff', 'FeH', 'radPhot', 'massfin', 'age']
* dnu_scales: {}
* dnusun: 135.1
* freqplots: []
* inputfile: input_JustKen.xml
* kielplots: [True]
* numsun: 3090.0
* output: mnt/c/Users/georg/Documents/GitHub/Iwan-and-George-Year-4-Project/Results/
* plotfmt: png
* solarmodel: False
* uncert: quantiles

Weights and priors:
* Bayesian weights:
  - Along tracks: age
  - Between tracks: volume
* Flat, constrained priors and ranges:
  - Teff: [4526.318, 4566.182]
  - FeH: [-0.35209999999999997, 0.1479]
* Additional priors (IMF): 


Computing likelihood of models in the grid (5977 tracks) ...
Done! Computed the likelihood of 1118 models, found 1118 models with non-zero likelihood!


*****************************************
**                                     **
**   Output and results from the fit   **
**                                     **
*****************************************


Highest likelihood model:
* Weighted, non-normalized log-probability: -3.771729332851033
* Grid-index: grid/tracks/track3071[9], with parameters:
  - Name: track3071-528.fgong
  - Teff      :  4546.620255 
  - FeH       :    -0.102580 
  - radPhot   :     0.641300 
  - massfin   :     0.699990 
  - age       :   949.819869 

Lowest chi2 model:
* chi2: 0.0066179408679659804
* Grid-index: grid/tracks/track3071[9], with parameters:
  - Name: track3071-528.fgong
  - Teff      :  4546.620255 
  - FeH       :    -0.102580 
  - radPhot   :     0.641300 
  - massfin   :     0.699990 
  - age       :   949.819869 


Computing posterior distributions for the requested output parameters!
==> Summary statistics printed below ...

-----------------------------------------------------
median     Teff          :   4548.016315
err_plus   Teff          :      3.434866
err_minus  Teff          :      3.013023
-----------------------------------------------------
median     FeH           :     -0.105224
err_plus   FeH           :      0.005306
err_minus  FeH           :      0.008080
-----------------------------------------------------
median     radPhot       :      0.643550
err_plus   radPhot       :      0.024823
err_minus  radPhot       :      0.005168
-----------------------------------------------------
median     massfin       :      0.699993
err_plus   massfin       :      0.008931
err_minus  massfin       :      0.000009
-----------------------------------------------------
median     age           :   1349.819870
err_plus   age           :   5328.173566
err_minus  age           :    800.000001
-----------------------------------------------------

Saved results to mnt/c/Users/georg/Documents/GitHub/Iwan-and-George-Year-4-Project/Results/JustKenResults.ascii.
Saved corner plot to mnt/c/Users/georg/Documents/GitHub/Iwan-and-George-Year-4-Project/Results/3630680754621236096_corner.png.
Saved Kiel diagram to mnt/c/Users/georg/Documents/GitHub/Iwan-and-George-Year-4-Project/Results/3630680754621236096_kiel.png.
Did not get any frequency file input, skipping ratios and echelle plots.
Saved dictionary to mnt/c/Users/georg/Documents/GitHub/Iwan-and-George-Year-4-Project/Results/3630680754621236096.json

Finished on 2024-01-20 17:44:43 (runtime 10.0 s).

