========================================================================================
                                         BASTA                                         
                             The BAyesian STellar Algorithm                             

                                     Version 1.2.1                                     

                                (c) 2022, The BASTA Team                                
                           https://github.com/BASTAcode/BASTA                           
========================================================================================

Run started on 2024-01-20 17:44:43 . 

Random numbers initialised with seed: 3178 .

Fitting star id: 363702817083391232 .
* Using the grid '/root/BASTA/grids/Garstec_AS09_barbieMS.hdf5' of type 'sobol tracks'.
  - Grid built with BASTA version 1.3.1, timestamp: 2023-11-28 at 20:12:28.

Transforming solar-based asteroseismic quantities:
* Converting to solar units if needed...
* Solar model scaling not activated!  -->  Dnu will not be scaled.
Done!

Fitting information:
* Fitting parameters with values and uncertainties:
  - Teff: [5661.1562, 44.9778]
  - FeH: [-0.0307, 0.0476]

Additional input parameters and settings in alphabetical order:
* asciiparams: ['Teff', 'FeH', 'radPhot', 'massfin', 'age']
* centroid: median
* cornerplots: ['Teff', 'FeH', 'radPhot', 'massfin', 'age']
* dnu_scales: {}
* dnusun: 135.1
* freqplots: []
* inputfile: input_JustKen.xml
* kielplots: [True]
* numsun: 3090.0
* output: mnt/c/Users/georg/Documents/GitHub/Iwan-and-George-Year-4-Project/Results/
* plotfmt: png
* solarmodel: False
* uncert: quantiles

Weights and priors:
* Bayesian weights:
  - Along tracks: age
  - Between tracks: volume
* Flat, constrained priors and ranges:
  - Teff: [5526.2228000000005, 5796.0896]
  - FeH: [-0.2807, 0.2193]
* Additional priors (IMF): 


Computing likelihood of models in the grid (5977 tracks) ...
Done! Computed the likelihood of 97253 models, found 97253 models with non-zero likelihood!


*****************************************
**                                     **
**   Output and results from the fit   **
**                                     **
*****************************************


Highest likelihood model:
* Weighted, non-normalized log-probability: -4.04544555292121
* Grid-index: grid/tracks/track2339[133], with parameters:
  - Name: track2339-1137.fgong
  - Teff      :  5659.400248 
  - FeH       :    -0.034812 
  - radPhot   :     0.968413 
  - massfin   :     0.851602 
  - age       :  9557.474561 

Lowest chi2 model:
* chi2: 4.579942358159708e-07
* Grid-index: grid/tracks/track0611[50], with parameters:
  - Name: track0611-727.fgong
  - Teff      :  5661.126206 
  - FeH       :    -0.030705 
  - radPhot   :     0.812504 
  - massfin   :     0.845870 
  - age       :  3523.162825 


Computing posterior distributions for the requested output parameters!
==> Summary statistics printed below ...

-----------------------------------------------------
median     Teff          :   5657.825988
err_plus   Teff          :     44.860140
err_minus  Teff          :     43.937711
-----------------------------------------------------
median     FeH           :     -0.029445
err_plus   FeH           :      0.045039
err_minus  FeH           :      0.046499
-----------------------------------------------------
median     radPhot       :      0.991273
err_plus   radPhot       :      0.274183
err_minus  radPhot       :      0.127089
-----------------------------------------------------
median     massfin       :      0.931777
err_plus   massfin       :      0.070118
err_minus  massfin       :      0.065452
-----------------------------------------------------
median     age           :   7782.026826
err_plus   age           :   3753.581564
err_minus  age           :   5256.933605
-----------------------------------------------------

Saved results to mnt/c/Users/georg/Documents/GitHub/Iwan-and-George-Year-4-Project/Results/JustKenResults.ascii.
Saved corner plot to mnt/c/Users/georg/Documents/GitHub/Iwan-and-George-Year-4-Project/Results/363702817083391232_corner.png.
Saved Kiel diagram to mnt/c/Users/georg/Documents/GitHub/Iwan-and-George-Year-4-Project/Results/363702817083391232_kiel.png.
Did not get any frequency file input, skipping ratios and echelle plots.
Saved dictionary to mnt/c/Users/georg/Documents/GitHub/Iwan-and-George-Year-4-Project/Results/363702817083391232.json

Finished on 2024-01-20 17:45:04 (runtime 21.0 s).

