========================================================================================
                                         BASTA                                         
                             The BAyesian STellar Algorithm                             

                                     Version 1.2.1                                     

                                (c) 2022, The BASTA Team                                
                           https://github.com/BASTAcode/BASTA                           
========================================================================================

Run started on 2024-01-20 17:45:04 . 

Random numbers initialised with seed: 3178 .

Fitting star id: 3643098875168270592 .
* Using the grid '/root/BASTA/grids/Garstec_AS09_barbieMS.hdf5' of type 'sobol tracks'.
  - Grid built with BASTA version 1.3.1, timestamp: 2023-11-28 at 20:12:28.

Transforming solar-based asteroseismic quantities:
* Converting to solar units if needed...
* Solar model scaling not activated!  -->  Dnu will not be scaled.
Done!

Fitting information:
* Fitting parameters with values and uncertainties:
  - Teff: [5329.848, 17.679]
  - FeH: [-0.2191, 0.0178]

Additional input parameters and settings in alphabetical order:
* asciiparams: ['Teff', 'FeH', 'radPhot', 'massfin', 'age']
* centroid: median
* cornerplots: ['Teff', 'FeH', 'radPhot', 'massfin', 'age']
* dnu_scales: {}
* dnusun: 135.1
* freqplots: []
* inputfile: input_JustKen.xml
* kielplots: [True]
* numsun: 3090.0
* output: mnt/c/Users/georg/Documents/GitHub/Iwan-and-George-Year-4-Project/Results/
* plotfmt: png
* solarmodel: False
* uncert: quantiles

Weights and priors:
* Bayesian weights:
  - Along tracks: age
  - Between tracks: volume
* Flat, constrained priors and ranges:
  - Teff: [5276.811, 5382.885]
  - FeH: [-0.46909999999999996, 0.03090000000000001]
* Additional priors (IMF): 


Computing likelihood of models in the grid (5977 tracks) ...
Done! Computed the likelihood of 14386 models, found 14386 models with non-zero likelihood!


*****************************************
**                                     **
**   Output and results from the fit   **
**                                     **
*****************************************


Highest likelihood model:
* Weighted, non-normalized log-probability: -3.1609543002905847
* Grid-index: grid/tracks/track4383[90], with parameters:
  - Name: track4383-942.fgong
  - Teff      :  5328.608449 
  - FeH       :    -0.225208 
  - radPhot   :     0.786818 
  - massfin   :     0.717666 
  - age       : 15703.723010 

Lowest chi2 model:
* chi2: 0.004893855943438123
* Grid-index: grid/tracks/track3159[155], with parameters:
  - Name: track3159-1268.fgong
  - Teff      :  5331.045950 
  - FeH       :    -0.218791 
  - radPhot   :     0.866462 
  - massfin   :     0.820632 
  - age       : 13624.881180 


Computing posterior distributions for the requested output parameters!
==> Summary statistics printed below ...

-----------------------------------------------------
median     Teff          :   5330.958424
err_plus   Teff          :     17.418081
err_minus  Teff          :     17.568626
-----------------------------------------------------
median     FeH           :     -0.216774
err_plus   FeH           :      0.016323
err_minus  FeH           :      0.016736
-----------------------------------------------------
median     radPhot       :      0.793051
err_plus   radPhot       :      0.083037
err_minus  radPhot       :      0.070027
-----------------------------------------------------
median     massfin       :      0.766825
err_plus   massfin       :      0.053777
err_minus  massfin       :      0.039114
-----------------------------------------------------
median     age           :  10023.191820
err_plus   age           :   6473.550090
err_minus  age           :   7238.064404
-----------------------------------------------------

Saved results to mnt/c/Users/georg/Documents/GitHub/Iwan-and-George-Year-4-Project/Results/JustKenResults.ascii.
Saved corner plot to mnt/c/Users/georg/Documents/GitHub/Iwan-and-George-Year-4-Project/Results/3643098875168270592_corner.png.
Saved Kiel diagram to mnt/c/Users/georg/Documents/GitHub/Iwan-and-George-Year-4-Project/Results/3643098875168270592_kiel.png.
Did not get any frequency file input, skipping ratios and echelle plots.
Saved dictionary to mnt/c/Users/georg/Documents/GitHub/Iwan-and-George-Year-4-Project/Results/3643098875168270592.json

Finished on 2024-01-20 17:45:20 (runtime 16.0 s).

