========================================================================================
                                         BASTA                                         
                             The BAyesian STellar Algorithm                             

                                     Version 1.2.1                                     

                                (c) 2022, The BASTA Team                                
                           https://github.com/BASTAcode/BASTA                           
========================================================================================

Run started on 2024-01-20 17:45:34 . 

Random numbers initialised with seed: 3178 .

Fitting star id: 3668036348641580288 .
* Using the grid '/root/BASTA/grids/Garstec_AS09_barbieMS.hdf5' of type 'sobol tracks'.
  - Grid built with BASTA version 1.3.1, timestamp: 2023-11-28 at 20:12:28.

Transforming solar-based asteroseismic quantities:
* Converting to solar units if needed...
* Solar model scaling not activated!  -->  Dnu will not be scaled.
Done!

Fitting information:
* Fitting parameters with values and uncertainties:
  - Teff: [4961.818, 7.5697]
  - FeH: [-0.0633, 0.0068]

Additional input parameters and settings in alphabetical order:
* asciiparams: ['Teff', 'FeH', 'radPhot', 'massfin', 'age']
* centroid: median
* cornerplots: ['Teff', 'FeH', 'radPhot', 'massfin', 'age']
* dnu_scales: {}
* dnusun: 135.1
* freqplots: []
* inputfile: input_JustKen.xml
* kielplots: [True]
* numsun: 3090.0
* output: mnt/c/Users/georg/Documents/GitHub/Iwan-and-George-Year-4-Project/Results/
* plotfmt: png
* solarmodel: False
* uncert: quantiles

Weights and priors:
* Bayesian weights:
  - Along tracks: age
  - Between tracks: volume
* Flat, constrained priors and ranges:
  - Teff: [4939.1089, 4984.5271]
  - FeH: [-0.3133, 0.1867]
* Additional priors (IMF): 


Computing likelihood of models in the grid (5977 tracks) ...
Done! Computed the likelihood of 4818 models, found 4818 models with non-zero likelihood!


*****************************************
**                                     **
**   Output and results from the fit   **
**                                     **
*****************************************


Highest likelihood model:
* Weighted, non-normalized log-probability: -3.5739934981532695
* Grid-index: grid/tracks/track4959[104], with parameters:
  - Name: track4959-992.fgong
  - Teff      :  4963.647571 
  - FeH       :    -0.061302 
  - radPhot   :     0.799258 
  - massfin   :     0.729705 
  - age       : 17074.153320 

Lowest chi2 model:
* chi2: 0.01983676194973493
* Grid-index: grid/tracks/track5391[12], with parameters:
  - Name: track5391-535.fgong
  - Teff      :  4960.789494 
  - FeH       :    -0.063552 
  - radPhot   :     0.684363 
  - massfin   :     0.734980 
  - age       :  1230.778802 


Computing posterior distributions for the requested output parameters!
==> Summary statistics printed below ...

-----------------------------------------------------
median     Teff          :   4962.791056
err_plus   Teff          :      7.149196
err_minus  Teff          :      7.453115
-----------------------------------------------------
median     FeH           :     -0.060570
err_plus   FeH           :      0.004838
err_minus  FeH           :      0.007453
-----------------------------------------------------
median     radPhot       :      0.752792
err_plus   radPhot       :      0.046466
err_minus  radPhot       :      0.036584
-----------------------------------------------------
median     massfin       :      0.736759
err_plus   massfin       :      0.060220
err_minus  massfin       :      0.007066
-----------------------------------------------------
median     age           :  10297.684440
err_plus   age           :   6312.357390
err_minus  age           :   9066.905638
-----------------------------------------------------

Saved results to mnt/c/Users/georg/Documents/GitHub/Iwan-and-George-Year-4-Project/Results/JustKenResults.ascii.
Saved corner plot to mnt/c/Users/georg/Documents/GitHub/Iwan-and-George-Year-4-Project/Results/3668036348641580288_corner.png.
Saved Kiel diagram to mnt/c/Users/georg/Documents/GitHub/Iwan-and-George-Year-4-Project/Results/3668036348641580288_kiel.png.
Did not get any frequency file input, skipping ratios and echelle plots.
Saved dictionary to mnt/c/Users/georg/Documents/GitHub/Iwan-and-George-Year-4-Project/Results/3668036348641580288.json

Finished on 2024-01-20 17:45:48 (runtime 14.0 s).

