========================================================================================
                                         BASTA                                         
                             The BAyesian STellar Algorithm                             

                                     Version 1.2.1                                     

                                (c) 2022, The BASTA Team                                
                           https://github.com/BASTAcode/BASTA                           
========================================================================================

Run started on 2024-01-20 17:46:39 . 

Random numbers initialised with seed: 3178 .

Fitting star id: 3694743765254445312 .
* Using the grid '/root/BASTA/grids/Garstec_AS09_barbieMS.hdf5' of type 'sobol tracks'.
  - Grid built with BASTA version 1.3.1, timestamp: 2023-11-28 at 20:12:28.

Transforming solar-based asteroseismic quantities:
* Converting to solar units if needed...
* Solar model scaling not activated!  -->  Dnu will not be scaled.
Done!

Fitting information:
* Fitting parameters with values and uncertainties:
  - Teff: [5919.8633, 6.9527]
  - FeH: [-0.633, 0.0085]

Additional input parameters and settings in alphabetical order:
* asciiparams: ['Teff', 'FeH', 'radPhot', 'massfin', 'age']
* centroid: median
* cornerplots: ['Teff', 'FeH', 'radPhot', 'massfin', 'age']
* dnu_scales: {}
* dnusun: 135.1
* freqplots: []
* inputfile: input_JustKen.xml
* kielplots: [True]
* numsun: 3090.0
* output: mnt/c/Users/georg/Documents/GitHub/Iwan-and-George-Year-4-Project/Results/
* plotfmt: png
* solarmodel: False
* uncert: quantiles

Weights and priors:
* Bayesian weights:
  - Along tracks: age
  - Between tracks: volume
* Flat, constrained priors and ranges:
  - Teff: [5899.0052, 5940.7214]
  - FeH: [-0.883, -0.383]
* Additional priors (IMF): 


Computing likelihood of models in the grid (5977 tracks) ...
Done! Computed the likelihood of 6183 models, found 6183 models with non-zero likelihood!


*****************************************
**                                     **
**   Output and results from the fit   **
**                                     **
*****************************************


Highest likelihood model:
* Weighted, non-normalized log-probability: -3.495972970922853
* Grid-index: grid/tracks/track1168[57], with parameters:
  - Name: track1168-757.fgong
  - Teff      :  5917.727425 
  - FeH       :    -0.636548 
  - radPhot   :     0.818498 
  - massfin   :     0.752706 
  - age       :  7724.568230 

Lowest chi2 model:
* chi2: 0.1152573431072083
* Grid-index: grid/tracks/track3608[113], with parameters:
  - Name: track3608-1041.fgong
  - Teff      :  5919.153905 
  - FeH       :    -0.630248 
  - radPhot   :     1.182744 
  - massfin   :     0.778313 
  - age       : 13160.967380 


Computing posterior distributions for the requested output parameters!
==> Summary statistics printed below ...

-----------------------------------------------------
median     Teff          :   5919.621681
err_plus   Teff          :      7.917551
err_minus  Teff          :      6.415531
-----------------------------------------------------
median     FeH           :     -0.634263
err_plus   FeH           :      0.011084
err_minus  FeH           :      0.006844
-----------------------------------------------------
median     radPhot       :      0.841297
err_plus   radPhot       :      0.292642
err_minus  radPhot       :      0.086100
-----------------------------------------------------
median     massfin       :      0.753994
err_plus   massfin       :      0.062853
err_minus  massfin       :      0.020403
-----------------------------------------------------
median     age           :   9475.896109
err_plus   age           :   3798.672811
err_minus  age           :   5730.362528
-----------------------------------------------------

Saved results to mnt/c/Users/georg/Documents/GitHub/Iwan-and-George-Year-4-Project/Results/JustKenResults.ascii.
Saved corner plot to mnt/c/Users/georg/Documents/GitHub/Iwan-and-George-Year-4-Project/Results/3694743765254445312_corner.png.
Saved Kiel diagram to mnt/c/Users/georg/Documents/GitHub/Iwan-and-George-Year-4-Project/Results/3694743765254445312_kiel.png.
Did not get any frequency file input, skipping ratios and echelle plots.
Saved dictionary to mnt/c/Users/georg/Documents/GitHub/Iwan-and-George-Year-4-Project/Results/3694743765254445312.json

Finished on 2024-01-20 17:46:53 (runtime 14.0 s).

