========================================================================================
                                         BASTA                                         
                             The BAyesian STellar Algorithm                             

                                     Version 1.2.1                                     

                                (c) 2022, The BASTA Team                                
                           https://github.com/BASTAcode/BASTA                           
========================================================================================

Run started on 2024-01-20 17:46:54 . 

Random numbers initialised with seed: 3178 .

Fitting star id: 3694878833385971840 .
* Using the grid '/root/BASTA/grids/Garstec_AS09_barbieMS.hdf5' of type 'sobol tracks'.
  - Grid built with BASTA version 1.3.1, timestamp: 2023-11-28 at 20:12:28.

Transforming solar-based asteroseismic quantities:
* Converting to solar units if needed...
* Solar model scaling not activated!  -->  Dnu will not be scaled.
Done!

Fitting information:
* Fitting parameters with values and uncertainties:
  - Teff: [4673.158, 6.5163]
  - FeH: [-0.0467, 0.0097]

Additional input parameters and settings in alphabetical order:
* asciiparams: ['Teff', 'FeH', 'radPhot', 'massfin', 'age']
* centroid: median
* cornerplots: ['Teff', 'FeH', 'radPhot', 'massfin', 'age']
* dnu_scales: {}
* dnusun: 135.1
* freqplots: []
* inputfile: input_JustKen.xml
* kielplots: [True]
* numsun: 3090.0
* output: mnt/c/Users/georg/Documents/GitHub/Iwan-and-George-Year-4-Project/Results/
* plotfmt: png
* solarmodel: False
* uncert: quantiles

Weights and priors:
* Bayesian weights:
  - Along tracks: age
  - Between tracks: volume
* Flat, constrained priors and ranges:
  - Teff: [4653.609100000001, 4692.7069]
  - FeH: [-0.2967, 0.2033]
* Additional priors (IMF): 


Computing likelihood of models in the grid (5977 tracks) ...
Done! Computed the likelihood of 2382 models, found 2382 models with non-zero likelihood!


*****************************************
**                                     **
**   Output and results from the fit   **
**                                     **
*****************************************


Highest likelihood model:
* Weighted, non-normalized log-probability: -3.2940149634191824
* Grid-index: grid/tracks/track2335[88], with parameters:
  - Name: track2335-915.fgong
  - Teff      :  4673.615857 
  - FeH       :    -0.047839 
  - radPhot   :     0.737282 
  - massfin   :     0.717803 
  - age       : 15341.491210 

Lowest chi2 model:
* chi2: 0.018723542112100255
* Grid-index: grid/tracks/track2335[88], with parameters:
  - Name: track2335-915.fgong
  - Teff      :  4673.615857 
  - FeH       :    -0.047839 
  - radPhot   :     0.737282 
  - massfin   :     0.717803 
  - age       : 15341.491210 


Computing posterior distributions for the requested output parameters!
==> Summary statistics printed below ...

-----------------------------------------------------
median     Teff          :   4673.615857
err_plus   Teff          :      6.202994
err_minus  Teff          :      5.895080
-----------------------------------------------------
median     FeH           :     -0.040510
err_plus   FeH           :      0.008215
err_minus  FeH           :      0.011927
-----------------------------------------------------
median     radPhot       :      0.686930
err_plus   radPhot       :      0.049715
err_minus  radPhot       :      0.020089
-----------------------------------------------------
median     massfin       :      0.725985
err_plus   massfin       :      0.031986
err_minus  massfin       :      0.018033
-----------------------------------------------------
median     age           :   4242.524153
err_plus   age           :  10734.967057
err_minus  age           :   3058.305601
-----------------------------------------------------

Saved results to mnt/c/Users/georg/Documents/GitHub/Iwan-and-George-Year-4-Project/Results/JustKenResults.ascii.
Saved corner plot to mnt/c/Users/georg/Documents/GitHub/Iwan-and-George-Year-4-Project/Results/3694878833385971840_corner.png.
Saved Kiel diagram to mnt/c/Users/georg/Documents/GitHub/Iwan-and-George-Year-4-Project/Results/3694878833385971840_kiel.png.
Did not get any frequency file input, skipping ratios and echelle plots.
Saved dictionary to mnt/c/Users/georg/Documents/GitHub/Iwan-and-George-Year-4-Project/Results/3694878833385971840.json

Finished on 2024-01-20 17:47:05 (runtime 11.0 s).

