========================================================================================
                                         BASTA                                         
                             The BAyesian STellar Algorithm                             

                                     Version 1.2.1                                     

                                (c) 2022, The BASTA Team                                
                           https://github.com/BASTAcode/BASTA                           
========================================================================================

Run started on 2024-01-20 17:47:05 . 

Random numbers initialised with seed: 3178 .

Fitting star id: 3695568295896473856 .
* Using the grid '/root/BASTA/grids/Garstec_AS09_barbieMS.hdf5' of type 'sobol tracks'.
  - Grid built with BASTA version 1.3.1, timestamp: 2023-11-28 at 20:12:28.

Transforming solar-based asteroseismic quantities:
* Converting to solar units if needed...
* Solar model scaling not activated!  -->  Dnu will not be scaled.
Done!

Fitting information:
* Fitting parameters with values and uncertainties:
  - Teff: [5711.7876, 1.9224]
  - FeH: [-0.4869, 0.0067]

Additional input parameters and settings in alphabetical order:
* asciiparams: ['Teff', 'FeH', 'radPhot', 'massfin', 'age']
* centroid: median
* cornerplots: ['Teff', 'FeH', 'radPhot', 'massfin', 'age']
* dnu_scales: {}
* dnusun: 135.1
* freqplots: []
* inputfile: input_JustKen.xml
* kielplots: [True]
* numsun: 3090.0
* output: mnt/c/Users/georg/Documents/GitHub/Iwan-and-George-Year-4-Project/Results/
* plotfmt: png
* solarmodel: False
* uncert: quantiles

Weights and priors:
* Bayesian weights:
  - Along tracks: age
  - Between tracks: volume
* Flat, constrained priors and ranges:
  - Teff: [5706.020399999999, 5717.5548]
  - FeH: [-0.7369, -0.2369]
* Additional priors (IMF): 


Computing likelihood of models in the grid (5977 tracks) ...
Done! Computed the likelihood of 1654 models, found 1654 models with non-zero likelihood!


*****************************************
**                                     **
**   Output and results from the fit   **
**                                     **
*****************************************


Highest likelihood model:
* Weighted, non-normalized log-probability: -3.6096235339082647
* Grid-index: grid/tracks/track1312[32], with parameters:
  - Name: track1312-640.fgong
  - Teff      :  5711.752692 
  - FeH       :    -0.489530 
  - radPhot   :     0.712614 
  - massfin   :     0.726864 
  - age       :  4757.948829 

Lowest chi2 model:
* chi2: 0.11560147971247595
* Grid-index: grid/tracks/track1864[190], with parameters:
  - Name: track1864-1448.fgong
  - Teff      :  5712.402296 
  - FeH       :    -0.486126 
  - radPhot   :     1.197723 
  - massfin   :     0.806218 
  - age       : 17920.421260 


Computing posterior distributions for the requested output parameters!
==> Summary statistics printed below ...

-----------------------------------------------------
median     Teff          :   5712.257987
err_plus   Teff          :      1.111343
err_minus  Teff          :      1.857672
-----------------------------------------------------
median     FeH           :     -0.486978
err_plus   FeH           :      0.009366
err_minus  FeH           :      0.006004
-----------------------------------------------------
median     radPhot       :      0.868953
err_plus   radPhot       :      0.316967
err_minus  radPhot       :      0.121969
-----------------------------------------------------
median     massfin       :      0.787643
err_plus   massfin       :      0.045186
err_minus  massfin       :      0.060780
-----------------------------------------------------
median     age           :  11042.048940
err_plus   age           :   6333.751510
err_minus  age           :   6532.224000
-----------------------------------------------------

Saved results to mnt/c/Users/georg/Documents/GitHub/Iwan-and-George-Year-4-Project/Results/JustKenResults.ascii.
Saved corner plot to mnt/c/Users/georg/Documents/GitHub/Iwan-and-George-Year-4-Project/Results/3695568295896473856_corner.png.
Saved Kiel diagram to mnt/c/Users/georg/Documents/GitHub/Iwan-and-George-Year-4-Project/Results/3695568295896473856_kiel.png.
Did not get any frequency file input, skipping ratios and echelle plots.
Saved dictionary to mnt/c/Users/georg/Documents/GitHub/Iwan-and-George-Year-4-Project/Results/3695568295896473856.json

Finished on 2024-01-20 17:47:18 (runtime 13.0 s).

