========================================================================================
                                         BASTA                                         
                             The BAyesian STellar Algorithm                             

                                     Version 1.2.1                                     

                                (c) 2022, The BASTA Team                                
                           https://github.com/BASTAcode/BASTA                           
========================================================================================

Run started on 2024-01-20 17:47:18 . 

Random numbers initialised with seed: 3178 .

Fitting star id: 3697828548204889344 .
* Using the grid '/root/BASTA/grids/Garstec_AS09_barbieMS.hdf5' of type 'sobol tracks'.
  - Grid built with BASTA version 1.3.1, timestamp: 2023-11-28 at 20:12:28.

Transforming solar-based asteroseismic quantities:
* Converting to solar units if needed...
* Solar model scaling not activated!  -->  Dnu will not be scaled.
Done!

Fitting information:
* Fitting parameters with values and uncertainties:
  - Teff: [5438.276, 9.3553]
  - FeH: [-0.4544, 0.0172]

Additional input parameters and settings in alphabetical order:
* asciiparams: ['Teff', 'FeH', 'radPhot', 'massfin', 'age']
* centroid: median
* cornerplots: ['Teff', 'FeH', 'radPhot', 'massfin', 'age']
* dnu_scales: {}
* dnusun: 135.1
* freqplots: []
* inputfile: input_JustKen.xml
* kielplots: [True]
* numsun: 3090.0
* output: mnt/c/Users/georg/Documents/GitHub/Iwan-and-George-Year-4-Project/Results/
* plotfmt: png
* solarmodel: False
* uncert: quantiles

Weights and priors:
* Bayesian weights:
  - Along tracks: age
  - Between tracks: volume
* Flat, constrained priors and ranges:
  - Teff: [5410.2101, 5466.341899999999]
  - FeH: [-0.7044, -0.20440000000000003]
* Additional priors (IMF): 


Computing likelihood of models in the grid (5977 tracks) ...
Done! Computed the likelihood of 4561 models, found 4561 models with non-zero likelihood!


*****************************************
**                                     **
**   Output and results from the fit   **
**                                     **
*****************************************


Highest likelihood model:
* Weighted, non-normalized log-probability: -3.4969014491145565
* Grid-index: grid/tracks/track1264[122], with parameters:
  - Name: track1264-1094.fgong
  - Teff      :  5438.842632 
  - FeH       :    -0.457452 
  - radPhot   :     0.874146 
  - massfin   :     0.733517 
  - age       : 19537.293670 

Lowest chi2 model:
* chi2: 0.03515040794217563
* Grid-index: grid/tracks/track1264[122], with parameters:
  - Name: track1264-1094.fgong
  - Teff      :  5438.842632 
  - FeH       :    -0.457452 
  - radPhot   :     0.874146 
  - massfin   :     0.733517 
  - age       : 19537.293670 


Computing posterior distributions for the requested output parameters!
==> Summary statistics printed below ...

-----------------------------------------------------
median     Teff          :   5438.961504
err_plus   Teff          :      8.865395
err_minus  Teff          :      9.605015
-----------------------------------------------------
median     FeH           :     -0.455555
err_plus   FeH           :      0.022667
err_minus  FeH           :      0.017637
-----------------------------------------------------
median     radPhot       :      0.732160
err_plus   radPhot       :      0.108498
err_minus  radPhot       :      0.056457
-----------------------------------------------------
median     massfin       :      0.742974
err_plus   massfin       :      0.026678
err_minus  massfin       :      0.024359
-----------------------------------------------------
median     age           :   7093.209074
err_plus   age           :   9273.599116
err_minus  age           :   5726.874600
-----------------------------------------------------

Saved results to mnt/c/Users/georg/Documents/GitHub/Iwan-and-George-Year-4-Project/Results/JustKenResults.ascii.
Saved corner plot to mnt/c/Users/georg/Documents/GitHub/Iwan-and-George-Year-4-Project/Results/3697828548204889344_corner.png.
Saved Kiel diagram to mnt/c/Users/georg/Documents/GitHub/Iwan-and-George-Year-4-Project/Results/3697828548204889344_kiel.png.
Did not get any frequency file input, skipping ratios and echelle plots.
Saved dictionary to mnt/c/Users/georg/Documents/GitHub/Iwan-and-George-Year-4-Project/Results/3697828548204889344.json

Finished on 2024-01-20 17:47:33 (runtime 15.0 s).

