========================================================================================
                                         BASTA                                         
                             The BAyesian STellar Algorithm                             

                                     Version 1.2.1                                     

                                (c) 2022, The BASTA Team                                
                           https://github.com/BASTAcode/BASTA                           
========================================================================================

Run started on 2024-01-20 17:47:33 . 

Random numbers initialised with seed: 3178 .

Fitting star id: 3700295641843380224 .
* Using the grid '/root/BASTA/grids/Garstec_AS09_barbieMS.hdf5' of type 'sobol tracks'.
  - Grid built with BASTA version 1.3.1, timestamp: 2023-11-28 at 20:12:28.

Transforming solar-based asteroseismic quantities:
* Converting to solar units if needed...
* Solar model scaling not activated!  -->  Dnu will not be scaled.
Done!

Fitting information:
* Fitting parameters with values and uncertainties:
  - Teff: [6007.0005, 2.1175]
  - FeH: [-0.1238, 0.0045]

Additional input parameters and settings in alphabetical order:
* asciiparams: ['Teff', 'FeH', 'radPhot', 'massfin', 'age']
* centroid: median
* cornerplots: ['Teff', 'FeH', 'radPhot', 'massfin', 'age']
* dnu_scales: {}
* dnusun: 135.1
* freqplots: []
* inputfile: input_JustKen.xml
* kielplots: [True]
* numsun: 3090.0
* output: mnt/c/Users/georg/Documents/GitHub/Iwan-and-George-Year-4-Project/Results/
* plotfmt: png
* solarmodel: False
* uncert: quantiles

Weights and priors:
* Bayesian weights:
  - Along tracks: age
  - Between tracks: volume
* Flat, constrained priors and ranges:
  - Teff: [6000.648, 6013.353]
  - FeH: [-0.3738, 0.1262]
* Additional priors (IMF): 


Computing likelihood of models in the grid (5977 tracks) ...
Done! Computed the likelihood of 4893 models, found 4893 models with non-zero likelihood!


*****************************************
**                                     **
**   Output and results from the fit   **
**                                     **
*****************************************


Highest likelihood model:
* Weighted, non-normalized log-probability: -5.11230667138908
* Grid-index: grid/tracks/track4209[172], with parameters:
  - Name: track4209-1327.fgong
  - Teff      :  6007.032910 
  - FeH       :    -0.122193 
  - radPhot   :     1.240207 
  - massfin   :     0.984465 
  - age       :  6249.468245 

Lowest chi2 model:
* chi2: 0.06425878057777729
* Grid-index: grid/tracks/track1729[53], with parameters:
  - Name: track1729-731.fgong
  - Teff      :  6006.645879 
  - FeH       :    -0.124656 
  - radPhot   :     0.944480 
  - massfin   :     0.960872 
  - age       :  1994.162323 


Computing posterior distributions for the requested output parameters!
==> Summary statistics printed below ...

-----------------------------------------------------
median     Teff          :   6006.929368
err_plus   Teff          :      1.821921
err_minus  Teff          :      2.111729
-----------------------------------------------------
median     FeH           :     -0.123732
err_plus   FeH           :      0.003323
err_minus  FeH           :      0.004676
-----------------------------------------------------
median     radPhot       :      1.064393
err_plus   radPhot       :      0.377237
err_minus  radPhot       :      0.117004
-----------------------------------------------------
median     massfin       :      1.000868
err_plus   massfin       :      0.049444
err_minus  massfin       :      0.078168
-----------------------------------------------------
median     age           :   4690.139292
err_plus   age           :   2345.229790
err_minus  age           :   2736.826969
-----------------------------------------------------

Saved results to mnt/c/Users/georg/Documents/GitHub/Iwan-and-George-Year-4-Project/Results/JustKenResults.ascii.
Saved corner plot to mnt/c/Users/georg/Documents/GitHub/Iwan-and-George-Year-4-Project/Results/3700295641843380224_corner.png.
Saved Kiel diagram to mnt/c/Users/georg/Documents/GitHub/Iwan-and-George-Year-4-Project/Results/3700295641843380224_kiel.png.
Did not get any frequency file input, skipping ratios and echelle plots.
Saved dictionary to mnt/c/Users/georg/Documents/GitHub/Iwan-and-George-Year-4-Project/Results/3700295641843380224.json

Finished on 2024-01-20 17:47:48 (runtime 15.0 s).

