========================================================================================
                                         BASTA                                         
                             The BAyesian STellar Algorithm                             

                                     Version 1.2.1                                     

                                (c) 2022, The BASTA Team                                
                           https://github.com/BASTAcode/BASTA                           
========================================================================================

Run started on 2024-01-20 17:47:55 . 

Random numbers initialised with seed: 3178 .

Fitting star id: 3701015375282968064 .
* Using the grid '/root/BASTA/grids/Garstec_AS09_barbieMS.hdf5' of type 'sobol tracks'.
  - Grid built with BASTA version 1.3.1, timestamp: 2023-11-28 at 20:12:28.

Transforming solar-based asteroseismic quantities:
* Converting to solar units if needed...
* Solar model scaling not activated!  -->  Dnu will not be scaled.
Done!

Fitting information:
* Fitting parameters with values and uncertainties:
  - Teff: [6056.3184, 18.4236]
  - FeH: [-0.3191, 0.0116]

Additional input parameters and settings in alphabetical order:
* asciiparams: ['Teff', 'FeH', 'radPhot', 'massfin', 'age']
* centroid: median
* cornerplots: ['Teff', 'FeH', 'radPhot', 'massfin', 'age']
* dnu_scales: {}
* dnusun: 135.1
* freqplots: []
* inputfile: input_JustKen.xml
* kielplots: [True]
* numsun: 3090.0
* output: mnt/c/Users/georg/Documents/GitHub/Iwan-and-George-Year-4-Project/Results/
* plotfmt: png
* solarmodel: False
* uncert: quantiles

Weights and priors:
* Bayesian weights:
  - Along tracks: age
  - Between tracks: volume
* Flat, constrained priors and ranges:
  - Teff: [6001.0476, 6111.5892]
  - FeH: [-0.5690999999999999, -0.0691]
* Additional priors (IMF): 


Computing likelihood of models in the grid (5977 tracks) ...
Done! Computed the likelihood of 32941 models, found 32941 models with non-zero likelihood!


*****************************************
**                                     **
**   Output and results from the fit   **
**                                     **
*****************************************


Highest likelihood model:
* Weighted, non-normalized log-probability: -4.655595878230975
* Grid-index: grid/tracks/track4708[113], with parameters:
  - Name: track4708-1052.fgong
  - Teff      :  6050.438312 
  - FeH       :    -0.322065 
  - radPhot   :     0.940351 
  - massfin   :     0.908693 
  - age       :  5321.663954 

Lowest chi2 model:
* chi2: 0.002678004265805939
* Grid-index: grid/tracks/track1444[16], with parameters:
  - Name: track1444-557.fgong
  - Teff      :  6056.058368 
  - FeH       :    -0.318522 
  - radPhot   :     0.831975 
  - massfin   :     0.915970 
  - age       :   571.411760 


Computing posterior distributions for the requested output parameters!
==> Summary statistics printed below ...

-----------------------------------------------------
median     Teff          :   6053.005998
err_plus   Teff          :     20.495533
err_minus  Teff          :     17.463806
-----------------------------------------------------
median     FeH           :     -0.319712
err_plus   FeH           :      0.012209
err_minus  FeH           :      0.012200
-----------------------------------------------------
median     radPhot       :      0.970541
err_plus   radPhot       :      0.274448
err_minus  radPhot       :      0.126594
-----------------------------------------------------
median     massfin       :      0.925296
err_plus   massfin       :      0.071305
err_minus  massfin       :      0.042417
-----------------------------------------------------
median     age           :   5008.923376
err_plus   age           :   2482.025675
err_minus  age           :   3396.765624
-----------------------------------------------------

Saved results to mnt/c/Users/georg/Documents/GitHub/Iwan-and-George-Year-4-Project/Results/JustKenResults.ascii.
Saved corner plot to mnt/c/Users/georg/Documents/GitHub/Iwan-and-George-Year-4-Project/Results/3701015375282968064_corner.png.
Saved Kiel diagram to mnt/c/Users/georg/Documents/GitHub/Iwan-and-George-Year-4-Project/Results/3701015375282968064_kiel.png.
Did not get any frequency file input, skipping ratios and echelle plots.
Saved dictionary to mnt/c/Users/georg/Documents/GitHub/Iwan-and-George-Year-4-Project/Results/3701015375282968064.json

Finished on 2024-01-20 17:48:12 (runtime 17.0 s).

