========================================================================================
                                         BASTA                                         
                             The BAyesian STellar Algorithm                             

                                     Version 1.2.1                                     

                                (c) 2022, The BASTA Team                                
                           https://github.com/BASTAcode/BASTA                           
========================================================================================

Run started on 2024-01-20 17:48:13 . 

Random numbers initialised with seed: 3178 .

Fitting star id: 3788394461991295488 .
* Using the grid '/root/BASTA/grids/Garstec_AS09_barbieMS.hdf5' of type 'sobol tracks'.
  - Grid built with BASTA version 1.3.1, timestamp: 2023-11-28 at 20:12:28.

Transforming solar-based asteroseismic quantities:
* Converting to solar units if needed...
* Solar model scaling not activated!  -->  Dnu will not be scaled.
Done!

Fitting information:
* Fitting parameters with values and uncertainties:
  - Teff: [6015.5444, 1.8531]
  - FeH: [-0.1712, 0.0049]

Additional input parameters and settings in alphabetical order:
* asciiparams: ['Teff', 'FeH', 'radPhot', 'massfin', 'age']
* centroid: median
* cornerplots: ['Teff', 'FeH', 'radPhot', 'massfin', 'age']
* dnu_scales: {}
* dnusun: 135.1
* freqplots: []
* inputfile: input_JustKen.xml
* kielplots: [True]
* numsun: 3090.0
* output: mnt/c/Users/georg/Documents/GitHub/Iwan-and-George-Year-4-Project/Results/
* plotfmt: png
* solarmodel: False
* uncert: quantiles

Weights and priors:
* Bayesian weights:
  - Along tracks: age
  - Between tracks: volume
* Flat, constrained priors and ranges:
  - Teff: [6009.9851, 6021.1037]
  - FeH: [-0.4212, 0.07880000000000001]
* Additional priors (IMF): 


Computing likelihood of models in the grid (5977 tracks) ...
Done! Computed the likelihood of 4184 models, found 4184 models with non-zero likelihood!


*****************************************
**                                     **
**   Output and results from the fit   **
**                                     **
*****************************************


Highest likelihood model:
* Weighted, non-normalized log-probability: -4.934673973887927
* Grid-index: grid/tracks/track1401[236], with parameters:
  - Name: track1401-1649.fgong
  - Teff      :  6015.854723 
  - FeH       :    -0.173625 
  - radPhot   :     1.619274 
  - massfin   :     1.019145 
  - age       :  7425.854601 

Lowest chi2 model:
* chi2: 0.09061813531911433
* Grid-index: grid/tracks/track2401[99], with parameters:
  - Name: track2401-983.fgong
  - Teff      :  6015.879926 
  - FeH       :    -0.172378 
  - radPhot   :     0.947208 
  - massfin   :     0.972772 
  - age       :  3722.813935 


Computing posterior distributions for the requested output parameters!
==> Summary statistics printed below ...

-----------------------------------------------------
median     Teff          :   6015.846304
err_plus   Teff          :      1.744412
err_minus  Teff          :      2.143057
-----------------------------------------------------
median     FeH           :     -0.168113
err_plus   FeH           :      0.004337
err_minus  FeH           :      0.005513
-----------------------------------------------------
median     radPhot       :      1.124928
err_plus   radPhot       :      0.415329
err_minus  radPhot       :      0.200517
-----------------------------------------------------
median     massfin       :      0.999443
err_plus   massfin       :      0.045511
err_minus  massfin       :      0.055655
-----------------------------------------------------
median     age           :   5916.993958
err_plus   age           :   1502.010054
err_minus  age           :   4394.193543
-----------------------------------------------------

Saved results to mnt/c/Users/georg/Documents/GitHub/Iwan-and-George-Year-4-Project/Results/JustKenResults.ascii.
Saved corner plot to mnt/c/Users/georg/Documents/GitHub/Iwan-and-George-Year-4-Project/Results/3788394461991295488_corner.png.
Saved Kiel diagram to mnt/c/Users/georg/Documents/GitHub/Iwan-and-George-Year-4-Project/Results/3788394461991295488_kiel.png.
Did not get any frequency file input, skipping ratios and echelle plots.
Saved dictionary to mnt/c/Users/georg/Documents/GitHub/Iwan-and-George-Year-4-Project/Results/3788394461991295488.json

Finished on 2024-01-20 17:48:27 (runtime 14.0 s).

