========================================================================================
                                         BASTA                                         
                             The BAyesian STellar Algorithm                             

                                     Version 1.2.1                                     

                                (c) 2022, The BASTA Team                                
                           https://github.com/BASTAcode/BASTA                           
========================================================================================

Run started on 2024-01-20 17:48:27 . 

Random numbers initialised with seed: 3178 .

Fitting star id: 3794479262419500160 .
* Using the grid '/root/BASTA/grids/Garstec_AS09_barbieMS.hdf5' of type 'sobol tracks'.
  - Grid built with BASTA version 1.3.1, timestamp: 2023-11-28 at 20:12:28.

Transforming solar-based asteroseismic quantities:
* Converting to solar units if needed...
* Solar model scaling not activated!  -->  Dnu will not be scaled.
Done!

Fitting information:
* Fitting parameters with values and uncertainties:
  - Teff: [5659.7485, 43.0965]
  - FeH: [-0.2424, 0.0338]

Additional input parameters and settings in alphabetical order:
* asciiparams: ['Teff', 'FeH', 'radPhot', 'massfin', 'age']
* centroid: median
* cornerplots: ['Teff', 'FeH', 'radPhot', 'massfin', 'age']
* dnu_scales: {}
* dnusun: 135.1
* freqplots: []
* inputfile: input_JustKen.xml
* kielplots: [True]
* numsun: 3090.0
* output: mnt/c/Users/georg/Documents/GitHub/Iwan-and-George-Year-4-Project/Results/
* plotfmt: png
* solarmodel: False
* uncert: quantiles

Weights and priors:
* Bayesian weights:
  - Along tracks: age
  - Between tracks: volume
* Flat, constrained priors and ranges:
  - Teff: [5530.459, 5789.038]
  - FeH: [-0.4924, 0.007599999999999996]
* Additional priors (IMF): 


Computing likelihood of models in the grid (5977 tracks) ...
Done! Computed the likelihood of 57193 models, found 57193 models with non-zero likelihood!


*****************************************
**                                     **
**   Output and results from the fit   **
**                                     **
*****************************************


Highest likelihood model:
* Weighted, non-normalized log-probability: -3.679345720479366
* Grid-index: grid/tracks/track0815[99], with parameters:
  - Name: track0815-983.fgong
  - Teff      :  5649.564569 
  - FeH       :    -0.260396 
  - radPhot   :     0.899411 
  - massfin   :     0.756563 
  - age       : 13548.361430 

Lowest chi2 model:
* chi2: 0.0006287100025427854
* Grid-index: grid/tracks/track3635[200], with parameters:
  - Name: track3635-1499.fgong
  - Teff      :  5659.987767 
  - FeH       :    -0.241574 
  - radPhot   :     0.985295 
  - massfin   :     0.864475 
  - age       : 13281.373090 


Computing posterior distributions for the requested output parameters!
==> Summary statistics printed below ...

-----------------------------------------------------
median     Teff          :   5663.337117
err_plus   Teff          :     40.827654
err_minus  Teff          :     43.606758
-----------------------------------------------------
median     FeH           :     -0.238951
err_plus   FeH           :      0.032586
err_minus  FeH           :      0.035092
-----------------------------------------------------
median     radPhot       :      0.918084
err_plus   radPhot       :      0.247770
err_minus  radPhot       :      0.107495
-----------------------------------------------------
median     massfin       :      0.834661
err_plus   massfin       :      0.053733
err_minus  massfin       :      0.049855
-----------------------------------------------------
median     age           :  10103.161390
err_plus   age           :   4315.752611
err_minus  age           :   5851.511691
-----------------------------------------------------

Saved results to mnt/c/Users/georg/Documents/GitHub/Iwan-and-George-Year-4-Project/Results/JustKenResults.ascii.
Saved corner plot to mnt/c/Users/georg/Documents/GitHub/Iwan-and-George-Year-4-Project/Results/3794479262419500160_corner.png.
Saved Kiel diagram to mnt/c/Users/georg/Documents/GitHub/Iwan-and-George-Year-4-Project/Results/3794479262419500160_kiel.png.
Did not get any frequency file input, skipping ratios and echelle plots.
Saved dictionary to mnt/c/Users/georg/Documents/GitHub/Iwan-and-George-Year-4-Project/Results/3794479262419500160.json

Finished on 2024-01-20 17:48:47 (runtime 20.0 s).

