========================================================================================
                                         BASTA                                         
                             The BAyesian STellar Algorithm                             

                                     Version 1.2.1                                     

                                (c) 2022, The BASTA Team                                
                           https://github.com/BASTAcode/BASTA                           
========================================================================================

Run started on 2024-01-20 17:49:05 . 

Random numbers initialised with seed: 3178 .

Fitting star id: 3803494845449564672 .
* Using the grid '/root/BASTA/grids/Garstec_AS09_barbieMS.hdf5' of type 'sobol tracks'.
  - Grid built with BASTA version 1.3.1, timestamp: 2023-11-28 at 20:12:28.

Transforming solar-based asteroseismic quantities:
* Converting to solar units if needed...
* Solar model scaling not activated!  -->  Dnu will not be scaled.
Done!

Fitting information:
* Fitting parameters with values and uncertainties:
  - Teff: [5637.564, 13.8637]
  - FeH: [-0.6356, 0.0177]

Additional input parameters and settings in alphabetical order:
* asciiparams: ['Teff', 'FeH', 'radPhot', 'massfin', 'age']
* centroid: median
* cornerplots: ['Teff', 'FeH', 'radPhot', 'massfin', 'age']
* dnu_scales: {}
* dnusun: 135.1
* freqplots: []
* inputfile: input_JustKen.xml
* kielplots: [True]
* numsun: 3090.0
* output: mnt/c/Users/georg/Documents/GitHub/Iwan-and-George-Year-4-Project/Results/
* plotfmt: png
* solarmodel: False
* uncert: quantiles

Weights and priors:
* Bayesian weights:
  - Along tracks: age
  - Between tracks: volume
* Flat, constrained priors and ranges:
  - Teff: [5595.972900000001, 5679.1551]
  - FeH: [-0.8856, -0.38560000000000005]
* Additional priors (IMF): 


Computing likelihood of models in the grid (5977 tracks) ...
Done! Computed the likelihood of 6060 models, found 6060 models with non-zero likelihood!


*****************************************
**                                     **
**   Output and results from the fit   **
**                                     **
*****************************************


Highest likelihood model:
* Weighted, non-normalized log-probability: -3.208338279481033
* Grid-index: grid/tracks/track5104[48], with parameters:
  - Name: track5104-719.fgong
  - Teff      :  5637.856830 
  - FeH       :    -0.635695 
  - radPhot   :     0.737066 
  - massfin   :     0.730796 
  - age       :  7440.306870 

Lowest chi2 model:
* chi2: 0.00047477970333598964
* Grid-index: grid/tracks/track5104[48], with parameters:
  - Name: track5104-719.fgong
  - Teff      :  5637.856830 
  - FeH       :    -0.635695 
  - radPhot   :     0.737066 
  - massfin   :     0.730796 
  - age       :  7440.306870 


Computing posterior distributions for the requested output parameters!
==> Summary statistics printed below ...

-----------------------------------------------------
median     Teff          :   5637.895882
err_plus   Teff          :     14.323119
err_minus  Teff          :     13.514872
-----------------------------------------------------
median     FeH           :     -0.630798
err_plus   FeH           :      0.016410
err_minus  FeH           :      0.019178
-----------------------------------------------------
median     radPhot       :      0.737066
err_plus   radPhot       :      0.071740
err_minus  radPhot       :      0.054009
-----------------------------------------------------
median     massfin       :      0.734454
err_plus   massfin       :      0.038418
err_minus  massfin       :      0.024565
-----------------------------------------------------
median     age           :   7768.696603
err_plus   age           :   6451.300847
err_minus  age           :   4897.334688
-----------------------------------------------------

Saved results to mnt/c/Users/georg/Documents/GitHub/Iwan-and-George-Year-4-Project/Results/JustKenResults.ascii.
Saved corner plot to mnt/c/Users/georg/Documents/GitHub/Iwan-and-George-Year-4-Project/Results/3803494845449564672_corner.png.
Saved Kiel diagram to mnt/c/Users/georg/Documents/GitHub/Iwan-and-George-Year-4-Project/Results/3803494845449564672_kiel.png.
Did not get any frequency file input, skipping ratios and echelle plots.
Saved dictionary to mnt/c/Users/georg/Documents/GitHub/Iwan-and-George-Year-4-Project/Results/3803494845449564672.json

Finished on 2024-01-20 17:49:19 (runtime 14.0 s).

