========================================================================================
                                         BASTA                                         
                             The BAyesian STellar Algorithm                             

                                     Version 1.2.1                                     

                                (c) 2022, The BASTA Team                                
                           https://github.com/BASTAcode/BASTA                           
========================================================================================

Run started on 2024-01-20 17:49:39 . 

Random numbers initialised with seed: 3178 .

Fitting star id: 3811032513054107648 .
* Using the grid '/root/BASTA/grids/Garstec_AS09_barbieMS.hdf5' of type 'sobol tracks'.
  - Grid built with BASTA version 1.3.1, timestamp: 2023-11-28 at 20:12:28.

Transforming solar-based asteroseismic quantities:
* Converting to solar units if needed...
* Solar model scaling not activated!  -->  Dnu will not be scaled.
Done!

Fitting information:
* Fitting parameters with values and uncertainties:
  - Teff: [5444.014, 42.2765]
  - FeH: [-0.4019, 0.043]

Additional input parameters and settings in alphabetical order:
* asciiparams: ['Teff', 'FeH', 'radPhot', 'massfin', 'age']
* centroid: median
* cornerplots: ['Teff', 'FeH', 'radPhot', 'massfin', 'age']
* dnu_scales: {}
* dnusun: 135.1
* freqplots: []
* inputfile: input_JustKen.xml
* kielplots: [True]
* numsun: 3090.0
* output: mnt/c/Users/georg/Documents/GitHub/Iwan-and-George-Year-4-Project/Results/
* plotfmt: png
* solarmodel: False
* uncert: quantiles

Weights and priors:
* Bayesian weights:
  - Along tracks: age
  - Between tracks: volume
* Flat, constrained priors and ranges:
  - Teff: [5317.1845, 5570.8435]
  - FeH: [-0.6518999999999999, -0.15189999999999998]
* Additional priors (IMF): 


Computing likelihood of models in the grid (5977 tracks) ...
Done! Computed the likelihood of 24396 models, found 24396 models with non-zero likelihood!


*****************************************
**                                     **
**   Output and results from the fit   **
**                                     **
*****************************************


Highest likelihood model:
* Weighted, non-normalized log-probability: -3.2619163703836764
* Grid-index: grid/tracks/track5536[119], with parameters:
  - Name: track5536-1073.fgong
  - Teff      :  5429.958045 
  - FeH       :    -0.420233 
  - radPhot   :     0.921732 
  - massfin   :     0.728489 
  - age       : 19635.803710 

Lowest chi2 model:
* chi2: 0.00020138815650644638
* Grid-index: grid/tracks/track0296[170], with parameters:
  - Name: track0296-1334.fgong
  - Teff      :  5443.466715 
  - FeH       :    -0.401650 
  - radPhot   :     1.633253 
  - massfin   :     0.819124 
  - age       : 14785.443180 


Computing posterior distributions for the requested output parameters!
==> Summary statistics printed below ...

-----------------------------------------------------
median     Teff          :   5448.569838
err_plus   Teff          :     40.870049
err_minus  Teff          :     41.333742
-----------------------------------------------------
median     FeH           :     -0.398655
err_plus   FeH           :      0.047973
err_minus  FeH           :      0.040639
-----------------------------------------------------
median     radPhot       :      0.751188
err_plus   radPhot       :      0.129236
err_minus  radPhot       :      0.052175
-----------------------------------------------------
median     massfin       :      0.752993
err_plus   massfin       :      0.038701
err_minus  massfin       :      0.032020
-----------------------------------------------------
median     age           :   8655.291681
err_plus   age           :   8122.792315
err_minus  age           :   6599.998139
-----------------------------------------------------

Saved results to mnt/c/Users/georg/Documents/GitHub/Iwan-and-George-Year-4-Project/Results/JustKenResults.ascii.
Saved corner plot to mnt/c/Users/georg/Documents/GitHub/Iwan-and-George-Year-4-Project/Results/3811032513054107648_corner.png.
Saved Kiel diagram to mnt/c/Users/georg/Documents/GitHub/Iwan-and-George-Year-4-Project/Results/3811032513054107648_kiel.png.
Did not get any frequency file input, skipping ratios and echelle plots.
Saved dictionary to mnt/c/Users/georg/Documents/GitHub/Iwan-and-George-Year-4-Project/Results/3811032513054107648.json

Finished on 2024-01-20 17:49:57 (runtime 18.0 s).

