========================================================================================
                                         BASTA                                         
                             The BAyesian STellar Algorithm                             

                                     Version 1.2.1                                     

                                (c) 2022, The BASTA Team                                
                           https://github.com/BASTAcode/BASTA                           
========================================================================================

Run started on 2024-01-20 17:49:57 . 

Random numbers initialised with seed: 3178 .

Fitting star id: 3811688440459523200 .
* Using the grid '/root/BASTA/grids/Garstec_AS09_barbieMS.hdf5' of type 'sobol tracks'.
  - Grid built with BASTA version 1.3.1, timestamp: 2023-11-28 at 20:12:28.

Transforming solar-based asteroseismic quantities:
* Converting to solar units if needed...
* Solar model scaling not activated!  -->  Dnu will not be scaled.
Done!

Fitting information:
* Fitting parameters with values and uncertainties:
  - Teff: [5265.2886, 3.0854]
  - FeH: [-0.0494, 0.0058]

Additional input parameters and settings in alphabetical order:
* asciiparams: ['Teff', 'FeH', 'radPhot', 'massfin', 'age']
* centroid: median
* cornerplots: ['Teff', 'FeH', 'radPhot', 'massfin', 'age']
* dnu_scales: {}
* dnusun: 135.1
* freqplots: []
* inputfile: input_JustKen.xml
* kielplots: [True]
* numsun: 3090.0
* output: mnt/c/Users/georg/Documents/GitHub/Iwan-and-George-Year-4-Project/Results/
* plotfmt: png
* solarmodel: False
* uncert: quantiles

Weights and priors:
* Bayesian weights:
  - Along tracks: age
  - Between tracks: volume
* Flat, constrained priors and ranges:
  - Teff: [5256.0324, 5274.5448]
  - FeH: [-0.2994, 0.2006]
* Additional priors (IMF): 


Computing likelihood of models in the grid (5977 tracks) ...
Done! Computed the likelihood of 4108 models, found 4108 models with non-zero likelihood!


*****************************************
**                                     **
**   Output and results from the fit   **
**                                     **
*****************************************


Highest likelihood model:
* Weighted, non-normalized log-probability: -3.7233024415668647
* Grid-index: grid/tracks/track0007[42], with parameters:
  - Name: track0007-698.fgong
  - Teff      :  5265.040958 
  - FeH       :    -0.049574 
  - radPhot   :     0.731289 
  - massfin   :     0.761884 
  - age       :  5240.502681 

Lowest chi2 model:
* chi2: 0.0011814685908494791
* Grid-index: grid/tracks/track3799[26], with parameters:
  - Name: track3799-606.fgong
  - Teff      :  5265.374994 
  - FeH       :    -0.049284 
  - radPhot   :     0.759787 
  - massfin   :     0.819949 
  - age       :  2018.957659 


Computing posterior distributions for the requested output parameters!
==> Summary statistics printed below ...

-----------------------------------------------------
median     Teff          :   5265.203684
err_plus   Teff          :      3.448448
err_minus  Teff          :      3.579396
-----------------------------------------------------
median     FeH           :     -0.049284
err_plus   FeH           :      0.004983
err_minus  FeH           :      0.004371
-----------------------------------------------------
median     radPhot       :      0.860916
err_plus   radPhot       :      0.151790
err_minus  radPhot       :      0.126953
-----------------------------------------------------
median     massfin       :      0.802782
err_plus   massfin       :      0.044688
err_minus  massfin       :      0.040895
-----------------------------------------------------
median     age           :  12443.162720
err_plus   age           :   5941.388380
err_minus  age           :   9719.433448
-----------------------------------------------------

Saved results to mnt/c/Users/georg/Documents/GitHub/Iwan-and-George-Year-4-Project/Results/JustKenResults.ascii.
Saved corner plot to mnt/c/Users/georg/Documents/GitHub/Iwan-and-George-Year-4-Project/Results/3811688440459523200_corner.png.
Saved Kiel diagram to mnt/c/Users/georg/Documents/GitHub/Iwan-and-George-Year-4-Project/Results/3811688440459523200_kiel.png.
Did not get any frequency file input, skipping ratios and echelle plots.
Saved dictionary to mnt/c/Users/georg/Documents/GitHub/Iwan-and-George-Year-4-Project/Results/3811688440459523200.json

Finished on 2024-01-20 17:50:12 (runtime 15.0 s).

