========================================================================================
                                         BASTA                                         
                             The BAyesian STellar Algorithm                             

                                     Version 1.2.1                                     

                                (c) 2022, The BASTA Team                                
                           https://github.com/BASTAcode/BASTA                           
========================================================================================

Run started on 2024-01-20 17:50:12 . 

Random numbers initialised with seed: 3178 .

Fitting star id: 382111248777193216 .
* Using the grid '/root/BASTA/grids/Garstec_AS09_barbieMS.hdf5' of type 'sobol tracks'.
  - Grid built with BASTA version 1.3.1, timestamp: 2023-11-28 at 20:12:28.

Transforming solar-based asteroseismic quantities:
* Converting to solar units if needed...
* Solar model scaling not activated!  -->  Dnu will not be scaled.
Done!

Fitting information:
* Fitting parameters with values and uncertainties:
  - Teff: [5548.5527, 7.8218]
  - FeH: [0.1474, 0.0084]

Additional input parameters and settings in alphabetical order:
* asciiparams: ['Teff', 'FeH', 'radPhot', 'massfin', 'age']
* centroid: median
* cornerplots: ['Teff', 'FeH', 'radPhot', 'massfin', 'age']
* dnu_scales: {}
* dnusun: 135.1
* freqplots: []
* inputfile: input_JustKen.xml
* kielplots: [True]
* numsun: 3090.0
* output: mnt/c/Users/georg/Documents/GitHub/Iwan-and-George-Year-4-Project/Results/
* plotfmt: png
* solarmodel: False
* uncert: quantiles

Weights and priors:
* Bayesian weights:
  - Along tracks: age
  - Between tracks: volume
* Flat, constrained priors and ranges:
  - Teff: [5525.0873, 5572.0181]
  - FeH: [-0.1026, 0.3974]
* Additional priors (IMF): 


Computing likelihood of models in the grid (5977 tracks) ...
Done! Computed the likelihood of 22986 models, found 22986 models with non-zero likelihood!


*****************************************
**                                     **
**   Output and results from the fit   **
**                                     **
*****************************************


Highest likelihood model:
* Weighted, non-normalized log-probability: -4.735253347345237
* Grid-index: grid/tracks/track2331[181], with parameters:
  - Name: track2331-1364.fgong
  - Teff      :  5547.622955 
  - FeH       :     0.146069 
  - radPhot   :     1.030449 
  - massfin   :     0.905610 
  - age       :  8711.705761 

Lowest chi2 model:
* chi2: 0.006837128230394882
* Grid-index: grid/tracks/track1323[243], with parameters:
  - Name: track1323-1673.fgong
  - Teff      :  5548.273657 
  - FeH       :     0.148027 
  - radPhot   :     1.306671 
  - massfin   :     0.945375 
  - age       : 10311.456610 


Computing posterior distributions for the requested output parameters!
==> Summary statistics printed below ...

-----------------------------------------------------
median     Teff          :   5548.264009
err_plus   Teff          :      7.722910
err_minus  Teff          :      8.136332
-----------------------------------------------------
median     FeH           :      0.145604
err_plus   FeH           :      0.008389
err_minus  FeH           :      0.008158
-----------------------------------------------------
median     radPhot       :      1.030036
err_plus   radPhot       :      0.258821
err_minus  radPhot       :      0.090599
-----------------------------------------------------
median     massfin       :      0.972578
err_plus   massfin       :      0.073190
err_minus  massfin       :      0.066961
-----------------------------------------------------
median     age           :   8515.305761
err_plus   age           :   2532.569699
err_minus  age           :   5745.174348
-----------------------------------------------------

Saved results to mnt/c/Users/georg/Documents/GitHub/Iwan-and-George-Year-4-Project/Results/JustKenResults.ascii.
Saved corner plot to mnt/c/Users/georg/Documents/GitHub/Iwan-and-George-Year-4-Project/Results/382111248777193216_corner.png.
Saved Kiel diagram to mnt/c/Users/georg/Documents/GitHub/Iwan-and-George-Year-4-Project/Results/382111248777193216_kiel.png.
Did not get any frequency file input, skipping ratios and echelle plots.
Saved dictionary to mnt/c/Users/georg/Documents/GitHub/Iwan-and-George-Year-4-Project/Results/382111248777193216.json

Finished on 2024-01-20 17:50:29 (runtime 17.0 s).

