========================================================================================
                                         BASTA                                         
                             The BAyesian STellar Algorithm                             

                                     Version 1.2.1                                     

                                (c) 2022, The BASTA Team                                
                           https://github.com/BASTAcode/BASTA                           
========================================================================================

Run started on 2024-01-20 17:50:36 . 

Random numbers initialised with seed: 3178 .

Fitting star id: 385697172809355392 .
* Using the grid '/root/BASTA/grids/Garstec_AS09_barbieMS.hdf5' of type 'sobol tracks'.
  - Grid built with BASTA version 1.3.1, timestamp: 2023-11-28 at 20:12:28.

Transforming solar-based asteroseismic quantities:
* Converting to solar units if needed...
* Solar model scaling not activated!  -->  Dnu will not be scaled.
Done!

Fitting information:
* Fitting parameters with values and uncertainties:
  - Teff: [5105.6465, 10.2125]
  - FeH: [-0.0592, 0.0096]

Additional input parameters and settings in alphabetical order:
* asciiparams: ['Teff', 'FeH', 'radPhot', 'massfin', 'age']
* centroid: median
* cornerplots: ['Teff', 'FeH', 'radPhot', 'massfin', 'age']
* dnu_scales: {}
* dnusun: 135.1
* freqplots: []
* inputfile: input_JustKen.xml
* kielplots: [True]
* numsun: 3090.0
* output: mnt/c/Users/georg/Documents/GitHub/Iwan-and-George-Year-4-Project/Results/
* plotfmt: png
* solarmodel: False
* uncert: quantiles

Weights and priors:
* Bayesian weights:
  - Along tracks: age
  - Between tracks: volume
* Flat, constrained priors and ranges:
  - Teff: [5075.009, 5136.284]
  - FeH: [-0.30920000000000003, 0.1908]
* Additional priors (IMF): 


Computing likelihood of models in the grid (5977 tracks) ...
Done! Computed the likelihood of 8514 models, found 8514 models with non-zero likelihood!


*****************************************
**                                     **
**   Output and results from the fit   **
**                                     **
*****************************************


Highest likelihood model:
* Weighted, non-normalized log-probability: -3.2309428250815992
* Grid-index: grid/tracks/track1519[13], with parameters:
  - Name: track1519-541.fgong
  - Teff      :  5104.873080 
  - FeH       :    -0.058035 
  - radPhot   :     0.701910 
  - massfin   :     0.747974 
  - age       :  1342.146289 

Lowest chi2 model:
* chi2: 0.011193884967381648
* Grid-index: grid/tracks/track4675[79], with parameters:
  - Name: track4675-891.fgong
  - Teff      :  5104.661476 
  - FeH       :    -0.059617 
  - radPhot   :     0.786339 
  - massfin   :     0.837861 
  - age       :  6104.462870 


Computing posterior distributions for the requested output parameters!
==> Summary statistics printed below ...

-----------------------------------------------------
median     Teff          :   5107.247345
err_plus   Teff          :     10.064421
err_minus  Teff          :     11.331498
-----------------------------------------------------
median     FeH           :     -0.056855
err_plus   FeH           :      0.008187
err_minus  FeH           :      0.008517
-----------------------------------------------------
median     radPhot       :      0.774567
err_plus   radPhot       :      0.061300
err_minus  radPhot       :      0.056760
-----------------------------------------------------
median     massfin       :      0.782799
err_plus   massfin       :      0.055050
err_minus  massfin       :      0.035053
-----------------------------------------------------
median     age           :   7461.539835
err_plus   age           :   8038.228445
err_minus  age           :   5207.393546
-----------------------------------------------------

Saved results to mnt/c/Users/georg/Documents/GitHub/Iwan-and-George-Year-4-Project/Results/JustKenResults.ascii.
Saved corner plot to mnt/c/Users/georg/Documents/GitHub/Iwan-and-George-Year-4-Project/Results/385697172809355392_corner.png.
Saved Kiel diagram to mnt/c/Users/georg/Documents/GitHub/Iwan-and-George-Year-4-Project/Results/385697172809355392_kiel.png.
Did not get any frequency file input, skipping ratios and echelle plots.
Saved dictionary to mnt/c/Users/georg/Documents/GitHub/Iwan-and-George-Year-4-Project/Results/385697172809355392.json

Finished on 2024-01-20 17:50:52 (runtime 16.0 s).

