========================================================================================
                                         BASTA                                         
                             The BAyesian STellar Algorithm                             

                                     Version 1.2.1                                     

                                (c) 2022, The BASTA Team                                
                           https://github.com/BASTAcode/BASTA                           
========================================================================================

Run started on 2024-01-20 17:51:08 . 

Random numbers initialised with seed: 3178 .

Fitting star id: 3860369901894562304 .
* Using the grid '/root/BASTA/grids/Garstec_AS09_barbieMS.hdf5' of type 'sobol tracks'.
  - Grid built with BASTA version 1.3.1, timestamp: 2023-11-28 at 20:12:28.

Transforming solar-based asteroseismic quantities:
* Converting to solar units if needed...
* Solar model scaling not activated!  -->  Dnu will not be scaled.
Done!

Fitting information:
* Fitting parameters with values and uncertainties:
  - Teff: [4200.6294, 2.6323]
  - FeH: [0.2667, 0.0074]

Additional input parameters and settings in alphabetical order:
* asciiparams: ['Teff', 'FeH', 'radPhot', 'massfin', 'age']
* centroid: median
* cornerplots: ['Teff', 'FeH', 'radPhot', 'massfin', 'age']
* dnu_scales: {}
* dnusun: 135.1
* freqplots: []
* inputfile: input_JustKen.xml
* kielplots: [True]
* numsun: 3090.0
* output: mnt/c/Users/georg/Documents/GitHub/Iwan-and-George-Year-4-Project/Results/
* plotfmt: png
* solarmodel: False
* uncert: quantiles

Weights and priors:
* Bayesian weights:
  - Along tracks: age
  - Between tracks: volume
* Flat, constrained priors and ranges:
  - Teff: [4192.7325, 4208.5262999999995]
  - FeH: [0.016699999999999993, 0.5166999999999999]
* Additional priors (IMF): 


Computing likelihood of models in the grid (5977 tracks) ...
Done! Computed the likelihood of 782 models, found 782 models with non-zero likelihood!


*****************************************
**                                     **
**   Output and results from the fit   **
**                                     **
*****************************************


Highest likelihood model:
* Weighted, non-normalized log-probability: -3.933495555452393
* Grid-index: grid/tracks/track4415[20], with parameters:
  - Name: track4415-579.fgong
  - Teff      :  4199.243435 
  - FeH       :     0.260368 
  - radPhot   :     0.632942 
  - massfin   :     0.709978 
  - age       :  3037.701144 

Lowest chi2 model:
* chi2: 1.0092964121696109
* Grid-index: grid/tracks/track4415[20], with parameters:
  - Name: track4415-579.fgong
  - Teff      :  4199.243435 
  - FeH       :     0.260368 
  - radPhot   :     0.632942 
  - massfin   :     0.709978 
  - age       :  3037.701144 


Computing posterior distributions for the requested output parameters!
==> Summary statistics printed below ...

-----------------------------------------------------
median     Teff          :   4199.243435
err_plus   Teff          :      3.055215
err_minus  Teff          :      2.405118
-----------------------------------------------------
median     FeH           :      0.258558
err_plus   FeH           :      0.004535
err_minus  FeH           :      0.002712
-----------------------------------------------------
median     radPhot       :      0.634283
err_plus   radPhot       :      0.035311
err_minus  radPhot       :      0.003407
-----------------------------------------------------
median     massfin       :      0.709982
err_plus   massfin       :      0.008911
err_minus  massfin       :      0.000009
-----------------------------------------------------
median     age           :   3417.701144
err_plus   age           :  10744.376976
err_minus  age           :    950.000000
-----------------------------------------------------

Saved results to mnt/c/Users/georg/Documents/GitHub/Iwan-and-George-Year-4-Project/Results/JustKenResults.ascii.
Saved corner plot to mnt/c/Users/georg/Documents/GitHub/Iwan-and-George-Year-4-Project/Results/3860369901894562304_corner.png.
Saved Kiel diagram to mnt/c/Users/georg/Documents/GitHub/Iwan-and-George-Year-4-Project/Results/3860369901894562304_kiel.png.
Did not get any frequency file input, skipping ratios and echelle plots.
Saved dictionary to mnt/c/Users/georg/Documents/GitHub/Iwan-and-George-Year-4-Project/Results/3860369901894562304.json

Finished on 2024-01-20 17:51:18 (runtime 10.0 s).

