========================================================================================
                                         BASTA                                         
                             The BAyesian STellar Algorithm                             

                                     Version 1.2.1                                     

                                (c) 2022, The BASTA Team                                
                           https://github.com/BASTAcode/BASTA                           
========================================================================================

Run started on 2024-01-20 17:51:27 . 

Random numbers initialised with seed: 3178 .

Fitting star id: 3877070590167177344 .
* Using the grid '/root/BASTA/grids/Garstec_AS09_barbieMS.hdf5' of type 'sobol tracks'.
  - Grid built with BASTA version 1.3.1, timestamp: 2023-11-28 at 20:12:28.

Transforming solar-based asteroseismic quantities:
* Converting to solar units if needed...
* Solar model scaling not activated!  -->  Dnu will not be scaled.
Done!

Fitting information:
* Fitting parameters with values and uncertainties:
  - Teff: [5625.6333, 1.8872]
  - FeH: [0.2073, 0.0047]

Additional input parameters and settings in alphabetical order:
* asciiparams: ['Teff', 'FeH', 'radPhot', 'massfin', 'age']
* centroid: median
* cornerplots: ['Teff', 'FeH', 'radPhot', 'massfin', 'age']
* dnu_scales: {}
* dnusun: 135.1
* freqplots: []
* inputfile: input_JustKen.xml
* kielplots: [True]
* numsun: 3090.0
* output: mnt/c/Users/georg/Documents/GitHub/Iwan-and-George-Year-4-Project/Results/
* plotfmt: png
* solarmodel: False
* uncert: quantiles

Weights and priors:
* Bayesian weights:
  - Along tracks: age
  - Between tracks: volume
* Flat, constrained priors and ranges:
  - Teff: [5619.9717, 5631.294900000001]
  - FeH: [-0.04269999999999999, 0.45730000000000004]
* Additional priors (IMF): 


Computing likelihood of models in the grid (5977 tracks) ...
Done! Computed the likelihood of 5190 models, found 5190 models with non-zero likelihood!


*****************************************
**                                     **
**   Output and results from the fit   **
**                                     **
*****************************************


Highest likelihood model:
* Weighted, non-normalized log-probability: -5.137912559884623
* Grid-index: grid/tracks/track2809[289], with parameters:
  - Name: track2809-1903.fgong
  - Teff      :  5625.497377 
  - FeH       :     0.207501 
  - radPhot   :     1.576737 
  - massfin   :     1.015210 
  - age       :  9303.080951 

Lowest chi2 model:
* chi2: 0.007023681138319333
* Grid-index: grid/tracks/track2809[289], with parameters:
  - Name: track2809-1903.fgong
  - Teff      :  5625.497377 
  - FeH       :     0.207501 
  - radPhot   :     1.576737 
  - massfin   :     1.015210 
  - age       :  9303.080951 


Computing posterior distributions for the requested output parameters!
==> Summary statistics printed below ...

-----------------------------------------------------
median     Teff          :   5625.652588
err_plus   Teff          :      1.964394
err_minus  Teff          :      1.831969
-----------------------------------------------------
median     FeH           :      0.209756
err_plus   FeH           :      0.003485
err_minus  FeH           :      0.007023
-----------------------------------------------------
median     radPhot       :      1.041037
err_plus   radPhot       :      0.396513
err_minus  radPhot       :      0.101958
-----------------------------------------------------
median     massfin       :      1.021365
err_plus   massfin       :      0.094926
err_minus  massfin       :      0.022537
-----------------------------------------------------
median     age           :   3558.905729
err_plus   age           :   5698.750669
err_minus  age           :   1094.046908
-----------------------------------------------------

Saved results to mnt/c/Users/georg/Documents/GitHub/Iwan-and-George-Year-4-Project/Results/JustKenResults.ascii.
Saved corner plot to mnt/c/Users/georg/Documents/GitHub/Iwan-and-George-Year-4-Project/Results/3877070590167177344_corner.png.
Saved Kiel diagram to mnt/c/Users/georg/Documents/GitHub/Iwan-and-George-Year-4-Project/Results/3877070590167177344_kiel.png.
Did not get any frequency file input, skipping ratios and echelle plots.
Saved dictionary to mnt/c/Users/georg/Documents/GitHub/Iwan-and-George-Year-4-Project/Results/3877070590167177344.json

Finished on 2024-01-20 17:51:42 (runtime 15.0 s).

