========================================================================================
                                         BASTA                                         
                             The BAyesian STellar Algorithm                             

                                     Version 1.2.1                                     

                                (c) 2022, The BASTA Team                                
                           https://github.com/BASTAcode/BASTA                           
========================================================================================

Run started on 2024-01-20 17:51:42 . 

Random numbers initialised with seed: 3178 .

Fitting star id: 3882879683758393344 .
* Using the grid '/root/BASTA/grids/Garstec_AS09_barbieMS.hdf5' of type 'sobol tracks'.
  - Grid built with BASTA version 1.3.1, timestamp: 2023-11-28 at 20:12:28.

Transforming solar-based asteroseismic quantities:
* Converting to solar units if needed...
* Solar model scaling not activated!  -->  Dnu will not be scaled.
Done!

Fitting information:
* Fitting parameters with values and uncertainties:
  - Teff: [5106.7734, 15.4253]
  - FeH: [-0.0663, 0.0168]

Additional input parameters and settings in alphabetical order:
* asciiparams: ['Teff', 'FeH', 'radPhot', 'massfin', 'age']
* centroid: median
* cornerplots: ['Teff', 'FeH', 'radPhot', 'massfin', 'age']
* dnu_scales: {}
* dnusun: 135.1
* freqplots: []
* inputfile: input_JustKen.xml
* kielplots: [True]
* numsun: 3090.0
* output: mnt/c/Users/georg/Documents/GitHub/Iwan-and-George-Year-4-Project/Results/
* plotfmt: png
* solarmodel: False
* uncert: quantiles

Weights and priors:
* Bayesian weights:
  - Along tracks: age
  - Between tracks: volume
* Flat, constrained priors and ranges:
  - Teff: [5060.4975, 5153.0493]
  - FeH: [-0.3163, 0.1837]
* Additional priors (IMF): 


Computing likelihood of models in the grid (5977 tracks) ...
Done! Computed the likelihood of 12766 models, found 12766 models with non-zero likelihood!


*****************************************
**                                     **
**   Output and results from the fit   **
**                                     **
*****************************************


Highest likelihood model:
* Weighted, non-normalized log-probability: -3.303617727338212
* Grid-index: grid/tracks/track1519[14], with parameters:
  - Name: track1519-546.fgong
  - Teff      :  5107.936310 
  - FeH       :    -0.059578 
  - radPhot   :     0.703207 
  - massfin   :     0.747971 
  - age       :  1494.146289 

Lowest chi2 model:
* chi2: 0.006494868868748795
* Grid-index: grid/tracks/track4087[192], with parameters:
  - Name: track4087-1445.fgong
  - Teff      :  5106.853117 
  - FeH       :    -0.067651 
  - radPhot   :     1.543210 
  - massfin   :     0.793204 
  - age       : 19629.100430 


Computing posterior distributions for the requested output parameters!
==> Summary statistics printed below ...

-----------------------------------------------------
median     Teff          :   5108.219352
err_plus   Teff          :     15.068293
err_minus  Teff          :     16.016073
-----------------------------------------------------
median     FeH           :     -0.062790
err_plus   FeH           :      0.014412
err_minus  FeH           :      0.020125
-----------------------------------------------------
median     radPhot       :      0.776213
err_plus   radPhot       :      0.061599
err_minus  radPhot       :      0.054019
-----------------------------------------------------
median     massfin       :      0.781882
err_plus   massfin       :      0.047086
err_minus  massfin       :      0.047218
-----------------------------------------------------
median     age           :   7983.970376
err_plus   age           :   8297.160694
err_minus  age           :   5527.799837
-----------------------------------------------------

Saved results to mnt/c/Users/georg/Documents/GitHub/Iwan-and-George-Year-4-Project/Results/JustKenResults.ascii.
Saved corner plot to mnt/c/Users/georg/Documents/GitHub/Iwan-and-George-Year-4-Project/Results/3882879683758393344_corner.png.
Saved Kiel diagram to mnt/c/Users/georg/Documents/GitHub/Iwan-and-George-Year-4-Project/Results/3882879683758393344_kiel.png.
Did not get any frequency file input, skipping ratios and echelle plots.
Saved dictionary to mnt/c/Users/georg/Documents/GitHub/Iwan-and-George-Year-4-Project/Results/3882879683758393344.json

Finished on 2024-01-20 17:52:02 (runtime 20.0 s).

