========================================================================================
                                         BASTA                                         
                             The BAyesian STellar Algorithm                             

                                     Version 1.2.1                                     

                                (c) 2022, The BASTA Team                                
                           https://github.com/BASTAcode/BASTA                           
========================================================================================

Run started on 2024-01-20 17:52:03 . 

Random numbers initialised with seed: 3178 .

Fitting star id: 3892632287473304064 .
* Using the grid '/root/BASTA/grids/Garstec_AS09_barbieMS.hdf5' of type 'sobol tracks'.
  - Grid built with BASTA version 1.3.1, timestamp: 2023-11-28 at 20:12:28.

Transforming solar-based asteroseismic quantities:
* Converting to solar units if needed...
* Solar model scaling not activated!  -->  Dnu will not be scaled.
Done!

Fitting information:
* Fitting parameters with values and uncertainties:
  - Teff: [4199.8223, 6.5117]
  - FeH: [0.2678, 0.0238]

Additional input parameters and settings in alphabetical order:
* asciiparams: ['Teff', 'FeH', 'radPhot', 'massfin', 'age']
* centroid: median
* cornerplots: ['Teff', 'FeH', 'radPhot', 'massfin', 'age']
* dnu_scales: {}
* dnusun: 135.1
* freqplots: []
* inputfile: input_JustKen.xml
* kielplots: [True]
* numsun: 3090.0
* output: mnt/c/Users/georg/Documents/GitHub/Iwan-and-George-Year-4-Project/Results/
* plotfmt: png
* solarmodel: False
* uncert: quantiles

Weights and priors:
* Bayesian weights:
  - Along tracks: age
  - Between tracks: volume
* Flat, constrained priors and ranges:
  - Teff: [4180.2872, 4219.3574]
  - FeH: [0.017799999999999983, 0.5178]
* Additional priors (IMF): 


Computing likelihood of models in the grid (5977 tracks) ...
Done! Computed the likelihood of 1964 models, found 1964 models with non-zero likelihood!


*****************************************
**                                     **
**   Output and results from the fit   **
**                                     **
*****************************************


Highest likelihood model:
* Weighted, non-normalized log-probability: -3.3894599023102607
* Grid-index: grid/tracks/track3999[80], with parameters:
  - Name: track3999-881.fgong
  - Teff      :  4198.754586 
  - FeH       :     0.257483 
  - radPhot   :     0.668303 
  - massfin   :     0.718895 
  - age       : 13800.078120 

Lowest chi2 model:
* chi2: 0.10540187635735183
* Grid-index: grid/tracks/track4415[20], with parameters:
  - Name: track4415-579.fgong
  - Teff      :  4199.243435 
  - FeH       :     0.260368 
  - radPhot   :     0.632942 
  - massfin   :     0.709978 
  - age       :  3037.701144 


Computing posterior distributions for the requested output parameters!
==> Summary statistics printed below ...

-----------------------------------------------------
median     Teff          :   4199.725171
err_plus   Teff          :      6.129832
err_minus  Teff          :      5.990401
-----------------------------------------------------
median     FeH           :      0.259845
err_plus   FeH           :      0.014243
err_minus  FeH           :      0.009379
-----------------------------------------------------
median     radPhot       :      0.645806
err_plus   radPhot       :      0.024547
err_minus  radPhot       :      0.018684
-----------------------------------------------------
median     massfin       :      0.709998
err_plus   massfin       :      0.008903
err_minus  massfin       :      0.000033
-----------------------------------------------------
median     age           :   5127.701144
err_plus   age           :  10120.376976
err_minus  age           :   3421.107420
-----------------------------------------------------

Saved results to mnt/c/Users/georg/Documents/GitHub/Iwan-and-George-Year-4-Project/Results/JustKenResults.ascii.
Saved corner plot to mnt/c/Users/georg/Documents/GitHub/Iwan-and-George-Year-4-Project/Results/3892632287473304064_corner.png.
Saved Kiel diagram to mnt/c/Users/georg/Documents/GitHub/Iwan-and-George-Year-4-Project/Results/3892632287473304064_kiel.png.
Did not get any frequency file input, skipping ratios and echelle plots.
Saved dictionary to mnt/c/Users/georg/Documents/GitHub/Iwan-and-George-Year-4-Project/Results/3892632287473304064.json

Finished on 2024-01-20 17:52:16 (runtime 13.0 s).

