========================================================================================
                                         BASTA                                         
                             The BAyesian STellar Algorithm                             

                                     Version 1.2.1                                     

                                (c) 2022, The BASTA Team                                
                           https://github.com/BASTAcode/BASTA                           
========================================================================================

Run started on 2024-01-20 17:52:16 . 

Random numbers initialised with seed: 3178 .

Fitting star id: 3896271842760486272 .
* Using the grid '/root/BASTA/grids/Garstec_AS09_barbieMS.hdf5' of type 'sobol tracks'.
  - Grid built with BASTA version 1.3.1, timestamp: 2023-11-28 at 20:12:28.

Transforming solar-based asteroseismic quantities:
* Converting to solar units if needed...
* Solar model scaling not activated!  -->  Dnu will not be scaled.
Done!

Fitting information:
* Fitting parameters with values and uncertainties:
  - Teff: [4915.8745, 4.2065]
  - FeH: [-0.4, 0.0115]

Additional input parameters and settings in alphabetical order:
* asciiparams: ['Teff', 'FeH', 'radPhot', 'massfin', 'age']
* centroid: median
* cornerplots: ['Teff', 'FeH', 'radPhot', 'massfin', 'age']
* dnu_scales: {}
* dnusun: 135.1
* freqplots: []
* inputfile: input_JustKen.xml
* kielplots: [True]
* numsun: 3090.0
* output: mnt/c/Users/georg/Documents/GitHub/Iwan-and-George-Year-4-Project/Results/
* plotfmt: png
* solarmodel: False
* uncert: quantiles

Weights and priors:
* Bayesian weights:
  - Along tracks: age
  - Between tracks: volume
* Flat, constrained priors and ranges:
  - Teff: [4903.255, 4928.494]
  - FeH: [-0.65, -0.15000000000000002]
* Additional priors (IMF): 


Computing likelihood of models in the grid (5977 tracks) ...
Done! Computed the likelihood of 272 models, found 272 models with non-zero likelihood!


*****************************************
**                                     **
**   Output and results from the fit   **
**                                     **
*****************************************


Highest likelihood model:
* Weighted, non-normalized log-probability: -3.685782468379844
* Grid-index: grid/tracks/track5376[42], with parameters:
  - Name: track5376-694.fgong
  - Teff      :  4916.624912 
  - FeH       :    -0.407921 
  - radPhot   :     0.673625 
  - massfin   :     0.702894 
  - age       :  7329.755472 

Lowest chi2 model:
* chi2: 0.5062188819521186
* Grid-index: grid/tracks/track5376[42], with parameters:
  - Name: track5376-694.fgong
  - Teff      :  4916.624912 
  - FeH       :    -0.407921 
  - radPhot   :     0.673625 
  - massfin   :     0.702894 
  - age       :  7329.755472 


Computing posterior distributions for the requested output parameters!
==> Summary statistics printed below ...

-----------------------------------------------------
median     Teff          :   4916.624912
err_plus   Teff          :      3.860109
err_minus  Teff          :      3.834959
-----------------------------------------------------
median     FeH           :     -0.407921
err_plus   FeH           :      0.002901
err_minus  FeH           :      0.001443
-----------------------------------------------------
median     radPhot       :      0.673625
err_plus   radPhot       :      0.001011
err_minus  radPhot       :      0.001998
-----------------------------------------------------
median     massfin       :      0.702894
err_plus   massfin       :      0.000006
err_minus  massfin       :      0.000003
-----------------------------------------------------
median     age           :   7329.755472
err_plus   age           :    197.000000
err_minus  age           :    394.000000
-----------------------------------------------------

Saved results to mnt/c/Users/georg/Documents/GitHub/Iwan-and-George-Year-4-Project/Results/JustKenResults.ascii.
Parameter $M$ (M$_\odot$) resulted in 9333 bins, raising MemoryError
WARNING! Using 'auto' as bin-rule causes a memory crash!Switching to 'scott' for the parameter '$M$ (M$_\odot$)'!
Saved corner plot to mnt/c/Users/georg/Documents/GitHub/Iwan-and-George-Year-4-Project/Results/3896271842760486272_corner.png.
Saved Kiel diagram to mnt/c/Users/georg/Documents/GitHub/Iwan-and-George-Year-4-Project/Results/3896271842760486272_kiel.png.
Did not get any frequency file input, skipping ratios and echelle plots.
Saved dictionary to mnt/c/Users/georg/Documents/GitHub/Iwan-and-George-Year-4-Project/Results/3896271842760486272.json

Finished on 2024-01-20 17:52:26 (runtime 10.0 s).

