========================================================================================
                                         BASTA                                         
                             The BAyesian STellar Algorithm                             

                                     Version 1.2.1                                     

                                (c) 2022, The BASTA Team                                
                           https://github.com/BASTAcode/BASTA                           
========================================================================================

Run started on 2024-01-20 17:52:27 . 

Random numbers initialised with seed: 3178 .

Fitting star id: 3962403923821595264 .
* Using the grid '/root/BASTA/grids/Garstec_AS09_barbieMS.hdf5' of type 'sobol tracks'.
  - Grid built with BASTA version 1.3.1, timestamp: 2023-11-28 at 20:12:28.

Transforming solar-based asteroseismic quantities:
* Converting to solar units if needed...
* Solar model scaling not activated!  -->  Dnu will not be scaled.
Done!

Fitting information:
* Fitting parameters with values and uncertainties:
  - Teff: [4757.89, 4.581]
  - FeH: [0.264, 0.0055]

Additional input parameters and settings in alphabetical order:
* asciiparams: ['Teff', 'FeH', 'radPhot', 'massfin', 'age']
* centroid: median
* cornerplots: ['Teff', 'FeH', 'radPhot', 'massfin', 'age']
* dnu_scales: {}
* dnusun: 135.1
* freqplots: []
* inputfile: input_JustKen.xml
* kielplots: [True]
* numsun: 3090.0
* output: mnt/c/Users/georg/Documents/GitHub/Iwan-and-George-Year-4-Project/Results/
* plotfmt: png
* solarmodel: False
* uncert: quantiles

Weights and priors:
* Bayesian weights:
  - Along tracks: age
  - Between tracks: volume
* Flat, constrained priors and ranges:
  - Teff: [4744.147, 4771.633000000001]
  - FeH: [0.014000000000000012, 0.514]
* Additional priors (IMF): 


Computing likelihood of models in the grid (5977 tracks) ...
Done! Computed the likelihood of 5929 models, found 5929 models with non-zero likelihood!


*****************************************
**                                     **
**   Output and results from the fit   **
**                                     **
*****************************************


Highest likelihood model:
* Weighted, non-normalized log-probability: -3.824389620049217
* Grid-index: grid/tracks/track4535[42], with parameters:
  - Name: track4535-678.fgong
  - Teff      :  4757.244060 
  - FeH       :     0.264242 
  - radPhot   :     0.755690 
  - massfin   :     0.805938 
  - age       :  3761.073829 

Lowest chi2 model:
* chi2: 0.015831528206594343
* Grid-index: grid/tracks/track1071[63], with parameters:
  - Name: track1071-781.fgong
  - Teff      :  4758.323917 
  - FeH       :     0.263544 
  - radPhot   :     0.742365 
  - massfin   :     0.754872 
  - age       :  8579.753004 


Computing posterior distributions for the requested output parameters!
==> Summary statistics printed below ...

-----------------------------------------------------
median     Teff          :   4757.727210
err_plus   Teff          :      4.698869
err_minus  Teff          :      4.393875
-----------------------------------------------------
median     FeH           :      0.263544
err_plus   FeH           :      0.005279
err_minus  FeH           :      0.004816
-----------------------------------------------------
median     radPhot       :      0.781149
err_plus   radPhot       :      0.023374
err_minus  radPhot       :      0.028680
-----------------------------------------------------
median     massfin       :      0.816827
err_plus   massfin       :      0.049980
err_minus  massfin       :      0.037022
-----------------------------------------------------
median     age           :   5777.189606
err_plus   age           :   4645.851874
err_minus  age           :   2529.254098
-----------------------------------------------------

Saved results to mnt/c/Users/georg/Documents/GitHub/Iwan-and-George-Year-4-Project/Results/JustKenResults.ascii.
Saved corner plot to mnt/c/Users/georg/Documents/GitHub/Iwan-and-George-Year-4-Project/Results/3962403923821595264_corner.png.
Saved Kiel diagram to mnt/c/Users/georg/Documents/GitHub/Iwan-and-George-Year-4-Project/Results/3962403923821595264_kiel.png.
Did not get any frequency file input, skipping ratios and echelle plots.
Saved dictionary to mnt/c/Users/georg/Documents/GitHub/Iwan-and-George-Year-4-Project/Results/3962403923821595264.json

Finished on 2024-01-20 17:52:41 (runtime 14.0 s).

