========================================================================================
                                         BASTA                                         
                             The BAyesian STellar Algorithm                             

                                     Version 1.2.1                                     

                                (c) 2022, The BASTA Team                                
                           https://github.com/BASTAcode/BASTA                           
========================================================================================

Run started on 2024-01-20 17:52:41 . 

Random numbers initialised with seed: 3178 .

Fitting star id: 3997075206232885888 .
* Using the grid '/root/BASTA/grids/Garstec_AS09_barbieMS.hdf5' of type 'sobol tracks'.
  - Grid built with BASTA version 1.3.1, timestamp: 2023-11-28 at 20:12:28.

Transforming solar-based asteroseismic quantities:
* Converting to solar units if needed...
* Solar model scaling not activated!  -->  Dnu will not be scaled.
Done!

Fitting information:
* Fitting parameters with values and uncertainties:
  - Teff: [5053.029, 5.0677]
  - FeH: [-0.5258, 0.0975]

Additional input parameters and settings in alphabetical order:
* asciiparams: ['Teff', 'FeH', 'radPhot', 'massfin', 'age']
* centroid: median
* cornerplots: ['Teff', 'FeH', 'radPhot', 'massfin', 'age']
* dnu_scales: {}
* dnusun: 135.1
* freqplots: []
* inputfile: input_JustKen.xml
* kielplots: [True]
* numsun: 3090.0
* output: mnt/c/Users/georg/Documents/GitHub/Iwan-and-George-Year-4-Project/Results/
* plotfmt: png
* solarmodel: False
* uncert: quantiles

Weights and priors:
* Bayesian weights:
  - Along tracks: age
  - Between tracks: volume
* Flat, constrained priors and ranges:
  - Teff: [5037.825900000001, 5068.2321]
  - FeH: [-0.7758, -0.27580000000000005]
* Additional priors (IMF): 


Computing likelihood of models in the grid (5977 tracks) ...
Done! Computed the likelihood of 292 models, found 292 models with non-zero likelihood!


*****************************************
**                                     **
**   Output and results from the fit   **
**                                     **
*****************************************


Highest likelihood model:
* Weighted, non-normalized log-probability: -3.650347063433356
* Grid-index: grid/tracks/track4832[12], with parameters:
  - Name: track4832-541.fgong
  - Teff      :  5052.344839 
  - FeH       :    -0.516252 
  - radPhot   :     0.656242 
  - massfin   :     0.718980 
  - age       :  1254.164229 

Lowest chi2 model:
* chi2: 0.02781595708284125
* Grid-index: grid/tracks/track4832[12], with parameters:
  - Name: track4832-541.fgong
  - Teff      :  5052.344839 
  - FeH       :    -0.516252 
  - radPhot   :     0.656242 
  - massfin   :     0.718980 
  - age       :  1254.164229 


Computing posterior distributions for the requested output parameters!
==> Summary statistics printed below ...

-----------------------------------------------------
median     Teff          :   5054.388211
err_plus   Teff          :      3.781587
err_minus  Teff          :      5.338163
-----------------------------------------------------
median     FeH           :     -0.438889
err_plus   FeH           :      0.082677
err_minus  FeH           :      0.077364
-----------------------------------------------------
median     radPhot       :      0.664371
err_plus   radPhot       :      0.040454
err_minus  radPhot       :      0.008129
-----------------------------------------------------
median     massfin       :      0.716965
err_plus   massfin       :      0.006928
err_minus  massfin       :      0.013118
-----------------------------------------------------
median     age           :   4672.631903
err_plus   age           :   5784.442450
err_minus  age           :   3523.658722
-----------------------------------------------------

Saved results to mnt/c/Users/georg/Documents/GitHub/Iwan-and-George-Year-4-Project/Results/JustKenResults.ascii.
Saved corner plot to mnt/c/Users/georg/Documents/GitHub/Iwan-and-George-Year-4-Project/Results/3997075206232885888_corner.png.
Saved Kiel diagram to mnt/c/Users/georg/Documents/GitHub/Iwan-and-George-Year-4-Project/Results/3997075206232885888_kiel.png.
Did not get any frequency file input, skipping ratios and echelle plots.
Saved dictionary to mnt/c/Users/georg/Documents/GitHub/Iwan-and-George-Year-4-Project/Results/3997075206232885888.json

Finished on 2024-01-20 17:52:51 (runtime 10.0 s).

