========================================================================================
                                         BASTA                                         
                             The BAyesian STellar Algorithm                             

                                     Version 1.2.1                                     

                                (c) 2022, The BASTA Team                                
                           https://github.com/BASTAcode/BASTA                           
========================================================================================

Run started on 2024-01-20 17:53:32 . 

Random numbers initialised with seed: 3178 .

Fitting star id: 4224062406762625152 .
* Using the grid '/root/BASTA/grids/Garstec_AS09_barbieMS.hdf5' of type 'sobol tracks'.
  - Grid built with BASTA version 1.3.1, timestamp: 2023-11-28 at 20:12:28.

Transforming solar-based asteroseismic quantities:
* Converting to solar units if needed...
* Solar model scaling not activated!  -->  Dnu will not be scaled.
Done!

Fitting information:
* Fitting parameters with values and uncertainties:
  - Teff: [5807.3564, 12.3799]
  - FeH: [0.1668, 0.0132]

Additional input parameters and settings in alphabetical order:
* asciiparams: ['Teff', 'FeH', 'radPhot', 'massfin', 'age']
* centroid: median
* cornerplots: ['Teff', 'FeH', 'radPhot', 'massfin', 'age']
* dnu_scales: {}
* dnusun: 135.1
* freqplots: []
* inputfile: input_JustKen.xml
* kielplots: [True]
* numsun: 3090.0
* output: mnt/c/Users/georg/Documents/GitHub/Iwan-and-George-Year-4-Project/Results/
* plotfmt: png
* solarmodel: False
* uncert: quantiles

Weights and priors:
* Bayesian weights:
  - Along tracks: age
  - Between tracks: volume
* Flat, constrained priors and ranges:
  - Teff: [5770.2167, 5844.496099999999]
  - FeH: [-0.0832, 0.4168]
* Additional priors (IMF): 


Computing likelihood of models in the grid (5977 tracks) ...
Done! Computed the likelihood of 33190 models, found 33190 models with non-zero likelihood!


*****************************************
**                                     **
**   Output and results from the fit   **
**                                     **
*****************************************


Highest likelihood model:
* Weighted, non-normalized log-probability: -5.0634628295955535
* Grid-index: grid/tracks/track3193[10], with parameters:
  - Name: track3193-519.fgong
  - Teff      :  5806.101105 
  - FeH       :     0.160759 
  - radPhot   :     0.906803 
  - massfin   :     1.016990 
  - age       :   204.546782 

Lowest chi2 model:
* chi2: 0.00016230555294951084
* Grid-index: grid/tracks/track5673[316], with parameters:
  - Name: track5673-2026.fgong
  - Teff      :  5807.504024 
  - FeH       :     0.166859 
  - radPhot   :     1.454326 
  - massfin   :     1.068286 
  - age       :  7703.299611 


Computing posterior distributions for the requested output parameters!
==> Summary statistics printed below ...

-----------------------------------------------------
median     Teff          :   5807.665883
err_plus   Teff          :     12.178827
err_minus  Teff          :     13.265958
-----------------------------------------------------
median     FeH           :      0.166257
err_plus   FeH           :      0.012335
err_minus  FeH           :      0.013473
-----------------------------------------------------
median     radPhot       :      1.050707
err_plus   radPhot       :      0.307218
err_minus  radPhot       :      0.066639
-----------------------------------------------------
median     massfin       :      1.063825
err_plus   massfin       :      0.063593
err_minus  massfin       :      0.057496
-----------------------------------------------------
median     age           :   4162.148525
err_plus   age           :   2565.806996
err_minus  age           :   2892.090164
-----------------------------------------------------

Saved results to mnt/c/Users/georg/Documents/GitHub/Iwan-and-George-Year-4-Project/Results/JustKenResults.ascii.
Saved corner plot to mnt/c/Users/georg/Documents/GitHub/Iwan-and-George-Year-4-Project/Results/4224062406762625152_corner.png.
Saved Kiel diagram to mnt/c/Users/georg/Documents/GitHub/Iwan-and-George-Year-4-Project/Results/4224062406762625152_kiel.png.
Did not get any frequency file input, skipping ratios and echelle plots.
Saved dictionary to mnt/c/Users/georg/Documents/GitHub/Iwan-and-George-Year-4-Project/Results/4224062406762625152.json

Finished on 2024-01-20 17:53:47 (runtime 15.0 s).

