========================================================================================
                                         BASTA                                         
                             The BAyesian STellar Algorithm                             

                                     Version 1.2.1                                     

                                (c) 2022, The BASTA Team                                
                           https://github.com/BASTAcode/BASTA                           
========================================================================================

Run started on 2024-01-20 17:53:47 . 

Random numbers initialised with seed: 3178 .

Fitting star id: 4255957040079935488 .
* Using the grid '/root/BASTA/grids/Garstec_AS09_barbieMS.hdf5' of type 'sobol tracks'.
  - Grid built with BASTA version 1.3.1, timestamp: 2023-11-28 at 20:12:28.

Transforming solar-based asteroseismic quantities:
* Converting to solar units if needed...
* Solar model scaling not activated!  -->  Dnu will not be scaled.
Done!

Fitting information:
* Fitting parameters with values and uncertainties:
  - Teff: [5279.8193, 25.4781]
  - FeH: [-0.3004, 0.0332]

Additional input parameters and settings in alphabetical order:
* asciiparams: ['Teff', 'FeH', 'radPhot', 'massfin', 'age']
* centroid: median
* cornerplots: ['Teff', 'FeH', 'radPhot', 'massfin', 'age']
* dnu_scales: {}
* dnusun: 135.1
* freqplots: []
* inputfile: input_JustKen.xml
* kielplots: [True]
* numsun: 3090.0
* output: mnt/c/Users/georg/Documents/GitHub/Iwan-and-George-Year-4-Project/Results/
* plotfmt: png
* solarmodel: False
* uncert: quantiles

Weights and priors:
* Bayesian weights:
  - Along tracks: age
  - Between tracks: volume
* Flat, constrained priors and ranges:
  - Teff: [5203.385, 5356.2536]
  - FeH: [-0.5504, -0.0504]
* Additional priors (IMF): 


Computing likelihood of models in the grid (5977 tracks) ...
Done! Computed the likelihood of 13501 models, found 13501 models with non-zero likelihood!


*****************************************
**                                     **
**   Output and results from the fit   **
**                                     **
*****************************************


Highest likelihood model:
* Weighted, non-normalized log-probability: -3.37857052236538
* Grid-index: grid/tracks/track1784[94], with parameters:
  - Name: track1784-969.fgong
  - Teff      :  5279.326315 
  - FeH       :    -0.300854 
  - radPhot   :     0.771881 
  - massfin   :     0.764732 
  - age       : 12194.999870 

Lowest chi2 model:
* chi2: 0.000561805612776206
* Grid-index: grid/tracks/track1784[94], with parameters:
  - Name: track1784-969.fgong
  - Teff      :  5279.326315 
  - FeH       :    -0.300854 
  - radPhot   :     0.771881 
  - massfin   :     0.764732 
  - age       : 12194.999870 


Computing posterior distributions for the requested output parameters!
==> Summary statistics printed below ...

-----------------------------------------------------
median     Teff          :   5283.268405
err_plus   Teff          :     24.997838
err_minus  Teff          :     26.372435
-----------------------------------------------------
median     FeH           :     -0.294343
err_plus   FeH           :      0.032388
err_minus  FeH           :      0.035570
-----------------------------------------------------
median     radPhot       :      0.757991
err_plus   radPhot       :      0.053603
err_minus  radPhot       :      0.062560
-----------------------------------------------------
median     massfin       :      0.754684
err_plus   massfin       :      0.033166
err_minus  massfin       :      0.033771
-----------------------------------------------------
median     age           :   8464.363010
err_plus   age           :   6069.850210
err_minus  age           :   5065.071329
-----------------------------------------------------

Saved results to mnt/c/Users/georg/Documents/GitHub/Iwan-and-George-Year-4-Project/Results/JustKenResults.ascii.
Saved corner plot to mnt/c/Users/georg/Documents/GitHub/Iwan-and-George-Year-4-Project/Results/4255957040079935488_corner.png.
Saved Kiel diagram to mnt/c/Users/georg/Documents/GitHub/Iwan-and-George-Year-4-Project/Results/4255957040079935488_kiel.png.
Did not get any frequency file input, skipping ratios and echelle plots.
Saved dictionary to mnt/c/Users/georg/Documents/GitHub/Iwan-and-George-Year-4-Project/Results/4255957040079935488.json

Finished on 2024-01-20 17:54:01 (runtime 14.0 s).

