========================================================================================
                                         BASTA                                         
                             The BAyesian STellar Algorithm                             

                                     Version 1.2.1                                     

                                (c) 2022, The BASTA Team                                
                           https://github.com/BASTAcode/BASTA                           
========================================================================================

Run started on 2024-01-20 17:54:11 . 

Random numbers initialised with seed: 3178 .

Fitting star id: 4263752921128319616 .
* Using the grid '/root/BASTA/grids/Garstec_AS09_barbieMS.hdf5' of type 'sobol tracks'.
  - Grid built with BASTA version 1.3.1, timestamp: 2023-11-28 at 20:12:28.

Transforming solar-based asteroseismic quantities:
* Converting to solar units if needed...
* Solar model scaling not activated!  -->  Dnu will not be scaled.
Done!

Fitting information:
* Fitting parameters with values and uncertainties:
  - Teff: [4772.0527, 36.0337]
  - FeH: [-0.0432, 0.0274]

Additional input parameters and settings in alphabetical order:
* asciiparams: ['Teff', 'FeH', 'radPhot', 'massfin', 'age']
* centroid: median
* cornerplots: ['Teff', 'FeH', 'radPhot', 'massfin', 'age']
* dnu_scales: {}
* dnusun: 135.1
* freqplots: []
* inputfile: input_JustKen.xml
* kielplots: [True]
* numsun: 3090.0
* output: mnt/c/Users/georg/Documents/GitHub/Iwan-and-George-Year-4-Project/Results/
* plotfmt: png
* solarmodel: False
* uncert: quantiles

Weights and priors:
* Bayesian weights:
  - Along tracks: age
  - Between tracks: volume
* Flat, constrained priors and ranges:
  - Teff: [4663.9516, 4880.1538]
  - FeH: [-0.2932, 0.20679999999999998]
* Additional priors (IMF): 


Computing likelihood of models in the grid (5977 tracks) ...
Done! Computed the likelihood of 15719 models, found 15719 models with non-zero likelihood!


*****************************************
**                                     **
**   Output and results from the fit   **
**                                     **
*****************************************


Highest likelihood model:
* Weighted, non-normalized log-probability: -3.3409475696573763
* Grid-index: grid/tracks/track5343[55], with parameters:
  - Name: track5343-748.fgong
  - Teff      :  4771.250612 
  - FeH       :    -0.045298 
  - radPhot   :     0.717617 
  - massfin   :     0.725873 
  - age       :  8951.199709 

Lowest chi2 model:
* chi2: 0.0008808018307604733
* Grid-index: grid/tracks/track4207[126], with parameters:
  - Name: track4207-1112.fgong
  - Teff      :  4772.302916 
  - FeH       :    -0.043991 
  - radPhot   :     0.775901 
  - massfin   :     0.750734 
  - age       : 18256.830910 


Computing posterior distributions for the requested output parameters!
==> Summary statistics printed below ...

-----------------------------------------------------
median     Teff          :   4773.606589
err_plus   Teff          :     37.106318
err_minus  Teff          :     35.541346
-----------------------------------------------------
median     FeH           :     -0.043115
err_plus   FeH           :      0.027887
err_minus  FeH           :      0.023599
-----------------------------------------------------
median     radPhot       :      0.721319
err_plus   radPhot       :      0.041192
err_minus  radPhot       :      0.027712
-----------------------------------------------------
median     massfin       :      0.748887
err_plus   massfin       :      0.018091
err_minus  massfin       :      0.035116
-----------------------------------------------------
median     age           :   8429.199709
err_plus   age           :   8066.939851
err_minus  age           :   5399.051851
-----------------------------------------------------

Saved results to mnt/c/Users/georg/Documents/GitHub/Iwan-and-George-Year-4-Project/Results/JustKenResults.ascii.
Saved corner plot to mnt/c/Users/georg/Documents/GitHub/Iwan-and-George-Year-4-Project/Results/4263752921128319616_corner.png.
Saved Kiel diagram to mnt/c/Users/georg/Documents/GitHub/Iwan-and-George-Year-4-Project/Results/4263752921128319616_kiel.png.
Did not get any frequency file input, skipping ratios and echelle plots.
Saved dictionary to mnt/c/Users/georg/Documents/GitHub/Iwan-and-George-Year-4-Project/Results/4263752921128319616.json

Finished on 2024-01-20 17:54:24 (runtime 13.0 s).

