========================================================================================
                                         BASTA                                         
                             The BAyesian STellar Algorithm                             

                                     Version 1.2.1                                     

                                (c) 2022, The BASTA Team                                
                           https://github.com/BASTAcode/BASTA                           
========================================================================================

Run started on 2024-01-20 17:54:31 . 

Random numbers initialised with seed: 3178 .

Fitting star id: 4285511294172309504 .
* Using the grid '/root/BASTA/grids/Garstec_AS09_barbieMS.hdf5' of type 'sobol tracks'.
  - Grid built with BASTA version 1.3.1, timestamp: 2023-11-28 at 20:12:28.

Transforming solar-based asteroseismic quantities:
* Converting to solar units if needed...
* Solar model scaling not activated!  -->  Dnu will not be scaled.
Done!

Fitting information:
* Fitting parameters with values and uncertainties:
  - Teff: [6248.989, 16.9973]
  - FeH: [-0.2372, 0.0134]

Additional input parameters and settings in alphabetical order:
* asciiparams: ['Teff', 'FeH', 'radPhot', 'massfin', 'age']
* centroid: median
* cornerplots: ['Teff', 'FeH', 'radPhot', 'massfin', 'age']
* dnu_scales: {}
* dnusun: 135.1
* freqplots: []
* inputfile: input_JustKen.xml
* kielplots: [True]
* numsun: 3090.0
* output: mnt/c/Users/georg/Documents/GitHub/Iwan-and-George-Year-4-Project/Results/
* plotfmt: png
* solarmodel: False
* uncert: quantiles

Weights and priors:
* Bayesian weights:
  - Along tracks: age
  - Between tracks: volume
* Flat, constrained priors and ranges:
  - Teff: [6197.9971, 6299.9809]
  - FeH: [-0.48719999999999997, 0.012800000000000006]
* Additional priors (IMF): 


Computing likelihood of models in the grid (5977 tracks) ...
Done! Computed the likelihood of 32107 models, found 32107 models with non-zero likelihood!


*****************************************
**                                     **
**   Output and results from the fit   **
**                                     **
*****************************************


Highest likelihood model:
* Weighted, non-normalized log-probability: -4.682646547303952
* Grid-index: grid/tracks/track5566[30], with parameters:
  - Name: track5566-625.fgong
  - Teff      :  6246.253839 
  - FeH       :    -0.238080 
  - radPhot   :     0.914896 
  - massfin   :     0.963925 
  - age       :  1042.217819 

Lowest chi2 model:
* chi2: 0.0019960514232019505
* Grid-index: grid/tracks/track1437[81], with parameters:
  - Name: track1437-858.fgong
  - Teff      :  6248.718989 
  - FeH       :    -0.237760 
  - radPhot   :     1.067430 
  - massfin   :     1.096847 
  - age       :  1588.674462 


Computing posterior distributions for the requested output parameters!
==> Summary statistics printed below ...

-----------------------------------------------------
median     Teff          :   6249.984962
err_plus   Teff          :     18.752209
err_minus  Teff          :     16.771456
-----------------------------------------------------
median     FeH           :     -0.237221
err_plus   FeH           :      0.011540
err_minus  FeH           :      0.013777
-----------------------------------------------------
median     radPhot       :      1.139457
err_plus   radPhot       :      0.259559
err_minus  radPhot       :      0.175349
-----------------------------------------------------
median     massfin       :      1.054473
err_plus   massfin       :      0.073870
err_minus  massfin       :      0.086903
-----------------------------------------------------
median     age           :   3570.672827
err_plus   age           :   1468.991663
err_minus  age           :   2324.539692
-----------------------------------------------------

Saved results to mnt/c/Users/georg/Documents/GitHub/Iwan-and-George-Year-4-Project/Results/JustKenResults.ascii.
Saved corner plot to mnt/c/Users/georg/Documents/GitHub/Iwan-and-George-Year-4-Project/Results/4285511294172309504_corner.png.
Saved Kiel diagram to mnt/c/Users/georg/Documents/GitHub/Iwan-and-George-Year-4-Project/Results/4285511294172309504_kiel.png.
Did not get any frequency file input, skipping ratios and echelle plots.
Saved dictionary to mnt/c/Users/georg/Documents/GitHub/Iwan-and-George-Year-4-Project/Results/4285511294172309504.json

Finished on 2024-01-20 17:54:45 (runtime 14.0 s).

