========================================================================================
                                         BASTA                                         
                             The BAyesian STellar Algorithm                             

                                     Version 1.2.1                                     

                                (c) 2022, The BASTA Team                                
                           https://github.com/BASTAcode/BASTA                           
========================================================================================

Run started on 2024-01-20 17:54:46 . 

Random numbers initialised with seed: 3178 .

Fitting star id: 4287832775526476800 .
* Using the grid '/root/BASTA/grids/Garstec_AS09_barbieMS.hdf5' of type 'sobol tracks'.
  - Grid built with BASTA version 1.3.1, timestamp: 2023-11-28 at 20:12:28.

Transforming solar-based asteroseismic quantities:
* Converting to solar units if needed...
* Solar model scaling not activated!  -->  Dnu will not be scaled.
Done!

Fitting information:
* Fitting parameters with values and uncertainties:
  - Teff: [4786.036, 24.247]
  - FeH: [-0.3255, 0.0245]

Additional input parameters and settings in alphabetical order:
* asciiparams: ['Teff', 'FeH', 'radPhot', 'massfin', 'age']
* centroid: median
* cornerplots: ['Teff', 'FeH', 'radPhot', 'massfin', 'age']
* dnu_scales: {}
* dnusun: 135.1
* freqplots: []
* inputfile: input_JustKen.xml
* kielplots: [True]
* numsun: 3090.0
* output: mnt/c/Users/georg/Documents/GitHub/Iwan-and-George-Year-4-Project/Results/
* plotfmt: png
* solarmodel: False
* uncert: quantiles

Weights and priors:
* Bayesian weights:
  - Along tracks: age
  - Between tracks: volume
* Flat, constrained priors and ranges:
  - Teff: [4713.295, 4858.777]
  - FeH: [-0.5755, -0.07550000000000001]
* Additional priors (IMF): 


Computing likelihood of models in the grid (5977 tracks) ...
Done! Computed the likelihood of 1756 models, found 1756 models with non-zero likelihood!


*****************************************
**                                     **
**   Output and results from the fit   **
**                                     **
*****************************************


Highest likelihood model:
* Weighted, non-normalized log-probability: -3.8667474028762157
* Grid-index: grid/tracks/track3584[15], with parameters:
  - Name: track3584-571.fgong
  - Teff      :  4790.422394 
  - FeH       :    -0.312220 
  - radPhot   :     0.643811 
  - massfin   :     0.700974 
  - age       :  2029.466380 

Lowest chi2 model:
* chi2: 0.32654617198506386
* Grid-index: grid/tracks/track3584[15], with parameters:
  - Name: track3584-571.fgong
  - Teff      :  4790.422394 
  - FeH       :    -0.312220 
  - radPhot   :     0.643811 
  - massfin   :     0.700974 
  - age       :  2029.466380 


Computing posterior distributions for the requested output parameters!
==> Summary statistics printed below ...

-----------------------------------------------------
median     Teff          :   4797.533377
err_plus   Teff          :     19.365380
err_minus  Teff          :     21.241089
-----------------------------------------------------
median     FeH           :     -0.310749
err_plus   FeH           :      0.015243
err_minus  FeH           :      0.023161
-----------------------------------------------------
median     radPhot       :      0.645624
err_plus   radPhot       :      0.042351
err_minus  radPhot       :      0.006786
-----------------------------------------------------
median     massfin       :      0.700987
err_plus   massfin       :      0.013896
err_minus  massfin       :      0.000026
-----------------------------------------------------
median     age           :   2228.466380
err_plus   age           :   4862.638707
err_minus  age           :   1399.710908
-----------------------------------------------------

Saved results to mnt/c/Users/georg/Documents/GitHub/Iwan-and-George-Year-4-Project/Results/JustKenResults.ascii.
Saved corner plot to mnt/c/Users/georg/Documents/GitHub/Iwan-and-George-Year-4-Project/Results/4287832775526476800_corner.png.
Saved Kiel diagram to mnt/c/Users/georg/Documents/GitHub/Iwan-and-George-Year-4-Project/Results/4287832775526476800_kiel.png.
Did not get any frequency file input, skipping ratios and echelle plots.
Saved dictionary to mnt/c/Users/georg/Documents/GitHub/Iwan-and-George-Year-4-Project/Results/4287832775526476800.json

Finished on 2024-01-20 17:54:55 (runtime 9.0 s).

