========================================================================================
                                         BASTA                                         
                             The BAyesian STellar Algorithm                             

                                     Version 1.2.1                                     

                                (c) 2022, The BASTA Team                                
                           https://github.com/BASTAcode/BASTA                           
========================================================================================

Run started on 2024-01-20 17:55:07 . 

Random numbers initialised with seed: 3178 .

Fitting star id: 4439085988769170432 .
* Using the grid '/root/BASTA/grids/Garstec_AS09_barbieMS.hdf5' of type 'sobol tracks'.
  - Grid built with BASTA version 1.3.1, timestamp: 2023-11-28 at 20:12:28.

Transforming solar-based asteroseismic quantities:
* Converting to solar units if needed...
* Solar model scaling not activated!  -->  Dnu will not be scaled.
Done!

Fitting information:
* Fitting parameters with values and uncertainties:
  - Teff: [5902.4565, 15.9285]
  - FeH: [-0.1802, 0.0153]

Additional input parameters and settings in alphabetical order:
* asciiparams: ['Teff', 'FeH', 'radPhot', 'massfin', 'age']
* centroid: median
* cornerplots: ['Teff', 'FeH', 'radPhot', 'massfin', 'age']
* dnu_scales: {}
* dnusun: 135.1
* freqplots: []
* inputfile: input_JustKen.xml
* kielplots: [True]
* numsun: 3090.0
* output: mnt/c/Users/georg/Documents/GitHub/Iwan-and-George-Year-4-Project/Results/
* plotfmt: png
* solarmodel: False
* uncert: quantiles

Weights and priors:
* Bayesian weights:
  - Along tracks: age
  - Between tracks: volume
* Flat, constrained priors and ranges:
  - Teff: [5854.671, 5950.242]
  - FeH: [-0.4302, 0.0698]
* Additional priors (IMF): 


Computing likelihood of models in the grid (5977 tracks) ...
Done! Computed the likelihood of 30646 models, found 30646 models with non-zero likelihood!


*****************************************
**                                     **
**   Output and results from the fit   **
**                                     **
*****************************************


Highest likelihood model:
* Weighted, non-normalized log-probability: -4.165850654717894
* Grid-index: grid/tracks/track1763[148], with parameters:
  - Name: track1763-1222.fgong
  - Teff      :  5904.243557 
  - FeH       :    -0.190638 
  - radPhot   :     1.150716 
  - massfin   :     0.843374 
  - age       : 11221.116740 

Lowest chi2 model:
* chi2: 0.0007184727025038297
* Grid-index: grid/tracks/track5985[30], with parameters:
  - Name: track5985-636.fgong
  - Teff      :  5902.826800 
  - FeH       :    -0.180404 
  - radPhot   :     0.882562 
  - massfin   :     0.971944 
  - age       :  1030.072138 


Computing posterior distributions for the requested output parameters!
==> Summary statistics printed below ...

-----------------------------------------------------
median     Teff          :   5904.453470
err_plus   Teff          :     15.821573
err_minus  Teff          :     16.334325
-----------------------------------------------------
median     FeH           :     -0.181660
err_plus   FeH           :      0.017814
err_minus  FeH           :      0.015168
-----------------------------------------------------
median     radPhot       :      0.951676
err_plus   radPhot       :      0.395375
err_minus  radPhot       :      0.069114
-----------------------------------------------------
median     massfin       :      0.934317
err_plus   massfin       :      0.060383
err_minus  massfin       :      0.063533
-----------------------------------------------------
median     age           :   5152.689381
err_plus   age           :   3650.427364
err_minus  age           :   3516.305830
-----------------------------------------------------

Saved results to mnt/c/Users/georg/Documents/GitHub/Iwan-and-George-Year-4-Project/Results/JustKenResults.ascii.
Saved corner plot to mnt/c/Users/georg/Documents/GitHub/Iwan-and-George-Year-4-Project/Results/4439085988769170432_corner.png.
Saved Kiel diagram to mnt/c/Users/georg/Documents/GitHub/Iwan-and-George-Year-4-Project/Results/4439085988769170432_kiel.png.
Did not get any frequency file input, skipping ratios and echelle plots.
Saved dictionary to mnt/c/Users/georg/Documents/GitHub/Iwan-and-George-Year-4-Project/Results/4439085988769170432.json

Finished on 2024-01-20 17:55:22 (runtime 15.0 s).

