========================================================================================
                                         BASTA                                         
                             The BAyesian STellar Algorithm                             

                                     Version 1.2.1                                     

                                (c) 2022, The BASTA Team                                
                           https://github.com/BASTAcode/BASTA                           
========================================================================================

Run started on 2024-01-20 17:55:22 . 

Random numbers initialised with seed: 3178 .

Fitting star id: 4453211899986180352 .
* Using the grid '/root/BASTA/grids/Garstec_AS09_barbieMS.hdf5' of type 'sobol tracks'.
  - Grid built with BASTA version 1.3.1, timestamp: 2023-11-28 at 20:12:28.

Transforming solar-based asteroseismic quantities:
* Converting to solar units if needed...
* Solar model scaling not activated!  -->  Dnu will not be scaled.
Done!

Fitting information:
* Fitting parameters with values and uncertainties:
  - Teff: [6046.362, 7.011]
  - FeH: [-0.2371, 0.0079]

Additional input parameters and settings in alphabetical order:
* asciiparams: ['Teff', 'FeH', 'radPhot', 'massfin', 'age']
* centroid: median
* cornerplots: ['Teff', 'FeH', 'radPhot', 'massfin', 'age']
* dnu_scales: {}
* dnusun: 135.1
* freqplots: []
* inputfile: input_JustKen.xml
* kielplots: [True]
* numsun: 3090.0
* output: mnt/c/Users/georg/Documents/GitHub/Iwan-and-George-Year-4-Project/Results/
* plotfmt: png
* solarmodel: False
* uncert: quantiles

Weights and priors:
* Bayesian weights:
  - Along tracks: age
  - Between tracks: volume
* Flat, constrained priors and ranges:
  - Teff: [6025.329, 6067.395]
  - FeH: [-0.4871, 0.012899999999999995]
* Additional priors (IMF): 


Computing likelihood of models in the grid (5977 tracks) ...
Done! Computed the likelihood of 14187 models, found 14187 models with non-zero likelihood!


*****************************************
**                                     **
**   Output and results from the fit   **
**                                     **
*****************************************


Highest likelihood model:
* Weighted, non-normalized log-probability: -4.442605685786165
* Grid-index: grid/tracks/track5131[93], with parameters:
  - Name: track5131-934.fgong
  - Teff      :  6046.632852 
  - FeH       :    -0.236073 
  - radPhot   :     0.974647 
  - massfin   :     0.919735 
  - age       :  4168.294620 

Lowest chi2 model:
* chi2: 0.018377778997604184
* Grid-index: grid/tracks/track5131[93], with parameters:
  - Name: track5131-934.fgong
  - Teff      :  6046.632852 
  - FeH       :    -0.236073 
  - radPhot   :     0.974647 
  - massfin   :     0.919735 
  - age       :  4168.294620 


Computing posterior distributions for the requested output parameters!
==> Summary statistics printed below ...

-----------------------------------------------------
median     Teff          :   6045.770243
err_plus   Teff          :      7.066770
err_minus  Teff          :      6.029354
-----------------------------------------------------
median     FeH           :     -0.238570
err_plus   FeH           :      0.008456
err_minus  FeH           :      0.007596
-----------------------------------------------------
median     radPhot       :      1.034246
err_plus   radPhot       :      0.294840
err_minus  radPhot       :      0.163599
-----------------------------------------------------
median     massfin       :      0.949914
err_plus   massfin       :      0.050442
err_minus  massfin       :      0.069293
-----------------------------------------------------
median     age           :   5473.531438
err_plus   age           :   1448.944448
err_minus  age           :   4192.981933
-----------------------------------------------------

Saved results to mnt/c/Users/georg/Documents/GitHub/Iwan-and-George-Year-4-Project/Results/JustKenResults.ascii.
Saved corner plot to mnt/c/Users/georg/Documents/GitHub/Iwan-and-George-Year-4-Project/Results/4453211899986180352_corner.png.
Saved Kiel diagram to mnt/c/Users/georg/Documents/GitHub/Iwan-and-George-Year-4-Project/Results/4453211899986180352_kiel.png.
Did not get any frequency file input, skipping ratios and echelle plots.
Saved dictionary to mnt/c/Users/georg/Documents/GitHub/Iwan-and-George-Year-4-Project/Results/4453211899986180352.json

Finished on 2024-01-20 17:55:36 (runtime 14.0 s).

