========================================================================================
                                         BASTA                                         
                             The BAyesian STellar Algorithm                             

                                     Version 1.2.1                                     

                                (c) 2022, The BASTA Team                                
                           https://github.com/BASTAcode/BASTA                           
========================================================================================

Run started on 2024-01-20 17:55:36 . 

Random numbers initialised with seed: 3178 .

Fitting star id: 4534144923690481408 .
* Using the grid '/root/BASTA/grids/Garstec_AS09_barbieMS.hdf5' of type 'sobol tracks'.
  - Grid built with BASTA version 1.3.1, timestamp: 2023-11-28 at 20:12:28.

Transforming solar-based asteroseismic quantities:
* Converting to solar units if needed...
* Solar model scaling not activated!  -->  Dnu will not be scaled.
Done!

Fitting information:
* Fitting parameters with values and uncertainties:
  - Teff: [5525.9883, 11.0807]
  - FeH: [-0.0546, 0.0109]

Additional input parameters and settings in alphabetical order:
* asciiparams: ['Teff', 'FeH', 'radPhot', 'massfin', 'age']
* centroid: median
* cornerplots: ['Teff', 'FeH', 'radPhot', 'massfin', 'age']
* dnu_scales: {}
* dnusun: 135.1
* freqplots: []
* inputfile: input_JustKen.xml
* kielplots: [True]
* numsun: 3090.0
* output: mnt/c/Users/georg/Documents/GitHub/Iwan-and-George-Year-4-Project/Results/
* plotfmt: png
* solarmodel: False
* uncert: quantiles

Weights and priors:
* Bayesian weights:
  - Along tracks: age
  - Between tracks: volume
* Flat, constrained priors and ranges:
  - Teff: [5492.7462, 5559.2304]
  - FeH: [-0.3046, 0.1954]
* Additional priors (IMF): 


Computing likelihood of models in the grid (5977 tracks) ...
Done! Computed the likelihood of 20971 models, found 20971 models with non-zero likelihood!


*****************************************
**                                     **
**   Output and results from the fit   **
**                                     **
*****************************************


Highest likelihood model:
* Weighted, non-normalized log-probability: -4.0741130469180975
* Grid-index: grid/tracks/track0727[180], with parameters:
  - Name: track0727-1377.fgong
  - Teff      :  5521.062295 
  - FeH       :    -0.053017 
  - radPhot   :     1.257103 
  - massfin   :     0.819300 
  - age       : 15863.434450 

Lowest chi2 model:
* chi2: 0.00417713945763579
* Grid-index: grid/tracks/track1315[38], with parameters:
  - Name: track1315-672.fgong
  - Teff      :  5526.632135 
  - FeH       :    -0.054908 
  - radPhot   :     0.789643 
  - massfin   :     0.851917 
  - age       :  2538.450505 


Computing posterior distributions for the requested output parameters!
==> Summary statistics printed below ...

-----------------------------------------------------
median     Teff          :   5526.607566
err_plus   Teff          :     10.727930
err_minus  Teff          :     11.247391
-----------------------------------------------------
median     FeH           :     -0.053789
err_plus   FeH           :      0.009888
err_minus  FeH           :      0.011358
-----------------------------------------------------
median     radPhot       :      0.973983
err_plus   radPhot       :      0.249909
err_minus  radPhot       :      0.160259
-----------------------------------------------------
median     massfin       :      0.863303
err_plus   massfin       :      0.056834
err_minus  massfin       :      0.031855
-----------------------------------------------------
median     age           :  11066.263870
err_plus   age           :   3658.366590
err_minus  age           :   8631.477909
-----------------------------------------------------

Saved results to mnt/c/Users/georg/Documents/GitHub/Iwan-and-George-Year-4-Project/Results/JustKenResults.ascii.
Saved corner plot to mnt/c/Users/georg/Documents/GitHub/Iwan-and-George-Year-4-Project/Results/4534144923690481408_corner.png.
Saved Kiel diagram to mnt/c/Users/georg/Documents/GitHub/Iwan-and-George-Year-4-Project/Results/4534144923690481408_kiel.png.
Did not get any frequency file input, skipping ratios and echelle plots.
Saved dictionary to mnt/c/Users/georg/Documents/GitHub/Iwan-and-George-Year-4-Project/Results/4534144923690481408.json

Finished on 2024-01-20 17:55:53 (runtime 17.0 s).

