========================================================================================
                                         BASTA                                         
                             The BAyesian STellar Algorithm                             

                                     Version 1.2.1                                     

                                (c) 2022, The BASTA Team                                
                           https://github.com/BASTAcode/BASTA                           
========================================================================================

Run started on 2024-01-20 17:55:53 . 

Random numbers initialised with seed: 3178 .

Fitting star id: 4558177980124887936 .
* Using the grid '/root/BASTA/grids/Garstec_AS09_barbieMS.hdf5' of type 'sobol tracks'.
  - Grid built with BASTA version 1.3.1, timestamp: 2023-11-28 at 20:12:28.

Transforming solar-based asteroseismic quantities:
* Converting to solar units if needed...
* Solar model scaling not activated!  -->  Dnu will not be scaled.
Done!

Fitting information:
* Fitting parameters with values and uncertainties:
  - Teff: [6560.81, 9.9844]
  - FeH: [-0.2705, 0.0046]

Additional input parameters and settings in alphabetical order:
* asciiparams: ['Teff', 'FeH', 'radPhot', 'massfin', 'age']
* centroid: median
* cornerplots: ['Teff', 'FeH', 'radPhot', 'massfin', 'age']
* dnu_scales: {}
* dnusun: 135.1
* freqplots: []
* inputfile: input_JustKen.xml
* kielplots: [True]
* numsun: 3090.0
* output: mnt/c/Users/georg/Documents/GitHub/Iwan-and-George-Year-4-Project/Results/
* plotfmt: png
* solarmodel: False
* uncert: quantiles

Weights and priors:
* Bayesian weights:
  - Along tracks: age
  - Between tracks: volume
* Flat, constrained priors and ranges:
  - Teff: [6530.8568000000005, 6590.7632]
  - FeH: [-0.5205, -0.020500000000000018]
* Additional priors (IMF): 


Computing likelihood of models in the grid (5977 tracks) ...
Done! Computed the likelihood of 6618 models, found 6618 models with non-zero likelihood!


*****************************************
**                                     **
**   Output and results from the fit   **
**                                     **
*****************************************


Highest likelihood model:
* Weighted, non-normalized log-probability: -5.5462570004230685
* Grid-index: grid/tracks/track4533[60], with parameters:
  - Name: track4533-741.fgong
  - Teff      :  6564.834504 
  - FeH       :    -0.272031 
  - radPhot   :     1.220414 
  - massfin   :     1.181830 
  - age       :  1111.796949 

Lowest chi2 model:
* chi2: 0.02584400646658089
* Grid-index: grid/tracks/track4069[103], with parameters:
  - Name: track4069-964.fgong
  - Teff      :  6561.095292 
  - FeH       :    -0.271228 
  - radPhot   :     1.279333 
  - massfin   :     1.153690 
  - age       :  1969.452063 


Computing posterior distributions for the requested output parameters!
==> Summary statistics printed below ...

-----------------------------------------------------
median     Teff          :   6556.693985
err_plus   Teff          :     14.049020
err_minus  Teff          :      8.955555
-----------------------------------------------------
median     FeH           :     -0.270921
err_plus   FeH           :      0.004597
err_minus  FeH           :      0.004206
-----------------------------------------------------
median     radPhot       :      1.169570
err_plus   radPhot       :      0.103271
err_minus  radPhot       :      0.110118
-----------------------------------------------------
median     massfin       :      1.151955
err_plus   massfin       :      0.029878
err_minus  massfin       :      0.062981
-----------------------------------------------------
median     age           :    772.084786
err_plus   age           :   1102.605042
err_minus  age           :    485.179854
-----------------------------------------------------

Saved results to mnt/c/Users/georg/Documents/GitHub/Iwan-and-George-Year-4-Project/Results/JustKenResults.ascii.
Saved corner plot to mnt/c/Users/georg/Documents/GitHub/Iwan-and-George-Year-4-Project/Results/4558177980124887936_corner.png.
Saved Kiel diagram to mnt/c/Users/georg/Documents/GitHub/Iwan-and-George-Year-4-Project/Results/4558177980124887936_kiel.png.
Did not get any frequency file input, skipping ratios and echelle plots.
Saved dictionary to mnt/c/Users/georg/Documents/GitHub/Iwan-and-George-Year-4-Project/Results/4558177980124887936.json

Finished on 2024-01-20 17:56:04 (runtime 11.0 s).

