========================================================================================
                                         BASTA                                         
                             The BAyesian STellar Algorithm                             

                                     Version 1.2.1                                     

                                (c) 2022, The BASTA Team                                
                           https://github.com/BASTAcode/BASTA                           
========================================================================================

Run started on 2024-01-20 17:56:04 . 

Random numbers initialised with seed: 3178 .

Fitting star id: 4583004815239650176 .
* Using the grid '/root/BASTA/grids/Garstec_AS09_barbieMS.hdf5' of type 'sobol tracks'.
  - Grid built with BASTA version 1.3.1, timestamp: 2023-11-28 at 20:12:28.

Transforming solar-based asteroseismic quantities:
* Converting to solar units if needed...
* Solar model scaling not activated!  -->  Dnu will not be scaled.
Done!

Fitting information:
* Fitting parameters with values and uncertainties:
  - Teff: [5806.3364, 10.4006]
  - FeH: [-0.2014, 0.0091]

Additional input parameters and settings in alphabetical order:
* asciiparams: ['Teff', 'FeH', 'radPhot', 'massfin', 'age']
* centroid: median
* cornerplots: ['Teff', 'FeH', 'radPhot', 'massfin', 'age']
* dnu_scales: {}
* dnusun: 135.1
* freqplots: []
* inputfile: input_JustKen.xml
* kielplots: [True]
* numsun: 3090.0
* output: mnt/c/Users/georg/Documents/GitHub/Iwan-and-George-Year-4-Project/Results/
* plotfmt: png
* solarmodel: False
* uncert: quantiles

Weights and priors:
* Bayesian weights:
  - Along tracks: age
  - Between tracks: volume
* Flat, constrained priors and ranges:
  - Teff: [5775.1346, 5837.5382]
  - FeH: [-0.4514, 0.048600000000000004]
* Additional priors (IMF): 


Computing likelihood of models in the grid (5977 tracks) ...
Done! Computed the likelihood of 17336 models, found 17336 models with non-zero likelihood!


*****************************************
**                                     **
**   Output and results from the fit   **
**                                     **
*****************************************


Highest likelihood model:
* Weighted, non-normalized log-probability: -4.198835301957732
* Grid-index: grid/tracks/track2051[98], with parameters:
  - Name: track2051-969.fgong
  - Teff      :  5805.586194 
  - FeH       :    -0.200860 
  - radPhot   :     0.904259 
  - massfin   :     0.824655 
  - age       :  8220.480748 

Lowest chi2 model:
* chi2: 0.0073524752198416655
* Grid-index: grid/tracks/track0035[25], with parameters:
  - Name: track0035-596.fgong
  - Teff      :  5806.952403 
  - FeH       :    -0.200836 
  - radPhot   :     0.801146 
  - massfin   :     0.847934 
  - age       :  1586.602924 


Computing posterior distributions for the requested output parameters!
==> Summary statistics printed below ...

-----------------------------------------------------
median     Teff          :   5807.318703
err_plus   Teff          :      8.708139
err_minus  Teff          :     10.729749
-----------------------------------------------------
median     FeH           :     -0.202781
err_plus   FeH           :      0.008772
err_minus  FeH           :      0.008334
-----------------------------------------------------
median     radPhot       :      0.948031
err_plus   radPhot       :      0.223167
err_minus  radPhot       :      0.119683
-----------------------------------------------------
median     massfin       :      0.907334
err_plus   massfin       :      0.044262
err_minus  massfin       :      0.060587
-----------------------------------------------------
median     age           :   7415.363739
err_plus   age           :   3361.622131
err_minus  age           :   6423.663522
-----------------------------------------------------

Saved results to mnt/c/Users/georg/Documents/GitHub/Iwan-and-George-Year-4-Project/Results/JustKenResults.ascii.
Saved corner plot to mnt/c/Users/georg/Documents/GitHub/Iwan-and-George-Year-4-Project/Results/4583004815239650176_corner.png.
Saved Kiel diagram to mnt/c/Users/georg/Documents/GitHub/Iwan-and-George-Year-4-Project/Results/4583004815239650176_kiel.png.
Did not get any frequency file input, skipping ratios and echelle plots.
Saved dictionary to mnt/c/Users/georg/Documents/GitHub/Iwan-and-George-Year-4-Project/Results/4583004815239650176.json

Finished on 2024-01-20 17:56:19 (runtime 15.0 s).

