========================================================================================
                                         BASTA                                         
                             The BAyesian STellar Algorithm                             

                                     Version 1.2.1                                     

                                (c) 2022, The BASTA Team                                
                           https://github.com/BASTAcode/BASTA                           
========================================================================================

Run started on 2024-01-20 17:56:19 . 

Random numbers initialised with seed: 3178 .

Fitting star id: 4596481632339898240 .
* Using the grid '/root/BASTA/grids/Garstec_AS09_barbieMS.hdf5' of type 'sobol tracks'.
  - Grid built with BASTA version 1.3.1, timestamp: 2023-11-28 at 20:12:28.

Transforming solar-based asteroseismic quantities:
* Converting to solar units if needed...
* Solar model scaling not activated!  -->  Dnu will not be scaled.
Done!

Fitting information:
* Fitting parameters with values and uncertainties:
  - Teff: [5133.9497, 28.9813]
  - FeH: [0.3885, 0.0221]

Additional input parameters and settings in alphabetical order:
* asciiparams: ['Teff', 'FeH', 'radPhot', 'massfin', 'age']
* centroid: median
* cornerplots: ['Teff', 'FeH', 'radPhot', 'massfin', 'age']
* dnu_scales: {}
* dnusun: 135.1
* freqplots: []
* inputfile: input_JustKen.xml
* kielplots: [True]
* numsun: 3090.0
* output: mnt/c/Users/georg/Documents/GitHub/Iwan-and-George-Year-4-Project/Results/
* plotfmt: png
* solarmodel: False
* uncert: quantiles

Weights and priors:
* Bayesian weights:
  - Along tracks: age
  - Between tracks: volume
* Flat, constrained priors and ranges:
  - Teff: [5047.0058, 5220.8936]
  - FeH: [0.1385, 0.6385000000000001]
* Additional priors (IMF): 


Computing likelihood of models in the grid (5977 tracks) ...
Done! Computed the likelihood of 74096 models, found 74096 models with non-zero likelihood!


*****************************************
**                                     **
**   Output and results from the fit   **
**                                     **
*****************************************


Highest likelihood model:
* Weighted, non-normalized log-probability: -4.417831626653765
* Grid-index: grid/tracks/track4427[411], with parameters:
  - Name: track4427-2510.fgong
  - Teff      :  5134.641449 
  - FeH       :     0.394189 
  - radPhot   :     1.312891 
  - massfin   :     0.933288 
  - age       : 18335.169570 

Lowest chi2 model:
* chi2: 0.0049577589718666866
* Grid-index: grid/tracks/track3665[559], with parameters:
  - Name: track3665-3263.fgong
  - Teff      :  5134.618241 
  - FeH       :     0.389970 
  - radPhot   :     1.403844 
  - massfin   :     1.009177 
  - age       : 18658.871370 


Computing posterior distributions for the requested output parameters!
==> Summary statistics printed below ...

-----------------------------------------------------
median     Teff          :   5134.137547
err_plus   Teff          :     29.285567
err_minus  Teff          :     29.133256
-----------------------------------------------------
median     FeH           :      0.390205
err_plus   FeH           :      0.020709
err_minus  FeH           :      0.023046
-----------------------------------------------------
median     radPhot       :      1.000125
err_plus   radPhot       :      0.218733
err_minus  radPhot       :      0.106731
-----------------------------------------------------
median     massfin       :      0.972610
err_plus   massfin       :      0.051152
err_minus  massfin       :      0.064035
-----------------------------------------------------
median     age           :  11681.878320
err_plus   age           :   5504.887380
err_minus  age           :   7670.102922
-----------------------------------------------------

Saved results to mnt/c/Users/georg/Documents/GitHub/Iwan-and-George-Year-4-Project/Results/JustKenResults.ascii.
Saved corner plot to mnt/c/Users/georg/Documents/GitHub/Iwan-and-George-Year-4-Project/Results/4596481632339898240_corner.png.
Saved Kiel diagram to mnt/c/Users/georg/Documents/GitHub/Iwan-and-George-Year-4-Project/Results/4596481632339898240_kiel.png.
Did not get any frequency file input, skipping ratios and echelle plots.
Saved dictionary to mnt/c/Users/georg/Documents/GitHub/Iwan-and-George-Year-4-Project/Results/4596481632339898240.json

Finished on 2024-01-20 17:56:36 (runtime 17.0 s).

