========================================================================================
                                         BASTA                                         
                             The BAyesian STellar Algorithm                             

                                     Version 1.2.1                                     

                                (c) 2022, The BASTA Team                                
                           https://github.com/BASTAcode/BASTA                           
========================================================================================

Run started on 2024-01-20 17:56:48 . 

Random numbers initialised with seed: 3178 .

Fitting star id: 4608935250790855296 .
* Using the grid '/root/BASTA/grids/Garstec_AS09_barbieMS.hdf5' of type 'sobol tracks'.
  - Grid built with BASTA version 1.3.1, timestamp: 2023-11-28 at 20:12:28.

Transforming solar-based asteroseismic quantities:
* Converting to solar units if needed...
* Solar model scaling not activated!  -->  Dnu will not be scaled.
Done!

Fitting information:
* Fitting parameters with values and uncertainties:
  - Teff: [6124.7437, 10.5503]
  - FeH: [0.0353, 0.0107]

Additional input parameters and settings in alphabetical order:
* asciiparams: ['Teff', 'FeH', 'radPhot', 'massfin', 'age']
* centroid: median
* cornerplots: ['Teff', 'FeH', 'radPhot', 'massfin', 'age']
* dnu_scales: {}
* dnusun: 135.1
* freqplots: []
* inputfile: input_JustKen.xml
* kielplots: [True]
* numsun: 3090.0
* output: mnt/c/Users/georg/Documents/GitHub/Iwan-and-George-Year-4-Project/Results/
* plotfmt: png
* solarmodel: False
* uncert: quantiles

Weights and priors:
* Bayesian weights:
  - Along tracks: age
  - Between tracks: volume
* Flat, constrained priors and ranges:
  - Teff: [6093.0928, 6156.3946]
  - FeH: [-0.2147, 0.2853]
* Additional priors (IMF): 


Computing likelihood of models in the grid (5977 tracks) ...
Done! Computed the likelihood of 17050 models, found 17050 models with non-zero likelihood!


*****************************************
**                                     **
**   Output and results from the fit   **
**                                     **
*****************************************


Highest likelihood model:
* Weighted, non-normalized log-probability: -5.074184239143976
* Grid-index: grid/tracks/track1353[33], with parameters:
  - Name: track1353-610.fgong
  - Teff      :  6123.293675 
  - FeH       :     0.034287 
  - radPhot   :     1.039179 
  - massfin   :     1.058935 
  - age       :   758.001334 

Lowest chi2 model:
* chi2: 0.0010153622351452016
* Grid-index: grid/tracks/track1957[79], with parameters:
  - Name: track1957-822.fgong
  - Teff      :  6124.432015 
  - FeH       :     0.035428 
  - radPhot   :     1.166610 
  - massfin   :     1.165848 
  - age       :  1433.473553 


Computing posterior distributions for the requested output parameters!
==> Summary statistics printed below ...

-----------------------------------------------------
median     Teff          :   6122.938690
err_plus   Teff          :      8.670549
err_minus  Teff          :      9.969635
-----------------------------------------------------
median     FeH           :      0.032915
err_plus   FeH           :      0.009743
err_minus  FeH           :      0.010050
-----------------------------------------------------
median     radPhot       :      1.132077
err_plus   radPhot       :      0.247371
err_minus  radPhot       :      0.132377
-----------------------------------------------------
median     massfin       :      1.117473
err_plus   massfin       :      0.048408
err_minus  massfin       :      0.087560
-----------------------------------------------------
median     age           :   2042.367069
err_plus   age           :   2411.838178
err_minus  age           :   1179.765735
-----------------------------------------------------

Saved results to mnt/c/Users/georg/Documents/GitHub/Iwan-and-George-Year-4-Project/Results/JustKenResults.ascii.
Saved corner plot to mnt/c/Users/georg/Documents/GitHub/Iwan-and-George-Year-4-Project/Results/4608935250790855296_corner.png.
Saved Kiel diagram to mnt/c/Users/georg/Documents/GitHub/Iwan-and-George-Year-4-Project/Results/4608935250790855296_kiel.png.
Did not get any frequency file input, skipping ratios and echelle plots.
Saved dictionary to mnt/c/Users/georg/Documents/GitHub/Iwan-and-George-Year-4-Project/Results/4608935250790855296.json

Finished on 2024-01-20 17:57:00 (runtime 12.0 s).

