========================================================================================
                                         BASTA                                         
                             The BAyesian STellar Algorithm                             

                                     Version 1.2.1                                     

                                (c) 2022, The BASTA Team                                
                           https://github.com/BASTAcode/BASTA                           
========================================================================================

Run started on 2024-01-20 17:57:00 . 

Random numbers initialised with seed: 3178 .

Fitting star id: 4613145315172329984 .
* Using the grid '/root/BASTA/grids/Garstec_AS09_barbieMS.hdf5' of type 'sobol tracks'.
  - Grid built with BASTA version 1.3.1, timestamp: 2023-11-28 at 20:12:28.

Transforming solar-based asteroseismic quantities:
* Converting to solar units if needed...
* Solar model scaling not activated!  -->  Dnu will not be scaled.
Done!

Fitting information:
* Fitting parameters with values and uncertainties:
  - Teff: [6230.717, 3.548]
  - FeH: [-0.2916, 0.0031]

Additional input parameters and settings in alphabetical order:
* asciiparams: ['Teff', 'FeH', 'radPhot', 'massfin', 'age']
* centroid: median
* cornerplots: ['Teff', 'FeH', 'radPhot', 'massfin', 'age']
* dnu_scales: {}
* dnusun: 135.1
* freqplots: []
* inputfile: input_JustKen.xml
* kielplots: [True]
* numsun: 3090.0
* output: mnt/c/Users/georg/Documents/GitHub/Iwan-and-George-Year-4-Project/Results/
* plotfmt: png
* solarmodel: False
* uncert: quantiles

Weights and priors:
* Bayesian weights:
  - Along tracks: age
  - Between tracks: volume
* Flat, constrained priors and ranges:
  - Teff: [6220.072999999999, 6241.361]
  - FeH: [-0.5416000000000001, -0.041600000000000026]
* Additional priors (IMF): 


Computing likelihood of models in the grid (5977 tracks) ...
Done! Computed the likelihood of 6295 models, found 6295 models with non-zero likelihood!


*****************************************
**                                     **
**   Output and results from the fit   **
**                                     **
*****************************************


Highest likelihood model:
* Weighted, non-normalized log-probability: -5.522467940518563
* Grid-index: grid/tracks/track4201[248], with parameters:
  - Name: track4201-1706.fgong
  - Teff      :  6231.484370 
  - FeH       :    -0.291013 
  - radPhot   :     1.403475 
  - massfin   :     1.063272 
  - age       :  6206.144147 

Lowest chi2 model:
* chi2: 0.08268071680256117
* Grid-index: grid/tracks/track4201[248], with parameters:
  - Name: track4201-1706.fgong
  - Teff      :  6231.484370 
  - FeH       :    -0.291013 
  - radPhot   :     1.403475 
  - massfin   :     1.063272 
  - age       :  6206.144147 


Computing posterior distributions for the requested output parameters!
==> Summary statistics printed below ...

-----------------------------------------------------
median     Teff          :   6231.484370
err_plus   Teff          :      4.430522
err_minus  Teff          :      5.518987
-----------------------------------------------------
median     FeH           :     -0.290910
err_plus   FeH           :      0.003492
err_minus  FeH           :      0.002543
-----------------------------------------------------
median     radPhot       :      1.403475
err_plus   radPhot       :      0.190275
err_minus  radPhot       :      0.377757
-----------------------------------------------------
median     massfin       :      1.043755
err_plus   massfin       :      0.051569
err_minus  massfin       :      0.105099
-----------------------------------------------------
median     age           :   4925.584373
err_plus   age           :   1255.159774
err_minus  age           :    390.141577
-----------------------------------------------------

Saved results to mnt/c/Users/georg/Documents/GitHub/Iwan-and-George-Year-4-Project/Results/JustKenResults.ascii.
Saved corner plot to mnt/c/Users/georg/Documents/GitHub/Iwan-and-George-Year-4-Project/Results/4613145315172329984_corner.png.
Saved Kiel diagram to mnt/c/Users/georg/Documents/GitHub/Iwan-and-George-Year-4-Project/Results/4613145315172329984_kiel.png.
Did not get any frequency file input, skipping ratios and echelle plots.
Saved dictionary to mnt/c/Users/georg/Documents/GitHub/Iwan-and-George-Year-4-Project/Results/4613145315172329984.json

Finished on 2024-01-20 17:57:14 (runtime 14.0 s).

