========================================================================================
                                         BASTA                                         
                             The BAyesian STellar Algorithm                             

                                     Version 1.2.1                                     

                                (c) 2022, The BASTA Team                                
                           https://github.com/BASTAcode/BASTA                           
========================================================================================

Run started on 2024-01-20 17:57:14 . 

Random numbers initialised with seed: 3178 .

Fitting star id: 4624979393181971328 .
* Using the grid '/root/BASTA/grids/Garstec_AS09_barbieMS.hdf5' of type 'sobol tracks'.
  - Grid built with BASTA version 1.3.1, timestamp: 2023-11-28 at 20:12:28.

Transforming solar-based asteroseismic quantities:
* Converting to solar units if needed...
* Solar model scaling not activated!  -->  Dnu will not be scaled.
Done!

Fitting information:
* Fitting parameters with values and uncertainties:
  - Teff: [5628.948, 14.2517]
  - FeH: [-0.0402, 0.0138]

Additional input parameters and settings in alphabetical order:
* asciiparams: ['Teff', 'FeH', 'radPhot', 'massfin', 'age']
* centroid: median
* cornerplots: ['Teff', 'FeH', 'radPhot', 'massfin', 'age']
* dnu_scales: {}
* dnusun: 135.1
* freqplots: []
* inputfile: input_JustKen.xml
* kielplots: [True]
* numsun: 3090.0
* output: mnt/c/Users/georg/Documents/GitHub/Iwan-and-George-Year-4-Project/Results/
* plotfmt: png
* solarmodel: False
* uncert: quantiles

Weights and priors:
* Bayesian weights:
  - Along tracks: age
  - Between tracks: volume
* Flat, constrained priors and ranges:
  - Teff: [5586.1929, 5671.703100000001]
  - FeH: [-0.2902, 0.2098]
* Additional priors (IMF): 


Computing likelihood of models in the grid (5977 tracks) ...
Done! Computed the likelihood of 28433 models, found 28433 models with non-zero likelihood!


*****************************************
**                                     **
**   Output and results from the fit   **
**                                     **
*****************************************


Highest likelihood model:
* Weighted, non-normalized log-probability: -4.161092891978234
* Grid-index: grid/tracks/track0419[205], with parameters:
  - Name: track0419-1511.fgong
  - Teff      :  5629.944124 
  - FeH       :    -0.037817 
  - radPhot   :     1.147199 
  - massfin   :     0.852344 
  - age       : 14792.518340 

Lowest chi2 model:
* chi2: 0.001317556430205565
* Grid-index: grid/tracks/track2365[422], with parameters:
  - Name: track2365-2575.fgong
  - Teff      :  5628.431094 
  - FeH       :    -0.040220 
  - radPhot   :     1.777138 
  - massfin   :     1.085011 
  - age       :  9259.039520 


Computing posterior distributions for the requested output parameters!
==> Summary statistics printed below ...

-----------------------------------------------------
median     Teff          :   5630.989915
err_plus   Teff          :     12.229543
err_minus  Teff          :     15.054461
-----------------------------------------------------
median     FeH           :     -0.038017
err_plus   FeH           :      0.012095
err_minus  FeH           :      0.014613
-----------------------------------------------------
median     radPhot       :      1.006632
err_plus   radPhot       :      0.255417
err_minus  radPhot       :      0.159600
-----------------------------------------------------
median     massfin       :      0.913620
err_plus   massfin       :      0.051037
err_minus  massfin       :      0.061126
-----------------------------------------------------
median     age           :   9777.192773
err_plus   age           :   3026.861077
err_minus  age           :   7116.269158
-----------------------------------------------------

Saved results to mnt/c/Users/georg/Documents/GitHub/Iwan-and-George-Year-4-Project/Results/JustKenResults.ascii.
Saved corner plot to mnt/c/Users/georg/Documents/GitHub/Iwan-and-George-Year-4-Project/Results/4624979393181971328_corner.png.
Saved Kiel diagram to mnt/c/Users/georg/Documents/GitHub/Iwan-and-George-Year-4-Project/Results/4624979393181971328_kiel.png.
Did not get any frequency file input, skipping ratios and echelle plots.
Saved dictionary to mnt/c/Users/georg/Documents/GitHub/Iwan-and-George-Year-4-Project/Results/4624979393181971328.json

Finished on 2024-01-20 17:57:36 (runtime 22.0 s).

