========================================================================================
                                         BASTA                                         
                             The BAyesian STellar Algorithm                             

                                     Version 1.2.1                                     

                                (c) 2022, The BASTA Team                                
                           https://github.com/BASTAcode/BASTA                           
========================================================================================

Run started on 2024-01-20 17:57:54 . 

Random numbers initialised with seed: 3178 .

Fitting star id: 4684513614202233728 .
* Using the grid '/root/BASTA/grids/Garstec_AS09_barbieMS.hdf5' of type 'sobol tracks'.
  - Grid built with BASTA version 1.3.1, timestamp: 2023-11-28 at 20:12:28.

Transforming solar-based asteroseismic quantities:
* Converting to solar units if needed...
* Solar model scaling not activated!  -->  Dnu will not be scaled.
Done!

Fitting information:
* Fitting parameters with values and uncertainties:
  - Teff: [5857.7227, 13.0156]
  - FeH: [0.3599, 0.0088]

Additional input parameters and settings in alphabetical order:
* asciiparams: ['Teff', 'FeH', 'radPhot', 'massfin', 'age']
* centroid: median
* cornerplots: ['Teff', 'FeH', 'radPhot', 'massfin', 'age']
* dnu_scales: {}
* dnusun: 135.1
* freqplots: []
* inputfile: input_JustKen.xml
* kielplots: [True]
* numsun: 3090.0
* output: mnt/c/Users/georg/Documents/GitHub/Iwan-and-George-Year-4-Project/Results/
* plotfmt: png
* solarmodel: False
* uncert: quantiles

Weights and priors:
* Bayesian weights:
  - Along tracks: age
  - Between tracks: volume
* Flat, constrained priors and ranges:
  - Teff: [5818.6759, 5896.7695]
  - FeH: [0.1099, 0.6099]
* Additional priors (IMF): 


Computing likelihood of models in the grid (5977 tracks) ...
Done! Computed the likelihood of 17713 models, found 17713 models with non-zero likelihood!


*****************************************
**                                     **
**   Output and results from the fit   **
**                                     **
*****************************************


Highest likelihood model:
* Weighted, non-normalized log-probability: -5.699932864749363
* Grid-index: grid/tracks/track0549[134], with parameters:
  - Name: track0549-1077.fgong
  - Teff      :  5868.549565 
  - FeH       :     0.359944 
  - radPhot   :     1.215984 
  - massfin   :     1.162768 
  - age       :  2492.755605 

Lowest chi2 model:
* chi2: 0.005121850991737316
* Grid-index: grid/tracks/track2997[333], with parameters:
  - Name: track2997-2069.fgong
  - Teff      :  5856.918504 
  - FeH       :     0.360218 
  - radPhot   :     1.501612 
  - massfin   :     1.181349 
  - age       :  5783.176035 


Computing posterior distributions for the requested output parameters!
==> Summary statistics printed below ...

-----------------------------------------------------
median     Teff          :   5864.210687
err_plus   Teff          :      4.793053
err_minus  Teff          :     18.268473
-----------------------------------------------------
median     FeH           :      0.358877
err_plus   FeH           :      0.010706
err_minus  FeH           :      0.008212
-----------------------------------------------------
median     radPhot       :      1.182977
err_plus   radPhot       :      0.106571
err_minus  radPhot       :      0.091029
-----------------------------------------------------
median     massfin       :      1.147835
err_plus   massfin       :      0.024046
err_minus  massfin       :      0.040993
-----------------------------------------------------
median     age           :   2649.382600
err_plus   age           :   1645.916599
err_minus  age           :    824.033000
-----------------------------------------------------

Saved results to mnt/c/Users/georg/Documents/GitHub/Iwan-and-George-Year-4-Project/Results/JustKenResults.ascii.
Saved corner plot to mnt/c/Users/georg/Documents/GitHub/Iwan-and-George-Year-4-Project/Results/4684513614202233728_corner.png.
Saved Kiel diagram to mnt/c/Users/georg/Documents/GitHub/Iwan-and-George-Year-4-Project/Results/4684513614202233728_kiel.png.
Did not get any frequency file input, skipping ratios and echelle plots.
Saved dictionary to mnt/c/Users/georg/Documents/GitHub/Iwan-and-George-Year-4-Project/Results/4684513614202233728.json

Finished on 2024-01-20 17:58:10 (runtime 16.0 s).

