========================================================================================
                                         BASTA                                         
                             The BAyesian STellar Algorithm                             

                                     Version 1.2.1                                     

                                (c) 2022, The BASTA Team                                
                           https://github.com/BASTAcode/BASTA                           
========================================================================================

Run started on 2024-01-20 17:58:10 . 

Random numbers initialised with seed: 3178 .

Fitting star id: 4698692748651744128 .
* Using the grid '/root/BASTA/grids/Garstec_AS09_barbieMS.hdf5' of type 'sobol tracks'.
  - Grid built with BASTA version 1.3.1, timestamp: 2023-11-28 at 20:12:28.

Transforming solar-based asteroseismic quantities:
* Converting to solar units if needed...
* Solar model scaling not activated!  -->  Dnu will not be scaled.
Done!

Fitting information:
* Fitting parameters with values and uncertainties:
  - Teff: [5216.258, 7.6746]
  - FeH: [-0.0702, 0.0075]

Additional input parameters and settings in alphabetical order:
* asciiparams: ['Teff', 'FeH', 'radPhot', 'massfin', 'age']
* centroid: median
* cornerplots: ['Teff', 'FeH', 'radPhot', 'massfin', 'age']
* dnu_scales: {}
* dnusun: 135.1
* freqplots: []
* inputfile: input_JustKen.xml
* kielplots: [True]
* numsun: 3090.0
* output: mnt/c/Users/georg/Documents/GitHub/Iwan-and-George-Year-4-Project/Results/
* plotfmt: png
* solarmodel: False
* uncert: quantiles

Weights and priors:
* Bayesian weights:
  - Along tracks: age
  - Between tracks: volume
* Flat, constrained priors and ranges:
  - Teff: [5193.2342, 5239.2818]
  - FeH: [-0.3202, 0.17980000000000002]
* Additional priors (IMF): 


Computing likelihood of models in the grid (5977 tracks) ...
Done! Computed the likelihood of 8425 models, found 8425 models with non-zero likelihood!


*****************************************
**                                     **
**   Output and results from the fit   **
**                                     **
*****************************************


Highest likelihood model:
* Weighted, non-normalized log-probability: -3.309290358122581
* Grid-index: grid/tracks/track1231[71], with parameters:
  - Name: track1231-843.fgong
  - Teff      :  5215.772580 
  - FeH       :    -0.069149 
  - radPhot   :     0.760637 
  - massfin   :     0.740779 
  - age       : 10647.258730 

Lowest chi2 model:
* chi2: 0.003544148512119631
* Grid-index: grid/tracks/track0339[295], with parameters:
  - Name: track0339-1954.fgong
  - Teff      :  5215.801547 
  - FeH       :    -0.070180 
  - radPhot   :     1.555184 
  - massfin   :     0.885139 
  - age       : 16635.869900 


Computing posterior distributions for the requested output parameters!
==> Summary statistics printed below ...

-----------------------------------------------------
median     Teff          :   5215.900852
err_plus   Teff          :      7.745277
err_minus  Teff          :      7.907241
-----------------------------------------------------
median     FeH           :     -0.071090
err_plus   FeH           :      0.008205
err_minus  FeH           :      0.006631
-----------------------------------------------------
median     radPhot       :      0.810537
err_plus   radPhot       :      0.081408
err_minus  radPhot       :      0.059226
-----------------------------------------------------
median     massfin       :      0.800905
err_plus   massfin       :      0.065553
err_minus  massfin       :      0.058993
-----------------------------------------------------
median     age           :   9973.066581
err_plus   age           :   6897.793519
err_minus  age           :   6183.970204
-----------------------------------------------------

Saved results to mnt/c/Users/georg/Documents/GitHub/Iwan-and-George-Year-4-Project/Results/JustKenResults.ascii.
Saved corner plot to mnt/c/Users/georg/Documents/GitHub/Iwan-and-George-Year-4-Project/Results/4698692748651744128_corner.png.
Saved Kiel diagram to mnt/c/Users/georg/Documents/GitHub/Iwan-and-George-Year-4-Project/Results/4698692748651744128_kiel.png.
Did not get any frequency file input, skipping ratios and echelle plots.
Saved dictionary to mnt/c/Users/georg/Documents/GitHub/Iwan-and-George-Year-4-Project/Results/4698692748651744128.json

Finished on 2024-01-20 17:58:32 (runtime 22.0 s).

