========================================================================================
                                         BASTA                                         
                             The BAyesian STellar Algorithm                             

                                     Version 1.2.1                                     

                                (c) 2022, The BASTA Team                                
                           https://github.com/BASTAcode/BASTA                           
========================================================================================

Run started on 2024-01-20 17:58:33 . 

Random numbers initialised with seed: 3178 .

Fitting star id: 470650560779277952 .
* Using the grid '/root/BASTA/grids/Garstec_AS09_barbieMS.hdf5' of type 'sobol tracks'.
  - Grid built with BASTA version 1.3.1, timestamp: 2023-11-28 at 20:12:28.

Transforming solar-based asteroseismic quantities:
* Converting to solar units if needed...
* Solar model scaling not activated!  -->  Dnu will not be scaled.
Done!

Fitting information:
* Fitting parameters with values and uncertainties:
  - Teff: [6715.0464, 30.6929]
  - FeH: [-0.57, 0.0105]

Additional input parameters and settings in alphabetical order:
* asciiparams: ['Teff', 'FeH', 'radPhot', 'massfin', 'age']
* centroid: median
* cornerplots: ['Teff', 'FeH', 'radPhot', 'massfin', 'age']
* dnu_scales: {}
* dnusun: 135.1
* freqplots: []
* inputfile: input_JustKen.xml
* kielplots: [True]
* numsun: 3090.0
* output: mnt/c/Users/georg/Documents/GitHub/Iwan-and-George-Year-4-Project/Results/
* plotfmt: png
* solarmodel: False
* uncert: quantiles

Weights and priors:
* Bayesian weights:
  - Along tracks: age
  - Between tracks: volume
* Flat, constrained priors and ranges:
  - Teff: [6622.9677, 6807.1251]
  - FeH: [-0.82, -0.31999999999999995]
* Additional priors (IMF): 


Computing likelihood of models in the grid (5977 tracks) ...
Done! Computed the likelihood of 13254 models, found 13254 models with non-zero likelihood!


*****************************************
**                                     **
**   Output and results from the fit   **
**                                     **
*****************************************


Highest likelihood model:
* Weighted, non-normalized log-probability: -4.864377888911161
* Grid-index: grid/tracks/track3726[20], with parameters:
  - Name: track3726-567.fgong
  - Teff      :  6733.378392 
  - FeH       :    -0.569465 
  - radPhot   :     0.978262 
  - massfin   :     0.987931 
  - age       :   612.252013 

Lowest chi2 model:
* chi2: 0.0037878906476736325
* Grid-index: grid/tracks/track1826[18], with parameters:
  - Name: track1826-532.fgong
  - Teff      :  6714.849555 
  - FeH       :    -0.569357 
  - radPhot   :     1.084334 
  - massfin   :     1.100958 
  - age       :   311.550137 


Computing posterior distributions for the requested output parameters!
==> Summary statistics printed below ...

-----------------------------------------------------
median     Teff          :   6712.198649
err_plus   Teff          :     25.564499
err_minus  Teff          :     28.341497
-----------------------------------------------------
median     FeH           :     -0.570156
err_plus   FeH           :      0.010310
err_minus  FeH           :      0.010479
-----------------------------------------------------
median     radPhot       :      1.132582
err_plus   radPhot       :      0.088078
err_minus  radPhot       :      0.132440
-----------------------------------------------------
median     massfin       :      1.100961
err_plus   massfin       :      0.063737
err_minus  massfin       :      0.068966
-----------------------------------------------------
median     age           :    886.289620
err_plus   age           :    768.250221
err_minus  age           :    505.075081
-----------------------------------------------------

Saved results to mnt/c/Users/georg/Documents/GitHub/Iwan-and-George-Year-4-Project/Results/JustKenResults.ascii.
Saved corner plot to mnt/c/Users/georg/Documents/GitHub/Iwan-and-George-Year-4-Project/Results/470650560779277952_corner.png.
Saved Kiel diagram to mnt/c/Users/georg/Documents/GitHub/Iwan-and-George-Year-4-Project/Results/470650560779277952_kiel.png.
Did not get any frequency file input, skipping ratios and echelle plots.
Saved dictionary to mnt/c/Users/georg/Documents/GitHub/Iwan-and-George-Year-4-Project/Results/470650560779277952.json

Finished on 2024-01-20 17:58:55 (runtime 22.0 s).

