========================================================================================
                                         BASTA                                         
                             The BAyesian STellar Algorithm                             

                                     Version 1.2.1                                     

                                (c) 2022, The BASTA Team                                
                           https://github.com/BASTAcode/BASTA                           
========================================================================================

Run started on 2024-01-20 17:58:56 . 

Random numbers initialised with seed: 3178 .

Fitting star id: 4707634458245031552 .
* Using the grid '/root/BASTA/grids/Garstec_AS09_barbieMS.hdf5' of type 'sobol tracks'.
  - Grid built with BASTA version 1.3.1, timestamp: 2023-11-28 at 20:12:28.

Transforming solar-based asteroseismic quantities:
* Converting to solar units if needed...
* Solar model scaling not activated!  -->  Dnu will not be scaled.
Done!

Fitting information:
* Fitting parameters with values and uncertainties:
  - Teff: [5650.196, 14.6287]
  - FeH: [0.1848, 0.0211]

Additional input parameters and settings in alphabetical order:
* asciiparams: ['Teff', 'FeH', 'radPhot', 'massfin', 'age']
* centroid: median
* cornerplots: ['Teff', 'FeH', 'radPhot', 'massfin', 'age']
* dnu_scales: {}
* dnusun: 135.1
* freqplots: []
* inputfile: input_JustKen.xml
* kielplots: [True]
* numsun: 3090.0
* output: mnt/c/Users/georg/Documents/GitHub/Iwan-and-George-Year-4-Project/Results/
* plotfmt: png
* solarmodel: False
* uncert: quantiles

Weights and priors:
* Bayesian weights:
  - Along tracks: age
  - Between tracks: volume
* Flat, constrained priors and ranges:
  - Teff: [5606.3099, 5694.0821]
  - FeH: [-0.06520000000000001, 0.43479999999999996]
* Additional priors (IMF): 


Computing likelihood of models in the grid (5977 tracks) ...
Done! Computed the likelihood of 40320 models, found 40320 models with non-zero likelihood!


*****************************************
**                                     **
**   Output and results from the fit   **
**                                     **
*****************************************


Highest likelihood model:
* Weighted, non-normalized log-probability: -4.870544910405684
* Grid-index: grid/tracks/track3691[58], with parameters:
  - Name: track3691-760.fgong
  - Teff      :  5650.654190 
  - FeH       :     0.183769 
  - radPhot   :     0.878133 
  - massfin   :     0.938895 
  - age       :  2400.290339 

Lowest chi2 model:
* chi2: 0.003369003569360491
* Grid-index: grid/tracks/track3691[58], with parameters:
  - Name: track3691-760.fgong
  - Teff      :  5650.654190 
  - FeH       :     0.183769 
  - radPhot   :     0.878133 
  - massfin   :     0.938895 
  - age       :  2400.290339 


Computing posterior distributions for the requested output parameters!
==> Summary statistics printed below ...

-----------------------------------------------------
median     Teff          :   5649.238838
err_plus   Teff          :     15.160234
err_minus  Teff          :     14.437563
-----------------------------------------------------
median     FeH           :      0.183968
err_plus   FeH           :      0.020226
err_minus  FeH           :      0.018717
-----------------------------------------------------
median     radPhot       :      1.103216
err_plus   radPhot       :      0.288280
err_minus  radPhot       :      0.139256
-----------------------------------------------------
median     massfin       :      1.034472
err_plus   massfin       :      0.072189
err_minus  massfin       :      0.058817
-----------------------------------------------------
median     age           :   7114.386262
err_plus   age           :   2234.552500
err_minus  age           :   4351.602245
-----------------------------------------------------

Saved results to mnt/c/Users/georg/Documents/GitHub/Iwan-and-George-Year-4-Project/Results/JustKenResults.ascii.
Saved corner plot to mnt/c/Users/georg/Documents/GitHub/Iwan-and-George-Year-4-Project/Results/4707634458245031552_corner.png.
Saved Kiel diagram to mnt/c/Users/georg/Documents/GitHub/Iwan-and-George-Year-4-Project/Results/4707634458245031552_kiel.png.
Did not get any frequency file input, skipping ratios and echelle plots.
Saved dictionary to mnt/c/Users/georg/Documents/GitHub/Iwan-and-George-Year-4-Project/Results/4707634458245031552.json

Finished on 2024-01-20 17:59:11 (runtime 15.0 s).

