========================================================================================
                                         BASTA                                         
                             The BAyesian STellar Algorithm                             

                                     Version 1.2.1                                     

                                (c) 2022, The BASTA Team                                
                           https://github.com/BASTAcode/BASTA                           
========================================================================================

Run started on 2024-01-20 17:59:11 . 

Random numbers initialised with seed: 3178 .

Fitting star id: 4727755005637190016 .
* Using the grid '/root/BASTA/grids/Garstec_AS09_barbieMS.hdf5' of type 'sobol tracks'.
  - Grid built with BASTA version 1.3.1, timestamp: 2023-11-28 at 20:12:28.

Transforming solar-based asteroseismic quantities:
* Converting to solar units if needed...
* Solar model scaling not activated!  -->  Dnu will not be scaled.
Done!

Fitting information:
* Fitting parameters with values and uncertainties:
  - Teff: [6386.467, 9.8416]
  - FeH: [-0.4556, 0.0047]

Additional input parameters and settings in alphabetical order:
* asciiparams: ['Teff', 'FeH', 'radPhot', 'massfin', 'age']
* centroid: median
* cornerplots: ['Teff', 'FeH', 'radPhot', 'massfin', 'age']
* dnu_scales: {}
* dnusun: 135.1
* freqplots: []
* inputfile: input_JustKen.xml
* kielplots: [True]
* numsun: 3090.0
* output: mnt/c/Users/georg/Documents/GitHub/Iwan-and-George-Year-4-Project/Results/
* plotfmt: png
* solarmodel: False
* uncert: quantiles

Weights and priors:
* Bayesian weights:
  - Along tracks: age
  - Between tracks: volume
* Flat, constrained priors and ranges:
  - Teff: [6356.9421999999995, 6415.9918]
  - FeH: [-0.7056, -0.2056]
* Additional priors (IMF): 


Computing likelihood of models in the grid (5977 tracks) ...
Done! Computed the likelihood of 14112 models, found 14112 models with non-zero likelihood!


*****************************************
**                                     **
**   Output and results from the fit   **
**                                     **
*****************************************


Highest likelihood model:
* Weighted, non-normalized log-probability: -4.7997726078781335
* Grid-index: grid/tracks/track0654[36], with parameters:
  - Name: track0654-643.fgong
  - Teff      :  6388.021293 
  - FeH       :    -0.455752 
  - radPhot   :     0.999455 
  - massfin   :     0.988891 
  - age       :  1175.244076 

Lowest chi2 model:
* chi2: 0.00488480885107387
* Grid-index: grid/tracks/track4317[231], with parameters:
  - Name: track4317-1621.fgong
  - Teff      :  6386.966687 
  - FeH       :    -0.455374 
  - radPhot   :     1.492407 
  - massfin   :     1.100300 
  - age       :  4588.829148 


Computing posterior distributions for the requested output parameters!
==> Summary statistics printed below ...

-----------------------------------------------------
median     Teff          :   6386.731284
err_plus   Teff          :      7.895663
err_minus  Teff          :     11.374786
-----------------------------------------------------
median     FeH           :     -0.455752
err_plus   FeH           :      0.004099
err_minus  FeH           :      0.004751
-----------------------------------------------------
median     radPhot       :      1.104960
err_plus   radPhot       :      0.224417
err_minus  radPhot       :      0.193779
-----------------------------------------------------
median     massfin       :      1.002487
err_plus   massfin       :      0.077996
err_minus  massfin       :      0.060937
-----------------------------------------------------
median     age           :   2759.272910
err_plus   age           :   1909.499096
err_minus  age           :   2103.715513
-----------------------------------------------------

Saved results to mnt/c/Users/georg/Documents/GitHub/Iwan-and-George-Year-4-Project/Results/JustKenResults.ascii.
Saved corner plot to mnt/c/Users/georg/Documents/GitHub/Iwan-and-George-Year-4-Project/Results/4727755005637190016_corner.png.
Saved Kiel diagram to mnt/c/Users/georg/Documents/GitHub/Iwan-and-George-Year-4-Project/Results/4727755005637190016_kiel.png.
Did not get any frequency file input, skipping ratios and echelle plots.
Saved dictionary to mnt/c/Users/georg/Documents/GitHub/Iwan-and-George-Year-4-Project/Results/4727755005637190016.json

Finished on 2024-01-20 17:59:23 (runtime 12.0 s).

