========================================================================================
                                         BASTA                                         
                             The BAyesian STellar Algorithm                             

                                     Version 1.2.1                                     

                                (c) 2022, The BASTA Team                                
                           https://github.com/BASTAcode/BASTA                           
========================================================================================

Run started on 2024-01-20 17:59:50 . 

Random numbers initialised with seed: 3178 .

Fitting star id: 4747624104168195072 .
* Using the grid '/root/BASTA/grids/Garstec_AS09_barbieMS.hdf5' of type 'sobol tracks'.
  - Grid built with BASTA version 1.3.1, timestamp: 2023-11-28 at 20:12:28.

Transforming solar-based asteroseismic quantities:
* Converting to solar units if needed...
* Solar model scaling not activated!  -->  Dnu will not be scaled.
Done!

Fitting information:
* Fitting parameters with values and uncertainties:
  - Teff: [5953.785, 1.4547]
  - FeH: [0.0217, 0.0066]

Additional input parameters and settings in alphabetical order:
* asciiparams: ['Teff', 'FeH', 'radPhot', 'massfin', 'age']
* centroid: median
* cornerplots: ['Teff', 'FeH', 'radPhot', 'massfin', 'age']
* dnu_scales: {}
* dnusun: 135.1
* freqplots: []
* inputfile: input_JustKen.xml
* kielplots: [True]
* numsun: 3090.0
* output: mnt/c/Users/georg/Documents/GitHub/Iwan-and-George-Year-4-Project/Results/
* plotfmt: png
* solarmodel: False
* uncert: quantiles

Weights and priors:
* Bayesian weights:
  - Along tracks: age
  - Between tracks: volume
* Flat, constrained priors and ranges:
  - Teff: [5949.4209, 5958.1491]
  - FeH: [-0.2283, 0.2717]
* Additional priors (IMF): 


Computing likelihood of models in the grid (5977 tracks) ...
Done! Computed the likelihood of 3193 models, found 3193 models with non-zero likelihood!


*****************************************
**                                     **
**   Output and results from the fit   **
**                                     **
*****************************************


Highest likelihood model:
* Weighted, non-normalized log-probability: -5.1268664683111185
* Grid-index: grid/tracks/track2929[200], with parameters:
  - Name: track2929-1472.fgong
  - Teff      :  5954.060728 
  - FeH       :     0.019453 
  - radPhot   :     1.218207 
  - massfin   :     0.987439 
  - age       :  7213.983247 

Lowest chi2 model:
* chi2: 0.016172690501217776
* Grid-index: grid/tracks/track5293[311], with parameters:
  - Name: track5293-1983.fgong
  - Teff      :  5953.762119 
  - FeH       :     0.020867 
  - radPhot   :     1.612577 
  - massfin   :     1.136231 
  - age       :  5984.657818 


Computing posterior distributions for the requested output parameters!
==> Summary statistics printed below ...

-----------------------------------------------------
median     Teff          :   5953.830101
err_plus   Teff          :      1.424363
err_minus  Teff          :      1.371280
-----------------------------------------------------
median     FeH           :      0.018973
err_plus   FeH           :      0.006683
err_minus  FeH           :      0.004433
-----------------------------------------------------
median     radPhot       :      1.118848
err_plus   radPhot       :      0.386550
err_minus  radPhot       :      0.113027
-----------------------------------------------------
median     massfin       :      1.077879
err_plus   massfin       :      0.053255
err_minus  massfin       :      0.090449
-----------------------------------------------------
median     age           :   4594.238532
err_plus   age           :   2343.682400
err_minus  age           :   3103.074823
-----------------------------------------------------

Saved results to mnt/c/Users/georg/Documents/GitHub/Iwan-and-George-Year-4-Project/Results/JustKenResults.ascii.
Saved corner plot to mnt/c/Users/georg/Documents/GitHub/Iwan-and-George-Year-4-Project/Results/4747624104168195072_corner.png.
Saved Kiel diagram to mnt/c/Users/georg/Documents/GitHub/Iwan-and-George-Year-4-Project/Results/4747624104168195072_kiel.png.
Did not get any frequency file input, skipping ratios and echelle plots.
Saved dictionary to mnt/c/Users/georg/Documents/GitHub/Iwan-and-George-Year-4-Project/Results/4747624104168195072.json

Finished on 2024-01-20 18:00:02 (runtime 12.0 s).

