========================================================================================
                                         BASTA                                         
                             The BAyesian STellar Algorithm                             

                                     Version 1.2.1                                     

                                (c) 2022, The BASTA Team                                
                           https://github.com/BASTAcode/BASTA                           
========================================================================================

Run started on 2024-01-20 18:00:02 . 

Random numbers initialised with seed: 3178 .

Fitting star id: 4756649415309914240 .
* Using the grid '/root/BASTA/grids/Garstec_AS09_barbieMS.hdf5' of type 'sobol tracks'.
  - Grid built with BASTA version 1.3.1, timestamp: 2023-11-28 at 20:12:28.

Transforming solar-based asteroseismic quantities:
* Converting to solar units if needed...
* Solar model scaling not activated!  -->  Dnu will not be scaled.
Done!

Fitting information:
* Fitting parameters with values and uncertainties:
  - Teff: [6147.792, 2.836]
  - FeH: [-0.0258, 0.0061]

Additional input parameters and settings in alphabetical order:
* asciiparams: ['Teff', 'FeH', 'radPhot', 'massfin', 'age']
* centroid: median
* cornerplots: ['Teff', 'FeH', 'radPhot', 'massfin', 'age']
* dnu_scales: {}
* dnusun: 135.1
* freqplots: []
* inputfile: input_JustKen.xml
* kielplots: [True]
* numsun: 3090.0
* output: mnt/c/Users/georg/Documents/GitHub/Iwan-and-George-Year-4-Project/Results/
* plotfmt: png
* solarmodel: False
* uncert: quantiles

Weights and priors:
* Bayesian weights:
  - Along tracks: age
  - Between tracks: volume
* Flat, constrained priors and ranges:
  - Teff: [6139.284000000001, 6156.3]
  - FeH: [-0.2758, 0.2242]
* Additional priors (IMF): 


Computing likelihood of models in the grid (5977 tracks) ...
Done! Computed the likelihood of 4906 models, found 4906 models with non-zero likelihood!


*****************************************
**                                     **
**   Output and results from the fit   **
**                                     **
*****************************************


Highest likelihood model:
* Weighted, non-normalized log-probability: -5.150602230752372
* Grid-index: grid/tracks/track5585[139], with parameters:
  - Name: track5585-1163.fgong
  - Teff      :  6146.790597 
  - FeH       :    -0.024525 
  - radPhot   :     1.137454 
  - massfin   :     1.006603 
  - age       :  4576.395412 

Lowest chi2 model:
* chi2: 0.0005969708691937105
* Grid-index: grid/tracks/track0405[274], with parameters:
  - Name: track0405-1786.fgong
  - Teff      :  6147.736696 
  - FeH       :    -0.025890 
  - radPhot   :     1.729637 
  - massfin   :     1.189230 
  - age       :  4621.596886 


Computing posterior distributions for the requested output parameters!
==> Summary statistics printed below ...

-----------------------------------------------------
median     Teff          :   6147.403206
err_plus   Teff          :      3.000822
err_minus  Teff          :      2.335569
-----------------------------------------------------
median     FeH           :     -0.025347
err_plus   FeH           :      0.006944
err_minus  FeH           :      0.005111
-----------------------------------------------------
median     radPhot       :      1.142762
err_plus   radPhot       :      0.197667
err_minus  radPhot       :      0.031296
-----------------------------------------------------
median     massfin       :      1.058773
err_plus   massfin       :      0.103635
err_minus  massfin       :      0.052174
-----------------------------------------------------
median     age           :   3966.773895
err_plus   age           :    945.292327
err_minus  age           :   1744.372561
-----------------------------------------------------

Saved results to mnt/c/Users/georg/Documents/GitHub/Iwan-and-George-Year-4-Project/Results/JustKenResults.ascii.
Saved corner plot to mnt/c/Users/georg/Documents/GitHub/Iwan-and-George-Year-4-Project/Results/4756649415309914240_corner.png.
Saved Kiel diagram to mnt/c/Users/georg/Documents/GitHub/Iwan-and-George-Year-4-Project/Results/4756649415309914240_kiel.png.
Did not get any frequency file input, skipping ratios and echelle plots.
Saved dictionary to mnt/c/Users/georg/Documents/GitHub/Iwan-and-George-Year-4-Project/Results/4756649415309914240.json

Finished on 2024-01-20 18:00:13 (runtime 11.0 s).

