========================================================================================
                                         BASTA                                         
                             The BAyesian STellar Algorithm                             

                                     Version 1.2.1                                     

                                (c) 2022, The BASTA Team                                
                           https://github.com/BASTAcode/BASTA                           
========================================================================================

Run started on 2024-01-20 18:00:14 . 

Random numbers initialised with seed: 3178 .

Fitting star id: 4837286842168217088 .
* Using the grid '/root/BASTA/grids/Garstec_AS09_barbieMS.hdf5' of type 'sobol tracks'.
  - Grid built with BASTA version 1.3.1, timestamp: 2023-11-28 at 20:12:28.

Transforming solar-based asteroseismic quantities:
* Converting to solar units if needed...
* Solar model scaling not activated!  -->  Dnu will not be scaled.
Done!

Fitting information:
* Fitting parameters with values and uncertainties:
  - Teff: [6451.811, 6.9956]
  - FeH: [-0.0193, 0.0102]

Additional input parameters and settings in alphabetical order:
* asciiparams: ['Teff', 'FeH', 'radPhot', 'massfin', 'age']
* centroid: median
* cornerplots: ['Teff', 'FeH', 'radPhot', 'massfin', 'age']
* dnu_scales: {}
* dnusun: 135.1
* freqplots: []
* inputfile: input_JustKen.xml
* kielplots: [True]
* numsun: 3090.0
* output: mnt/c/Users/georg/Documents/GitHub/Iwan-and-George-Year-4-Project/Results/
* plotfmt: png
* solarmodel: False
* uncert: quantiles

Weights and priors:
* Bayesian weights:
  - Along tracks: age
  - Between tracks: volume
* Flat, constrained priors and ranges:
  - Teff: [6430.8242, 6472.797799999999]
  - FeH: [-0.2693, 0.2307]
* Additional priors (IMF): 


Computing likelihood of models in the grid (5977 tracks) ...
Done! Computed the likelihood of 3300 models, found 3300 models with non-zero likelihood!


*****************************************
**                                     **
**   Output and results from the fit   **
**                                     **
*****************************************


Highest likelihood model:
* Weighted, non-normalized log-probability: -5.976450228804228
* Grid-index: grid/tracks/track1485[8], with parameters:
  - Name: track1485-477.fgong
  - Teff      :  6450.578891 
  - FeH       :    -0.022559 
  - radPhot   :     1.046035 
  - massfin   :     1.115994 
  - age       :    74.250326 

Lowest chi2 model:
* chi2: 0.1331262686011504
* Grid-index: grid/tracks/track1485[8], with parameters:
  - Name: track1485-477.fgong
  - Teff      :  6450.578891 
  - FeH       :    -0.022559 
  - radPhot   :     1.046035 
  - massfin   :     1.115994 
  - age       :    74.250326 


Computing posterior distributions for the requested output parameters!
==> Summary statistics printed below ...

-----------------------------------------------------
median     Teff          :   6452.031055
err_plus   Teff          :      6.622407
err_minus  Teff          :     12.293676
-----------------------------------------------------
median     FeH           :     -0.026024
err_plus   FeH           :      0.008803
err_minus  FeH           :      0.009065
-----------------------------------------------------
median     radPhot       :      1.054309
err_plus   radPhot       :      0.099057
err_minus  radPhot       :      0.017883
-----------------------------------------------------
median     massfin       :      1.115991
err_plus   massfin       :      0.044950
err_minus  massfin       :      0.014998
-----------------------------------------------------
median     age           :    192.878897
err_plus   age           :    301.999938
err_minus  age           :    118.628571
-----------------------------------------------------

Saved results to mnt/c/Users/georg/Documents/GitHub/Iwan-and-George-Year-4-Project/Results/JustKenResults.ascii.
Saved corner plot to mnt/c/Users/georg/Documents/GitHub/Iwan-and-George-Year-4-Project/Results/4837286842168217088_corner.png.
Saved Kiel diagram to mnt/c/Users/georg/Documents/GitHub/Iwan-and-George-Year-4-Project/Results/4837286842168217088_kiel.png.
Did not get any frequency file input, skipping ratios and echelle plots.
Saved dictionary to mnt/c/Users/georg/Documents/GitHub/Iwan-and-George-Year-4-Project/Results/4837286842168217088.json

Finished on 2024-01-20 18:00:23 (runtime 9.0 s).

