========================================================================================
                                         BASTA                                         
                             The BAyesian STellar Algorithm                             

                                     Version 1.2.1                                     

                                (c) 2022, The BASTA Team                                
                           https://github.com/BASTAcode/BASTA                           
========================================================================================

Run started on 2024-01-20 18:00:23 . 

Random numbers initialised with seed: 3178 .

Fitting star id: 4864759888238232320 .
* Using the grid '/root/BASTA/grids/Garstec_AS09_barbieMS.hdf5' of type 'sobol tracks'.
  - Grid built with BASTA version 1.3.1, timestamp: 2023-11-28 at 20:12:28.

Transforming solar-based asteroseismic quantities:
* Converting to solar units if needed...
* Solar model scaling not activated!  -->  Dnu will not be scaled.
Done!

Fitting information:
* Fitting parameters with values and uncertainties:
  - Teff: [5987.569, 7.43]
  - FeH: [-0.1352, 0.0052]

Additional input parameters and settings in alphabetical order:
* asciiparams: ['Teff', 'FeH', 'radPhot', 'massfin', 'age']
* centroid: median
* cornerplots: ['Teff', 'FeH', 'radPhot', 'massfin', 'age']
* dnu_scales: {}
* dnusun: 135.1
* freqplots: []
* inputfile: input_JustKen.xml
* kielplots: [True]
* numsun: 3090.0
* output: mnt/c/Users/georg/Documents/GitHub/Iwan-and-George-Year-4-Project/Results/
* plotfmt: png
* solarmodel: False
* uncert: quantiles

Weights and priors:
* Bayesian weights:
  - Along tracks: age
  - Between tracks: volume
* Flat, constrained priors and ranges:
  - Teff: [5965.279, 6009.859]
  - FeH: [-0.3852, 0.11480000000000001]
* Additional priors (IMF): 


Computing likelihood of models in the grid (5977 tracks) ...
Done! Computed the likelihood of 16484 models, found 16484 models with non-zero likelihood!


*****************************************
**                                     **
**   Output and results from the fit   **
**                                     **
*****************************************


Highest likelihood model:
* Weighted, non-normalized log-probability: -4.8787790389731365
* Grid-index: grid/tracks/track2267[11], with parameters:
  - Name: track2267-519.fgong
  - Teff      :  5986.431180 
  - FeH       :    -0.136044 
  - radPhot   :     0.852051 
  - massfin   :     0.912984 
  - age       :   316.280976 

Lowest chi2 model:
* chi2: 0.049775836160952575
* Grid-index: grid/tracks/track2267[11], with parameters:
  - Name: track2267-519.fgong
  - Teff      :  5986.431180 
  - FeH       :    -0.136044 
  - radPhot   :     0.852051 
  - massfin   :     0.912984 
  - age       :   316.280976 


Computing posterior distributions for the requested output parameters!
==> Summary statistics printed below ...

-----------------------------------------------------
median     Teff          :   5989.775183
err_plus   Teff          :      6.495379
err_minus  Teff          :      7.903418
-----------------------------------------------------
median     FeH           :     -0.134557
err_plus   FeH           :      0.005313
err_minus  FeH           :      0.006136
-----------------------------------------------------
median     radPhot       :      1.107502
err_plus   radPhot       :      0.215061
err_minus  radPhot       :      0.169345
-----------------------------------------------------
median     massfin       :      0.989469
err_plus   massfin       :      0.064002
err_minus  massfin       :      0.028018
-----------------------------------------------------
median     age           :   5473.002743
err_plus   age           :   2302.218972
err_minus  age           :   4009.579846
-----------------------------------------------------

Saved results to mnt/c/Users/georg/Documents/GitHub/Iwan-and-George-Year-4-Project/Results/JustKenResults.ascii.
Saved corner plot to mnt/c/Users/georg/Documents/GitHub/Iwan-and-George-Year-4-Project/Results/4864759888238232320_corner.png.
Saved Kiel diagram to mnt/c/Users/georg/Documents/GitHub/Iwan-and-George-Year-4-Project/Results/4864759888238232320_kiel.png.
Did not get any frequency file input, skipping ratios and echelle plots.
Saved dictionary to mnt/c/Users/georg/Documents/GitHub/Iwan-and-George-Year-4-Project/Results/4864759888238232320.json

Finished on 2024-01-20 18:00:37 (runtime 14.0 s).

