========================================================================================
                                         BASTA                                         
                             The BAyesian STellar Algorithm                             

                                     Version 1.2.1                                     

                                (c) 2022, The BASTA Team                                
                           https://github.com/BASTAcode/BASTA                           
========================================================================================

Run started on 2024-01-20 18:00:37 . 

Random numbers initialised with seed: 3178 .

Fitting star id: 4895489043507741440 .
* Using the grid '/root/BASTA/grids/Garstec_AS09_barbieMS.hdf5' of type 'sobol tracks'.
  - Grid built with BASTA version 1.3.1, timestamp: 2023-11-28 at 20:12:28.

Transforming solar-based asteroseismic quantities:
* Converting to solar units if needed...
* Solar model scaling not activated!  -->  Dnu will not be scaled.
Done!

Fitting information:
* Fitting parameters with values and uncertainties:
  - Teff: [5005.3647, 3.8179]
  - FeH: [-0.0854, 0.0084]

Additional input parameters and settings in alphabetical order:
* asciiparams: ['Teff', 'FeH', 'radPhot', 'massfin', 'age']
* centroid: median
* cornerplots: ['Teff', 'FeH', 'radPhot', 'massfin', 'age']
* dnu_scales: {}
* dnusun: 135.1
* freqplots: []
* inputfile: input_JustKen.xml
* kielplots: [True]
* numsun: 3090.0
* output: mnt/c/Users/georg/Documents/GitHub/Iwan-and-George-Year-4-Project/Results/
* plotfmt: png
* solarmodel: False
* uncert: quantiles

Weights and priors:
* Bayesian weights:
  - Along tracks: age
  - Between tracks: volume
* Flat, constrained priors and ranges:
  - Teff: [4993.911, 5016.8184]
  - FeH: [-0.33540000000000003, 0.1646]
* Additional priors (IMF): 


Computing likelihood of models in the grid (5977 tracks) ...
Done! Computed the likelihood of 2508 models, found 2508 models with non-zero likelihood!


*****************************************
**                                     **
**   Output and results from the fit   **
**                                     **
*****************************************


Highest likelihood model:
* Weighted, non-normalized log-probability: -3.585837001563925
* Grid-index: grid/tracks/track0143[108], with parameters:
  - Name: track0143-1023.fgong
  - Teff      :  5005.158804 
  - FeH       :    -0.085965 
  - radPhot   :     0.786182 
  - massfin   :     0.736704 
  - age       : 17029.993060 

Lowest chi2 model:
* chi2: 0.007431561685228008
* Grid-index: grid/tracks/track0143[108], with parameters:
  - Name: track0143-1023.fgong
  - Teff      :  5005.158804 
  - FeH       :    -0.085965 
  - radPhot   :     0.786182 
  - massfin   :     0.736704 
  - age       : 17029.993060 


Computing posterior distributions for the requested output parameters!
==> Summary statistics printed below ...

-----------------------------------------------------
median     Teff          :   5005.222292
err_plus   Teff          :      3.922675
err_minus  Teff          :      3.675580
-----------------------------------------------------
median     FeH           :     -0.081580
err_plus   FeH           :      0.007030
err_minus  FeH           :      0.006360
-----------------------------------------------------
median     radPhot       :      0.767654
err_plus   radPhot       :      0.059467
err_minus  radPhot       :      0.064878
-----------------------------------------------------
median     massfin       :      0.770984
err_plus   massfin       :      0.015698
err_minus  massfin       :      0.041334
-----------------------------------------------------
median     age           :   8680.530145
err_plus   age           :   8512.462915
err_minus  age           :   7129.622577
-----------------------------------------------------

Saved results to mnt/c/Users/georg/Documents/GitHub/Iwan-and-George-Year-4-Project/Results/JustKenResults.ascii.
Saved corner plot to mnt/c/Users/georg/Documents/GitHub/Iwan-and-George-Year-4-Project/Results/4895489043507741440_corner.png.
Saved Kiel diagram to mnt/c/Users/georg/Documents/GitHub/Iwan-and-George-Year-4-Project/Results/4895489043507741440_kiel.png.
Did not get any frequency file input, skipping ratios and echelle plots.
Saved dictionary to mnt/c/Users/georg/Documents/GitHub/Iwan-and-George-Year-4-Project/Results/4895489043507741440.json

Finished on 2024-01-20 18:00:49 (runtime 12.0 s).

