========================================================================================
                                         BASTA                                         
                             The BAyesian STellar Algorithm                             

                                     Version 1.2.1                                     

                                (c) 2022, The BASTA Team                                
                           https://github.com/BASTAcode/BASTA                           
========================================================================================

Run started on 2024-01-20 18:00:49 . 

Random numbers initialised with seed: 3178 .

Fitting star id: 4911563216311083392 .
* Using the grid '/root/BASTA/grids/Garstec_AS09_barbieMS.hdf5' of type 'sobol tracks'.
  - Grid built with BASTA version 1.3.1, timestamp: 2023-11-28 at 20:12:28.

Transforming solar-based asteroseismic quantities:
* Converting to solar units if needed...
* Solar model scaling not activated!  -->  Dnu will not be scaled.
Done!

Fitting information:
* Fitting parameters with values and uncertainties:
  - Teff: [5689.305, 14.73]
  - FeH: [0.3336, 0.0122]

Additional input parameters and settings in alphabetical order:
* asciiparams: ['Teff', 'FeH', 'radPhot', 'massfin', 'age']
* centroid: median
* cornerplots: ['Teff', 'FeH', 'radPhot', 'massfin', 'age']
* dnu_scales: {}
* dnusun: 135.1
* freqplots: []
* inputfile: input_JustKen.xml
* kielplots: [True]
* numsun: 3090.0
* output: mnt/c/Users/georg/Documents/GitHub/Iwan-and-George-Year-4-Project/Results/
* plotfmt: png
* solarmodel: False
* uncert: quantiles

Weights and priors:
* Bayesian weights:
  - Along tracks: age
  - Between tracks: volume
* Flat, constrained priors and ranges:
  - Teff: [5645.115000000001, 5733.495]
  - FeH: [0.08360000000000001, 0.5836]
* Additional priors (IMF): 


Computing likelihood of models in the grid (5977 tracks) ...
Done! Computed the likelihood of 34397 models, found 34397 models with non-zero likelihood!


*****************************************
**                                     **
**   Output and results from the fit   **
**                                     **
*****************************************


Highest likelihood model:
* Weighted, non-normalized log-probability: -5.200532101989095
* Grid-index: grid/tracks/track4313[246], with parameters:
  - Name: track4313-1682.fgong
  - Teff      :  5682.242350 
  - FeH       :     0.334993 
  - radPhot   :     1.119155 
  - massfin   :     1.037572 
  - age       :  7111.795963 

Lowest chi2 model:
* chi2: 3.191478708785763e-05
* Grid-index: grid/tracks/track0429[182], with parameters:
  - Name: track0429-1332.fgong
  - Teff      :  5689.305245 
  - FeH       :     0.333531 
  - radPhot   :     1.139187 
  - massfin   :     1.134751 
  - age       :  3495.159203 


Computing posterior distributions for the requested output parameters!
==> Summary statistics printed below ...

-----------------------------------------------------
median     Teff          :   5687.644138
err_plus   Teff          :     15.290960
err_minus  Teff          :     12.953018
-----------------------------------------------------
median     FeH           :      0.332603
err_plus   FeH           :      0.011443
err_minus  FeH           :      0.010610
-----------------------------------------------------
median     radPhot       :      1.140922
err_plus   radPhot       :      0.272240
err_minus  radPhot       :      0.121212
-----------------------------------------------------
median     massfin       :      1.115599
err_plus   massfin       :      0.047835
err_minus  massfin       :      0.074627
-----------------------------------------------------
median     age           :   5327.951294
err_plus   age           :   1955.798680
err_minus  age           :   3767.904066
-----------------------------------------------------

Saved results to mnt/c/Users/georg/Documents/GitHub/Iwan-and-George-Year-4-Project/Results/JustKenResults.ascii.
Saved corner plot to mnt/c/Users/georg/Documents/GitHub/Iwan-and-George-Year-4-Project/Results/4911563216311083392_corner.png.
Saved Kiel diagram to mnt/c/Users/georg/Documents/GitHub/Iwan-and-George-Year-4-Project/Results/4911563216311083392_kiel.png.
Did not get any frequency file input, skipping ratios and echelle plots.
Saved dictionary to mnt/c/Users/georg/Documents/GitHub/Iwan-and-George-Year-4-Project/Results/4911563216311083392.json

Finished on 2024-01-20 18:01:02 (runtime 13.0 s).

