========================================================================================
                                         BASTA                                         
                             The BAyesian STellar Algorithm                             

                                     Version 1.2.1                                     

                                (c) 2022, The BASTA Team                                
                           https://github.com/BASTAcode/BASTA                           
========================================================================================

Run started on 2024-01-20 18:01:02 . 

Random numbers initialised with seed: 3178 .

Fitting star id: 4917441922731087488 .
* Using the grid '/root/BASTA/grids/Garstec_AS09_barbieMS.hdf5' of type 'sobol tracks'.
  - Grid built with BASTA version 1.3.1, timestamp: 2023-11-28 at 20:12:28.

Transforming solar-based asteroseismic quantities:
* Converting to solar units if needed...
* Solar model scaling not activated!  -->  Dnu will not be scaled.
Done!

Fitting information:
* Fitting parameters with values and uncertainties:
  - Teff: [5070.293, 7.0947]
  - FeH: [0.1281, 0.0102]

Additional input parameters and settings in alphabetical order:
* asciiparams: ['Teff', 'FeH', 'radPhot', 'massfin', 'age']
* centroid: median
* cornerplots: ['Teff', 'FeH', 'radPhot', 'massfin', 'age']
* dnu_scales: {}
* dnusun: 135.1
* freqplots: []
* inputfile: input_JustKen.xml
* kielplots: [True]
* numsun: 3090.0
* output: mnt/c/Users/georg/Documents/GitHub/Iwan-and-George-Year-4-Project/Results/
* plotfmt: png
* solarmodel: False
* uncert: quantiles

Weights and priors:
* Bayesian weights:
  - Along tracks: age
  - Between tracks: volume
* Flat, constrained priors and ranges:
  - Teff: [5049.0089, 5091.5770999999995]
  - FeH: [-0.12190000000000001, 0.3781]
* Additional priors (IMF): 


Computing likelihood of models in the grid (5977 tracks) ...
Done! Computed the likelihood of 10674 models, found 10674 models with non-zero likelihood!


*****************************************
**                                     **
**   Output and results from the fit   **
**                                     **
*****************************************


Highest likelihood model:
* Weighted, non-normalized log-probability: -3.5144548156716913
* Grid-index: grid/tracks/track5383[123], with parameters:
  - Name: track5383-1089.fgong
  - Teff      :  5070.537508 
  - FeH       :     0.127599 
  - radPhot   :     0.842949 
  - massfin   :     0.765674 
  - age       : 15989.065820 

Lowest chi2 model:
* chi2: 0.0035990180640213714
* Grid-index: grid/tracks/track5383[123], with parameters:
  - Name: track5383-1089.fgong
  - Teff      :  5070.537508 
  - FeH       :     0.127599 
  - radPhot   :     0.842949 
  - massfin   :     0.765674 
  - age       : 15989.065820 


Computing posterior distributions for the requested output parameters!
==> Summary statistics printed below ...

-----------------------------------------------------
median     Teff          :   5070.537508
err_plus   Teff          :      7.027602
err_minus  Teff          :      6.918432
-----------------------------------------------------
median     FeH           :      0.131082
err_plus   FeH           :      0.007370
err_minus  FeH           :      0.010268
-----------------------------------------------------
median     radPhot       :      0.842973
err_plus   radPhot       :      0.077065
err_minus  radPhot       :      0.057669
-----------------------------------------------------
median     massfin       :      0.846856
err_plus   massfin       :      0.052941
err_minus  massfin       :      0.055297
-----------------------------------------------------
median     age           :   8216.426921
err_plus   age           :   7772.638899
err_minus  age           :   3984.319381
-----------------------------------------------------

Saved results to mnt/c/Users/georg/Documents/GitHub/Iwan-and-George-Year-4-Project/Results/JustKenResults.ascii.
Saved corner plot to mnt/c/Users/georg/Documents/GitHub/Iwan-and-George-Year-4-Project/Results/4917441922731087488_corner.png.
Saved Kiel diagram to mnt/c/Users/georg/Documents/GitHub/Iwan-and-George-Year-4-Project/Results/4917441922731087488_kiel.png.
Did not get any frequency file input, skipping ratios and echelle plots.
Saved dictionary to mnt/c/Users/georg/Documents/GitHub/Iwan-and-George-Year-4-Project/Results/4917441922731087488.json

Finished on 2024-01-20 18:01:17 (runtime 15.0 s).

