========================================================================================
                                         BASTA                                         
                             The BAyesian STellar Algorithm                             

                                     Version 1.2.1                                     

                                (c) 2022, The BASTA Team                                
                           https://github.com/BASTAcode/BASTA                           
========================================================================================

Run started on 2024-01-20 18:01:17 . 

Random numbers initialised with seed: 3178 .

Fitting star id: 4968289907406396160 .
* Using the grid '/root/BASTA/grids/Garstec_AS09_barbieMS.hdf5' of type 'sobol tracks'.
  - Grid built with BASTA version 1.3.1, timestamp: 2023-11-28 at 20:12:28.

Transforming solar-based asteroseismic quantities:
* Converting to solar units if needed...
* Solar model scaling not activated!  -->  Dnu will not be scaled.
Done!

Fitting information:
* Fitting parameters with values and uncertainties:
  - Teff: [5706.2026, 79.48]
  - FeH: [0.177, 0.0785]

Additional input parameters and settings in alphabetical order:
* asciiparams: ['Teff', 'FeH', 'radPhot', 'massfin', 'age']
* centroid: median
* cornerplots: ['Teff', 'FeH', 'radPhot', 'massfin', 'age']
* dnu_scales: {}
* dnusun: 135.1
* freqplots: []
* inputfile: input_JustKen.xml
* kielplots: [True]
* numsun: 3090.0
* output: mnt/c/Users/georg/Documents/GitHub/Iwan-and-George-Year-4-Project/Results/
* plotfmt: png
* solarmodel: False
* uncert: quantiles

Weights and priors:
* Bayesian weights:
  - Along tracks: age
  - Between tracks: volume
* Flat, constrained priors and ranges:
  - Teff: [5467.7626, 5944.642599999999]
  - FeH: [-0.07300000000000001, 0.427]
* Additional priors (IMF): 


Computing likelihood of models in the grid (5977 tracks) ...
Done! Computed the likelihood of 215195 models, found 215195 models with non-zero likelihood!


*****************************************
**                                     **
**   Output and results from the fit   **
**                                     **
*****************************************


Highest likelihood model:
* Weighted, non-normalized log-probability: -4.72516387025223
* Grid-index: grid/tracks/track2859[7], with parameters:
  - Name: track2859-508.fgong
  - Teff      :  5708.254491 
  - FeH       :     0.170751 
  - radPhot   :     0.838254 
  - massfin   :     0.944995 
  - age       :   130.810245 

Lowest chi2 model:
* chi2: 3.882374727332951e-06
* Grid-index: grid/tracks/track1833[298], with parameters:
  - Name: track1833-1940.fgong
  - Teff      :  5706.140470 
  - FeH       :     0.176858 
  - radPhot   :     1.203141 
  - massfin   :     1.069500 
  - age       :  7232.173648 


Computing posterior distributions for the requested output parameters!
==> Summary statistics printed below ...

-----------------------------------------------------
median     Teff          :   5706.719322
err_plus   Teff          :     71.963572
err_minus  Teff          :     84.820600
-----------------------------------------------------
median     FeH           :      0.173571
err_plus   FeH           :      0.074010
err_minus  FeH           :      0.077418
-----------------------------------------------------
median     radPhot       :      1.101741
err_plus   radPhot       :      0.269236
err_minus  radPhot       :      0.143501
-----------------------------------------------------
median     massfin       :      1.048265
err_plus   massfin       :      0.085921
err_minus  massfin       :      0.072681
-----------------------------------------------------
median     age           :   5783.491871
err_plus   age           :   2916.341531
err_minus  age           :   3940.795886
-----------------------------------------------------

Saved results to mnt/c/Users/georg/Documents/GitHub/Iwan-and-George-Year-4-Project/Results/JustKenResults.ascii.
Saved corner plot to mnt/c/Users/georg/Documents/GitHub/Iwan-and-George-Year-4-Project/Results/4968289907406396160_corner.png.
Saved Kiel diagram to mnt/c/Users/georg/Documents/GitHub/Iwan-and-George-Year-4-Project/Results/4968289907406396160_kiel.png.
Did not get any frequency file input, skipping ratios and echelle plots.
Saved dictionary to mnt/c/Users/georg/Documents/GitHub/Iwan-and-George-Year-4-Project/Results/4968289907406396160.json

Finished on 2024-01-20 18:01:38 (runtime 21.0 s).

