========================================================================================
                                         BASTA                                         
                             The BAyesian STellar Algorithm                             

                                     Version 1.2.1                                     

                                (c) 2022, The BASTA Team                                
                           https://github.com/BASTAcode/BASTA                           
========================================================================================

Run started on 2024-01-20 18:01:51 . 

Random numbers initialised with seed: 3178 .

Fitting star id: 4990044668377961984 .
* Using the grid '/root/BASTA/grids/Garstec_AS09_barbieMS.hdf5' of type 'sobol tracks'.
  - Grid built with BASTA version 1.3.1, timestamp: 2023-11-28 at 20:12:28.

Transforming solar-based asteroseismic quantities:
* Converting to solar units if needed...
* Solar model scaling not activated!  -->  Dnu will not be scaled.
Done!

Fitting information:
* Fitting parameters with values and uncertainties:
  - Teff: [5617.147, 0.8603]
  - FeH: [0.0245, 0.0029]

Additional input parameters and settings in alphabetical order:
* asciiparams: ['Teff', 'FeH', 'radPhot', 'massfin', 'age']
* centroid: median
* cornerplots: ['Teff', 'FeH', 'radPhot', 'massfin', 'age']
* dnu_scales: {}
* dnusun: 135.1
* freqplots: []
* inputfile: input_JustKen.xml
* kielplots: [True]
* numsun: 3090.0
* output: mnt/c/Users/georg/Documents/GitHub/Iwan-and-George-Year-4-Project/Results/
* plotfmt: png
* solarmodel: False
* uncert: quantiles

Weights and priors:
* Bayesian weights:
  - Along tracks: age
  - Between tracks: volume
* Flat, constrained priors and ranges:
  - Teff: [5614.5661, 5619.7279]
  - FeH: [-0.2255, 0.2745]
* Additional priors (IMF): 


Computing likelihood of models in the grid (5977 tracks) ...
Done! Computed the likelihood of 1970 models, found 1970 models with non-zero likelihood!


*****************************************
**                                     **
**   Output and results from the fit   **
**                                     **
*****************************************


Highest likelihood model:
* Weighted, non-normalized log-probability: -4.781464089380835
* Grid-index: grid/tracks/track4609[258], with parameters:
  - Name: track4609-1760.fgong
  - Teff      :  5617.146712 
  - FeH       :     0.024921 
  - radPhot   :     1.294349 
  - massfin   :     0.951337 
  - age       : 10738.867830 

Lowest chi2 model:
* chi2: 0.021063636785001758
* Grid-index: grid/tracks/track4609[258], with parameters:
  - Name: track4609-1760.fgong
  - Teff      :  5617.146712 
  - FeH       :     0.024921 
  - radPhot   :     1.294349 
  - massfin   :     0.951337 
  - age       : 10738.867830 


Computing posterior distributions for the requested output parameters!
==> Summary statistics printed below ...

-----------------------------------------------------
median     Teff          :   5617.146712
err_plus   Teff          :      0.921512
err_minus  Teff          :      0.825077
-----------------------------------------------------
median     FeH           :      0.024439
err_plus   FeH           :      0.001985
err_minus  FeH           :      0.003688
-----------------------------------------------------
median     radPhot       :      0.999106
err_plus   radPhot       :      0.295243
err_minus  radPhot       :      0.158234
-----------------------------------------------------
median     massfin       :      0.942993
err_plus   massfin       :      0.016580
err_minus  massfin       :      0.044048
-----------------------------------------------------
median     age           :   6760.614473
err_plus   age           :   3978.253357
err_minus  age           :   5278.242393
-----------------------------------------------------

Saved results to mnt/c/Users/georg/Documents/GitHub/Iwan-and-George-Year-4-Project/Results/JustKenResults.ascii.
Saved corner plot to mnt/c/Users/georg/Documents/GitHub/Iwan-and-George-Year-4-Project/Results/4990044668377961984_corner.png.
Saved Kiel diagram to mnt/c/Users/georg/Documents/GitHub/Iwan-and-George-Year-4-Project/Results/4990044668377961984_kiel.png.
Did not get any frequency file input, skipping ratios and echelle plots.
Saved dictionary to mnt/c/Users/georg/Documents/GitHub/Iwan-and-George-Year-4-Project/Results/4990044668377961984.json

Finished on 2024-01-20 18:02:02 (runtime 11.0 s).

