========================================================================================
                                         BASTA                                         
                             The BAyesian STellar Algorithm                             

                                     Version 1.2.1                                     

                                (c) 2022, The BASTA Team                                
                           https://github.com/BASTAcode/BASTA                           
========================================================================================

Run started on 2024-01-20 18:02:03 . 

Random numbers initialised with seed: 3178 .

Fitting star id: 4994237247949280000 .
* Using the grid '/root/BASTA/grids/Garstec_AS09_barbieMS.hdf5' of type 'sobol tracks'.
  - Grid built with BASTA version 1.3.1, timestamp: 2023-11-28 at 20:12:28.

Transforming solar-based asteroseismic quantities:
* Converting to solar units if needed...
* Solar model scaling not activated!  -->  Dnu will not be scaled.
Done!

Fitting information:
* Fitting parameters with values and uncertainties:
  - Teff: [6454.3584, 7.917]
  - FeH: [-0.0729, 0.0067]

Additional input parameters and settings in alphabetical order:
* asciiparams: ['Teff', 'FeH', 'radPhot', 'massfin', 'age']
* centroid: median
* cornerplots: ['Teff', 'FeH', 'radPhot', 'massfin', 'age']
* dnu_scales: {}
* dnusun: 135.1
* freqplots: []
* inputfile: input_JustKen.xml
* kielplots: [True]
* numsun: 3090.0
* output: mnt/c/Users/georg/Documents/GitHub/Iwan-and-George-Year-4-Project/Results/
* plotfmt: png
* solarmodel: False
* uncert: quantiles

Weights and priors:
* Bayesian weights:
  - Along tracks: age
  - Between tracks: volume
* Flat, constrained priors and ranges:
  - Teff: [6430.6074, 6478.1094]
  - FeH: [-0.3229, 0.17709999999999998]
* Additional priors (IMF): 


Computing likelihood of models in the grid (5977 tracks) ...
Done! Computed the likelihood of 5059 models, found 5059 models with non-zero likelihood!


*****************************************
**                                     **
**   Output and results from the fit   **
**                                     **
*****************************************


Highest likelihood model:
* Weighted, non-normalized log-probability: -5.4359461677043175
* Grid-index: grid/tracks/track0381[7], with parameters:
  - Name: track0381-497.fgong
  - Teff      :  6454.776798 
  - FeH       :    -0.073831 
  - radPhot   :     1.041117 
  - massfin   :     1.081987 
  - age       :   130.052323 

Lowest chi2 model:
* chi2: 0.01498002624206424
* Grid-index: grid/tracks/track0381[6], with parameters:
  - Name: track0381-492.fgong
  - Teff      :  6454.118961 
  - FeH       :    -0.072105 
  - radPhot   :     1.039457 
  - massfin   :     1.081990 
  - age       :   107.352323 


Computing posterior distributions for the requested output parameters!
==> Summary statistics printed below ...

-----------------------------------------------------
median     Teff          :   6455.339776
err_plus   Teff          :      8.760688
err_minus  Teff          :     10.490593
-----------------------------------------------------
median     FeH           :     -0.073713
err_plus   FeH           :      0.006139
err_minus  FeH           :      0.006184
-----------------------------------------------------
median     radPhot       :      1.105453
err_plus   radPhot       :      0.070424
err_minus  radPhot       :      0.059654
-----------------------------------------------------
median     massfin       :      1.126830
err_plus   massfin       :      0.054942
err_minus  massfin       :      0.044842
-----------------------------------------------------
median     age           :    642.785670
err_plus   age           :    351.280769
err_minus  age           :    530.002604
-----------------------------------------------------

Saved results to mnt/c/Users/georg/Documents/GitHub/Iwan-and-George-Year-4-Project/Results/JustKenResults.ascii.
Saved corner plot to mnt/c/Users/georg/Documents/GitHub/Iwan-and-George-Year-4-Project/Results/4994237247949280000_corner.png.
Saved Kiel diagram to mnt/c/Users/georg/Documents/GitHub/Iwan-and-George-Year-4-Project/Results/4994237247949280000_kiel.png.
Did not get any frequency file input, skipping ratios and echelle plots.
Saved dictionary to mnt/c/Users/georg/Documents/GitHub/Iwan-and-George-Year-4-Project/Results/4994237247949280000.json

Finished on 2024-01-20 18:02:12 (runtime 9.0 s).

