========================================================================================
                                         BASTA                                         
                             The BAyesian STellar Algorithm                             

                                     Version 1.2.1                                     

                                (c) 2022, The BASTA Team                                
                           https://github.com/BASTAcode/BASTA                           
========================================================================================

Run started on 2024-01-20 18:02:13 . 

Random numbers initialised with seed: 3178 .

Fitting star id: 5019835424832215424 .
* Using the grid '/root/BASTA/grids/Garstec_AS09_barbieMS.hdf5' of type 'sobol tracks'.
  - Grid built with BASTA version 1.3.1, timestamp: 2023-11-28 at 20:12:28.

Transforming solar-based asteroseismic quantities:
* Converting to solar units if needed...
* Solar model scaling not activated!  -->  Dnu will not be scaled.
Done!

Fitting information:
* Fitting parameters with values and uncertainties:
  - Teff: [5120.498, 0.7647]
  - FeH: [0.2216, 0.0042]

Additional input parameters and settings in alphabetical order:
* asciiparams: ['Teff', 'FeH', 'radPhot', 'massfin', 'age']
* centroid: median
* cornerplots: ['Teff', 'FeH', 'radPhot', 'massfin', 'age']
* dnu_scales: {}
* dnusun: 135.1
* freqplots: []
* inputfile: input_JustKen.xml
* kielplots: [True]
* numsun: 3090.0
* output: mnt/c/Users/georg/Documents/GitHub/Iwan-and-George-Year-4-Project/Results/
* plotfmt: png
* solarmodel: False
* uncert: quantiles

Weights and priors:
* Bayesian weights:
  - Along tracks: age
  - Between tracks: volume
* Flat, constrained priors and ranges:
  - Teff: [5118.2038999999995, 5122.7921]
  - FeH: [-0.02840000000000001, 0.4716]
* Additional priors (IMF): 


Computing likelihood of models in the grid (5977 tracks) ...
Done! Computed the likelihood of 1833 models, found 1833 models with non-zero likelihood!


*****************************************
**                                     **
**   Output and results from the fit   **
**                                     **
*****************************************


Highest likelihood model:
* Weighted, non-normalized log-probability: -4.3957800600402965
* Grid-index: grid/tracks/track1091[30], with parameters:
  - Name: track1091-623.fgong
  - Teff      :  5120.206713 
  - FeH       :     0.219592 
  - radPhot   :     0.768242 
  - massfin   :     0.836950 
  - age       :  2153.354258 

Lowest chi2 model:
* chi2: 0.045865550240745796
* Grid-index: grid/tracks/track5163[157], with parameters:
  - Name: track5163-1268.fgong
  - Teff      :  5120.428553 
  - FeH       :     0.222415 
  - radPhot   :     0.881262 
  - massfin   :     0.942811 
  - age       :  6735.866654 


Computing posterior distributions for the requested output parameters!
==> Summary statistics printed below ...

-----------------------------------------------------
median     Teff          :   5120.382834
err_plus   Teff          :      1.051765
err_minus  Teff          :      0.721794
-----------------------------------------------------
median     FeH           :      0.223359
err_plus   FeH           :      0.003871
err_minus  FeH           :      0.004975
-----------------------------------------------------
median     radPhot       :      0.881795
err_plus   radPhot       :      0.098760
err_minus  radPhot       :      0.071334
-----------------------------------------------------
median     massfin       :      0.898816
err_plus   massfin       :      0.043993
err_minus  massfin       :      0.061866
-----------------------------------------------------
median     age           :  10102.635040
err_plus   age           :   5889.707340
err_minus  age           :   7949.280782
-----------------------------------------------------

Saved results to mnt/c/Users/georg/Documents/GitHub/Iwan-and-George-Year-4-Project/Results/JustKenResults.ascii.
Saved corner plot to mnt/c/Users/georg/Documents/GitHub/Iwan-and-George-Year-4-Project/Results/5019835424832215424_corner.png.
Saved Kiel diagram to mnt/c/Users/georg/Documents/GitHub/Iwan-and-George-Year-4-Project/Results/5019835424832215424_kiel.png.
Did not get any frequency file input, skipping ratios and echelle plots.
Saved dictionary to mnt/c/Users/georg/Documents/GitHub/Iwan-and-George-Year-4-Project/Results/5019835424832215424.json

Finished on 2024-01-20 18:02:25 (runtime 12.0 s).

