========================================================================================
                                         BASTA                                         
                             The BAyesian STellar Algorithm                             

                                     Version 1.2.1                                     

                                (c) 2022, The BASTA Team                                
                           https://github.com/BASTAcode/BASTA                           
========================================================================================

Run started on 2024-01-20 18:02:25 . 

Random numbers initialised with seed: 3178 .

Fitting star id: 5057924844082070016 .
* Using the grid '/root/BASTA/grids/Garstec_AS09_barbieMS.hdf5' of type 'sobol tracks'.
  - Grid built with BASTA version 1.3.1, timestamp: 2023-11-28 at 20:12:28.

Transforming solar-based asteroseismic quantities:
* Converting to solar units if needed...
* Solar model scaling not activated!  -->  Dnu will not be scaled.
Done!

Fitting information:
* Fitting parameters with values and uncertainties:
  - Teff: [5866.2603, 27.2857]
  - FeH: [-0.3282, 0.024]

Additional input parameters and settings in alphabetical order:
* asciiparams: ['Teff', 'FeH', 'radPhot', 'massfin', 'age']
* centroid: median
* cornerplots: ['Teff', 'FeH', 'radPhot', 'massfin', 'age']
* dnu_scales: {}
* dnusun: 135.1
* freqplots: []
* inputfile: input_JustKen.xml
* kielplots: [True]
* numsun: 3090.0
* output: mnt/c/Users/georg/Documents/GitHub/Iwan-and-George-Year-4-Project/Results/
* plotfmt: png
* solarmodel: False
* uncert: quantiles

Weights and priors:
* Bayesian weights:
  - Along tracks: age
  - Between tracks: volume
* Flat, constrained priors and ranges:
  - Teff: [5784.4032, 5948.1174]
  - FeH: [-0.5782, -0.07819999999999999]
* Additional priors (IMF): 


Computing likelihood of models in the grid (5977 tracks) ...
Done! Computed the likelihood of 37279 models, found 37279 models with non-zero likelihood!


*****************************************
**                                     **
**   Output and results from the fit   **
**                                     **
*****************************************


Highest likelihood model:
* Weighted, non-normalized log-probability: -4.082054552372325
* Grid-index: grid/tracks/track0104[41], with parameters:
  - Name: track0104-690.fgong
  - Teff      :  5861.856293 
  - FeH       :    -0.336496 
  - radPhot   :     0.774238 
  - massfin   :     0.812868 
  - age       :  3449.317909 

Lowest chi2 model:
* chi2: 0.003690259286238639
* Grid-index: grid/tracks/track1828[168], with parameters:
  - Name: track1828-1331.fgong
  - Teff      :  5865.640582 
  - FeH       :    -0.329552 
  - radPhot   :     0.985596 
  - massfin   :     0.912589 
  - age       :  7909.900649 


Computing posterior distributions for the requested output parameters!
==> Summary statistics printed below ...

-----------------------------------------------------
median     Teff          :   5867.705688
err_plus   Teff          :     27.140143
err_minus  Teff          :     28.539840
-----------------------------------------------------
median     FeH           :     -0.331330
err_plus   FeH           :      0.024719
err_minus  FeH           :      0.024477
-----------------------------------------------------
median     radPhot       :      0.901625
err_plus   radPhot       :      0.382623
err_minus  radPhot       :      0.093865
-----------------------------------------------------
median     massfin       :      0.862667
err_plus   massfin       :      0.057242
err_minus  massfin       :      0.052091
-----------------------------------------------------
median     age           :   6321.395587
err_plus   age           :   4399.415693
err_minus  age           :   3994.026680
-----------------------------------------------------

Saved results to mnt/c/Users/georg/Documents/GitHub/Iwan-and-George-Year-4-Project/Results/JustKenResults.ascii.
Saved corner plot to mnt/c/Users/georg/Documents/GitHub/Iwan-and-George-Year-4-Project/Results/5057924844082070016_corner.png.
Saved Kiel diagram to mnt/c/Users/georg/Documents/GitHub/Iwan-and-George-Year-4-Project/Results/5057924844082070016_kiel.png.
Did not get any frequency file input, skipping ratios and echelle plots.
Saved dictionary to mnt/c/Users/georg/Documents/GitHub/Iwan-and-George-Year-4-Project/Results/5057924844082070016.json

Finished on 2024-01-20 18:02:41 (runtime 16.0 s).

