========================================================================================
                                         BASTA                                         
                             The BAyesian STellar Algorithm                             

                                     Version 1.2.1                                     

                                (c) 2022, The BASTA Team                                
                           https://github.com/BASTAcode/BASTA                           
========================================================================================

Run started on 2024-01-20 18:02:41 . 

Random numbers initialised with seed: 3178 .

Fitting star id: 5065640460769428224 .
* Using the grid '/root/BASTA/grids/Garstec_AS09_barbieMS.hdf5' of type 'sobol tracks'.
  - Grid built with BASTA version 1.3.1, timestamp: 2023-11-28 at 20:12:28.

Transforming solar-based asteroseismic quantities:
* Converting to solar units if needed...
* Solar model scaling not activated!  -->  Dnu will not be scaled.
Done!

Fitting information:
* Fitting parameters with values and uncertainties:
  - Teff: [6002.626, 10.145]
  - FeH: [-0.2445, 0.0076]

Additional input parameters and settings in alphabetical order:
* asciiparams: ['Teff', 'FeH', 'radPhot', 'massfin', 'age']
* centroid: median
* cornerplots: ['Teff', 'FeH', 'radPhot', 'massfin', 'age']
* dnu_scales: {}
* dnusun: 135.1
* freqplots: []
* inputfile: input_JustKen.xml
* kielplots: [True]
* numsun: 3090.0
* output: mnt/c/Users/georg/Documents/GitHub/Iwan-and-George-Year-4-Project/Results/
* plotfmt: png
* solarmodel: False
* uncert: quantiles

Weights and priors:
* Bayesian weights:
  - Along tracks: age
  - Between tracks: volume
* Flat, constrained priors and ranges:
  - Teff: [5972.191, 6033.061000000001]
  - FeH: [-0.4945, 0.005500000000000005]
* Additional priors (IMF): 


Computing likelihood of models in the grid (5977 tracks) ...
Done! Computed the likelihood of 20325 models, found 20325 models with non-zero likelihood!


*****************************************
**                                     **
**   Output and results from the fit   **
**                                     **
*****************************************


Highest likelihood model:
* Weighted, non-normalized log-probability: -4.393289863078642
* Grid-index: grid/tracks/track5235[55], with parameters:
  - Name: track5235-754.fgong
  - Teff      :  6000.196935 
  - FeH       :    -0.245800 
  - radPhot   :     0.849242 
  - massfin   :     0.860826 
  - age       :  3524.719474 

Lowest chi2 model:
* chi2: 0.004625619732958797
* Grid-index: grid/tracks/track1454[59], with parameters:
  - Name: track1454-778.fgong
  - Teff      :  6002.291440 
  - FeH       :    -0.244048 
  - radPhot   :     0.953029 
  - massfin   :     1.009878 
  - age       :  1854.841881 


Computing posterior distributions for the requested output parameters!
==> Summary statistics printed below ...

-----------------------------------------------------
median     Teff          :   6000.875932
err_plus   Teff          :     10.686954
err_minus  Teff          :      8.801805
-----------------------------------------------------
median     FeH           :     -0.244637
err_plus   FeH           :      0.006912
err_minus  FeH           :      0.006968
-----------------------------------------------------
median     radPhot       :      1.031436
err_plus   radPhot       :      0.306707
err_minus  radPhot       :      0.093853
-----------------------------------------------------
median     massfin       :      0.971663
err_plus   massfin       :      0.038217
err_minus  massfin       :      0.071682
-----------------------------------------------------
median     age           :   6447.130331
err_plus   age           :   1628.824985
err_minus  age           :   3430.401277
-----------------------------------------------------

Saved results to mnt/c/Users/georg/Documents/GitHub/Iwan-and-George-Year-4-Project/Results/JustKenResults.ascii.
Saved corner plot to mnt/c/Users/georg/Documents/GitHub/Iwan-and-George-Year-4-Project/Results/5065640460769428224_corner.png.
Saved Kiel diagram to mnt/c/Users/georg/Documents/GitHub/Iwan-and-George-Year-4-Project/Results/5065640460769428224_kiel.png.
Did not get any frequency file input, skipping ratios and echelle plots.
Saved dictionary to mnt/c/Users/georg/Documents/GitHub/Iwan-and-George-Year-4-Project/Results/5065640460769428224.json

Finished on 2024-01-20 18:02:55 (runtime 14.0 s).

