========================================================================================
                                         BASTA                                         
                             The BAyesian STellar Algorithm                             

                                     Version 1.2.1                                     

                                (c) 2022, The BASTA Team                                
                           https://github.com/BASTAcode/BASTA                           
========================================================================================

Run started on 2024-01-20 18:02:55 . 

Random numbers initialised with seed: 3178 .

Fitting star id: 5086537022856406272 .
* Using the grid '/root/BASTA/grids/Garstec_AS09_barbieMS.hdf5' of type 'sobol tracks'.
  - Grid built with BASTA version 1.3.1, timestamp: 2023-11-28 at 20:12:28.

Transforming solar-based asteroseismic quantities:
* Converting to solar units if needed...
* Solar model scaling not activated!  -->  Dnu will not be scaled.
Done!

Fitting information:
* Fitting parameters with values and uncertainties:
  - Teff: [5925.6445, 5.3438]
  - FeH: [0.0745, 0.0058]

Additional input parameters and settings in alphabetical order:
* asciiparams: ['Teff', 'FeH', 'radPhot', 'massfin', 'age']
* centroid: median
* cornerplots: ['Teff', 'FeH', 'radPhot', 'massfin', 'age']
* dnu_scales: {}
* dnusun: 135.1
* freqplots: []
* inputfile: input_JustKen.xml
* kielplots: [True]
* numsun: 3090.0
* output: mnt/c/Users/georg/Documents/GitHub/Iwan-and-George-Year-4-Project/Results/
* plotfmt: png
* solarmodel: False
* uncert: quantiles

Weights and priors:
* Bayesian weights:
  - Along tracks: age
  - Between tracks: volume
* Flat, constrained priors and ranges:
  - Teff: [5909.6131000000005, 5941.6759]
  - FeH: [-0.1755, 0.3245]
* Additional priors (IMF): 


Computing likelihood of models in the grid (5977 tracks) ...
Done! Computed the likelihood of 12519 models, found 12519 models with non-zero likelihood!


*****************************************
**                                     **
**   Output and results from the fit   **
**                                     **
*****************************************


Highest likelihood model:
* Weighted, non-normalized log-probability: -5.143416556975924
* Grid-index: grid/tracks/track1113[26], with parameters:
  - Name: track1113-584.fgong
  - Teff      :  5926.925304 
  - FeH       :     0.075664 
  - radPhot   :     0.980389 
  - massfin   :     1.040957 
  - age       :   640.889551 

Lowest chi2 model:
* chi2: 0.09773880315255828
* Grid-index: grid/tracks/track1113[26], with parameters:
  - Name: track1113-584.fgong
  - Teff      :  5926.925304 
  - FeH       :     0.075664 
  - radPhot   :     0.980389 
  - massfin   :     1.040957 
  - age       :   640.889551 


Computing posterior distributions for the requested output parameters!
==> Summary statistics printed below ...

-----------------------------------------------------
median     Teff          :   5925.989047
err_plus   Teff          :      6.749265
err_minus  Teff          :      5.116553
-----------------------------------------------------
median     FeH           :      0.076560
err_plus   FeH           :      0.004901
err_minus  FeH           :      0.006173
-----------------------------------------------------
median     radPhot       :      1.130211
err_plus   radPhot       :      0.293656
err_minus  radPhot       :      0.151096
-----------------------------------------------------
median     massfin       :      1.040965
err_plus   massfin       :      0.094342
err_minus  massfin       :      0.026481
-----------------------------------------------------
median     age           :   4720.724523
err_plus   age           :   1784.620179
err_minus  age           :   3458.249257
-----------------------------------------------------

Saved results to mnt/c/Users/georg/Documents/GitHub/Iwan-and-George-Year-4-Project/Results/JustKenResults.ascii.
Saved corner plot to mnt/c/Users/georg/Documents/GitHub/Iwan-and-George-Year-4-Project/Results/5086537022856406272_corner.png.
Saved Kiel diagram to mnt/c/Users/georg/Documents/GitHub/Iwan-and-George-Year-4-Project/Results/5086537022856406272_kiel.png.
Did not get any frequency file input, skipping ratios and echelle plots.
Saved dictionary to mnt/c/Users/georg/Documents/GitHub/Iwan-and-George-Year-4-Project/Results/5086537022856406272.json

Finished on 2024-01-20 18:03:08 (runtime 13.0 s).

