========================================================================================
                                         BASTA                                         
                             The BAyesian STellar Algorithm                             

                                     Version 1.2.1                                     

                                (c) 2022, The BASTA Team                                
                           https://github.com/BASTAcode/BASTA                           
========================================================================================

Run started on 2024-01-20 18:03:09 . 

Random numbers initialised with seed: 3178 .

Fitting star id: 5089851638095503616 .
* Using the grid '/root/BASTA/grids/Garstec_AS09_barbieMS.hdf5' of type 'sobol tracks'.
  - Grid built with BASTA version 1.3.1, timestamp: 2023-11-28 at 20:12:28.

Transforming solar-based asteroseismic quantities:
* Converting to solar units if needed...
* Solar model scaling not activated!  -->  Dnu will not be scaled.
Done!

Fitting information:
* Fitting parameters with values and uncertainties:
  - Teff: [6178.663, 25.3966]
  - FeH: [-0.3669, 0.0155]

Additional input parameters and settings in alphabetical order:
* asciiparams: ['Teff', 'FeH', 'radPhot', 'massfin', 'age']
* centroid: median
* cornerplots: ['Teff', 'FeH', 'radPhot', 'massfin', 'age']
* dnu_scales: {}
* dnusun: 135.1
* freqplots: []
* inputfile: input_JustKen.xml
* kielplots: [True]
* numsun: 3090.0
* output: mnt/c/Users/georg/Documents/GitHub/Iwan-and-George-Year-4-Project/Results/
* plotfmt: png
* solarmodel: False
* uncert: quantiles

Weights and priors:
* Bayesian weights:
  - Along tracks: age
  - Between tracks: volume
* Flat, constrained priors and ranges:
  - Teff: [6102.473199999999, 6254.8528]
  - FeH: [-0.6169, -0.1169]
* Additional priors (IMF): 


Computing likelihood of models in the grid (5977 tracks) ...
Done! Computed the likelihood of 43981 models, found 43981 models with non-zero likelihood!


*****************************************
**                                     **
**   Output and results from the fit   **
**                                     **
*****************************************


Highest likelihood model:
* Weighted, non-normalized log-probability: -4.55638490001746
* Grid-index: grid/tracks/track3884[120], with parameters:
  - Name: track3884-1072.fgong
  - Teff      :  6169.279943 
  - FeH       :    -0.366198 
  - radPhot   :     1.084276 
  - massfin   :     0.881518 
  - age       :  6817.665788 

Lowest chi2 model:
* chi2: 0.0006274011336090173
* Grid-index: grid/tracks/track0901[281], with parameters:
  - Name: track0901-1843.fgong
  - Teff      :  6178.475247 
  - FeH       :    -0.367271 
  - radPhot   :     1.587560 
  - massfin   :     1.141210 
  - age       :  5386.144729 


Computing posterior distributions for the requested output parameters!
==> Summary statistics printed below ...

-----------------------------------------------------
median     Teff          :   6179.750216
err_plus   Teff          :     27.387603
err_minus  Teff          :     28.316945
-----------------------------------------------------
median     FeH           :     -0.366482
err_plus   FeH           :      0.016007
err_minus  FeH           :      0.016828
-----------------------------------------------------
median     radPhot       :      1.032862
err_plus   radPhot       :      0.357354
err_minus  radPhot       :      0.125487
-----------------------------------------------------
median     massfin       :      0.957419
err_plus   massfin       :      0.077044
err_minus  massfin       :      0.061521
-----------------------------------------------------
median     age           :   4554.840164
err_plus   age           :   1987.665728
err_minus  age           :   2974.175621
-----------------------------------------------------

Saved results to mnt/c/Users/georg/Documents/GitHub/Iwan-and-George-Year-4-Project/Results/JustKenResults.ascii.
Saved corner plot to mnt/c/Users/georg/Documents/GitHub/Iwan-and-George-Year-4-Project/Results/5089851638095503616_corner.png.
Saved Kiel diagram to mnt/c/Users/georg/Documents/GitHub/Iwan-and-George-Year-4-Project/Results/5089851638095503616_kiel.png.
Did not get any frequency file input, skipping ratios and echelle plots.
Saved dictionary to mnt/c/Users/georg/Documents/GitHub/Iwan-and-George-Year-4-Project/Results/5089851638095503616.json

Finished on 2024-01-20 18:03:24 (runtime 15.0 s).

