========================================================================================
                                         BASTA                                         
                             The BAyesian STellar Algorithm                             

                                     Version 1.2.1                                     

                                (c) 2022, The BASTA Team                                
                           https://github.com/BASTAcode/BASTA                           
========================================================================================

Run started on 2024-01-20 18:03:25 . 

Random numbers initialised with seed: 3178 .

Fitting star id: 5175239363214344960 .
* Using the grid '/root/BASTA/grids/Garstec_AS09_barbieMS.hdf5' of type 'sobol tracks'.
  - Grid built with BASTA version 1.3.1, timestamp: 2023-11-28 at 20:12:28.

Transforming solar-based asteroseismic quantities:
* Converting to solar units if needed...
* Solar model scaling not activated!  -->  Dnu will not be scaled.
Done!

Fitting information:
* Fitting parameters with values and uncertainties:
  - Teff: [4756.42, 1.658]
  - FeH: [0.0615, 0.0076]

Additional input parameters and settings in alphabetical order:
* asciiparams: ['Teff', 'FeH', 'radPhot', 'massfin', 'age']
* centroid: median
* cornerplots: ['Teff', 'FeH', 'radPhot', 'massfin', 'age']
* dnu_scales: {}
* dnusun: 135.1
* freqplots: []
* inputfile: input_JustKen.xml
* kielplots: [True]
* numsun: 3090.0
* output: mnt/c/Users/georg/Documents/GitHub/Iwan-and-George-Year-4-Project/Results/
* plotfmt: png
* solarmodel: False
* uncert: quantiles

Weights and priors:
* Bayesian weights:
  - Along tracks: age
  - Between tracks: volume
* Flat, constrained priors and ranges:
  - Teff: [4751.446, 4761.394]
  - FeH: [-0.1885, 0.3115]
* Additional priors (IMF): 


Computing likelihood of models in the grid (5977 tracks) ...
Done! Computed the likelihood of 1077 models, found 1077 models with non-zero likelihood!


*****************************************
**                                     **
**   Output and results from the fit   **
**                                     **
*****************************************


Highest likelihood model:
* Weighted, non-normalized log-probability: -3.6117144484175348
* Grid-index: grid/tracks/track5535[88], with parameters:
  - Name: track5535-918.fgong
  - Teff      :  4756.913947 
  - FeH       :     0.067210 
  - radPhot   :     0.741658 
  - massfin   :     0.720793 
  - age       : 15151.073000 

Lowest chi2 model:
* chi2: 0.14312858162971953
* Grid-index: grid/tracks/track5127[110], with parameters:
  - Name: track5127-1033.fgong
  - Teff      :  4756.013057 
  - FeH       :     0.059312 
  - radPhot   :     0.764629 
  - massfin   :     0.762784 
  - age       : 14660.877380 


Computing posterior distributions for the requested output parameters!
==> Summary statistics printed below ...

-----------------------------------------------------
median     Teff          :   4756.696146
err_plus   Teff          :      1.487563
err_minus  Teff          :      1.779253
-----------------------------------------------------
median     FeH           :      0.060254
err_plus   FeH           :      0.008141
err_minus  FeH           :      0.008963
-----------------------------------------------------
median     radPhot       :      0.747279
err_plus   radPhot       :      0.021951
err_minus  radPhot       :      0.054976
-----------------------------------------------------
median     massfin       :      0.754986
err_plus   massfin       :      0.027718
err_minus  massfin       :      0.035071
-----------------------------------------------------
median     age           :   8366.195857
err_plus   age           :   8383.089223
err_minus  age           :   3173.667559
-----------------------------------------------------

Saved results to mnt/c/Users/georg/Documents/GitHub/Iwan-and-George-Year-4-Project/Results/JustKenResults.ascii.
Saved corner plot to mnt/c/Users/georg/Documents/GitHub/Iwan-and-George-Year-4-Project/Results/5175239363214344960_corner.png.
Saved Kiel diagram to mnt/c/Users/georg/Documents/GitHub/Iwan-and-George-Year-4-Project/Results/5175239363214344960_kiel.png.
Did not get any frequency file input, skipping ratios and echelle plots.
Saved dictionary to mnt/c/Users/georg/Documents/GitHub/Iwan-and-George-Year-4-Project/Results/5175239363214344960.json

Finished on 2024-01-20 18:03:35 (runtime 10.0 s).

