========================================================================================
                                         BASTA                                         
                             The BAyesian STellar Algorithm                             

                                     Version 1.2.1                                     

                                (c) 2022, The BASTA Team                                
                           https://github.com/BASTAcode/BASTA                           
========================================================================================

Run started on 2024-01-20 18:04:29 . 

Random numbers initialised with seed: 3178 .

Fitting star id: 5284358990266469760 .
* Using the grid '/root/BASTA/grids/Garstec_AS09_barbieMS.hdf5' of type 'sobol tracks'.
  - Grid built with BASTA version 1.3.1, timestamp: 2023-11-28 at 20:12:28.

Transforming solar-based asteroseismic quantities:
* Converting to solar units if needed...
* Solar model scaling not activated!  -->  Dnu will not be scaled.
Done!

Fitting information:
* Fitting parameters with values and uncertainties:
  - Teff: [4526.034, 56.1144]
  - FeH: [0.1973, 0.1092]

Additional input parameters and settings in alphabetical order:
* asciiparams: ['Teff', 'FeH', 'radPhot', 'massfin', 'age']
* centroid: median
* cornerplots: ['Teff', 'FeH', 'radPhot', 'massfin', 'age']
* dnu_scales: {}
* dnusun: 135.1
* freqplots: []
* inputfile: input_JustKen.xml
* kielplots: [True]
* numsun: 3090.0
* output: mnt/c/Users/georg/Documents/GitHub/Iwan-and-George-Year-4-Project/Results/
* plotfmt: png
* solarmodel: False
* uncert: quantiles

Weights and priors:
* Bayesian weights:
  - Along tracks: age
  - Between tracks: volume
* Flat, constrained priors and ranges:
  - Teff: [4357.690799999999, 4694.3772]
  - FeH: [-0.0527, 0.44730000000000003]
* Additional priors (IMF): 


Computing likelihood of models in the grid (5977 tracks) ...
Done! Computed the likelihood of 39716 models, found 39716 models with non-zero likelihood!


*****************************************
**                                     **
**   Output and results from the fit   **
**                                     **
*****************************************


Highest likelihood model:
* Weighted, non-normalized log-probability: -3.086979783785376
* Grid-index: grid/tracks/track4319[28], with parameters:
  - Name: track4319-614.fgong
  - Teff      :  4525.495959 
  - FeH       :     0.193123 
  - radPhot   :     0.679769 
  - massfin   :     0.724952 
  - age       :  4339.886223 

Lowest chi2 model:
* chi2: 0.0001229555901019806
* Grid-index: grid/tracks/track3567[64], with parameters:
  - Name: track3567-792.fgong
  - Teff      :  4525.416424 
  - FeH       :     0.197448 
  - radPhot   :     0.717447 
  - massfin   :     0.747891 
  - age       :  9288.417947 


Computing posterior distributions for the requested output parameters!
==> Summary statistics printed below ...

-----------------------------------------------------
median     Teff          :   4532.400036
err_plus   Teff          :     52.968602
err_minus  Teff          :     56.028808
-----------------------------------------------------
median     FeH           :      0.226606
err_plus   FeH           :      0.097283
err_minus  FeH           :      0.098583
-----------------------------------------------------
median     radPhot       :      0.725535
err_plus   radPhot       :      0.045243
err_minus  radPhot       :      0.039456
-----------------------------------------------------
median     massfin       :      0.760904
err_plus   massfin       :      0.048984
err_minus  massfin       :      0.037097
-----------------------------------------------------
median     age           :   8446.743894
err_plus   age           :   7105.843080
err_minus  age           :   5764.984866
-----------------------------------------------------

Saved results to mnt/c/Users/georg/Documents/GitHub/Iwan-and-George-Year-4-Project/Results/JustKenResults.ascii.
Saved corner plot to mnt/c/Users/georg/Documents/GitHub/Iwan-and-George-Year-4-Project/Results/5284358990266469760_corner.png.
Saved Kiel diagram to mnt/c/Users/georg/Documents/GitHub/Iwan-and-George-Year-4-Project/Results/5284358990266469760_kiel.png.
Did not get any frequency file input, skipping ratios and echelle plots.
Saved dictionary to mnt/c/Users/georg/Documents/GitHub/Iwan-and-George-Year-4-Project/Results/5284358990266469760.json

Finished on 2024-01-20 18:04:42 (runtime 13.0 s).

