========================================================================================
                                         BASTA                                         
                             The BAyesian STellar Algorithm                             

                                     Version 1.2.1                                     

                                (c) 2022, The BASTA Team                                
                           https://github.com/BASTAcode/BASTA                           
========================================================================================

Run started on 2024-01-20 18:04:42 . 

Random numbers initialised with seed: 3178 .

Fitting star id: 5288681857665822080 .
* Using the grid '/root/BASTA/grids/Garstec_AS09_barbieMS.hdf5' of type 'sobol tracks'.
  - Grid built with BASTA version 1.3.1, timestamp: 2023-11-28 at 20:12:28.

Transforming solar-based asteroseismic quantities:
* Converting to solar units if needed...
* Solar model scaling not activated!  -->  Dnu will not be scaled.
Done!

Fitting information:
* Fitting parameters with values and uncertainties:
  - Teff: [6040.2407, 9.3086]
  - FeH: [-0.2456, 0.0074]

Additional input parameters and settings in alphabetical order:
* asciiparams: ['Teff', 'FeH', 'radPhot', 'massfin', 'age']
* centroid: median
* cornerplots: ['Teff', 'FeH', 'radPhot', 'massfin', 'age']
* dnu_scales: {}
* dnusun: 135.1
* freqplots: []
* inputfile: input_JustKen.xml
* kielplots: [True]
* numsun: 3090.0
* output: mnt/c/Users/georg/Documents/GitHub/Iwan-and-George-Year-4-Project/Results/
* plotfmt: png
* solarmodel: False
* uncert: quantiles

Weights and priors:
* Bayesian weights:
  - Along tracks: age
  - Between tracks: volume
* Flat, constrained priors and ranges:
  - Teff: [6012.3149, 6068.1665]
  - FeH: [-0.49560000000000004, 0.004399999999999987]
* Additional priors (IMF): 


Computing likelihood of models in the grid (5977 tracks) ...
Done! Computed the likelihood of 18817 models, found 18817 models with non-zero likelihood!


*****************************************
**                                     **
**   Output and results from the fit   **
**                                     **
*****************************************


Highest likelihood model:
* Weighted, non-normalized log-probability: -4.626895230246722
* Grid-index: grid/tracks/track3884[19], with parameters:
  - Name: track3884-567.fgong
  - Teff      :  6043.311332 
  - FeH       :    -0.242542 
  - radPhot   :     0.818344 
  - massfin   :     0.881956 
  - age       :   858.665788 

Lowest chi2 model:
* chi2: 0.010193147175377027
* Grid-index: grid/tracks/track1835[131], with parameters:
  - Name: track1835-1125.fgong
  - Teff      :  6041.144675 
  - FeH       :    -0.245396 
  - radPhot   :     1.082429 
  - massfin   :     0.943605 
  - age       :  5502.554569 


Computing posterior distributions for the requested output parameters!
==> Summary statistics printed below ...

-----------------------------------------------------
median     Teff          :   6042.795543
err_plus   Teff          :      7.359791
err_minus  Teff          :      9.358288
-----------------------------------------------------
median     FeH           :     -0.246081
err_plus   FeH           :      0.008031
err_minus  FeH           :      0.007454
-----------------------------------------------------
median     radPhot       :      1.068388
err_plus   radPhot       :      0.322826
err_minus  radPhot       :      0.183028
-----------------------------------------------------
median     massfin       :      0.953494
err_plus   massfin       :      0.063459
err_minus  massfin       :      0.071538
-----------------------------------------------------
median     age           :   5849.754569
err_plus   age           :   1460.433168
err_minus  age           :   4469.113957
-----------------------------------------------------

Saved results to mnt/c/Users/georg/Documents/GitHub/Iwan-and-George-Year-4-Project/Results/JustKenResults.ascii.
Saved corner plot to mnt/c/Users/georg/Documents/GitHub/Iwan-and-George-Year-4-Project/Results/5288681857665822080_corner.png.
Saved Kiel diagram to mnt/c/Users/georg/Documents/GitHub/Iwan-and-George-Year-4-Project/Results/5288681857665822080_kiel.png.
Did not get any frequency file input, skipping ratios and echelle plots.
Saved dictionary to mnt/c/Users/georg/Documents/GitHub/Iwan-and-George-Year-4-Project/Results/5288681857665822080.json

Finished on 2024-01-20 18:04:56 (runtime 14.0 s).

