========================================================================================
                                         BASTA                                         
                             The BAyesian STellar Algorithm                             

                                     Version 1.2.1                                     

                                (c) 2022, The BASTA Team                                
                           https://github.com/BASTAcode/BASTA                           
========================================================================================

Run started on 2024-01-20 18:04:56 . 

Random numbers initialised with seed: 3178 .

Fitting star id: 5305241494923209856 .
* Using the grid '/root/BASTA/grids/Garstec_AS09_barbieMS.hdf5' of type 'sobol tracks'.
  - Grid built with BASTA version 1.3.1, timestamp: 2023-11-28 at 20:12:28.

Transforming solar-based asteroseismic quantities:
* Converting to solar units if needed...
* Solar model scaling not activated!  -->  Dnu will not be scaled.
Done!

Fitting information:
* Fitting parameters with values and uncertainties:
  - Teff: [6008.917, 13.745]
  - FeH: [-0.7038, 0.0231]

Additional input parameters and settings in alphabetical order:
* asciiparams: ['Teff', 'FeH', 'radPhot', 'massfin', 'age']
* centroid: median
* cornerplots: ['Teff', 'FeH', 'radPhot', 'massfin', 'age']
* dnu_scales: {}
* dnusun: 135.1
* freqplots: []
* inputfile: input_JustKen.xml
* kielplots: [True]
* numsun: 3090.0
* output: mnt/c/Users/georg/Documents/GitHub/Iwan-and-George-Year-4-Project/Results/
* plotfmt: png
* solarmodel: False
* uncert: quantiles

Weights and priors:
* Bayesian weights:
  - Along tracks: age
  - Between tracks: volume
* Flat, constrained priors and ranges:
  - Teff: [5967.682000000001, 6050.152]
  - FeH: [-0.9538, -0.4538]
* Additional priors (IMF): 


Computing likelihood of models in the grid (5977 tracks) ...
Done! Computed the likelihood of 12208 models, found 12208 models with non-zero likelihood!


*****************************************
**                                     **
**   Output and results from the fit   **
**                                     **
*****************************************


Highest likelihood model:
* Weighted, non-normalized log-probability: -3.5401617537465397
* Grid-index: grid/tracks/track4560[96], with parameters:
  - Name: track4560-961.fgong
  - Teff      :  6009.082026 
  - FeH       :    -0.707344 
  - radPhot   :     1.161268 
  - massfin   :     0.754316 
  - age       : 13268.859100 

Lowest chi2 model:
* chi2: 0.011229397345996046
* Grid-index: grid/tracks/track2204[143], with parameters:
  - Name: track2204-1187.fgong
  - Teff      :  6009.269726 
  - FeH       :    -0.706175 
  - radPhot   :     1.457347 
  - massfin   :     0.846172 
  - age       : 10618.752410 


Computing posterior distributions for the requested output parameters!
==> Summary statistics printed below ...

-----------------------------------------------------
median     Teff          :   6008.407972
err_plus   Teff          :     13.344026
err_minus  Teff          :     14.543694
-----------------------------------------------------
median     FeH           :     -0.709138
err_plus   FeH           :      0.031128
err_minus  FeH           :      0.022389
-----------------------------------------------------
median     radPhot       :      0.899744
err_plus   radPhot       :      0.261525
err_minus  radPhot       :      0.141231
-----------------------------------------------------
median     massfin       :      0.805489
err_plus   massfin       :      0.041905
err_minus  massfin       :      0.051189
-----------------------------------------------------
median     age           :   8987.472398
err_plus   age           :   3067.540552
err_minus  age           :   6481.374774
-----------------------------------------------------

Saved results to mnt/c/Users/georg/Documents/GitHub/Iwan-and-George-Year-4-Project/Results/JustKenResults.ascii.
Saved corner plot to mnt/c/Users/georg/Documents/GitHub/Iwan-and-George-Year-4-Project/Results/5305241494923209856_corner.png.
Saved Kiel diagram to mnt/c/Users/georg/Documents/GitHub/Iwan-and-George-Year-4-Project/Results/5305241494923209856_kiel.png.
Did not get any frequency file input, skipping ratios and echelle plots.
Saved dictionary to mnt/c/Users/georg/Documents/GitHub/Iwan-and-George-Year-4-Project/Results/5305241494923209856.json

Finished on 2024-01-20 18:05:12 (runtime 16.0 s).

