========================================================================================
                                         BASTA                                         
                             The BAyesian STellar Algorithm                             

                                     Version 1.2.1                                     

                                (c) 2022, The BASTA Team                                
                           https://github.com/BASTAcode/BASTA                           
========================================================================================

Run started on 2024-01-20 18:05:12 . 

Random numbers initialised with seed: 3178 .

Fitting star id: 5337273743301313536 .
* Using the grid '/root/BASTA/grids/Garstec_AS09_barbieMS.hdf5' of type 'sobol tracks'.
  - Grid built with BASTA version 1.3.1, timestamp: 2023-11-28 at 20:12:28.

Transforming solar-based asteroseismic quantities:
* Converting to solar units if needed...
* Solar model scaling not activated!  -->  Dnu will not be scaled.
Done!

Fitting information:
* Fitting parameters with values and uncertainties:
  - Teff: [6679.9697, 22.2933]
  - FeH: [-0.443, 0.0138]

Additional input parameters and settings in alphabetical order:
* asciiparams: ['Teff', 'FeH', 'radPhot', 'massfin', 'age']
* centroid: median
* cornerplots: ['Teff', 'FeH', 'radPhot', 'massfin', 'age']
* dnu_scales: {}
* dnusun: 135.1
* freqplots: []
* inputfile: input_JustKen.xml
* kielplots: [True]
* numsun: 3090.0
* output: mnt/c/Users/georg/Documents/GitHub/Iwan-and-George-Year-4-Project/Results/
* plotfmt: png
* solarmodel: False
* uncert: quantiles

Weights and priors:
* Bayesian weights:
  - Along tracks: age
  - Between tracks: volume
* Flat, constrained priors and ranges:
  - Teff: [6613.0898, 6746.8496]
  - FeH: [-0.6930000000000001, -0.193]
* Additional priors (IMF): 


Computing likelihood of models in the grid (5977 tracks) ...
Done! Computed the likelihood of 9259 models, found 9259 models with non-zero likelihood!


*****************************************
**                                     **
**   Output and results from the fit   **
**                                     **
*****************************************


Highest likelihood model:
* Weighted, non-normalized log-probability: -5.148773632674088
* Grid-index: grid/tracks/track3782[18], with parameters:
  - Name: track3782-555.fgong
  - Teff      :  6675.797811 
  - FeH       :    -0.441674 
  - radPhot   :     0.999479 
  - massfin   :     1.023947 
  - age       :   472.955341 

Lowest chi2 model:
* chi2: 0.0011049620992697865
* Grid-index: grid/tracks/track5466[19], with parameters:
  - Name: track5466-532.fgong
  - Teff      :  6679.612953 
  - FeH       :    -0.443402 
  - radPhot   :     1.135276 
  - massfin   :     1.168953 
  - age       :   325.019979 


Computing posterior distributions for the requested output parameters!
==> Summary statistics printed below ...

-----------------------------------------------------
median     Teff          :   6676.742611
err_plus   Teff          :     23.714333
err_minus  Teff          :     18.726595
-----------------------------------------------------
median     FeH           :     -0.443402
err_plus   FeH           :      0.013740
err_minus  FeH           :      0.013664
-----------------------------------------------------
median     radPhot       :      1.132407
err_plus   radPhot       :      0.105326
err_minus  radPhot       :      0.121816
-----------------------------------------------------
median     massfin       :      1.122899
err_plus   massfin       :      0.042936
err_minus  massfin       :      0.073092
-----------------------------------------------------
median     age           :    797.847494
err_plus   age           :    639.448363
err_minus  age           :    497.020579
-----------------------------------------------------

Saved results to mnt/c/Users/georg/Documents/GitHub/Iwan-and-George-Year-4-Project/Results/JustKenResults.ascii.
Saved corner plot to mnt/c/Users/georg/Documents/GitHub/Iwan-and-George-Year-4-Project/Results/5337273743301313536_corner.png.
Saved Kiel diagram to mnt/c/Users/georg/Documents/GitHub/Iwan-and-George-Year-4-Project/Results/5337273743301313536_kiel.png.
Did not get any frequency file input, skipping ratios and echelle plots.
Saved dictionary to mnt/c/Users/georg/Documents/GitHub/Iwan-and-George-Year-4-Project/Results/5337273743301313536.json

Finished on 2024-01-20 18:05:25 (runtime 13.0 s).

