========================================================================================
                                         BASTA                                         
                             The BAyesian STellar Algorithm                             

                                     Version 1.2.1                                     

                                (c) 2022, The BASTA Team                                
                           https://github.com/BASTAcode/BASTA                           
========================================================================================

Run started on 2024-01-20 18:05:32 . 

Random numbers initialised with seed: 3178 .

Fitting star id: 5351820556994135296 .
* Using the grid '/root/BASTA/grids/Garstec_AS09_barbieMS.hdf5' of type 'sobol tracks'.
  - Grid built with BASTA version 1.3.1, timestamp: 2023-11-28 at 20:12:28.

Transforming solar-based asteroseismic quantities:
* Converting to solar units if needed...
* Solar model scaling not activated!  -->  Dnu will not be scaled.
Done!

Fitting information:
* Fitting parameters with values and uncertainties:
  - Teff: [6568.681, 7.985]
  - FeH: [-0.1667, 0.0067]

Additional input parameters and settings in alphabetical order:
* asciiparams: ['Teff', 'FeH', 'radPhot', 'massfin', 'age']
* centroid: median
* cornerplots: ['Teff', 'FeH', 'radPhot', 'massfin', 'age']
* dnu_scales: {}
* dnusun: 135.1
* freqplots: []
* inputfile: input_JustKen.xml
* kielplots: [True]
* numsun: 3090.0
* output: mnt/c/Users/georg/Documents/GitHub/Iwan-and-George-Year-4-Project/Results/
* plotfmt: png
* solarmodel: False
* uncert: quantiles

Weights and priors:
* Bayesian weights:
  - Along tracks: age
  - Between tracks: volume
* Flat, constrained priors and ranges:
  - Teff: [6544.726, 6592.6359999999995]
  - FeH: [-0.41669999999999996, 0.08330000000000001]
* Additional priors (IMF): 


Computing likelihood of models in the grid (5977 tracks) ...
Done! Computed the likelihood of 3504 models, found 3504 models with non-zero likelihood!


*****************************************
**                                     **
**   Output and results from the fit   **
**                                     **
*****************************************


Highest likelihood model:
* Weighted, non-normalized log-probability: -5.483854036375214
* Grid-index: grid/tracks/track4533[24], with parameters:
  - Name: track4533-561.fgong
  - Teff      :  6565.753558 
  - FeH       :    -0.165907 
  - radPhot   :     1.159314 
  - massfin   :     1.181939 
  - age       :   433.968377 

Lowest chi2 model:
* chi2: 0.14842466663062276
* Grid-index: grid/tracks/track4533[24], with parameters:
  - Name: track4533-561.fgong
  - Teff      :  6565.753558 
  - FeH       :    -0.165907 
  - radPhot   :     1.159314 
  - massfin   :     1.181939 
  - age       :   433.968377 


Computing posterior distributions for the requested output parameters!
==> Summary statistics printed below ...

-----------------------------------------------------
median     Teff          :   6565.869632
err_plus   Teff          :     12.439839
err_minus  Teff          :      2.015269
-----------------------------------------------------
median     FeH           :     -0.166346
err_plus   FeH           :      0.006173
err_minus  FeH           :      0.007528
-----------------------------------------------------
median     radPhot       :      1.181035
err_plus   radPhot       :      0.051751
err_minus  radPhot       :      0.026433
-----------------------------------------------------
median     massfin       :      1.173726
err_plus   massfin       :      0.017115
err_minus  massfin       :      0.030878
-----------------------------------------------------
median     age           :    932.071512
err_plus   age           :    210.551979
err_minus  age           :    573.417421
-----------------------------------------------------

Saved results to mnt/c/Users/georg/Documents/GitHub/Iwan-and-George-Year-4-Project/Results/JustKenResults.ascii.
Saved corner plot to mnt/c/Users/georg/Documents/GitHub/Iwan-and-George-Year-4-Project/Results/5351820556994135296_corner.png.
Saved Kiel diagram to mnt/c/Users/georg/Documents/GitHub/Iwan-and-George-Year-4-Project/Results/5351820556994135296_kiel.png.
Did not get any frequency file input, skipping ratios and echelle plots.
Saved dictionary to mnt/c/Users/georg/Documents/GitHub/Iwan-and-George-Year-4-Project/Results/5351820556994135296.json

Finished on 2024-01-20 18:05:41 (runtime 9.0 s).

