========================================================================================
                                         BASTA                                         
                             The BAyesian STellar Algorithm                             

                                     Version 1.2.1                                     

                                (c) 2022, The BASTA Team                                
                           https://github.com/BASTAcode/BASTA                           
========================================================================================

Run started on 2024-01-20 18:05:48 . 

Random numbers initialised with seed: 3178 .

Fitting star id: 5376137837173646208 .
* Using the grid '/root/BASTA/grids/Garstec_AS09_barbieMS.hdf5' of type 'sobol tracks'.
  - Grid built with BASTA version 1.3.1, timestamp: 2023-11-28 at 20:12:28.

Transforming solar-based asteroseismic quantities:
* Converting to solar units if needed...
* Solar model scaling not activated!  -->  Dnu will not be scaled.
Done!

Fitting information:
* Fitting parameters with values and uncertainties:
  - Teff: [5861.0034, 14.6716]
  - FeH: [-0.1694, 0.0128]

Additional input parameters and settings in alphabetical order:
* asciiparams: ['Teff', 'FeH', 'radPhot', 'massfin', 'age']
* centroid: median
* cornerplots: ['Teff', 'FeH', 'radPhot', 'massfin', 'age']
* dnu_scales: {}
* dnusun: 135.1
* freqplots: []
* inputfile: input_JustKen.xml
* kielplots: [True]
* numsun: 3090.0
* output: mnt/c/Users/georg/Documents/GitHub/Iwan-and-George-Year-4-Project/Results/
* plotfmt: png
* solarmodel: False
* uncert: quantiles

Weights and priors:
* Bayesian weights:
  - Along tracks: age
  - Between tracks: volume
* Flat, constrained priors and ranges:
  - Teff: [5816.9886, 5905.0181999999995]
  - FeH: [-0.4194, 0.0806]
* Additional priors (IMF): 


Computing likelihood of models in the grid (5977 tracks) ...
Done! Computed the likelihood of 27850 models, found 27850 models with non-zero likelihood!


*****************************************
**                                     **
**   Output and results from the fit   **
**                                     **
*****************************************


Highest likelihood model:
* Weighted, non-normalized log-probability: -4.555048968027092
* Grid-index: grid/tracks/track4353[35], with parameters:
  - Name: track4353-654.fgong
  - Teff      :  5857.722733 
  - FeH       :    -0.172570 
  - radPhot   :     0.885333 
  - massfin   :     0.952931 
  - age       :  1311.211094 

Lowest chi2 model:
* chi2: 0.004755437807586301
* Grid-index: grid/tracks/track2681[275], with parameters:
  - Name: track2681-1849.fgong
  - Teff      :  5861.192032 
  - FeH       :    -0.168533 
  - radPhot   :     1.331265 
  - massfin   :     1.017291 
  - age       :  8770.099141 


Computing posterior distributions for the requested output parameters!
==> Summary statistics printed below ...

-----------------------------------------------------
median     Teff          :   5859.265153
err_plus   Teff          :     16.418813
err_minus  Teff          :     13.660281
-----------------------------------------------------
median     FeH           :     -0.170228
err_plus   FeH           :      0.012373
err_minus  FeH           :      0.012321
-----------------------------------------------------
median     radPhot       :      0.948576
err_plus   radPhot       :      0.390724
err_minus  radPhot       :      0.090833
-----------------------------------------------------
median     massfin       :      0.934921
err_plus   massfin       :      0.060433
err_minus  massfin       :      0.063002
-----------------------------------------------------
median     age           :   5738.176127
err_plus   age           :   3507.654049
err_minus  age           :   4287.845585
-----------------------------------------------------

Saved results to mnt/c/Users/georg/Documents/GitHub/Iwan-and-George-Year-4-Project/Results/JustKenResults.ascii.
Saved corner plot to mnt/c/Users/georg/Documents/GitHub/Iwan-and-George-Year-4-Project/Results/5376137837173646208_corner.png.
Saved Kiel diagram to mnt/c/Users/georg/Documents/GitHub/Iwan-and-George-Year-4-Project/Results/5376137837173646208_kiel.png.
Did not get any frequency file input, skipping ratios and echelle plots.
Saved dictionary to mnt/c/Users/georg/Documents/GitHub/Iwan-and-George-Year-4-Project/Results/5376137837173646208.json

Finished on 2024-01-20 18:06:03 (runtime 15.0 s).

