========================================================================================
                                         BASTA                                         
                             The BAyesian STellar Algorithm                             

                                     Version 1.2.1                                     

                                (c) 2022, The BASTA Team                                
                           https://github.com/BASTAcode/BASTA                           
========================================================================================

Run started on 2024-01-20 18:06:03 . 

Random numbers initialised with seed: 3178 .

Fitting star id: 5385076140853434752 .
* Using the grid '/root/BASTA/grids/Garstec_AS09_barbieMS.hdf5' of type 'sobol tracks'.
  - Grid built with BASTA version 1.3.1, timestamp: 2023-11-28 at 20:12:28.

Transforming solar-based asteroseismic quantities:
* Converting to solar units if needed...
* Solar model scaling not activated!  -->  Dnu will not be scaled.
Done!

Fitting information:
* Fitting parameters with values and uncertainties:
  - Teff: [5836.351, 4.4874]
  - FeH: [0.288, 0.002]

Additional input parameters and settings in alphabetical order:
* asciiparams: ['Teff', 'FeH', 'radPhot', 'massfin', 'age']
* centroid: median
* cornerplots: ['Teff', 'FeH', 'radPhot', 'massfin', 'age']
* dnu_scales: {}
* dnusun: 135.1
* freqplots: []
* inputfile: input_JustKen.xml
* kielplots: [True]
* numsun: 3090.0
* output: mnt/c/Users/georg/Documents/GitHub/Iwan-and-George-Year-4-Project/Results/
* plotfmt: png
* solarmodel: False
* uncert: quantiles

Weights and priors:
* Bayesian weights:
  - Along tracks: age
  - Between tracks: volume
* Flat, constrained priors and ranges:
  - Teff: [5822.8888, 5849.8132]
  - FeH: [0.03799999999999998, 0.538]
* Additional priors (IMF): 


Computing likelihood of models in the grid (5977 tracks) ...
Done! Computed the likelihood of 8938 models, found 8938 models with non-zero likelihood!


*****************************************
**                                     **
**   Output and results from the fit   **
**                                     **
*****************************************


Highest likelihood model:
* Weighted, non-normalized log-probability: -6.034506872005062
* Grid-index: grid/tracks/track1381[218], with parameters:
  - Name: track1381-1501.fgong
  - Teff      :  5833.226944 
  - FeH       :     0.289555 
  - radPhot   :     1.302218 
  - massfin   :     1.160602 
  - age       :  4085.310715 

Lowest chi2 model:
* chi2: 0.5174422790187494
* Grid-index: grid/tracks/track4405[276], with parameters:
  - Name: track4405-1787.fgong
  - Teff      :  5835.819762 
  - FeH       :     0.289419 
  - radPhot   :     1.416126 
  - massfin   :     1.179406 
  - age       :  5147.712475 


Computing posterior distributions for the requested output parameters!
==> Summary statistics printed below ...

-----------------------------------------------------
median     Teff          :   5835.819762
err_plus   Teff          :      7.506351
err_minus  Teff          :      4.593340
-----------------------------------------------------
median     FeH           :      0.288806
err_plus   FeH           :      0.001875
err_minus  FeH           :      0.002754
-----------------------------------------------------
median     radPhot       :      1.305141
err_plus   radPhot       :      0.314134
err_minus  radPhot       :      0.120121
-----------------------------------------------------
median     massfin       :      1.160607
err_plus   massfin       :      0.018797
err_minus  massfin       :      0.040929
-----------------------------------------------------
median     age           :   4161.825001
err_plus   age           :   1943.855399
err_minus  age           :    133.900000
-----------------------------------------------------

Saved results to mnt/c/Users/georg/Documents/GitHub/Iwan-and-George-Year-4-Project/Results/JustKenResults.ascii.
Saved corner plot to mnt/c/Users/georg/Documents/GitHub/Iwan-and-George-Year-4-Project/Results/5385076140853434752_corner.png.
Saved Kiel diagram to mnt/c/Users/georg/Documents/GitHub/Iwan-and-George-Year-4-Project/Results/5385076140853434752_kiel.png.
Did not get any frequency file input, skipping ratios and echelle plots.
Saved dictionary to mnt/c/Users/georg/Documents/GitHub/Iwan-and-George-Year-4-Project/Results/5385076140853434752.json

Finished on 2024-01-20 18:06:14 (runtime 11.0 s).

