========================================================================================
                                         BASTA                                         
                             The BAyesian STellar Algorithm                             

                                     Version 1.2.1                                     

                                (c) 2022, The BASTA Team                                
                           https://github.com/BASTAcode/BASTA                           
========================================================================================

Run started on 2024-01-20 18:06:27 . 

Random numbers initialised with seed: 3178 .

Fitting star id: 5409268527708808320 .
* Using the grid '/root/BASTA/grids/Garstec_AS09_barbieMS.hdf5' of type 'sobol tracks'.
  - Grid built with BASTA version 1.3.1, timestamp: 2023-11-28 at 20:12:28.

Transforming solar-based asteroseismic quantities:
* Converting to solar units if needed...
* Solar model scaling not activated!  -->  Dnu will not be scaled.
Done!

Fitting information:
* Fitting parameters with values and uncertainties:
  - Teff: [5478.038, 15.3497]
  - FeH: [0.2007, 0.0159]

Additional input parameters and settings in alphabetical order:
* asciiparams: ['Teff', 'FeH', 'radPhot', 'massfin', 'age']
* centroid: median
* cornerplots: ['Teff', 'FeH', 'radPhot', 'massfin', 'age']
* dnu_scales: {}
* dnusun: 135.1
* freqplots: []
* inputfile: input_JustKen.xml
* kielplots: [True]
* numsun: 3090.0
* output: mnt/c/Users/georg/Documents/GitHub/Iwan-and-George-Year-4-Project/Results/
* plotfmt: png
* solarmodel: False
* uncert: quantiles

Weights and priors:
* Bayesian weights:
  - Along tracks: age
  - Between tracks: volume
* Flat, constrained priors and ranges:
  - Teff: [5431.988899999999, 5524.0871]
  - FeH: [-0.04930000000000001, 0.4507]
* Additional priors (IMF): 


Computing likelihood of models in the grid (5977 tracks) ...
Done! Computed the likelihood of 46641 models, found 46641 models with non-zero likelihood!


*****************************************
**                                     **
**   Output and results from the fit   **
**                                     **
*****************************************


Highest likelihood model:
* Weighted, non-normalized log-probability: -4.673837486454149
* Grid-index: grid/tracks/track0315[280], with parameters:
  - Name: track0315-1866.fgong
  - Teff      :  5480.399901 
  - FeH       :     0.204541 
  - radPhot   :     1.246396 
  - massfin   :     0.897333 
  - age       : 14119.052130 

Lowest chi2 model:
* chi2: 0.000669977705640809
* Grid-index: grid/tracks/track1217[275], with parameters:
  - Name: track1217-1834.fgong
  - Teff      :  5477.684623 
  - FeH       :     0.200888 
  - radPhot   :     1.359247 
  - massfin   :     0.960331 
  - age       : 11087.413800 


Computing posterior distributions for the requested output parameters!
==> Summary statistics printed below ...

-----------------------------------------------------
median     Teff          :   5478.969108
err_plus   Teff          :     14.647942
err_minus  Teff          :     14.835386
-----------------------------------------------------
median     FeH           :      0.202342
err_plus   FeH           :      0.014394
err_minus  FeH           :      0.018397
-----------------------------------------------------
median     radPhot       :      1.031919
err_plus   radPhot       :      0.312800
err_minus  radPhot       :      0.113330
-----------------------------------------------------
median     massfin       :      0.968596
err_plus   massfin       :      0.093245
err_minus  massfin       :      0.043721
-----------------------------------------------------
median     age           :   8730.812565
err_plus   age           :   3329.558915
err_minus  age           :   5097.195590
-----------------------------------------------------

Saved results to mnt/c/Users/georg/Documents/GitHub/Iwan-and-George-Year-4-Project/Results/JustKenResults.ascii.
Saved corner plot to mnt/c/Users/georg/Documents/GitHub/Iwan-and-George-Year-4-Project/Results/5409268527708808320_corner.png.
Saved Kiel diagram to mnt/c/Users/georg/Documents/GitHub/Iwan-and-George-Year-4-Project/Results/5409268527708808320_kiel.png.
Did not get any frequency file input, skipping ratios and echelle plots.
Saved dictionary to mnt/c/Users/georg/Documents/GitHub/Iwan-and-George-Year-4-Project/Results/5409268527708808320.json

Finished on 2024-01-20 18:45:15 (runtime 2328.0 s).

