========================================================================================
                                         BASTA                                         
                             The BAyesian STellar Algorithm                             

                                     Version 1.2.1                                     

                                (c) 2022, The BASTA Team                                
                           https://github.com/BASTAcode/BASTA                           
========================================================================================

Run started on 2024-01-20 18:45:15 . 

Random numbers initialised with seed: 3178 .

Fitting star id: 5411736896952029568 .
* Using the grid '/root/BASTA/grids/Garstec_AS09_barbieMS.hdf5' of type 'sobol tracks'.
  - Grid built with BASTA version 1.3.1, timestamp: 2023-11-28 at 20:12:28.

Transforming solar-based asteroseismic quantities:
* Converting to solar units if needed...
* Solar model scaling not activated!  -->  Dnu will not be scaled.
Done!

Fitting information:
* Fitting parameters with values and uncertainties:
  - Teff: [5454.128, 11.4467]
  - FeH: [0.0589, 0.0129]

Additional input parameters and settings in alphabetical order:
* asciiparams: ['Teff', 'FeH', 'radPhot', 'massfin', 'age']
* centroid: median
* cornerplots: ['Teff', 'FeH', 'radPhot', 'massfin', 'age']
* dnu_scales: {}
* dnusun: 135.1
* freqplots: []
* inputfile: input_JustKen.xml
* kielplots: [True]
* numsun: 3090.0
* output: mnt/c/Users/georg/Documents/GitHub/Iwan-and-George-Year-4-Project/Results/
* plotfmt: png
* solarmodel: False
* uncert: quantiles

Weights and priors:
* Bayesian weights:
  - Along tracks: age
  - Between tracks: volume
* Flat, constrained priors and ranges:
  - Teff: [5419.787899999999, 5488.4681]
  - FeH: [-0.1911, 0.3089]
* Additional priors (IMF): 


Computing likelihood of models in the grid (5977 tracks) ...
Done! Computed the likelihood of 25172 models, found 25172 models with non-zero likelihood!


*****************************************
**                                     **
**   Output and results from the fit   **
**                                     **
*****************************************


Highest likelihood model:
* Weighted, non-normalized log-probability: -4.084559561488914
* Grid-index: grid/tracks/track2339[25], with parameters:
  - Name: track2339-597.fgong
  - Teff      :  5453.299820 
  - FeH       :     0.055206 
  - radPhot   :     0.788528 
  - massfin   :     0.851951 
  - age       :  1565.474561 

Lowest chi2 model:
* chi2: 0.0004815785523397862
* Grid-index: grid/tracks/track3323[61], with parameters:
  - Name: track3323-780.fgong
  - Teff      :  5454.334715 
  - FeH       :     0.059061 
  - radPhot   :     0.839433 
  - massfin   :     0.889891 
  - age       :  3170.312131 


Computing posterior distributions for the requested output parameters!
==> Summary statistics printed below ...

-----------------------------------------------------
median     Teff          :   5453.813590
err_plus   Teff          :     10.388396
err_minus  Teff          :     11.560351
-----------------------------------------------------
median     FeH           :      0.057470
err_plus   FeH           :      0.012542
err_minus  FeH           :      0.011407
-----------------------------------------------------
median     radPhot       :      0.955678
err_plus   radPhot       :      0.260474
err_minus  radPhot       :      0.103677
-----------------------------------------------------
median     massfin       :      0.912371
err_plus   massfin       :      0.043396
err_minus  massfin       :      0.060398
-----------------------------------------------------
median     age           :   9455.696655
err_plus   age           :   5059.337159
err_minus  age           :   6261.426962
-----------------------------------------------------

Saved results to mnt/c/Users/georg/Documents/GitHub/Iwan-and-George-Year-4-Project/Results/JustKenResults.ascii.
Saved corner plot to mnt/c/Users/georg/Documents/GitHub/Iwan-and-George-Year-4-Project/Results/5411736896952029568_corner.png.
Saved Kiel diagram to mnt/c/Users/georg/Documents/GitHub/Iwan-and-George-Year-4-Project/Results/5411736896952029568_kiel.png.
Did not get any frequency file input, skipping ratios and echelle plots.
Saved dictionary to mnt/c/Users/georg/Documents/GitHub/Iwan-and-George-Year-4-Project/Results/5411736896952029568.json

Finished on 2024-01-20 18:45:35 (runtime 20.0 s).

