========================================================================================
                                         BASTA                                         
                             The BAyesian STellar Algorithm                             

                                     Version 1.2.1                                     

                                (c) 2022, The BASTA Team                                
                           https://github.com/BASTAcode/BASTA                           
========================================================================================

Run started on 2024-01-20 18:45:35 . 

Random numbers initialised with seed: 3178 .

Fitting star id: 5453063823882876032 .
* Using the grid '/root/BASTA/grids/Garstec_AS09_barbieMS.hdf5' of type 'sobol tracks'.
  - Grid built with BASTA version 1.3.1, timestamp: 2023-11-28 at 20:12:28.

Transforming solar-based asteroseismic quantities:
* Converting to solar units if needed...
* Solar model scaling not activated!  -->  Dnu will not be scaled.
Done!

Fitting information:
* Fitting parameters with values and uncertainties:
  - Teff: [6191.335, 20.662]
  - FeH: [-0.2808, 0.0061]

Additional input parameters and settings in alphabetical order:
* asciiparams: ['Teff', 'FeH', 'radPhot', 'massfin', 'age']
* centroid: median
* cornerplots: ['Teff', 'FeH', 'radPhot', 'massfin', 'age']
* dnu_scales: {}
* dnusun: 135.1
* freqplots: []
* inputfile: input_JustKen.xml
* kielplots: [True]
* numsun: 3090.0
* output: mnt/c/Users/georg/Documents/GitHub/Iwan-and-George-Year-4-Project/Results/
* plotfmt: png
* solarmodel: False
* uncert: quantiles

Weights and priors:
* Bayesian weights:
  - Along tracks: age
  - Between tracks: volume
* Flat, constrained priors and ranges:
  - Teff: [6129.349, 6253.321]
  - FeH: [-0.5307999999999999, -0.030799999999999994]
* Additional priors (IMF): 


Computing likelihood of models in the grid (5977 tracks) ...
Done! Computed the likelihood of 38669 models, found 38669 models with non-zero likelihood!


*****************************************
**                                     **
**   Output and results from the fit   **
**                                     **
*****************************************


Highest likelihood model:
* Weighted, non-normalized log-probability: -4.788685883855968
* Grid-index: grid/tracks/track4523[149], with parameters:
  - Name: track4523-1226.fgong
  - Teff      :  6181.751699 
  - FeH       :    -0.280702 
  - radPhot   :     1.115773 
  - massfin   :     0.946513 
  - age       :  6218.489780 

Lowest chi2 model:
* chi2: 0.0009154161026628384
* Grid-index: grid/tracks/track2294[125], with parameters:
  - Name: track2294-1101.fgong
  - Teff      :  6191.066892 
  - FeH       :    -0.280633 
  - radPhot   :     1.049802 
  - massfin   :     1.045717 
  - age       :  3409.616073 


Computing posterior distributions for the requested output parameters!
==> Summary statistics printed below ...

-----------------------------------------------------
median     Teff          :   6193.445572
err_plus   Teff          :     16.983911
err_minus  Teff          :     19.604588
-----------------------------------------------------
median     FeH           :     -0.281218
err_plus   FeH           :      0.006492
err_minus  FeH           :      0.005863
-----------------------------------------------------
median     radPhot       :      1.161684
err_plus   radPhot       :      0.333605
err_minus  radPhot       :      0.192820
-----------------------------------------------------
median     massfin       :      1.014270
err_plus   massfin       :      0.075502
err_minus  massfin       :      0.079353
-----------------------------------------------------
median     age           :   4782.642796
err_plus   age           :   1306.996984
err_minus  age           :   2403.987949
-----------------------------------------------------

Saved results to mnt/c/Users/georg/Documents/GitHub/Iwan-and-George-Year-4-Project/Results/JustKenResults.ascii.
Saved corner plot to mnt/c/Users/georg/Documents/GitHub/Iwan-and-George-Year-4-Project/Results/5453063823882876032_corner.png.
Saved Kiel diagram to mnt/c/Users/georg/Documents/GitHub/Iwan-and-George-Year-4-Project/Results/5453063823882876032_kiel.png.
Did not get any frequency file input, skipping ratios and echelle plots.
Saved dictionary to mnt/c/Users/georg/Documents/GitHub/Iwan-and-George-Year-4-Project/Results/5453063823882876032.json

Finished on 2024-01-20 18:45:52 (runtime 17.0 s).

