========================================================================================
                                         BASTA                                         
                             The BAyesian STellar Algorithm                             

                                     Version 1.2.1                                     

                                (c) 2022, The BASTA Team                                
                           https://github.com/BASTAcode/BASTA                           
========================================================================================

Run started on 2024-01-20 18:46:10 . 

Random numbers initialised with seed: 3178 .

Fitting star id: 5509620021956148736 .
* Using the grid '/root/BASTA/grids/Garstec_AS09_barbieMS.hdf5' of type 'sobol tracks'.
  - Grid built with BASTA version 1.3.1, timestamp: 2023-11-28 at 20:12:28.

Transforming solar-based asteroseismic quantities:
* Converting to solar units if needed...
* Solar model scaling not activated!  -->  Dnu will not be scaled.
Done!

Fitting information:
* Fitting parameters with values and uncertainties:
  - Teff: [4495.351, 2.587]
  - FeH: [0.4926, 0.0075]

Additional input parameters and settings in alphabetical order:
* asciiparams: ['Teff', 'FeH', 'radPhot', 'massfin', 'age']
* centroid: median
* cornerplots: ['Teff', 'FeH', 'radPhot', 'massfin', 'age']
* dnu_scales: {}
* dnusun: 135.1
* freqplots: []
* inputfile: input_JustKen.xml
* kielplots: [True]
* numsun: 3090.0
* output: mnt/c/Users/georg/Documents/GitHub/Iwan-and-George-Year-4-Project/Results/
* plotfmt: png
* solarmodel: False
* uncert: quantiles

Weights and priors:
* Bayesian weights:
  - Along tracks: age
  - Between tracks: volume
* Flat, constrained priors and ranges:
  - Teff: [4487.589999999999, 4503.112]
  - FeH: [0.24259999999999998, 0.7425999999999999]
* Additional priors (IMF): 


Computing likelihood of models in the grid (5977 tracks) ...
Done! Computed the likelihood of 2179 models, found 2179 models with non-zero likelihood!


*****************************************
**                                     **
**   Output and results from the fit   **
**                                     **
*****************************************


Highest likelihood model:
* Weighted, non-normalized log-probability: -3.890664807085018
* Grid-index: grid/tracks/track4487[39], with parameters:
  - Name: track4487-663.fgong
  - Teff      :  4494.682435 
  - FeH       :     0.487752 
  - radPhot   :     0.701925 
  - massfin   :     0.766946 
  - age       :  4737.438191 

Lowest chi2 model:
* chi2: 0.011031918500739844
* Grid-index: grid/tracks/track5387[185], with parameters:
  - Name: track5387-1395.fgong
  - Teff      :  4495.621578 
  - FeH       :     0.492528 
  - radPhot   :     0.848165 
  - massfin   :     0.922864 
  - age       :  8541.419334 


Computing posterior distributions for the requested output parameters!
==> Summary statistics printed below ...

-----------------------------------------------------
median     Teff          :   4495.365095
err_plus   Teff          :      2.607392
err_minus  Teff          :      2.761013
-----------------------------------------------------
median     FeH           :      0.493107
err_plus   FeH           :      0.006321
err_minus  FeH           :      0.011096
-----------------------------------------------------
median     radPhot       :      0.793251
err_plus   radPhot       :      0.053606
err_minus  radPhot       :      0.063076
-----------------------------------------------------
median     massfin       :      0.881943
err_plus   massfin       :      0.036032
err_minus  massfin       :      0.103038
-----------------------------------------------------
median     age           :   6784.856344
err_plus   age           :   4079.025536
err_minus  age           :   3738.800276
-----------------------------------------------------

Saved results to mnt/c/Users/georg/Documents/GitHub/Iwan-and-George-Year-4-Project/Results/JustKenResults.ascii.
Saved corner plot to mnt/c/Users/georg/Documents/GitHub/Iwan-and-George-Year-4-Project/Results/5509620021956148736_corner.png.
Saved Kiel diagram to mnt/c/Users/georg/Documents/GitHub/Iwan-and-George-Year-4-Project/Results/5509620021956148736_kiel.png.
Did not get any frequency file input, skipping ratios and echelle plots.
Saved dictionary to mnt/c/Users/georg/Documents/GitHub/Iwan-and-George-Year-4-Project/Results/5509620021956148736.json

Finished on 2024-01-20 18:46:21 (runtime 11.0 s).

