========================================================================================
                                         BASTA                                         
                             The BAyesian STellar Algorithm                             

                                     Version 1.2.1                                     

                                (c) 2022, The BASTA Team                                
                           https://github.com/BASTAcode/BASTA                           
========================================================================================

Run started on 2024-01-20 18:46:21 . 

Random numbers initialised with seed: 3178 .

Fitting star id: 5545555570947605376 .
* Using the grid '/root/BASTA/grids/Garstec_AS09_barbieMS.hdf5' of type 'sobol tracks'.
  - Grid built with BASTA version 1.3.1, timestamp: 2023-11-28 at 20:12:28.

Transforming solar-based asteroseismic quantities:
* Converting to solar units if needed...
* Solar model scaling not activated!  -->  Dnu will not be scaled.
Done!

Fitting information:
* Fitting parameters with values and uncertainties:
  - Teff: [5696.5625, 52.8885]
  - FeH: [-0.045, 0.0477]

Additional input parameters and settings in alphabetical order:
* asciiparams: ['Teff', 'FeH', 'radPhot', 'massfin', 'age']
* centroid: median
* cornerplots: ['Teff', 'FeH', 'radPhot', 'massfin', 'age']
* dnu_scales: {}
* dnusun: 135.1
* freqplots: []
* inputfile: input_JustKen.xml
* kielplots: [True]
* numsun: 3090.0
* output: mnt/c/Users/georg/Documents/GitHub/Iwan-and-George-Year-4-Project/Results/
* plotfmt: png
* solarmodel: False
* uncert: quantiles

Weights and priors:
* Bayesian weights:
  - Along tracks: age
  - Between tracks: volume
* Flat, constrained priors and ranges:
  - Teff: [5537.897, 5855.228]
  - FeH: [-0.295, 0.20500000000000002]
* Additional priors (IMF): 


Computing likelihood of models in the grid (5977 tracks) ...
Done! Computed the likelihood of 113328 models, found 113328 models with non-zero likelihood!


*****************************************
**                                     **
**   Output and results from the fit   **
**                                     **
*****************************************


Highest likelihood model:
* Weighted, non-normalized log-probability: -4.056293814296747
* Grid-index: grid/tracks/track1763[15], with parameters:
  - Name: track1763-557.fgong
  - Teff      :  5684.391974 
  - FeH       :    -0.066646 
  - radPhot   :     0.764463 
  - massfin   :     0.843970 
  - age       :   847.116745 

Lowest chi2 model:
* chi2: 1.318832169421425e-05
* Grid-index: grid/tracks/track3393[264], with parameters:
  - Name: track3393-1810.fgong
  - Teff      :  5696.624875 
  - FeH       :    -0.044836 
  - radPhot   :     1.089204 
  - massfin   :     0.964456 
  - age       : 10501.936660 


Computing posterior distributions for the requested output parameters!
==> Summary statistics printed below ...

-----------------------------------------------------
median     Teff          :   5693.663397
err_plus   Teff          :     55.756385
err_minus  Teff          :     54.259349
-----------------------------------------------------
median     FeH           :     -0.043509
err_plus   FeH           :      0.045881
err_minus  FeH           :      0.048829
-----------------------------------------------------
median     radPhot       :      0.991887
err_plus   radPhot       :      0.288505
err_minus  radPhot       :      0.119155
-----------------------------------------------------
median     massfin       :      0.932488
err_plus   massfin       :      0.072999
err_minus  massfin       :      0.059018
-----------------------------------------------------
median     age           :   7443.574747
err_plus   age           :   3622.600293
err_minus  age           :   4864.824404
-----------------------------------------------------

Saved results to mnt/c/Users/georg/Documents/GitHub/Iwan-and-George-Year-4-Project/Results/JustKenResults.ascii.
Saved corner plot to mnt/c/Users/georg/Documents/GitHub/Iwan-and-George-Year-4-Project/Results/5545555570947605376_corner.png.
Saved Kiel diagram to mnt/c/Users/georg/Documents/GitHub/Iwan-and-George-Year-4-Project/Results/5545555570947605376_kiel.png.
Did not get any frequency file input, skipping ratios and echelle plots.
Saved dictionary to mnt/c/Users/georg/Documents/GitHub/Iwan-and-George-Year-4-Project/Results/5545555570947605376.json

Finished on 2024-01-20 18:46:42 (runtime 21.0 s).

