========================================================================================
                                         BASTA                                         
                             The BAyesian STellar Algorithm                             

                                     Version 1.2.1                                     

                                (c) 2022, The BASTA Team                                
                           https://github.com/BASTAcode/BASTA                           
========================================================================================

Run started on 2024-01-20 18:46:42 . 

Random numbers initialised with seed: 3178 .

Fitting star id: 5557345496687437696 .
* Using the grid '/root/BASTA/grids/Garstec_AS09_barbieMS.hdf5' of type 'sobol tracks'.
  - Grid built with BASTA version 1.3.1, timestamp: 2023-11-28 at 20:12:28.

Transforming solar-based asteroseismic quantities:
* Converting to solar units if needed...
* Solar model scaling not activated!  -->  Dnu will not be scaled.
Done!

Fitting information:
* Fitting parameters with values and uncertainties:
  - Teff: [5002.1724, 8.3222]
  - FeH: [0.0608, 0.01]

Additional input parameters and settings in alphabetical order:
* asciiparams: ['Teff', 'FeH', 'radPhot', 'massfin', 'age']
* centroid: median
* cornerplots: ['Teff', 'FeH', 'radPhot', 'massfin', 'age']
* dnu_scales: {}
* dnusun: 135.1
* freqplots: []
* inputfile: input_JustKen.xml
* kielplots: [True]
* numsun: 3090.0
* output: mnt/c/Users/georg/Documents/GitHub/Iwan-and-George-Year-4-Project/Results/
* plotfmt: png
* solarmodel: False
* uncert: quantiles

Weights and priors:
* Bayesian weights:
  - Along tracks: age
  - Between tracks: volume
* Flat, constrained priors and ranges:
  - Teff: [4977.205800000001, 5027.139]
  - FeH: [-0.1892, 0.3108]
* Additional priors (IMF): 


Computing likelihood of models in the grid (5977 tracks) ...
Done! Computed the likelihood of 9455 models, found 9455 models with non-zero likelihood!


*****************************************
**                                     **
**   Output and results from the fit   **
**                                     **
*****************************************


Highest likelihood model:
* Weighted, non-normalized log-probability: -3.627041572358984
* Grid-index: grid/tracks/track5263[114], with parameters:
  - Name: track5263-1048.fgong
  - Teff      :  5002.919438 
  - FeH       :     0.055563 
  - radPhot   :     0.816399 
  - massfin   :     0.737680 
  - age       : 17798.899420 

Lowest chi2 model:
* chi2: 0.013715107191048804
* Grid-index: grid/tracks/track3767[137], with parameters:
  - Name: track3767-1159.fgong
  - Teff      :  5001.337127 
  - FeH       :     0.061403 
  - radPhot   :     0.846693 
  - massfin   :     0.807728 
  - age       : 12831.003020 


Computing posterior distributions for the requested output parameters!
==> Summary statistics printed below ...

-----------------------------------------------------
median     Teff          :   5002.272475
err_plus   Teff          :      8.007873
err_minus  Teff          :      8.427800
-----------------------------------------------------
median     FeH           :      0.060058
err_plus   FeH           :      0.012664
err_minus  FeH           :      0.008277
-----------------------------------------------------
median     radPhot       :      0.809677
err_plus   radPhot       :      0.074522
err_minus  radPhot       :      0.071349
-----------------------------------------------------
median     massfin       :      0.793587
err_plus   massfin       :      0.057080
err_minus  massfin       :      0.040616
-----------------------------------------------------
median     age           :  11639.763100
err_plus   age           :   5965.622100
err_minus  age           :   8948.667254
-----------------------------------------------------

Saved results to mnt/c/Users/georg/Documents/GitHub/Iwan-and-George-Year-4-Project/Results/JustKenResults.ascii.
Saved corner plot to mnt/c/Users/georg/Documents/GitHub/Iwan-and-George-Year-4-Project/Results/5557345496687437696_corner.png.
Saved Kiel diagram to mnt/c/Users/georg/Documents/GitHub/Iwan-and-George-Year-4-Project/Results/5557345496687437696_kiel.png.
Did not get any frequency file input, skipping ratios and echelle plots.
Saved dictionary to mnt/c/Users/georg/Documents/GitHub/Iwan-and-George-Year-4-Project/Results/5557345496687437696.json

Finished on 2024-01-20 18:46:57 (runtime 15.0 s).

