========================================================================================
                                         BASTA                                         
                             The BAyesian STellar Algorithm                             

                                     Version 1.2.1                                     

                                (c) 2022, The BASTA Team                                
                           https://github.com/BASTAcode/BASTA                           
========================================================================================

Run started on 2024-01-20 18:46:58 . 

Random numbers initialised with seed: 3178 .

Fitting star id: 5560886336446650240 .
* Using the grid '/root/BASTA/grids/Garstec_AS09_barbieMS.hdf5' of type 'sobol tracks'.
  - Grid built with BASTA version 1.3.1, timestamp: 2023-11-28 at 20:12:28.

Transforming solar-based asteroseismic quantities:
* Converting to solar units if needed...
* Solar model scaling not activated!  -->  Dnu will not be scaled.
Done!

Fitting information:
* Fitting parameters with values and uncertainties:
  - Teff: [5635.6484, 30.044]
  - FeH: [0.1787, 0.0317]

Additional input parameters and settings in alphabetical order:
* asciiparams: ['Teff', 'FeH', 'radPhot', 'massfin', 'age']
* centroid: median
* cornerplots: ['Teff', 'FeH', 'radPhot', 'massfin', 'age']
* dnu_scales: {}
* dnusun: 135.1
* freqplots: []
* inputfile: input_JustKen.xml
* kielplots: [True]
* numsun: 3090.0
* output: mnt/c/Users/georg/Documents/GitHub/Iwan-and-George-Year-4-Project/Results/
* plotfmt: png
* solarmodel: False
* uncert: quantiles

Weights and priors:
* Bayesian weights:
  - Along tracks: age
  - Between tracks: volume
* Flat, constrained priors and ranges:
  - Teff: [5545.5164, 5725.7804]
  - FeH: [-0.0713, 0.42869999999999997]
* Additional priors (IMF): 


Computing likelihood of models in the grid (5977 tracks) ...
Done! Computed the likelihood of 85236 models, found 85236 models with non-zero likelihood!


*****************************************
**                                     **
**   Output and results from the fit   **
**                                     **
*****************************************


Highest likelihood model:
* Weighted, non-normalized log-probability: -4.8325818243557075
* Grid-index: grid/tracks/track0603[237], with parameters:
  - Name: track0603-1655.fgong
  - Teff      :  5622.104429 
  - FeH       :     0.176464 
  - radPhot   :     1.088997 
  - massfin   :     0.915472 
  - age       : 11118.856980 

Lowest chi2 model:
* chi2: 3.611072767303109e-05
* Grid-index: grid/tracks/track0509[83], with parameters:
  - Name: track0509-875.fgong
  - Teff      :  5635.493232 
  - FeH       :     0.178797 
  - radPhot   :     0.977947 
  - massfin   :     1.075897 
  - age       :  1895.180159 


Computing posterior distributions for the requested output parameters!
==> Summary statistics printed below ...

-----------------------------------------------------
median     Teff          :   5635.306840
err_plus   Teff          :     29.427991
err_minus  Teff          :     26.783452
-----------------------------------------------------
median     FeH           :      0.179528
err_plus   FeH           :      0.029609
err_minus  FeH           :      0.029289
-----------------------------------------------------
median     radPhot       :      1.091397
err_plus   radPhot       :      0.303173
err_minus  radPhot       :      0.134344
-----------------------------------------------------
median     massfin       :      1.027351
err_plus   massfin       :      0.067921
err_minus  massfin       :      0.062984
-----------------------------------------------------
median     age           :   7223.216298
err_plus   age           :   2475.281533
err_minus  age           :   4719.526813
-----------------------------------------------------

Saved results to mnt/c/Users/georg/Documents/GitHub/Iwan-and-George-Year-4-Project/Results/JustKenResults.ascii.
Saved corner plot to mnt/c/Users/georg/Documents/GitHub/Iwan-and-George-Year-4-Project/Results/5560886336446650240_corner.png.
Saved Kiel diagram to mnt/c/Users/georg/Documents/GitHub/Iwan-and-George-Year-4-Project/Results/5560886336446650240_kiel.png.
Did not get any frequency file input, skipping ratios and echelle plots.
Saved dictionary to mnt/c/Users/georg/Documents/GitHub/Iwan-and-George-Year-4-Project/Results/5560886336446650240.json

Finished on 2024-01-20 18:47:16 (runtime 18.0 s).

