========================================================================================
                                         BASTA                                         
                             The BAyesian STellar Algorithm                             

                                     Version 1.2.1                                     

                                (c) 2022, The BASTA Team                                
                           https://github.com/BASTAcode/BASTA                           
========================================================================================

Run started on 2024-01-20 18:47:51 . 

Random numbers initialised with seed: 3178 .

Fitting star id: 5656184406542140032 .
* Using the grid '/root/BASTA/grids/Garstec_AS09_barbieMS.hdf5' of type 'sobol tracks'.
  - Grid built with BASTA version 1.3.1, timestamp: 2023-11-28 at 20:12:28.

Transforming solar-based asteroseismic quantities:
* Converting to solar units if needed...
* Solar model scaling not activated!  -->  Dnu will not be scaled.
Done!

Fitting information:
* Fitting parameters with values and uncertainties:
  - Teff: [5471.7446, 9.3589]
  - FeH: [-0.135, 0.0104]

Additional input parameters and settings in alphabetical order:
* asciiparams: ['Teff', 'FeH', 'radPhot', 'massfin', 'age']
* centroid: median
* cornerplots: ['Teff', 'FeH', 'radPhot', 'massfin', 'age']
* dnu_scales: {}
* dnusun: 135.1
* freqplots: []
* inputfile: input_JustKen.xml
* kielplots: [True]
* numsun: 3090.0
* output: mnt/c/Users/georg/Documents/GitHub/Iwan-and-George-Year-4-Project/Results/
* plotfmt: png
* solarmodel: False
* uncert: quantiles

Weights and priors:
* Bayesian weights:
  - Along tracks: age
  - Between tracks: volume
* Flat, constrained priors and ranges:
  - Teff: [5443.6679, 5499.8213]
  - FeH: [-0.385, 0.11499999999999999]
* Additional priors (IMF): 


Computing likelihood of models in the grid (5977 tracks) ...
Done! Computed the likelihood of 13312 models, found 13312 models with non-zero likelihood!


*****************************************
**                                     **
**   Output and results from the fit   **
**                                     **
*****************************************


Highest likelihood model:
* Weighted, non-normalized log-probability: -3.899366920113207
* Grid-index: grid/tracks/track1863[92], with parameters:
  - Name: track1863-949.fgong
  - Teff      :  5471.606423 
  - FeH       :    -0.140267 
  - radPhot   :     0.817123 
  - massfin   :     0.775701 
  - age       : 10917.294760 

Lowest chi2 model:
* chi2: 0.0024847722487979515
* Grid-index: grid/tracks/track2663[43], with parameters:
  - Name: track2663-707.fgong
  - Teff      :  5471.866245 
  - FeH       :    -0.134500 
  - radPhot   :     0.745593 
  - massfin   :     0.783878 
  - age       :  4521.556227 


Computing posterior distributions for the requested output parameters!
==> Summary statistics printed below ...

-----------------------------------------------------
median     Teff          :   5472.444049
err_plus   Teff          :      8.792807
err_minus  Teff          :      9.841573
-----------------------------------------------------
median     FeH           :     -0.133309
err_plus   FeH           :      0.011942
err_minus  FeH           :      0.014905
-----------------------------------------------------
median     radPhot       :      0.850837
err_plus   radPhot       :      0.220607
err_minus  radPhot       :      0.090052
-----------------------------------------------------
median     massfin       :      0.808856
err_plus   massfin       :      0.068974
err_minus  massfin       :      0.039157
-----------------------------------------------------
median     age           :   9108.779503
err_plus   age           :   7880.081437
err_minus  age           :   5289.181267
-----------------------------------------------------

Saved results to mnt/c/Users/georg/Documents/GitHub/Iwan-and-George-Year-4-Project/Results/JustKenResults.ascii.
Saved corner plot to mnt/c/Users/georg/Documents/GitHub/Iwan-and-George-Year-4-Project/Results/5656184406542140032_corner.png.
Saved Kiel diagram to mnt/c/Users/georg/Documents/GitHub/Iwan-and-George-Year-4-Project/Results/5656184406542140032_kiel.png.
Did not get any frequency file input, skipping ratios and echelle plots.
Saved dictionary to mnt/c/Users/georg/Documents/GitHub/Iwan-and-George-Year-4-Project/Results/5656184406542140032.json

Finished on 2024-01-20 18:48:07 (runtime 16.0 s).

