========================================================================================
                                         BASTA                                         
                             The BAyesian STellar Algorithm                             

                                     Version 1.2.1                                     

                                (c) 2022, The BASTA Team                                
                           https://github.com/BASTAcode/BASTA                           
========================================================================================

Run started on 2024-01-20 18:48:14 . 

Random numbers initialised with seed: 3178 .

Fitting star id: 5664957444179338240 .
* Using the grid '/root/BASTA/grids/Garstec_AS09_barbieMS.hdf5' of type 'sobol tracks'.
  - Grid built with BASTA version 1.3.1, timestamp: 2023-11-28 at 20:12:28.

Transforming solar-based asteroseismic quantities:
* Converting to solar units if needed...
* Solar model scaling not activated!  -->  Dnu will not be scaled.
Done!

Fitting information:
* Fitting parameters with values and uncertainties:
  - Teff: [5990.2417, 11.5833]
  - FeH: [-0.0278, 0.0127]

Additional input parameters and settings in alphabetical order:
* asciiparams: ['Teff', 'FeH', 'radPhot', 'massfin', 'age']
* centroid: median
* cornerplots: ['Teff', 'FeH', 'radPhot', 'massfin', 'age']
* dnu_scales: {}
* dnusun: 135.1
* freqplots: []
* inputfile: input_JustKen.xml
* kielplots: [True]
* numsun: 3090.0
* output: mnt/c/Users/georg/Documents/GitHub/Iwan-and-George-Year-4-Project/Results/
* plotfmt: png
* solarmodel: False
* uncert: quantiles

Weights and priors:
* Bayesian weights:
  - Along tracks: age
  - Between tracks: volume
* Flat, constrained priors and ranges:
  - Teff: [5955.4918, 6024.991599999999]
  - FeH: [-0.2778, 0.2222]
* Additional priors (IMF): 


Computing likelihood of models in the grid (5977 tracks) ...
Done! Computed the likelihood of 26333 models, found 26333 models with non-zero likelihood!


*****************************************
**                                     **
**   Output and results from the fit   **
**                                     **
*****************************************


Highest likelihood model:
* Weighted, non-normalized log-probability: -4.780552313346393
* Grid-index: grid/tracks/track5889[107], with parameters:
  - Name: track5889-1010.fgong
  - Teff      :  5992.973947 
  - FeH       :    -0.023622 
  - radPhot   :     0.982046 
  - massfin   :     0.951729 
  - age       :  4338.346398 

Lowest chi2 model:
* chi2: 0.0014141409835232164
* Grid-index: grid/tracks/track0761[44], with parameters:
  - Name: track0761-696.fgong
  - Teff      :  5990.677290 
  - FeH       :    -0.027801 
  - radPhot   :     0.934644 
  - massfin   :     1.015917 
  - age       :  1307.428859 


Computing posterior distributions for the requested output parameters!
==> Summary statistics printed below ...

-----------------------------------------------------
median     Teff          :   5991.526811
err_plus   Teff          :     10.928073
err_minus  Teff          :     12.814388
-----------------------------------------------------
median     FeH           :     -0.026010
err_plus   FeH           :      0.013155
err_minus  FeH           :      0.013244
-----------------------------------------------------
median     radPhot       :      1.099246
err_plus   radPhot       :      0.346343
err_minus  radPhot       :      0.140806
-----------------------------------------------------
median     massfin       :      1.040526
err_plus   massfin       :      0.078164
err_minus  massfin       :      0.057228
-----------------------------------------------------
median     age           :   4202.878377
err_plus   age           :   1939.297759
err_minus  age           :   2536.849518
-----------------------------------------------------

Saved results to mnt/c/Users/georg/Documents/GitHub/Iwan-and-George-Year-4-Project/Results/JustKenResults.ascii.
Saved corner plot to mnt/c/Users/georg/Documents/GitHub/Iwan-and-George-Year-4-Project/Results/5664957444179338240_corner.png.
Saved Kiel diagram to mnt/c/Users/georg/Documents/GitHub/Iwan-and-George-Year-4-Project/Results/5664957444179338240_kiel.png.
Did not get any frequency file input, skipping ratios and echelle plots.
Saved dictionary to mnt/c/Users/georg/Documents/GitHub/Iwan-and-George-Year-4-Project/Results/5664957444179338240.json

Finished on 2024-01-20 18:48:28 (runtime 14.0 s).

