========================================================================================
                                         BASTA                                         
                             The BAyesian STellar Algorithm                             

                                     Version 1.2.1                                     

                                (c) 2022, The BASTA Team                                
                           https://github.com/BASTAcode/BASTA                           
========================================================================================

Run started on 2024-01-20 18:48:29 . 

Random numbers initialised with seed: 3178 .

Fitting star id: 5674618444832114304 .
* Using the grid '/root/BASTA/grids/Garstec_AS09_barbieMS.hdf5' of type 'sobol tracks'.
  - Grid built with BASTA version 1.3.1, timestamp: 2023-11-28 at 20:12:28.

Transforming solar-based asteroseismic quantities:
* Converting to solar units if needed...
* Solar model scaling not activated!  -->  Dnu will not be scaled.
Done!

Fitting information:
* Fitting parameters with values and uncertainties:
  - Teff: [5952.788, 7.4327]
  - FeH: [-0.1971, 0.0056]

Additional input parameters and settings in alphabetical order:
* asciiparams: ['Teff', 'FeH', 'radPhot', 'massfin', 'age']
* centroid: median
* cornerplots: ['Teff', 'FeH', 'radPhot', 'massfin', 'age']
* dnu_scales: {}
* dnusun: 135.1
* freqplots: []
* inputfile: input_JustKen.xml
* kielplots: [True]
* numsun: 3090.0
* output: mnt/c/Users/georg/Documents/GitHub/Iwan-and-George-Year-4-Project/Results/
* plotfmt: png
* solarmodel: False
* uncert: quantiles

Weights and priors:
* Bayesian weights:
  - Along tracks: age
  - Between tracks: volume
* Flat, constrained priors and ranges:
  - Teff: [5930.4899, 5975.0860999999995]
  - FeH: [-0.4471, 0.0529]
* Additional priors (IMF): 


Computing likelihood of models in the grid (5977 tracks) ...
Done! Computed the likelihood of 14431 models, found 14431 models with non-zero likelihood!


*****************************************
**                                     **
**   Output and results from the fit   **
**                                     **
*****************************************


Highest likelihood model:
* Weighted, non-normalized log-probability: -4.565598021918281
* Grid-index: grid/tracks/track4787[101], with parameters:
  - Name: track4787-976.fgong
  - Teff      :  5956.584948 
  - FeH       :    -0.195404 
  - radPhot   :     0.971803 
  - massfin   :     0.870657 
  - age       :  6235.450254 

Lowest chi2 model:
* chi2: 0.03245254561925718
* Grid-index: grid/tracks/track3547[191], with parameters:
  - Name: track3547-1430.fgong
  - Teff      :  5953.353826 
  - FeH       :    -0.198014 
  - radPhot   :     1.145560 
  - massfin   :     0.911418 
  - age       :  9020.714063 


Computing posterior distributions for the requested output parameters!
==> Summary statistics printed below ...

-----------------------------------------------------
median     Teff          :   5953.243574
err_plus   Teff          :      7.200889
err_minus  Teff          :      7.031694
-----------------------------------------------------
median     FeH           :     -0.197453
err_plus   FeH           :      0.006173
err_minus  FeH           :      0.005417
-----------------------------------------------------
median     radPhot       :      1.041566
err_plus   radPhot       :      0.282872
err_minus  radPhot       :      0.109193
-----------------------------------------------------
median     massfin       :      0.933564
err_plus   massfin       :      0.063429
err_minus  massfin       :      0.040965
-----------------------------------------------------
median     age           :   6899.161015
err_plus   age           :   1832.353048
err_minus  age           :   4379.488877
-----------------------------------------------------

Saved results to mnt/c/Users/georg/Documents/GitHub/Iwan-and-George-Year-4-Project/Results/JustKenResults.ascii.
Saved corner plot to mnt/c/Users/georg/Documents/GitHub/Iwan-and-George-Year-4-Project/Results/5674618444832114304_corner.png.
Saved Kiel diagram to mnt/c/Users/georg/Documents/GitHub/Iwan-and-George-Year-4-Project/Results/5674618444832114304_kiel.png.
Did not get any frequency file input, skipping ratios and echelle plots.
Saved dictionary to mnt/c/Users/georg/Documents/GitHub/Iwan-and-George-Year-4-Project/Results/5674618444832114304.json

Finished on 2024-01-20 18:48:43 (runtime 14.0 s).

