========================================================================================
                                         BASTA                                         
                             The BAyesian STellar Algorithm                             

                                     Version 1.2.1                                     

                                (c) 2022, The BASTA Team                                
                           https://github.com/BASTAcode/BASTA                           
========================================================================================

Run started on 2024-01-20 18:48:57 . 

Random numbers initialised with seed: 3178 .

Fitting star id: 5710154317045164416 .
* Using the grid '/root/BASTA/grids/Garstec_AS09_barbieMS.hdf5' of type 'sobol tracks'.
  - Grid built with BASTA version 1.3.1, timestamp: 2023-11-28 at 20:12:28.

Transforming solar-based asteroseismic quantities:
* Converting to solar units if needed...
* Solar model scaling not activated!  -->  Dnu will not be scaled.
Done!

Fitting information:
* Fitting parameters with values and uncertainties:
  - Teff: [5571.3105, 6.2798]
  - FeH: [-0.1363, 0.0055]

Additional input parameters and settings in alphabetical order:
* asciiparams: ['Teff', 'FeH', 'radPhot', 'massfin', 'age']
* centroid: median
* cornerplots: ['Teff', 'FeH', 'radPhot', 'massfin', 'age']
* dnu_scales: {}
* dnusun: 135.1
* freqplots: []
* inputfile: input_JustKen.xml
* kielplots: [True]
* numsun: 3090.0
* output: mnt/c/Users/georg/Documents/GitHub/Iwan-and-George-Year-4-Project/Results/
* plotfmt: png
* solarmodel: False
* uncert: quantiles

Weights and priors:
* Bayesian weights:
  - Along tracks: age
  - Between tracks: volume
* Flat, constrained priors and ranges:
  - Teff: [5552.4711, 5590.149899999999]
  - FeH: [-0.3863, 0.1137]
* Additional priors (IMF): 


Computing likelihood of models in the grid (5977 tracks) ...
Done! Computed the likelihood of 10273 models, found 10273 models with non-zero likelihood!


*****************************************
**                                     **
**   Output and results from the fit   **
**                                     **
*****************************************


Highest likelihood model:
* Weighted, non-normalized log-probability: -4.429551272400467
* Grid-index: grid/tracks/track5495[165], with parameters:
  - Name: track5495-1310.fgong
  - Teff      :  5573.507100 
  - FeH       :    -0.133457 
  - radPhot   :     1.277988 
  - massfin   :     0.800278 
  - age       : 16038.487220 

Lowest chi2 model:
* chi2: 0.028223526374289255
* Grid-index: grid/tracks/track3467[10], with parameters:
  - Name: track3467-532.fgong
  - Teff      :  5571.203998 
  - FeH       :    -0.137219 
  - radPhot   :     0.834594 
  - massfin   :     0.923989 
  - age       :   312.656918 


Computing posterior distributions for the requested output parameters!
==> Summary statistics printed below ...

-----------------------------------------------------
median     Teff          :   5571.487693
err_plus   Teff          :      6.064882
err_minus  Teff          :      5.471375
-----------------------------------------------------
median     FeH           :     -0.136567
err_plus   FeH           :      0.005315
err_minus  FeH           :      0.005950
-----------------------------------------------------
median     radPhot       :      0.928661
err_plus   radPhot       :      0.151532
err_minus  radPhot       :      0.074239
-----------------------------------------------------
median     massfin       :      0.887339
err_plus   massfin       :      0.053568
err_minus  massfin       :      0.075812
-----------------------------------------------------
median     age           :   8925.044670
err_plus   age           :   5247.771850
err_minus  age           :   6844.701840
-----------------------------------------------------

Saved results to mnt/c/Users/georg/Documents/GitHub/Iwan-and-George-Year-4-Project/Results/JustKenResults.ascii.
Saved corner plot to mnt/c/Users/georg/Documents/GitHub/Iwan-and-George-Year-4-Project/Results/5710154317045164416_corner.png.
Saved Kiel diagram to mnt/c/Users/georg/Documents/GitHub/Iwan-and-George-Year-4-Project/Results/5710154317045164416_kiel.png.
Did not get any frequency file input, skipping ratios and echelle plots.
Saved dictionary to mnt/c/Users/georg/Documents/GitHub/Iwan-and-George-Year-4-Project/Results/5710154317045164416.json

Finished on 2024-01-20 18:49:12 (runtime 15.0 s).

