========================================================================================
                                         BASTA                                         
                             The BAyesian STellar Algorithm                             

                                     Version 1.2.1                                     

                                (c) 2022, The BASTA Team                                
                           https://github.com/BASTAcode/BASTA                           
========================================================================================

Run started on 2024-01-20 18:49:12 . 

Random numbers initialised with seed: 3178 .

Fitting star id: 5723638723350902400 .
* Using the grid '/root/BASTA/grids/Garstec_AS09_barbieMS.hdf5' of type 'sobol tracks'.
  - Grid built with BASTA version 1.3.1, timestamp: 2023-11-28 at 20:12:28.

Transforming solar-based asteroseismic quantities:
* Converting to solar units if needed...
* Solar model scaling not activated!  -->  Dnu will not be scaled.
Done!

Fitting information:
* Fitting parameters with values and uncertainties:
  - Teff: [5557.1006, 80.5347]
  - FeH: [-0.0613, 0.0947]

Additional input parameters and settings in alphabetical order:
* asciiparams: ['Teff', 'FeH', 'radPhot', 'massfin', 'age']
* centroid: median
* cornerplots: ['Teff', 'FeH', 'radPhot', 'massfin', 'age']
* dnu_scales: {}
* dnusun: 135.1
* freqplots: []
* inputfile: input_JustKen.xml
* kielplots: [True]
* numsun: 3090.0
* output: mnt/c/Users/georg/Documents/GitHub/Iwan-and-George-Year-4-Project/Results/
* plotfmt: png
* solarmodel: False
* uncert: quantiles

Weights and priors:
* Bayesian weights:
  - Along tracks: age
  - Between tracks: volume
* Flat, constrained priors and ranges:
  - Teff: [5315.496499999999, 5798.7047]
  - FeH: [-0.3113, 0.1887]
* Additional priors (IMF): 


Computing likelihood of models in the grid (5977 tracks) ...
Done! Computed the likelihood of 146832 models, found 146832 models with non-zero likelihood!


*****************************************
**                                     **
**   Output and results from the fit   **
**                                     **
*****************************************


Highest likelihood model:
* Weighted, non-normalized log-probability: -3.8588213246782854
* Grid-index: grid/tracks/track4903[97], with parameters:
  - Name: track4903-965.fgong
  - Teff      :  5550.707688 
  - FeH       :    -0.083272 
  - radPhot   :     0.864318 
  - massfin   :     0.787671 
  - age       : 10411.880360 

Lowest chi2 model:
* chi2: 9.544931285177595e-05
* Grid-index: grid/tracks/track0283[18], with parameters:
  - Name: track0283-561.fgong
  - Teff      :  5557.357291 
  - FeH       :    -0.062175 
  - radPhot   :     0.821433 
  - massfin   :     0.905974 
  - age       :   713.620276 


Computing posterior distributions for the requested output parameters!
==> Summary statistics printed below ...

-----------------------------------------------------
median     Teff          :   5551.814614
err_plus   Teff          :     79.705276
err_minus  Teff          :     74.989288
-----------------------------------------------------
median     FeH           :     -0.060407
err_plus   FeH           :      0.093725
err_minus  FeH           :      0.094070
-----------------------------------------------------
median     radPhot       :      0.947460
err_plus   radPhot       :      0.252001
err_minus  radPhot       :      0.121014
-----------------------------------------------------
median     massfin       :      0.885394
err_plus   massfin       :      0.071561
err_minus  massfin       :      0.065967
-----------------------------------------------------
median     age           :   9134.712072
err_plus   age           :   4925.762449
err_minus  age           :   6148.308599
-----------------------------------------------------

Saved results to mnt/c/Users/georg/Documents/GitHub/Iwan-and-George-Year-4-Project/Results/JustKenResults.ascii.
Saved corner plot to mnt/c/Users/georg/Documents/GitHub/Iwan-and-George-Year-4-Project/Results/5723638723350902400_corner.png.
Saved Kiel diagram to mnt/c/Users/georg/Documents/GitHub/Iwan-and-George-Year-4-Project/Results/5723638723350902400_kiel.png.
Did not get any frequency file input, skipping ratios and echelle plots.
Saved dictionary to mnt/c/Users/georg/Documents/GitHub/Iwan-and-George-Year-4-Project/Results/5723638723350902400.json

Finished on 2024-01-20 18:49:34 (runtime 22.0 s).

