========================================================================================
                                         BASTA                                         
                             The BAyesian STellar Algorithm                             

                                     Version 1.2.1                                     

                                (c) 2022, The BASTA Team                                
                           https://github.com/BASTAcode/BASTA                           
========================================================================================

Run started on 2024-01-20 18:49:54 . 

Random numbers initialised with seed: 3178 .

Fitting star id: 5795534040654879744 .
* Using the grid '/root/BASTA/grids/Garstec_AS09_barbieMS.hdf5' of type 'sobol tracks'.
  - Grid built with BASTA version 1.3.1, timestamp: 2023-11-28 at 20:12:28.

Transforming solar-based asteroseismic quantities:
* Converting to solar units if needed...
* Solar model scaling not activated!  -->  Dnu will not be scaled.
Done!

Fitting information:
* Fitting parameters with values and uncertainties:
  - Teff: [5326.739, 31.358]
  - FeH: [0.2303, 0.0375]

Additional input parameters and settings in alphabetical order:
* asciiparams: ['Teff', 'FeH', 'radPhot', 'massfin', 'age']
* centroid: median
* cornerplots: ['Teff', 'FeH', 'radPhot', 'massfin', 'age']
* dnu_scales: {}
* dnusun: 135.1
* freqplots: []
* inputfile: input_JustKen.xml
* kielplots: [True]
* numsun: 3090.0
* output: mnt/c/Users/georg/Documents/GitHub/Iwan-and-George-Year-4-Project/Results/
* plotfmt: png
* solarmodel: False
* uncert: quantiles

Weights and priors:
* Bayesian weights:
  - Along tracks: age
  - Between tracks: volume
* Flat, constrained priors and ranges:
  - Teff: [5232.665, 5420.812999999999]
  - FeH: [-0.019699999999999995, 0.4803]
* Additional priors (IMF): 


Computing likelihood of models in the grid (5977 tracks) ...
Done! Computed the likelihood of 95301 models, found 95301 models with non-zero likelihood!


*****************************************
**                                     **
**   Output and results from the fit   **
**                                     **
*****************************************


Highest likelihood model:
* Weighted, non-normalized log-probability: -4.458553808056119
* Grid-index: grid/tracks/track5843[180], with parameters:
  - Name: track5843-1367.fgong
  - Teff      :  5325.624529 
  - FeH       :     0.226465 
  - radPhot   :     0.936352 
  - massfin   :     0.882666 
  - age       : 10338.743420 

Lowest chi2 model:
* chi2: 0.00015976692746458545
* Grid-index: grid/tracks/track3001[443], with parameters:
  - Name: track3001-2676.fgong
  - Teff      :  5326.587411 
  - FeH       :     0.229862 
  - radPhot   :     1.372004 
  - massfin   :     1.024246 
  - age       : 13768.775580 


Computing posterior distributions for the requested output parameters!
==> Summary statistics printed below ...

-----------------------------------------------------
median     Teff          :   5322.529394
err_plus   Teff          :     31.823405
err_minus  Teff          :     29.912423
-----------------------------------------------------
median     FeH           :      0.232432
err_plus   FeH           :      0.038637
err_minus  FeH           :      0.041522
-----------------------------------------------------
median     radPhot       :      1.032935
err_plus   radPhot       :      0.212824
err_minus  radPhot       :      0.155112
-----------------------------------------------------
median     massfin       :      0.955206
err_plus   massfin       :      0.064738
err_minus  massfin       :      0.061224
-----------------------------------------------------
median     age           :  10845.374160
err_plus   age           :   4162.995290
err_minus  age           :   7620.166740
-----------------------------------------------------

Saved results to mnt/c/Users/georg/Documents/GitHub/Iwan-and-George-Year-4-Project/Results/JustKenResults.ascii.
Saved corner plot to mnt/c/Users/georg/Documents/GitHub/Iwan-and-George-Year-4-Project/Results/5795534040654879744_corner.png.
Saved Kiel diagram to mnt/c/Users/georg/Documents/GitHub/Iwan-and-George-Year-4-Project/Results/5795534040654879744_kiel.png.
Did not get any frequency file input, skipping ratios and echelle plots.
Saved dictionary to mnt/c/Users/georg/Documents/GitHub/Iwan-and-George-Year-4-Project/Results/5795534040654879744.json

Finished on 2024-01-20 18:50:13 (runtime 19.0 s).

