========================================================================================
                                         BASTA                                         
                             The BAyesian STellar Algorithm                             

                                     Version 1.2.1                                     

                                (c) 2022, The BASTA Team                                
                           https://github.com/BASTAcode/BASTA                           
========================================================================================

Run started on 2024-01-20 18:50:36 . 

Random numbers initialised with seed: 3178 .

Fitting star id: 5880886001621564928 .
* Using the grid '/root/BASTA/grids/Garstec_AS09_barbieMS.hdf5' of type 'sobol tracks'.
  - Grid built with BASTA version 1.3.1, timestamp: 2023-11-28 at 20:12:28.

Transforming solar-based asteroseismic quantities:
* Converting to solar units if needed...
* Solar model scaling not activated!  -->  Dnu will not be scaled.
Done!

Fitting information:
* Fitting parameters with values and uncertainties:
  - Teff: [4506.4727, 18.4907]
  - FeH: [0.2975, 0.0545]

Additional input parameters and settings in alphabetical order:
* asciiparams: ['Teff', 'FeH', 'radPhot', 'massfin', 'age']
* centroid: median
* cornerplots: ['Teff', 'FeH', 'radPhot', 'massfin', 'age']
* dnu_scales: {}
* dnusun: 135.1
* freqplots: []
* inputfile: input_JustKen.xml
* kielplots: [True]
* numsun: 3090.0
* output: mnt/c/Users/georg/Documents/GitHub/Iwan-and-George-Year-4-Project/Results/
* plotfmt: png
* solarmodel: False
* uncert: quantiles

Weights and priors:
* Bayesian weights:
  - Along tracks: age
  - Between tracks: volume
* Flat, constrained priors and ranges:
  - Teff: [4451.0006, 4561.9448]
  - FeH: [0.04749999999999999, 0.5475]
* Additional priors (IMF): 


Computing likelihood of models in the grid (5977 tracks) ...
Done! Computed the likelihood of 17503 models, found 17503 models with non-zero likelihood!


*****************************************
**                                     **
**   Output and results from the fit   **
**                                     **
*****************************************


Highest likelihood model:
* Weighted, non-normalized log-probability: -3.394948188663873
* Grid-index: grid/tracks/track5903[39], with parameters:
  - Name: track5903-658.fgong
  - Teff      :  4506.460442 
  - FeH       :     0.309510 
  - radPhot   :     0.698974 
  - massfin   :     0.732934 
  - age       :  5856.539597 

Lowest chi2 model:
* chi2: 0.00039207905896391723
* Grid-index: grid/tracks/track2767[25], with parameters:
  - Name: track2767-591.fgong
  - Teff      :  4506.342154 
  - FeH       :     0.296492 
  - radPhot   :     0.692560 
  - massfin   :     0.741962 
  - age       :  3326.692387 


Computing posterior distributions for the requested output parameters!
==> Summary statistics printed below ...

-----------------------------------------------------
median     Teff          :   4507.195662
err_plus   Teff          :     17.858146
err_minus  Teff          :     18.307201
-----------------------------------------------------
median     FeH           :      0.299835
err_plus   FeH           :      0.059510
err_minus  FeH           :      0.043931
-----------------------------------------------------
median     radPhot       :      0.733542
err_plus   radPhot       :      0.037268
err_minus  radPhot       :      0.041886
-----------------------------------------------------
median     massfin       :      0.780941
err_plus   massfin       :      0.046895
err_minus  massfin       :      0.048006
-----------------------------------------------------
median     age           :   7024.126785
err_plus   age           :   6781.663066
err_minus  age           :   4629.441411
-----------------------------------------------------

Saved results to mnt/c/Users/georg/Documents/GitHub/Iwan-and-George-Year-4-Project/Results/JustKenResults.ascii.
Saved corner plot to mnt/c/Users/georg/Documents/GitHub/Iwan-and-George-Year-4-Project/Results/5880886001621564928_corner.png.
Saved Kiel diagram to mnt/c/Users/georg/Documents/GitHub/Iwan-and-George-Year-4-Project/Results/5880886001621564928_kiel.png.
Did not get any frequency file input, skipping ratios and echelle plots.
Saved dictionary to mnt/c/Users/georg/Documents/GitHub/Iwan-and-George-Year-4-Project/Results/5880886001621564928.json

Finished on 2024-01-20 18:50:48 (runtime 12.0 s).

