========================================================================================
                                         BASTA                                         
                             The BAyesian STellar Algorithm                             

                                     Version 1.2.1                                     

                                (c) 2022, The BASTA Team                                
                           https://github.com/BASTAcode/BASTA                           
========================================================================================

Run started on 2024-01-20 18:50:48 . 

Random numbers initialised with seed: 3178 .

Fitting star id: 5902750168276592256 .
* Using the grid '/root/BASTA/grids/Garstec_AS09_barbieMS.hdf5' of type 'sobol tracks'.
  - Grid built with BASTA version 1.3.1, timestamp: 2023-11-28 at 20:12:28.

Transforming solar-based asteroseismic quantities:
* Converting to solar units if needed...
* Solar model scaling not activated!  -->  Dnu will not be scaled.
Done!

Fitting information:
* Fitting parameters with values and uncertainties:
  - Teff: [5620.91, 1.1266]
  - FeH: [-0.6025, 0.0103]

Additional input parameters and settings in alphabetical order:
* asciiparams: ['Teff', 'FeH', 'radPhot', 'massfin', 'age']
* centroid: median
* cornerplots: ['Teff', 'FeH', 'radPhot', 'massfin', 'age']
* dnu_scales: {}
* dnusun: 135.1
* freqplots: []
* inputfile: input_JustKen.xml
* kielplots: [True]
* numsun: 3090.0
* output: mnt/c/Users/georg/Documents/GitHub/Iwan-and-George-Year-4-Project/Results/
* plotfmt: png
* solarmodel: False
* uncert: quantiles

Weights and priors:
* Bayesian weights:
  - Along tracks: age
  - Between tracks: volume
* Flat, constrained priors and ranges:
  - Teff: [5617.5302, 5624.2898]
  - FeH: [-0.8525, -0.35250000000000004]
* Additional priors (IMF): 


Computing likelihood of models in the grid (5977 tracks) ...
Done! Computed the likelihood of 520 models, found 520 models with non-zero likelihood!


*****************************************
**                                     **
**   Output and results from the fit   **
**                                     **
*****************************************


Highest likelihood model:
* Weighted, non-normalized log-probability: -3.5519069801078724
* Grid-index: grid/tracks/track0112[114], with parameters:
  - Name: track0112-1050.fgong
  - Teff      :  5620.682183 
  - FeH       :    -0.602518 
  - radPhot   :     0.923955 
  - massfin   :     0.734462 
  - age       : 18106.635190 

Lowest chi2 model:
* chi2: 0.040894626616347136
* Grid-index: grid/tracks/track0112[114], with parameters:
  - Name: track0112-1050.fgong
  - Teff      :  5620.682183 
  - FeH       :    -0.602518 
  - radPhot   :     0.923955 
  - massfin   :     0.734462 
  - age       : 18106.635190 


Computing posterior distributions for the requested output parameters!
==> Summary statistics printed below ...

-----------------------------------------------------
median     Teff          :   5620.682183
err_plus   Teff          :      1.088896
err_minus  Teff          :      0.471709
-----------------------------------------------------
median     FeH           :     -0.602518
err_plus   FeH           :      0.014251
err_minus  FeH           :      0.009596
-----------------------------------------------------
median     radPhot       :      0.777725
err_plus   radPhot       :      0.146230
err_minus  radPhot       :      0.095762
-----------------------------------------------------
median     massfin       :      0.734462
err_plus   massfin       :      0.027293
err_minus  massfin       :      0.011537
-----------------------------------------------------
median     age           :  12530.289550
err_plus   age           :   5576.345640
err_minus  age           :   9598.969420
-----------------------------------------------------

Saved results to mnt/c/Users/georg/Documents/GitHub/Iwan-and-George-Year-4-Project/Results/JustKenResults.ascii.
Saved corner plot to mnt/c/Users/georg/Documents/GitHub/Iwan-and-George-Year-4-Project/Results/5902750168276592256_corner.png.
Saved Kiel diagram to mnt/c/Users/georg/Documents/GitHub/Iwan-and-George-Year-4-Project/Results/5902750168276592256_kiel.png.
Did not get any frequency file input, skipping ratios and echelle plots.
Saved dictionary to mnt/c/Users/georg/Documents/GitHub/Iwan-and-George-Year-4-Project/Results/5902750168276592256.json

Finished on 2024-01-20 18:51:01 (runtime 13.0 s).

