========================================================================================
                                         BASTA                                         
                             The BAyesian STellar Algorithm                             

                                     Version 1.2.1                                     

                                (c) 2022, The BASTA Team                                
                           https://github.com/BASTAcode/BASTA                           
========================================================================================

Run started on 2024-01-20 18:51:19 . 

Random numbers initialised with seed: 3178 .

Fitting star id: 602494855483616256 .
* Using the grid '/root/BASTA/grids/Garstec_AS09_barbieMS.hdf5' of type 'sobol tracks'.
  - Grid built with BASTA version 1.3.1, timestamp: 2023-11-28 at 20:12:28.

Transforming solar-based asteroseismic quantities:
* Converting to solar units if needed...
* Solar model scaling not activated!  -->  Dnu will not be scaled.
Done!

Fitting information:
* Fitting parameters with values and uncertainties:
  - Teff: [4884.575, 11.077]
  - FeH: [0.5973, 0.0158]

Additional input parameters and settings in alphabetical order:
* asciiparams: ['Teff', 'FeH', 'radPhot', 'massfin', 'age']
* centroid: median
* cornerplots: ['Teff', 'FeH', 'radPhot', 'massfin', 'age']
* dnu_scales: {}
* dnusun: 135.1
* freqplots: []
* inputfile: input_JustKen.xml
* kielplots: [True]
* numsun: 3090.0
* output: mnt/c/Users/georg/Documents/GitHub/Iwan-and-George-Year-4-Project/Results/
* plotfmt: png
* solarmodel: False
* uncert: quantiles

Weights and priors:
* Bayesian weights:
  - Along tracks: age
  - Between tracks: volume
* Flat, constrained priors and ranges:
  - Teff: [4851.344, 4917.806]
  - FeH: [0.34730000000000005, 0.8473]
* Additional priors (IMF): 


Computing likelihood of models in the grid (5977 tracks) ...
Done! Computed the likelihood of 10583 models, found 10583 models with non-zero likelihood!


*****************************************
**                                     **
**   Output and results from the fit   **
**                                     **
*****************************************


Highest likelihood model:
* Weighted, non-normalized log-probability: -5.293930843197486
* Grid-index: grid/tracks/track0427[8], with parameters:
  - Name: track0427-485.fgong
  - Teff      :  4883.800530 
  - FeH       :     0.588788 
  - radPhot   :     0.832742 
  - massfin   :     0.946996 
  - age       :   224.314924 

Lowest chi2 model:
* chi2: 0.29514482297568695
* Grid-index: grid/tracks/track0427[8], with parameters:
  - Name: track0427-485.fgong
  - Teff      :  4883.800530 
  - FeH       :     0.588788 
  - radPhot   :     0.832742 
  - massfin   :     0.946996 
  - age       :   224.314924 


Computing posterior distributions for the requested output parameters!
==> Summary statistics printed below ...

-----------------------------------------------------
median     Teff          :   4885.550692
err_plus   Teff          :     10.596402
err_minus  Teff          :     11.684562
-----------------------------------------------------
median     FeH           :      0.572419
err_plus   FeH           :      0.015082
err_minus  FeH           :      0.009434
-----------------------------------------------------
median     radPhot       :      0.842537
err_plus   radPhot       :      0.077449
err_minus  radPhot       :      0.009796
-----------------------------------------------------
median     massfin       :      0.958990
err_plus   massfin       :      0.093957
err_minus  massfin       :      0.033008
-----------------------------------------------------
median     age           :    692.981836
err_plus   age           :   1270.538826
err_minus  age           :    487.158374
-----------------------------------------------------

Saved results to mnt/c/Users/georg/Documents/GitHub/Iwan-and-George-Year-4-Project/Results/JustKenResults.ascii.
Saved corner plot to mnt/c/Users/georg/Documents/GitHub/Iwan-and-George-Year-4-Project/Results/602494855483616256_corner.png.
Saved Kiel diagram to mnt/c/Users/georg/Documents/GitHub/Iwan-and-George-Year-4-Project/Results/602494855483616256_kiel.png.
Did not get any frequency file input, skipping ratios and echelle plots.
Saved dictionary to mnt/c/Users/georg/Documents/GitHub/Iwan-and-George-Year-4-Project/Results/602494855483616256.json

Finished on 2024-01-20 18:51:34 (runtime 15.0 s).

