========================================================================================
                                         BASTA                                         
                             The BAyesian STellar Algorithm                             

                                     Version 1.2.1                                     

                                (c) 2022, The BASTA Team                                
                           https://github.com/BASTAcode/BASTA                           
========================================================================================

Run started on 2024-01-20 18:51:34 . 

Random numbers initialised with seed: 3178 .

Fitting star id: 6032746832450438400 .
* Using the grid '/root/BASTA/grids/Garstec_AS09_barbieMS.hdf5' of type 'sobol tracks'.
  - Grid built with BASTA version 1.3.1, timestamp: 2023-11-28 at 20:12:28.

Transforming solar-based asteroseismic quantities:
* Converting to solar units if needed...
* Solar model scaling not activated!  -->  Dnu will not be scaled.
Done!

Fitting information:
* Fitting parameters with values and uncertainties:
  - Teff: [6242.985, 4.6146]
  - FeH: [-0.3091, 0.0036]

Additional input parameters and settings in alphabetical order:
* asciiparams: ['Teff', 'FeH', 'radPhot', 'massfin', 'age']
* centroid: median
* cornerplots: ['Teff', 'FeH', 'radPhot', 'massfin', 'age']
* dnu_scales: {}
* dnusun: 135.1
* freqplots: []
* inputfile: input_JustKen.xml
* kielplots: [True]
* numsun: 3090.0
* output: mnt/c/Users/georg/Documents/GitHub/Iwan-and-George-Year-4-Project/Results/
* plotfmt: png
* solarmodel: False
* uncert: quantiles

Weights and priors:
* Bayesian weights:
  - Along tracks: age
  - Between tracks: volume
* Flat, constrained priors and ranges:
  - Teff: [6229.1412, 6256.828799999999]
  - FeH: [-0.5590999999999999, -0.059099999999999986]
* Additional priors (IMF): 


Computing likelihood of models in the grid (5977 tracks) ...
Done! Computed the likelihood of 7891 models, found 7891 models with non-zero likelihood!


*****************************************
**                                     **
**   Output and results from the fit   **
**                                     **
*****************************************


Highest likelihood model:
* Weighted, non-normalized log-probability: -5.173684544084415
* Grid-index: grid/tracks/track3179[128], with parameters:
  - Name: track3179-1117.fgong
  - Teff      :  6244.239400 
  - FeH       :    -0.308418 
  - radPhot   :     1.081389 
  - massfin   :     0.938567 
  - age       :  5459.055000 

Lowest chi2 model:
* chi2: 0.012192655084904105
* Grid-index: grid/tracks/track2057[119], with parameters:
  - Name: track2057-1056.fgong
  - Teff      :  6243.487230 
  - FeH       :    -0.309167 
  - radPhot   :     1.113514 
  - massfin   :     1.043689 
  - age       :  3269.912147 


Computing posterior distributions for the requested output parameters!
==> Summary statistics printed below ...

-----------------------------------------------------
median     Teff          :   6243.487230
err_plus   Teff          :      1.936181
err_minus  Teff          :      5.965707
-----------------------------------------------------
median     FeH           :     -0.308652
err_plus   FeH           :      0.003325
err_minus  FeH           :      0.003377
-----------------------------------------------------
median     radPhot       :      1.119329
err_plus   radPhot       :      0.361766
err_minus  radPhot       :      0.157756
-----------------------------------------------------
median     massfin       :      1.007257
err_plus   massfin       :      0.050155
err_minus  massfin       :      0.072438
-----------------------------------------------------
median     age           :   5133.791943
err_plus   age           :    457.713057
err_minus  age           :   2279.629909
-----------------------------------------------------

Saved results to mnt/c/Users/georg/Documents/GitHub/Iwan-and-George-Year-4-Project/Results/JustKenResults.ascii.
Saved corner plot to mnt/c/Users/georg/Documents/GitHub/Iwan-and-George-Year-4-Project/Results/6032746832450438400_corner.png.
Saved Kiel diagram to mnt/c/Users/georg/Documents/GitHub/Iwan-and-George-Year-4-Project/Results/6032746832450438400_kiel.png.
Did not get any frequency file input, skipping ratios and echelle plots.
Saved dictionary to mnt/c/Users/georg/Documents/GitHub/Iwan-and-George-Year-4-Project/Results/6032746832450438400.json

Finished on 2024-01-20 18:51:47 (runtime 13.0 s).

