========================================================================================
                                         BASTA                                         
                             The BAyesian STellar Algorithm                             

                                     Version 1.2.1                                     

                                (c) 2022, The BASTA Team                                
                           https://github.com/BASTAcode/BASTA                           
========================================================================================

Run started on 2024-01-20 18:51:47 . 

Random numbers initialised with seed: 3178 .

Fitting star id: 6042793005779654656 .
* Using the grid '/root/BASTA/grids/Garstec_AS09_barbieMS.hdf5' of type 'sobol tracks'.
  - Grid built with BASTA version 1.3.1, timestamp: 2023-11-28 at 20:12:28.

Transforming solar-based asteroseismic quantities:
* Converting to solar units if needed...
* Solar model scaling not activated!  -->  Dnu will not be scaled.
Done!

Fitting information:
* Fitting parameters with values and uncertainties:
  - Teff: [6617.9907, 12.5643]
  - FeH: [-0.5265, 0.0095]

Additional input parameters and settings in alphabetical order:
* asciiparams: ['Teff', 'FeH', 'radPhot', 'massfin', 'age']
* centroid: median
* cornerplots: ['Teff', 'FeH', 'radPhot', 'massfin', 'age']
* dnu_scales: {}
* dnusun: 135.1
* freqplots: []
* inputfile: input_JustKen.xml
* kielplots: [True]
* numsun: 3090.0
* output: mnt/c/Users/georg/Documents/GitHub/Iwan-and-George-Year-4-Project/Results/
* plotfmt: png
* solarmodel: False
* uncert: quantiles

Weights and priors:
* Bayesian weights:
  - Along tracks: age
  - Between tracks: volume
* Flat, constrained priors and ranges:
  - Teff: [6580.2978, 6655.6836]
  - FeH: [-0.7765, -0.27649999999999997]
* Additional priors (IMF): 


Computing likelihood of models in the grid (5977 tracks) ...
Done! Computed the likelihood of 8974 models, found 8974 models with non-zero likelihood!


*****************************************
**                                     **
**   Output and results from the fit   **
**                                     **
*****************************************


Highest likelihood model:
* Weighted, non-normalized log-probability: -5.087637291317307
* Grid-index: grid/tracks/track2438[32], with parameters:
  - Name: track2438-632.fgong
  - Teff      :  6614.097678 
  - FeH       :    -0.526993 
  - radPhot   :     1.002605 
  - massfin   :     1.017899 
  - age       :   933.930870 

Lowest chi2 model:
* chi2: 0.03125242071165686
* Grid-index: grid/tracks/track3210[108], with parameters:
  - Name: track3210-990.fgong
  - Teff      :  6616.486661 
  - FeH       :    -0.525264 
  - radPhot   :     1.249501 
  - massfin   :     1.175687 
  - age       :  2010.032503 


Computing posterior distributions for the requested output parameters!
==> Summary statistics printed below ...

-----------------------------------------------------
median     Teff          :   6613.009470
err_plus   Teff          :     16.838131
err_minus  Teff          :     10.459173
-----------------------------------------------------
median     FeH           :     -0.526480
err_plus   FeH           :      0.010030
err_minus  FeH           :      0.009847
-----------------------------------------------------
median     radPhot       :      1.065070
err_plus   radPhot       :      0.176477
err_minus  radPhot       :      0.080384
-----------------------------------------------------
median     massfin       :      1.062837
err_plus   massfin       :      0.050823
err_minus  massfin       :      0.045843
-----------------------------------------------------
median     age           :   1079.581528
err_plus   age           :    878.349154
err_minus  age           :    694.030423
-----------------------------------------------------

Saved results to mnt/c/Users/georg/Documents/GitHub/Iwan-and-George-Year-4-Project/Results/JustKenResults.ascii.
Saved corner plot to mnt/c/Users/georg/Documents/GitHub/Iwan-and-George-Year-4-Project/Results/6042793005779654656_corner.png.
Saved Kiel diagram to mnt/c/Users/georg/Documents/GitHub/Iwan-and-George-Year-4-Project/Results/6042793005779654656_kiel.png.
Did not get any frequency file input, skipping ratios and echelle plots.
Saved dictionary to mnt/c/Users/georg/Documents/GitHub/Iwan-and-George-Year-4-Project/Results/6042793005779654656.json

Finished on 2024-01-20 18:52:03 (runtime 16.0 s).

