========================================================================================
                                         BASTA                                         
                             The BAyesian STellar Algorithm                             

                                     Version 1.2.1                                     

                                (c) 2022, The BASTA Team                                
                           https://github.com/BASTAcode/BASTA                           
========================================================================================

Run started on 2024-01-20 18:52:04 . 

Random numbers initialised with seed: 3178 .

Fitting star id: 6086712585429729536 .
* Using the grid '/root/BASTA/grids/Garstec_AS09_barbieMS.hdf5' of type 'sobol tracks'.
  - Grid built with BASTA version 1.3.1, timestamp: 2023-11-28 at 20:12:28.

Transforming solar-based asteroseismic quantities:
* Converting to solar units if needed...
* Solar model scaling not activated!  -->  Dnu will not be scaled.
Done!

Fitting information:
* Fitting parameters with values and uncertainties:
  - Teff: [6972.9062, 12.4444]
  - FeH: [-0.1819, 0.0106]

Additional input parameters and settings in alphabetical order:
* asciiparams: ['Teff', 'FeH', 'radPhot', 'massfin', 'age']
* centroid: median
* cornerplots: ['Teff', 'FeH', 'radPhot', 'massfin', 'age']
* dnu_scales: {}
* dnusun: 135.1
* freqplots: []
* inputfile: input_JustKen.xml
* kielplots: [True]
* numsun: 3090.0
* output: mnt/c/Users/georg/Documents/GitHub/Iwan-and-George-Year-4-Project/Results/
* plotfmt: png
* solarmodel: False
* uncert: quantiles

Weights and priors:
* Bayesian weights:
  - Along tracks: age
  - Between tracks: volume
* Flat, constrained priors and ranges:
  - Teff: [6935.573, 7010.2394]
  - FeH: [-0.4319, 0.0681]
* Additional priors (IMF): 


Computing likelihood of models in the grid (5977 tracks) ...
Done! Computed the likelihood of 110 models, found 110 models with non-zero likelihood!


*****************************************
**                                     **
**   Output and results from the fit   **
**                                     **
*****************************************


Highest likelihood model:
* Weighted, non-normalized log-probability: -10.979299116173898
* Grid-index: grid/tracks/track0885[5], with parameters:
  - Name: track0885-463.fgong
  - Teff      :  6996.644715 
  - FeH       :    -0.203246 
  - radPhot   :     1.144444 
  - massfin   :     1.175989 
  - age       :    69.974902 

Lowest chi2 model:
* chi2: 5.9222494691629235
* Grid-index: grid/tracks/track0885[0], with parameters:
  - Name: track0885-438.fgong
  - Teff      :  6996.676662 
  - FeH       :    -0.197883 
  - radPhot   :     1.143426 
  - massfin   :     1.175991 
  - age       :    63.105224 


Computing posterior distributions for the requested output parameters!
==> Summary statistics printed below ...

-----------------------------------------------------
median     Teff          :   6996.644715
err_plus   Teff          :      0.453805
err_minus  Teff          :      0.000000
-----------------------------------------------------
median     FeH           :     -0.203246
err_plus   FeH           :      0.003900
err_minus  FeH           :      0.000000
-----------------------------------------------------
median     radPhot       :      1.144444
err_plus   radPhot       :      0.000000
err_minus  radPhot       :      0.000606
-----------------------------------------------------
median     massfin       :      1.175989
err_plus   massfin       :      0.000001
err_minus  massfin       :      0.000000
-----------------------------------------------------
median     age           :     69.974902
err_plus   age           :      0.000000
err_minus  age           :      5.001047
-----------------------------------------------------

Saved results to mnt/c/Users/georg/Documents/GitHub/Iwan-and-George-Year-4-Project/Results/JustKenResults.ascii.
Saved corner plot to mnt/c/Users/georg/Documents/GitHub/Iwan-and-George-Year-4-Project/Results/6086712585429729536_corner.png.
Saved Kiel diagram to mnt/c/Users/georg/Documents/GitHub/Iwan-and-George-Year-4-Project/Results/6086712585429729536_kiel.png.
Did not get any frequency file input, skipping ratios and echelle plots.
Saved dictionary to mnt/c/Users/georg/Documents/GitHub/Iwan-and-George-Year-4-Project/Results/6086712585429729536.json

Finished on 2024-01-20 18:52:16 (runtime 12.0 s).

