========================================================================================
                                         BASTA                                         
                             The BAyesian STellar Algorithm                             

                                     Version 1.2.1                                     

                                (c) 2022, The BASTA Team                                
                           https://github.com/BASTAcode/BASTA                           
========================================================================================

Run started on 2024-01-20 18:52:17 . 

Random numbers initialised with seed: 3178 .

Fitting star id: 6112606840179716096 .
* Using the grid '/root/BASTA/grids/Garstec_AS09_barbieMS.hdf5' of type 'sobol tracks'.
  - Grid built with BASTA version 1.3.1, timestamp: 2023-11-28 at 20:12:28.

Transforming solar-based asteroseismic quantities:
* Converting to solar units if needed...
* Solar model scaling not activated!  -->  Dnu will not be scaled.
Done!

Fitting information:
* Fitting parameters with values and uncertainties:
  - Teff: [5475.071, 20.0877]
  - FeH: [0.1477, 0.0231]

Additional input parameters and settings in alphabetical order:
* asciiparams: ['Teff', 'FeH', 'radPhot', 'massfin', 'age']
* centroid: median
* cornerplots: ['Teff', 'FeH', 'radPhot', 'massfin', 'age']
* dnu_scales: {}
* dnusun: 135.1
* freqplots: []
* inputfile: input_JustKen.xml
* kielplots: [True]
* numsun: 3090.0
* output: mnt/c/Users/georg/Documents/GitHub/Iwan-and-George-Year-4-Project/Results/
* plotfmt: png
* solarmodel: False
* uncert: quantiles

Weights and priors:
* Bayesian weights:
  - Along tracks: age
  - Between tracks: volume
* Flat, constrained priors and ranges:
  - Teff: [5414.8079, 5535.3341]
  - FeH: [-0.1023, 0.3977]
* Additional priors (IMF): 


Computing likelihood of models in the grid (5977 tracks) ...
Done! Computed the likelihood of 55566 models, found 55566 models with non-zero likelihood!


*****************************************
**                                     **
**   Output and results from the fit   **
**                                     **
*****************************************


Highest likelihood model:
* Weighted, non-normalized log-probability: -4.564792312958277
* Grid-index: grid/tracks/track5987[141], with parameters:
  - Name: track5987-1176.fgong
  - Teff      :  5472.269892 
  - FeH       :     0.135705 
  - radPhot   :     0.918063 
  - massfin   :     0.846647 
  - age       : 10515.509810 

Lowest chi2 model:
* chi2: 0.0009026286954522409
* Grid-index: grid/tracks/track4129[71], with parameters:
  - Name: track4129-833.fgong
  - Teff      :  5475.304563 
  - FeH       :     0.148340 
  - radPhot   :     0.897163 
  - massfin   :     0.973894 
  - age       :  2637.253882 


Computing posterior distributions for the requested output parameters!
==> Summary statistics printed below ...

-----------------------------------------------------
median     Teff          :   5475.196623
err_plus   Teff          :     18.739638
err_minus  Teff          :     19.536358
-----------------------------------------------------
median     FeH           :      0.146223
err_plus   FeH           :      0.023379
err_minus  FeH           :      0.023159
-----------------------------------------------------
median     radPhot       :      0.989465
err_plus   radPhot       :      0.259730
err_minus  radPhot       :      0.090251
-----------------------------------------------------
median     massfin       :      0.957737
err_plus   massfin       :      0.061225
err_minus  massfin       :      0.054954
-----------------------------------------------------
median     age           :   8533.888815
err_plus   age           :   4320.848865
err_minus  age           :   5648.418767
-----------------------------------------------------

Saved results to mnt/c/Users/georg/Documents/GitHub/Iwan-and-George-Year-4-Project/Results/JustKenResults.ascii.
Saved corner plot to mnt/c/Users/georg/Documents/GitHub/Iwan-and-George-Year-4-Project/Results/6112606840179716096_corner.png.
Saved Kiel diagram to mnt/c/Users/georg/Documents/GitHub/Iwan-and-George-Year-4-Project/Results/6112606840179716096_kiel.png.
Did not get any frequency file input, skipping ratios and echelle plots.
Saved dictionary to mnt/c/Users/georg/Documents/GitHub/Iwan-and-George-Year-4-Project/Results/6112606840179716096.json

Finished on 2024-01-20 18:52:34 (runtime 17.0 s).

