========================================================================================
                                         BASTA                                         
                             The BAyesian STellar Algorithm                             

                                     Version 1.2.1                                     

                                (c) 2022, The BASTA Team                                
                           https://github.com/BASTAcode/BASTA                           
========================================================================================

Run started on 2024-01-20 18:52:34 . 

Random numbers initialised with seed: 3178 .

Fitting star id: 6125644402384918784 .
* Using the grid '/root/BASTA/grids/Garstec_AS09_barbieMS.hdf5' of type 'sobol tracks'.
  - Grid built with BASTA version 1.3.1, timestamp: 2023-11-28 at 20:12:28.

Transforming solar-based asteroseismic quantities:
* Converting to solar units if needed...
* Solar model scaling not activated!  -->  Dnu will not be scaled.
Done!

Fitting information:
* Fitting parameters with values and uncertainties:
  - Teff: [5645.641, 32.7213]
  - FeH: [-0.3973, 0.0381]

Additional input parameters and settings in alphabetical order:
* asciiparams: ['Teff', 'FeH', 'radPhot', 'massfin', 'age']
* centroid: median
* cornerplots: ['Teff', 'FeH', 'radPhot', 'massfin', 'age']
* dnu_scales: {}
* dnusun: 135.1
* freqplots: []
* inputfile: input_JustKen.xml
* kielplots: [True]
* numsun: 3090.0
* output: mnt/c/Users/georg/Documents/GitHub/Iwan-and-George-Year-4-Project/Results/
* plotfmt: png
* solarmodel: False
* uncert: quantiles

Weights and priors:
* Bayesian weights:
  - Along tracks: age
  - Between tracks: volume
* Flat, constrained priors and ranges:
  - Teff: [5547.4771, 5743.804899999999]
  - FeH: [-0.6473, -0.1473]
* Additional priors (IMF): 


Computing likelihood of models in the grid (5977 tracks) ...
Done! Computed the likelihood of 29926 models, found 29926 models with non-zero likelihood!


*****************************************
**                                     **
**   Output and results from the fit   **
**                                     **
*****************************************


Highest likelihood model:
* Weighted, non-normalized log-probability: -3.19986710649486
* Grid-index: grid/tracks/track5616[24], with parameters:
  - Name: track5616-604.fgong
  - Teff      :  5646.015150 
  - FeH       :    -0.388351 
  - radPhot   :     0.696601 
  - massfin   :     0.732911 
  - age       :  3261.594660 

Lowest chi2 model:
* chi2: 0.0016367473964115737
* Grid-index: grid/tracks/track0316[143], with parameters:
  - Name: track0316-1202.fgong
  - Teff      :  5644.608760 
  - FeH       :    -0.398265 
  - radPhot   :     0.934892 
  - massfin   :     0.835568 
  - age       : 11422.748520 


Computing posterior distributions for the requested output parameters!
==> Summary statistics printed below ...

-----------------------------------------------------
median     Teff          :   5646.588613
err_plus   Teff          :     34.369959
err_minus  Teff          :     32.088733
-----------------------------------------------------
median     FeH           :     -0.395983
err_plus   FeH           :      0.036037
err_minus  FeH           :      0.036888
-----------------------------------------------------
median     radPhot       :      0.846328
err_plus   radPhot       :      0.206533
err_minus  radPhot       :      0.100736
-----------------------------------------------------
median     massfin       :      0.776650
err_plus   massfin       :      0.055060
err_minus  massfin       :      0.042001
-----------------------------------------------------
median     age           :  10274.967040
err_plus   age           :   6192.370430
err_minus  age           :   6345.372380
-----------------------------------------------------

Saved results to mnt/c/Users/georg/Documents/GitHub/Iwan-and-George-Year-4-Project/Results/JustKenResults.ascii.
Saved corner plot to mnt/c/Users/georg/Documents/GitHub/Iwan-and-George-Year-4-Project/Results/6125644402384918784_corner.png.
Saved Kiel diagram to mnt/c/Users/georg/Documents/GitHub/Iwan-and-George-Year-4-Project/Results/6125644402384918784_kiel.png.
Did not get any frequency file input, skipping ratios and echelle plots.
Saved dictionary to mnt/c/Users/georg/Documents/GitHub/Iwan-and-George-Year-4-Project/Results/6125644402384918784.json

Finished on 2024-01-20 18:52:51 (runtime 17.0 s).

