========================================================================================
                                         BASTA                                         
                             The BAyesian STellar Algorithm                             

                                     Version 1.2.1                                     

                                (c) 2022, The BASTA Team                                
                           https://github.com/BASTAcode/BASTA                           
========================================================================================

Run started on 2024-01-20 18:52:51 . 

Random numbers initialised with seed: 3178 .

Fitting star id: 6154982877300947840 .
* Using the grid '/root/BASTA/grids/Garstec_AS09_barbieMS.hdf5' of type 'sobol tracks'.
  - Grid built with BASTA version 1.3.1, timestamp: 2023-11-28 at 20:12:28.

Transforming solar-based asteroseismic quantities:
* Converting to solar units if needed...
* Solar model scaling not activated!  -->  Dnu will not be scaled.
Done!

Fitting information:
* Fitting parameters with values and uncertainties:
  - Teff: [6993.378, 25.966]
  - FeH: [-0.1382, 0.0123]

Additional input parameters and settings in alphabetical order:
* asciiparams: ['Teff', 'FeH', 'radPhot', 'massfin', 'age']
* centroid: median
* cornerplots: ['Teff', 'FeH', 'radPhot', 'massfin', 'age']
* dnu_scales: {}
* dnusun: 135.1
* freqplots: []
* inputfile: input_JustKen.xml
* kielplots: [True]
* numsun: 3090.0
* output: mnt/c/Users/georg/Documents/GitHub/Iwan-and-George-Year-4-Project/Results/
* plotfmt: png
* solarmodel: False
* uncert: quantiles

Weights and priors:
* Bayesian weights:
  - Along tracks: age
  - Between tracks: volume
* Flat, constrained priors and ranges:
  - Teff: [6915.48, 7071.276]
  - FeH: [-0.3882, 0.11180000000000001]
* Additional priors (IMF): 


Computing likelihood of models in the grid (5977 tracks) ...
Done! Computed the likelihood of 130 models, found 130 models with non-zero likelihood!


*****************************************
**                                     **
**   Output and results from the fit   **
**                                     **
*****************************************


Highest likelihood model:
* Weighted, non-normalized log-probability: -20.68393553082267
* Grid-index: grid/tracks/track0885[4], with parameters:
  - Name: track0885-458.fgong
  - Teff      :  6997.098520 
  - FeH       :    -0.199346 
  - radPhot   :     1.143838 
  - massfin   :     1.175990 
  - age       :    64.973855 

Lowest chi2 model:
* chi2: 23.560970850749918
* Grid-index: grid/tracks/track0885[0], with parameters:
  - Name: track0885-438.fgong
  - Teff      :  6996.676662 
  - FeH       :    -0.197883 
  - radPhot   :     1.143426 
  - massfin   :     1.175991 
  - age       :    63.105224 


Computing posterior distributions for the requested output parameters!
==> Summary statistics printed below ...

-----------------------------------------------------
median     Teff          :   6996.797440
err_plus   Teff          :      0.301080
err_minus  Teff          :      0.152725
-----------------------------------------------------
median     FeH           :     -0.199346
err_plus   FeH           :      0.001053
err_minus  FeH           :      0.003900
-----------------------------------------------------
median     radPhot       :      1.143838
err_plus   radPhot       :      0.000606
err_minus  radPhot       :      0.000289
-----------------------------------------------------
median     massfin       :      1.175990
err_plus   massfin       :      0.000000
err_minus  massfin       :      0.000001
-----------------------------------------------------
median     age           :     64.973855
err_plus   age           :      5.001047
err_minus  age           :      1.346927
-----------------------------------------------------

Saved results to mnt/c/Users/georg/Documents/GitHub/Iwan-and-George-Year-4-Project/Results/JustKenResults.ascii.
Saved corner plot to mnt/c/Users/georg/Documents/GitHub/Iwan-and-George-Year-4-Project/Results/6154982877300947840_corner.png.
Saved Kiel diagram to mnt/c/Users/georg/Documents/GitHub/Iwan-and-George-Year-4-Project/Results/6154982877300947840_kiel.png.
Did not get any frequency file input, skipping ratios and echelle plots.
Saved dictionary to mnt/c/Users/georg/Documents/GitHub/Iwan-and-George-Year-4-Project/Results/6154982877300947840.json

Finished on 2024-01-20 18:53:01 (runtime 10.0 s).

