========================================================================================
                                         BASTA                                         
                             The BAyesian STellar Algorithm                             

                                     Version 1.2.1                                     

                                (c) 2022, The BASTA Team                                
                           https://github.com/BASTAcode/BASTA                           
========================================================================================

Run started on 2024-01-20 18:53:01 . 

Random numbers initialised with seed: 3178 .

Fitting star id: 61607255708760960 .
* Using the grid '/root/BASTA/grids/Garstec_AS09_barbieMS.hdf5' of type 'sobol tracks'.
  - Grid built with BASTA version 1.3.1, timestamp: 2023-11-28 at 20:12:28.

Transforming solar-based asteroseismic quantities:
* Converting to solar units if needed...
* Solar model scaling not activated!  -->  Dnu will not be scaled.
Done!

Fitting information:
* Fitting parameters with values and uncertainties:
  - Teff: [5523.48, 3.9096]
  - FeH: [-0.0163, 0.0051]

Additional input parameters and settings in alphabetical order:
* asciiparams: ['Teff', 'FeH', 'radPhot', 'massfin', 'age']
* centroid: median
* cornerplots: ['Teff', 'FeH', 'radPhot', 'massfin', 'age']
* dnu_scales: {}
* dnusun: 135.1
* freqplots: []
* inputfile: input_JustKen.xml
* kielplots: [True]
* numsun: 3090.0
* output: mnt/c/Users/georg/Documents/GitHub/Iwan-and-George-Year-4-Project/Results/
* plotfmt: png
* solarmodel: False
* uncert: quantiles

Weights and priors:
* Bayesian weights:
  - Along tracks: age
  - Between tracks: volume
* Flat, constrained priors and ranges:
  - Teff: [5511.7512, 5535.208799999999]
  - FeH: [-0.2663, 0.2337]
* Additional priors (IMF): 


Computing likelihood of models in the grid (5977 tracks) ...
Done! Computed the likelihood of 8669 models, found 8669 models with non-zero likelihood!


*****************************************
**                                     **
**   Output and results from the fit   **
**                                     **
*****************************************


Highest likelihood model:
* Weighted, non-normalized log-probability: -4.622449571565188
* Grid-index: grid/tracks/track0419[220], with parameters:
  - Name: track0419-1586.fgong
  - Teff      :  5527.288618 
  - FeH       :    -0.015833 
  - radPhot   :     1.308767 
  - massfin   :     0.852247 
  - age       : 15895.018340 

Lowest chi2 model:
* chi2: 0.2902181009090266
* Grid-index: grid/tracks/track4043[236], with parameters:
  - Name: track4043-1672.fgong
  - Teff      :  5523.830214 
  - FeH       :    -0.013591 
  - radPhot   :     0.972044 
  - massfin   :     0.926580 
  - age       : 10724.125420 


Computing posterior distributions for the requested output parameters!
==> Summary statistics printed below ...

-----------------------------------------------------
median     Teff          :   5522.624265
err_plus   Teff          :      4.342844
err_minus  Teff          :      3.531233
-----------------------------------------------------
median     FeH           :     -0.015833
err_plus   FeH           :      0.006354
err_minus  FeH           :      0.005169
-----------------------------------------------------
median     radPhot       :      0.967897
err_plus   radPhot       :      0.246875
err_minus  radPhot       :      0.141201
-----------------------------------------------------
median     massfin       :      0.900987
err_plus   massfin       :      0.037734
err_minus  massfin       :      0.044048
-----------------------------------------------------
median     age           :  10009.538870
err_plus   age           :   5259.066810
err_minus  age           :   8505.796471
-----------------------------------------------------

Saved results to mnt/c/Users/georg/Documents/GitHub/Iwan-and-George-Year-4-Project/Results/JustKenResults.ascii.
Saved corner plot to mnt/c/Users/georg/Documents/GitHub/Iwan-and-George-Year-4-Project/Results/61607255708760960_corner.png.
Saved Kiel diagram to mnt/c/Users/georg/Documents/GitHub/Iwan-and-George-Year-4-Project/Results/61607255708760960_kiel.png.
Did not get any frequency file input, skipping ratios and echelle plots.
Saved dictionary to mnt/c/Users/georg/Documents/GitHub/Iwan-and-George-Year-4-Project/Results/61607255708760960.json

Finished on 2024-01-20 18:53:15 (runtime 14.0 s).

