========================================================================================
                                         BASTA                                         
                             The BAyesian STellar Algorithm                             

                                     Version 1.2.1                                     

                                (c) 2022, The BASTA Team                                
                           https://github.com/BASTAcode/BASTA                           
========================================================================================

Run started on 2024-01-20 18:53:31 . 

Random numbers initialised with seed: 3178 .

Fitting star id: 6171009049549197824 .
* Using the grid '/root/BASTA/grids/Garstec_AS09_barbieMS.hdf5' of type 'sobol tracks'.
  - Grid built with BASTA version 1.3.1, timestamp: 2023-11-28 at 20:12:28.

Transforming solar-based asteroseismic quantities:
* Converting to solar units if needed...
* Solar model scaling not activated!  -->  Dnu will not be scaled.
Done!

Fitting information:
* Fitting parameters with values and uncertainties:
  - Teff: [6371.4927, 13.5088]
  - FeH: [-0.1427, 0.0132]

Additional input parameters and settings in alphabetical order:
* asciiparams: ['Teff', 'FeH', 'radPhot', 'massfin', 'age']
* centroid: median
* cornerplots: ['Teff', 'FeH', 'radPhot', 'massfin', 'age']
* dnu_scales: {}
* dnusun: 135.1
* freqplots: []
* inputfile: input_JustKen.xml
* kielplots: [True]
* numsun: 3090.0
* output: mnt/c/Users/georg/Documents/GitHub/Iwan-and-George-Year-4-Project/Results/
* plotfmt: png
* solarmodel: False
* uncert: quantiles

Weights and priors:
* Bayesian weights:
  - Along tracks: age
  - Between tracks: volume
* Flat, constrained priors and ranges:
  - Teff: [6330.9663, 6412.0190999999995]
  - FeH: [-0.3927, 0.1073]
* Additional priors (IMF): 


Computing likelihood of models in the grid (5977 tracks) ...
Done! Computed the likelihood of 15558 models, found 15558 models with non-zero likelihood!


*****************************************
**                                     **
**   Output and results from the fit   **
**                                     **
*****************************************


Highest likelihood model:
* Weighted, non-normalized log-probability: -5.42477707376184
* Grid-index: grid/tracks/track4433[100], with parameters:
  - Name: track4433-969.fgong
  - Teff      :  6358.873508 
  - FeH       :    -0.143605 
  - radPhot   :     1.105498 
  - massfin   :     1.011684 
  - age       :  3178.165142 

Lowest chi2 model:
* chi2: 0.006539032967625409
* Grid-index: grid/tracks/track1269[52], with parameters:
  - Name: track1269-697.fgong
  - Teff      :  6372.564744 
  - FeH       :    -0.142495 
  - radPhot   :     1.106916 
  - massfin   :     1.171895 
  - age       :   921.929703 


Computing posterior distributions for the requested output parameters!
==> Summary statistics printed below ...

-----------------------------------------------------
median     Teff          :   6374.433156
err_plus   Teff          :     13.183820
err_minus  Teff          :     16.979560
-----------------------------------------------------
median     FeH           :     -0.142579
err_plus   FeH           :      0.013336
err_minus  FeH           :      0.012788
-----------------------------------------------------
median     radPhot       :      1.141106
err_plus   radPhot       :      0.170937
err_minus  radPhot       :      0.060409
-----------------------------------------------------
median     massfin       :      1.113894
err_plus   massfin       :      0.049609
err_minus  massfin       :      0.062082
-----------------------------------------------------
median     age           :   1914.806283
err_plus   age           :   1471.813784
err_minus  age           :   1186.599789
-----------------------------------------------------

Saved results to mnt/c/Users/georg/Documents/GitHub/Iwan-and-George-Year-4-Project/Results/JustKenResults.ascii.
Saved corner plot to mnt/c/Users/georg/Documents/GitHub/Iwan-and-George-Year-4-Project/Results/6171009049549197824_corner.png.
Saved Kiel diagram to mnt/c/Users/georg/Documents/GitHub/Iwan-and-George-Year-4-Project/Results/6171009049549197824_kiel.png.
Did not get any frequency file input, skipping ratios and echelle plots.
Saved dictionary to mnt/c/Users/georg/Documents/GitHub/Iwan-and-George-Year-4-Project/Results/6171009049549197824.json

Finished on 2024-01-20 18:53:42 (runtime 11.0 s).

