========================================================================================
                                         BASTA                                         
                             The BAyesian STellar Algorithm                             

                                     Version 1.2.1                                     

                                (c) 2022, The BASTA Team                                
                           https://github.com/BASTAcode/BASTA                           
========================================================================================

Run started on 2024-01-20 18:53:43 . 

Random numbers initialised with seed: 3178 .

Fitting star id: 6173435259395017344 .
* Using the grid '/root/BASTA/grids/Garstec_AS09_barbieMS.hdf5' of type 'sobol tracks'.
  - Grid built with BASTA version 1.3.1, timestamp: 2023-11-28 at 20:12:28.

Transforming solar-based asteroseismic quantities:
* Converting to solar units if needed...
* Solar model scaling not activated!  -->  Dnu will not be scaled.
Done!

Fitting information:
* Fitting parameters with values and uncertainties:
  - Teff: [5898.265, 63.085]
  - FeH: [-0.3779, 0.0757]

Additional input parameters and settings in alphabetical order:
* asciiparams: ['Teff', 'FeH', 'radPhot', 'massfin', 'age']
* centroid: median
* cornerplots: ['Teff', 'FeH', 'radPhot', 'massfin', 'age']
* dnu_scales: {}
* dnusun: 135.1
* freqplots: []
* inputfile: input_JustKen.xml
* kielplots: [True]
* numsun: 3090.0
* output: mnt/c/Users/georg/Documents/GitHub/Iwan-and-George-Year-4-Project/Results/
* plotfmt: png
* solarmodel: False
* uncert: quantiles

Weights and priors:
* Bayesian weights:
  - Along tracks: age
  - Between tracks: volume
* Flat, constrained priors and ranges:
  - Teff: [5709.01, 6087.52]
  - FeH: [-0.6279, -0.1279]
* Additional priors (IMF): 


Computing likelihood of models in the grid (5977 tracks) ...
Done! Computed the likelihood of 85228 models, found 85228 models with non-zero likelihood!


*****************************************
**                                     **
**   Output and results from the fit   **
**                                     **
*****************************************


Highest likelihood model:
* Weighted, non-normalized log-probability: -3.6729541714063028
* Grid-index: grid/tracks/track0376[103], with parameters:
  - Name: track0376-1004.fgong
  - Teff      :  5871.624740 
  - FeH       :    -0.411718 
  - radPhot   :     0.971730 
  - massfin   :     0.768475 
  - age       : 12957.213120 

Lowest chi2 model:
* chi2: 3.3007414483876086e-05
* Grid-index: grid/tracks/track0484[45], with parameters:
  - Name: track0484-715.fgong
  - Teff      :  5898.040782 
  - FeH       :    -0.377558 
  - radPhot   :     0.824946 
  - massfin   :     0.903905 
  - age       :  2045.191787 


Computing posterior distributions for the requested output parameters!
==> Summary statistics printed below ...

-----------------------------------------------------
median     Teff          :   5900.086413
err_plus   Teff          :     60.024332
err_minus  Teff          :     64.831160
-----------------------------------------------------
median     FeH           :     -0.383525
err_plus   FeH           :      0.080700
err_minus  FeH           :      0.072447
-----------------------------------------------------
median     radPhot       :      0.923185
err_plus   radPhot       :      0.281245
err_minus  radPhot       :      0.119313
-----------------------------------------------------
median     massfin       :      0.857324
err_plus   massfin       :      0.062851
err_minus  massfin       :      0.061671
-----------------------------------------------------
median     age           :   7229.542178
err_plus   age           :   3852.818990
err_minus  age           :   4734.229010
-----------------------------------------------------

Saved results to mnt/c/Users/georg/Documents/GitHub/Iwan-and-George-Year-4-Project/Results/JustKenResults.ascii.
Saved corner plot to mnt/c/Users/georg/Documents/GitHub/Iwan-and-George-Year-4-Project/Results/6173435259395017344_corner.png.
Saved Kiel diagram to mnt/c/Users/georg/Documents/GitHub/Iwan-and-George-Year-4-Project/Results/6173435259395017344_kiel.png.
Did not get any frequency file input, skipping ratios and echelle plots.
Saved dictionary to mnt/c/Users/georg/Documents/GitHub/Iwan-and-George-Year-4-Project/Results/6173435259395017344.json

Finished on 2024-01-20 18:54:03 (runtime 20.0 s).

