========================================================================================
                                         BASTA                                         
                             The BAyesian STellar Algorithm                             

                                     Version 1.2.1                                     

                                (c) 2022, The BASTA Team                                
                           https://github.com/BASTAcode/BASTA                           
========================================================================================

Run started on 2024-01-20 18:54:03 . 

Random numbers initialised with seed: 3178 .

Fitting star id: 6173451477191225984 .
* Using the grid '/root/BASTA/grids/Garstec_AS09_barbieMS.hdf5' of type 'sobol tracks'.
  - Grid built with BASTA version 1.3.1, timestamp: 2023-11-28 at 20:12:28.

Transforming solar-based asteroseismic quantities:
* Converting to solar units if needed...
* Solar model scaling not activated!  -->  Dnu will not be scaled.
Done!

Fitting information:
* Fitting parameters with values and uncertainties:
  - Teff: [5891.3594, 16.0439]
  - FeH: [-0.4391, 0.0152]

Additional input parameters and settings in alphabetical order:
* asciiparams: ['Teff', 'FeH', 'radPhot', 'massfin', 'age']
* centroid: median
* cornerplots: ['Teff', 'FeH', 'radPhot', 'massfin', 'age']
* dnu_scales: {}
* dnusun: 135.1
* freqplots: []
* inputfile: input_JustKen.xml
* kielplots: [True]
* numsun: 3090.0
* output: mnt/c/Users/georg/Documents/GitHub/Iwan-and-George-Year-4-Project/Results/
* plotfmt: png
* solarmodel: False
* uncert: quantiles

Weights and priors:
* Bayesian weights:
  - Along tracks: age
  - Between tracks: volume
* Flat, constrained priors and ranges:
  - Teff: [5843.2277, 5939.4911]
  - FeH: [-0.6891, -0.1891]
* Additional priors (IMF): 


Computing likelihood of models in the grid (5977 tracks) ...
Done! Computed the likelihood of 18333 models, found 18333 models with non-zero likelihood!


*****************************************
**                                     **
**   Output and results from the fit   **
**                                     **
*****************************************


Highest likelihood model:
* Weighted, non-normalized log-probability: -3.43433865898209
* Grid-index: grid/tracks/track1744[60], with parameters:
  - Name: track1744-786.fgong
  - Teff      :  5894.656272 
  - FeH       :    -0.436308 
  - radPhot   :     0.808778 
  - massfin   :     0.756709 
  - age       :  7956.938842 

Lowest chi2 model:
* chi2: 0.003985103802359536
* Grid-index: grid/tracks/track3916[3], with parameters:
  - Name: track3916-506.fgong
  - Teff      :  5891.187702 
  - FeH       :    -0.438154 
  - radPhot   :     0.746284 
  - massfin   :     0.869999 
  - age       :    40.513906 


Computing posterior distributions for the requested output parameters!
==> Summary statistics printed below ...

-----------------------------------------------------
median     Teff          :   5890.473768
err_plus   Teff          :     17.498625
err_minus  Teff          :     16.434904
-----------------------------------------------------
median     FeH           :     -0.439873
err_plus   FeH           :      0.016509
err_minus  FeH           :      0.014596
-----------------------------------------------------
median     radPhot       :      0.892050
err_plus   radPhot       :      0.299630
err_minus  radPhot       :      0.114253
-----------------------------------------------------
median     massfin       :      0.829466
err_plus   massfin       :      0.055730
err_minus  massfin       :      0.053580
-----------------------------------------------------
median     age           :   7796.310362
err_plus   age           :   3988.960478
err_minus  age           :   5552.264504
-----------------------------------------------------

Saved results to mnt/c/Users/georg/Documents/GitHub/Iwan-and-George-Year-4-Project/Results/JustKenResults.ascii.
Saved corner plot to mnt/c/Users/georg/Documents/GitHub/Iwan-and-George-Year-4-Project/Results/6173451477191225984_corner.png.
Saved Kiel diagram to mnt/c/Users/georg/Documents/GitHub/Iwan-and-George-Year-4-Project/Results/6173451477191225984_kiel.png.
Did not get any frequency file input, skipping ratios and echelle plots.
Saved dictionary to mnt/c/Users/georg/Documents/GitHub/Iwan-and-George-Year-4-Project/Results/6173451477191225984.json

Finished on 2024-01-20 18:54:18 (runtime 15.0 s).

