========================================================================================
                                         BASTA                                         
                             The BAyesian STellar Algorithm                             

                                     Version 1.2.1                                     

                                (c) 2022, The BASTA Team                                
                           https://github.com/BASTAcode/BASTA                           
========================================================================================

Run started on 2024-01-20 18:54:38 . 

Random numbers initialised with seed: 3178 .

Fitting star id: 6198312362812872320 .
* Using the grid '/root/BASTA/grids/Garstec_AS09_barbieMS.hdf5' of type 'sobol tracks'.
  - Grid built with BASTA version 1.3.1, timestamp: 2023-11-28 at 20:12:28.

Transforming solar-based asteroseismic quantities:
* Converting to solar units if needed...
* Solar model scaling not activated!  -->  Dnu will not be scaled.
Done!

Fitting information:
* Fitting parameters with values and uncertainties:
  - Teff: [5668.4985, 13.0069]
  - FeH: [-0.2185, 0.0137]

Additional input parameters and settings in alphabetical order:
* asciiparams: ['Teff', 'FeH', 'radPhot', 'massfin', 'age']
* centroid: median
* cornerplots: ['Teff', 'FeH', 'radPhot', 'massfin', 'age']
* dnu_scales: {}
* dnusun: 135.1
* freqplots: []
* inputfile: input_JustKen.xml
* kielplots: [True]
* numsun: 3090.0
* output: mnt/c/Users/georg/Documents/GitHub/Iwan-and-George-Year-4-Project/Results/
* plotfmt: png
* solarmodel: False
* uncert: quantiles

Weights and priors:
* Bayesian weights:
  - Along tracks: age
  - Between tracks: volume
* Flat, constrained priors and ranges:
  - Teff: [5629.4778, 5707.5192]
  - FeH: [-0.4685, 0.0315]
* Additional priors (IMF): 


Computing likelihood of models in the grid (5977 tracks) ...
Done! Computed the likelihood of 18766 models, found 18766 models with non-zero likelihood!


*****************************************
**                                     **
**   Output and results from the fit   **
**                                     **
*****************************************


Highest likelihood model:
* Weighted, non-normalized log-probability: -3.7021742750796625
* Grid-index: grid/tracks/track3759[91], with parameters:
  - Name: track3759-944.fgong
  - Teff      :  5669.879423 
  - FeH       :    -0.214226 
  - radPhot   :     0.871833 
  - massfin   :     0.760609 
  - age       : 12061.254940 

Lowest chi2 model:
* chi2: 0.0008767517799207797
* Grid-index: grid/tracks/track3239[21], with parameters:
  - Name: track3239-575.fgong
  - Teff      :  5668.420814 
  - FeH       :    -0.218897 
  - radPhot   :     0.750746 
  - massfin   :     0.791940 
  - age       :  1813.708054 


Computing posterior distributions for the requested output parameters!
==> Summary statistics printed below ...

-----------------------------------------------------
median     Teff          :   5668.848915
err_plus   Teff          :     13.115986
err_minus  Teff          :     13.410989
-----------------------------------------------------
median     FeH           :     -0.217515
err_plus   FeH           :      0.013611
err_minus  FeH           :      0.013865
-----------------------------------------------------
median     radPhot       :      0.904905
err_plus   radPhot       :      0.250837
err_minus  radPhot       :      0.077686
-----------------------------------------------------
median     massfin       :      0.840754
err_plus   massfin       :      0.059037
err_minus  massfin       :      0.047105
-----------------------------------------------------
median     age           :   9479.351405
err_plus   age           :   4237.320225
err_minus  age           :   5104.057430
-----------------------------------------------------

Saved results to mnt/c/Users/georg/Documents/GitHub/Iwan-and-George-Year-4-Project/Results/JustKenResults.ascii.
Saved corner plot to mnt/c/Users/georg/Documents/GitHub/Iwan-and-George-Year-4-Project/Results/6198312362812872320_corner.png.
Saved Kiel diagram to mnt/c/Users/georg/Documents/GitHub/Iwan-and-George-Year-4-Project/Results/6198312362812872320_kiel.png.
Did not get any frequency file input, skipping ratios and echelle plots.
Saved dictionary to mnt/c/Users/georg/Documents/GitHub/Iwan-and-George-Year-4-Project/Results/6198312362812872320.json

Finished on 2024-01-20 18:54:54 (runtime 16.0 s).

