========================================================================================
                                         BASTA                                         
                             The BAyesian STellar Algorithm                             

                                     Version 1.2.1                                     

                                (c) 2022, The BASTA Team                                
                           https://github.com/BASTAcode/BASTA                           
========================================================================================

Run started on 2024-01-20 18:55:52 . 

Random numbers initialised with seed: 3178 .

Fitting star id: 6283723285046532864 .
* Using the grid '/root/BASTA/grids/Garstec_AS09_barbieMS.hdf5' of type 'sobol tracks'.
  - Grid built with BASTA version 1.3.1, timestamp: 2023-11-28 at 20:12:28.

Transforming solar-based asteroseismic quantities:
* Converting to solar units if needed...
* Solar model scaling not activated!  -->  Dnu will not be scaled.
Done!

Fitting information:
* Fitting parameters with values and uncertainties:
  - Teff: [5475.332, 34.946]
  - FeH: [-0.3655, 0.0284]

Additional input parameters and settings in alphabetical order:
* asciiparams: ['Teff', 'FeH', 'radPhot', 'massfin', 'age']
* centroid: median
* cornerplots: ['Teff', 'FeH', 'radPhot', 'massfin', 'age']
* dnu_scales: {}
* dnusun: 135.1
* freqplots: []
* inputfile: input_JustKen.xml
* kielplots: [True]
* numsun: 3090.0
* output: mnt/c/Users/georg/Documents/GitHub/Iwan-and-George-Year-4-Project/Results/
* plotfmt: png
* solarmodel: False
* uncert: quantiles

Weights and priors:
* Bayesian weights:
  - Along tracks: age
  - Between tracks: volume
* Flat, constrained priors and ranges:
  - Teff: [5370.494000000001, 5580.17]
  - FeH: [-0.6154999999999999, -0.11549999999999999]
* Additional priors (IMF): 


Computing likelihood of models in the grid (5977 tracks) ...
Done! Computed the likelihood of 24960 models, found 24960 models with non-zero likelihood!


*****************************************
**                                     **
**   Output and results from the fit   **
**                                     **
*****************************************


Highest likelihood model:
* Weighted, non-normalized log-probability: -3.38254810654628
* Grid-index: grid/tracks/track0976[58], with parameters:
  - Name: track0976-772.fgong
  - Teff      :  5482.551929 
  - FeH       :    -0.353657 
  - radPhot   :     0.767470 
  - massfin   :     0.754793 
  - age       :  7784.509989 

Lowest chi2 model:
* chi2: 0.003812519616583823
* Grid-index: grid/tracks/track0880[6], with parameters:
  - Name: track0880-511.fgong
  - Teff      :  5475.917811 
  - FeH       :    -0.367188 
  - radPhot   :     0.668598 
  - massfin   :     0.736994 
  - age       :   268.212247 


Computing posterior distributions for the requested output parameters!
==> Summary statistics printed below ...

-----------------------------------------------------
median     Teff          :   5478.265848
err_plus   Teff          :     35.889034
err_minus  Teff          :     33.665688
-----------------------------------------------------
median     FeH           :     -0.359343
err_plus   FeH           :      0.025824
err_minus  FeH           :      0.029543
-----------------------------------------------------
median     radPhot       :      0.778004
err_plus   radPhot       :      0.138112
err_minus  radPhot       :      0.065055
-----------------------------------------------------
median     massfin       :      0.764544
err_plus   massfin       :      0.037453
err_minus  massfin       :      0.038735
-----------------------------------------------------
median     age           :   9364.264753
err_plus   age           :   7966.042667
err_minus  age           :   7148.004654
-----------------------------------------------------

Saved results to mnt/c/Users/georg/Documents/GitHub/Iwan-and-George-Year-4-Project/Results/JustKenResults.ascii.
Saved corner plot to mnt/c/Users/georg/Documents/GitHub/Iwan-and-George-Year-4-Project/Results/6283723285046532864_corner.png.
Saved Kiel diagram to mnt/c/Users/georg/Documents/GitHub/Iwan-and-George-Year-4-Project/Results/6283723285046532864_kiel.png.
Did not get any frequency file input, skipping ratios and echelle plots.
Saved dictionary to mnt/c/Users/georg/Documents/GitHub/Iwan-and-George-Year-4-Project/Results/6283723285046532864.json

Finished on 2024-01-20 18:56:07 (runtime 15.0 s).

