========================================================================================
                                         BASTA                                         
                             The BAyesian STellar Algorithm                             

                                     Version 1.2.1                                     

                                (c) 2022, The BASTA Team                                
                           https://github.com/BASTAcode/BASTA                           
========================================================================================

Run started on 2024-01-20 18:56:07 . 

Random numbers initialised with seed: 3178 .

Fitting star id: 6284007337003799552 .
* Using the grid '/root/BASTA/grids/Garstec_AS09_barbieMS.hdf5' of type 'sobol tracks'.
  - Grid built with BASTA version 1.3.1, timestamp: 2023-11-28 at 20:12:28.

Transforming solar-based asteroseismic quantities:
* Converting to solar units if needed...
* Solar model scaling not activated!  -->  Dnu will not be scaled.
Done!

Fitting information:
* Fitting parameters with values and uncertainties:
  - Teff: [5759.99, 23.2253]
  - FeH: [-0.2862, 0.0253]

Additional input parameters and settings in alphabetical order:
* asciiparams: ['Teff', 'FeH', 'radPhot', 'massfin', 'age']
* centroid: median
* cornerplots: ['Teff', 'FeH', 'radPhot', 'massfin', 'age']
* dnu_scales: {}
* dnusun: 135.1
* freqplots: []
* inputfile: input_JustKen.xml
* kielplots: [True]
* numsun: 3090.0
* output: mnt/c/Users/georg/Documents/GitHub/Iwan-and-George-Year-4-Project/Results/
* plotfmt: png
* solarmodel: False
* uncert: quantiles

Weights and priors:
* Bayesian weights:
  - Along tracks: age
  - Between tracks: volume
* Flat, constrained priors and ranges:
  - Teff: [5690.3141, 5829.6659]
  - FeH: [-0.5362, -0.03620000000000001]
* Additional priors (IMF): 


Computing likelihood of models in the grid (5977 tracks) ...
Done! Computed the likelihood of 31481 models, found 31481 models with non-zero likelihood!


*****************************************
**                                     **
**   Output and results from the fit   **
**                                     **
*****************************************


Highest likelihood model:
* Weighted, non-normalized log-probability: -3.6823557241756757
* Grid-index: grid/tracks/track4455[100], with parameters:
  - Name: track4455-979.fgong
  - Teff      :  5758.371296 
  - FeH       :    -0.290488 
  - radPhot   :     0.926374 
  - massfin   :     0.784576 
  - age       : 11027.981500 

Lowest chi2 model:
* chi2: 0.004368637623340641
* Grid-index: grid/tracks/track1404[22], with parameters:
  - Name: track1404-584.fgong
  - Teff      :  5758.478886 
  - FeH       :    -0.286494 
  - radPhot   :     0.776302 
  - massfin   :     0.831943 
  - age       :  1510.230161 


Computing posterior distributions for the requested output parameters!
==> Summary statistics printed below ...

-----------------------------------------------------
median     Teff          :   5759.583782
err_plus   Teff          :     22.563123
err_minus  Teff          :     24.400854
-----------------------------------------------------
median     FeH           :     -0.286102
err_plus   FeH           :      0.025540
err_minus  FeH           :      0.023744
-----------------------------------------------------
median     radPhot       :      0.954638
err_plus   radPhot       :      0.224198
err_minus  radPhot       :      0.154010
-----------------------------------------------------
median     massfin       :      0.844646
err_plus   massfin       :      0.061510
err_minus  massfin       :      0.049756
-----------------------------------------------------
median     age           :   9671.711138
err_plus   age           :   3383.065992
err_minus  age           :   7578.286598
-----------------------------------------------------

Saved results to mnt/c/Users/georg/Documents/GitHub/Iwan-and-George-Year-4-Project/Results/JustKenResults.ascii.
Saved corner plot to mnt/c/Users/georg/Documents/GitHub/Iwan-and-George-Year-4-Project/Results/6284007337003799552_corner.png.
Saved Kiel diagram to mnt/c/Users/georg/Documents/GitHub/Iwan-and-George-Year-4-Project/Results/6284007337003799552_kiel.png.
Did not get any frequency file input, skipping ratios and echelle plots.
Saved dictionary to mnt/c/Users/georg/Documents/GitHub/Iwan-and-George-Year-4-Project/Results/6284007337003799552.json

Finished on 2024-01-20 18:56:24 (runtime 17.0 s).

