========================================================================================
                                         BASTA                                         
                             The BAyesian STellar Algorithm                             

                                     Version 1.2.1                                     

                                (c) 2022, The BASTA Team                                
                           https://github.com/BASTAcode/BASTA                           
========================================================================================

Run started on 2024-01-20 18:56:37 . 

Random numbers initialised with seed: 3178 .

Fitting star id: 6407428994690988928 .
* Using the grid '/root/BASTA/grids/Garstec_AS09_barbieMS.hdf5' of type 'sobol tracks'.
  - Grid built with BASTA version 1.3.1, timestamp: 2023-11-28 at 20:12:28.

Transforming solar-based asteroseismic quantities:
* Converting to solar units if needed...
* Solar model scaling not activated!  -->  Dnu will not be scaled.
Done!

Fitting information:
* Fitting parameters with values and uncertainties:
  - Teff: [5747.6714, 1.0726]
  - FeH: [-0.4168, 0.0069]

Additional input parameters and settings in alphabetical order:
* asciiparams: ['Teff', 'FeH', 'radPhot', 'massfin', 'age']
* centroid: median
* cornerplots: ['Teff', 'FeH', 'radPhot', 'massfin', 'age']
* dnu_scales: {}
* dnusun: 135.1
* freqplots: []
* inputfile: input_JustKen.xml
* kielplots: [True]
* numsun: 3090.0
* output: mnt/c/Users/georg/Documents/GitHub/Iwan-and-George-Year-4-Project/Results/
* plotfmt: png
* solarmodel: False
* uncert: quantiles

Weights and priors:
* Bayesian weights:
  - Along tracks: age
  - Between tracks: volume
* Flat, constrained priors and ranges:
  - Teff: [5744.4536, 5750.8892000000005]
  - FeH: [-0.6668000000000001, -0.1668]
* Additional priors (IMF): 


Computing likelihood of models in the grid (5977 tracks) ...
Done! Computed the likelihood of 1111 models, found 1111 models with non-zero likelihood!


*****************************************
**                                     **
**   Output and results from the fit   **
**                                     **
*****************************************


Highest likelihood model:
* Weighted, non-normalized log-probability: -4.336320872522427
* Grid-index: grid/tracks/track2760[158], with parameters:
  - Name: track2760-1289.fgong
  - Teff      :  5747.145859 
  - FeH       :    -0.421405 
  - radPhot   :     0.982473 
  - massfin   :     0.804429 
  - age       : 15030.518890 

Lowest chi2 model:
* chi2: 0.13317317871989692
* Grid-index: grid/tracks/track4456[155], with parameters:
  - Name: track4456-1257.fgong
  - Teff      :  5747.337493 
  - FeH       :    -0.418114 
  - radPhot   :     1.119216 
  - massfin   :     0.815357 
  - age       : 13899.208780 


Computing posterior distributions for the requested output parameters!
==> Summary statistics printed below ...

-----------------------------------------------------
median     Teff          :   5747.766117
err_plus   Teff          :      1.246829
err_minus  Teff          :      1.304841
-----------------------------------------------------
median     FeH           :     -0.421262
err_plus   FeH           :      0.009488
err_minus  FeH           :      0.003160
-----------------------------------------------------
median     radPhot       :      0.977635
err_plus   radPhot       :      0.141581
err_minus  radPhot       :      0.184360
-----------------------------------------------------
median     massfin       :      0.804429
err_plus   massfin       :      0.039345
err_minus  massfin       :      0.025805
-----------------------------------------------------
median     age           :  12383.159140
err_plus   age           :   2753.381090
err_minus  age           :   6810.541523
-----------------------------------------------------

Saved results to mnt/c/Users/georg/Documents/GitHub/Iwan-and-George-Year-4-Project/Results/JustKenResults.ascii.
Saved corner plot to mnt/c/Users/georg/Documents/GitHub/Iwan-and-George-Year-4-Project/Results/6407428994690988928_corner.png.
Saved Kiel diagram to mnt/c/Users/georg/Documents/GitHub/Iwan-and-George-Year-4-Project/Results/6407428994690988928_kiel.png.
Did not get any frequency file input, skipping ratios and echelle plots.
Saved dictionary to mnt/c/Users/georg/Documents/GitHub/Iwan-and-George-Year-4-Project/Results/6407428994690988928.json

Finished on 2024-01-20 18:56:49 (runtime 12.0 s).

