========================================================================================
                                         BASTA                                         
                             The BAyesian STellar Algorithm                             

                                     Version 1.2.1                                     

                                (c) 2022, The BASTA Team                                
                           https://github.com/BASTAcode/BASTA                           
========================================================================================

Run started on 2024-01-20 18:56:49 . 

Random numbers initialised with seed: 3178 .

Fitting star id: 646125297938578944 .
* Using the grid '/root/BASTA/grids/Garstec_AS09_barbieMS.hdf5' of type 'sobol tracks'.
  - Grid built with BASTA version 1.3.1, timestamp: 2023-11-28 at 20:12:28.

Transforming solar-based asteroseismic quantities:
* Converting to solar units if needed...
* Solar model scaling not activated!  -->  Dnu will not be scaled.
Done!

Fitting information:
* Fitting parameters with values and uncertainties:
  - Teff: [6011.8174, 1.7261]
  - FeH: [-0.0912, 0.0032]

Additional input parameters and settings in alphabetical order:
* asciiparams: ['Teff', 'FeH', 'radPhot', 'massfin', 'age']
* centroid: median
* cornerplots: ['Teff', 'FeH', 'radPhot', 'massfin', 'age']
* dnu_scales: {}
* dnusun: 135.1
* freqplots: []
* inputfile: input_JustKen.xml
* kielplots: [True]
* numsun: 3090.0
* output: mnt/c/Users/georg/Documents/GitHub/Iwan-and-George-Year-4-Project/Results/
* plotfmt: png
* solarmodel: False
* uncert: quantiles

Weights and priors:
* Bayesian weights:
  - Along tracks: age
  - Between tracks: volume
* Flat, constrained priors and ranges:
  - Teff: [6006.6391, 6016.9956999999995]
  - FeH: [-0.3412, 0.1588]
* Additional priors (IMF): 


Computing likelihood of models in the grid (5977 tracks) ...
Done! Computed the likelihood of 4018 models, found 4018 models with non-zero likelihood!


*****************************************
**                                     **
**   Output and results from the fit   **
**                                     **
*****************************************


Highest likelihood model:
* Weighted, non-normalized log-probability: -5.129348134682893
* Grid-index: grid/tracks/track2123[183], with parameters:
  - Name: track2123-1386.fgong
  - Teff      :  6012.600198 
  - FeH       :    -0.090179 
  - radPhot   :     1.259703 
  - massfin   :     0.930370 
  - age       :  8112.263709 

Lowest chi2 model:
* chi2: 0.1402703545742987
* Grid-index: grid/tracks/track1609[61], with parameters:
  - Name: track1609-769.fgong
  - Teff      :  6011.948679 
  - FeH       :    -0.092374 
  - radPhot   :     0.990214 
  - massfin   :     1.056891 
  - age       :  1523.008695 


Computing posterior distributions for the requested output parameters!
==> Summary statistics printed below ...

-----------------------------------------------------
median     Teff          :   6011.948679
err_plus   Teff          :      1.530177
err_minus  Teff          :      2.229470
-----------------------------------------------------
median     FeH           :     -0.092020
err_plus   FeH           :      0.003798
err_minus  FeH           :      0.002412
-----------------------------------------------------
median     radPhot       :      1.062621
err_plus   radPhot       :      0.215071
err_minus  radPhot       :      0.072407
-----------------------------------------------------
median     massfin       :      1.005350
err_plus   massfin       :      0.051547
err_minus  massfin       :      0.056750
-----------------------------------------------------
median     age           :   5627.919082
err_plus   age           :   2089.859182
err_minus  age           :   4078.460387
-----------------------------------------------------

Saved results to mnt/c/Users/georg/Documents/GitHub/Iwan-and-George-Year-4-Project/Results/JustKenResults.ascii.
Saved corner plot to mnt/c/Users/georg/Documents/GitHub/Iwan-and-George-Year-4-Project/Results/646125297938578944_corner.png.
Saved Kiel diagram to mnt/c/Users/georg/Documents/GitHub/Iwan-and-George-Year-4-Project/Results/646125297938578944_kiel.png.
Did not get any frequency file input, skipping ratios and echelle plots.
Saved dictionary to mnt/c/Users/georg/Documents/GitHub/Iwan-and-George-Year-4-Project/Results/646125297938578944.json

Finished on 2024-01-20 18:57:02 (runtime 13.0 s).

