========================================================================================
                                         BASTA                                         
                             The BAyesian STellar Algorithm                             

                                     Version 1.2.1                                     

                                (c) 2022, The BASTA Team                                
                           https://github.com/BASTAcode/BASTA                           
========================================================================================

Run started on 2024-01-20 18:57:02 . 

Random numbers initialised with seed: 3178 .

Fitting star id: 6482103014085857024 .
* Using the grid '/root/BASTA/grids/Garstec_AS09_barbieMS.hdf5' of type 'sobol tracks'.
  - Grid built with BASTA version 1.3.1, timestamp: 2023-11-28 at 20:12:28.

Transforming solar-based asteroseismic quantities:
* Converting to solar units if needed...
* Solar model scaling not activated!  -->  Dnu will not be scaled.
Done!

Fitting information:
* Fitting parameters with values and uncertainties:
  - Teff: [6174.818, 13.302]
  - FeH: [-0.2819, 0.0124]

Additional input parameters and settings in alphabetical order:
* asciiparams: ['Teff', 'FeH', 'radPhot', 'massfin', 'age']
* centroid: median
* cornerplots: ['Teff', 'FeH', 'radPhot', 'massfin', 'age']
* dnu_scales: {}
* dnusun: 135.1
* freqplots: []
* inputfile: input_JustKen.xml
* kielplots: [True]
* numsun: 3090.0
* output: mnt/c/Users/georg/Documents/GitHub/Iwan-and-George-Year-4-Project/Results/
* plotfmt: png
* solarmodel: False
* uncert: quantiles

Weights and priors:
* Bayesian weights:
  - Along tracks: age
  - Between tracks: volume
* Flat, constrained priors and ranges:
  - Teff: [6134.912, 6214.724]
  - FeH: [-0.5319, -0.031899999999999984]
* Additional priors (IMF): 


Computing likelihood of models in the grid (5977 tracks) ...
Done! Computed the likelihood of 25538 models, found 25538 models with non-zero likelihood!


*****************************************
**                                     **
**   Output and results from the fit   **
**                                     **
*****************************************


Highest likelihood model:
* Weighted, non-normalized log-probability: -4.765740640541912
* Grid-index: grid/tracks/track5668[61], with parameters:
  - Name: track5668-777.fgong
  - Teff      :  6171.299508 
  - FeH       :    -0.285829 
  - radPhot   :     0.912338 
  - massfin   :     0.911824 
  - age       :  2734.639975 

Lowest chi2 model:
* chi2: 0.0016960149307601545
* Grid-index: grid/tracks/track2177[89], with parameters:
  - Name: track2177-910.fgong
  - Teff      :  6174.313302 
  - FeH       :    -0.282099 
  - radPhot   :     1.055610 
  - massfin   :     0.955715 
  - age       :  3517.959210 


Computing posterior distributions for the requested output parameters!
==> Summary statistics printed below ...

-----------------------------------------------------
median     Teff          :   6175.916488
err_plus   Teff          :     13.008318
err_minus  Teff          :     12.654807
-----------------------------------------------------
median     FeH           :     -0.282873
err_plus   FeH           :      0.012983
err_minus  FeH           :      0.010426
-----------------------------------------------------
median     radPhot       :      1.137667
err_plus   radPhot       :      0.348137
err_minus  radPhot       :      0.215778
-----------------------------------------------------
median     massfin       :      0.989476
err_plus   massfin       :      0.081875
err_minus  massfin       :      0.057039
-----------------------------------------------------
median     age           :   4899.822196
err_plus   age           :   1484.191651
err_minus  age           :   3090.291651
-----------------------------------------------------

Saved results to mnt/c/Users/georg/Documents/GitHub/Iwan-and-George-Year-4-Project/Results/JustKenResults.ascii.
Saved corner plot to mnt/c/Users/georg/Documents/GitHub/Iwan-and-George-Year-4-Project/Results/6482103014085857024_corner.png.
Saved Kiel diagram to mnt/c/Users/georg/Documents/GitHub/Iwan-and-George-Year-4-Project/Results/6482103014085857024_kiel.png.
Did not get any frequency file input, skipping ratios and echelle plots.
Saved dictionary to mnt/c/Users/georg/Documents/GitHub/Iwan-and-George-Year-4-Project/Results/6482103014085857024.json

Finished on 2024-01-20 18:57:16 (runtime 14.0 s).

