========================================================================================
                                         BASTA                                         
                             The BAyesian STellar Algorithm                             

                                     Version 1.2.1                                     

                                (c) 2022, The BASTA Team                                
                           https://github.com/BASTAcode/BASTA                           
========================================================================================

Run started on 2024-01-20 18:57:16 . 

Random numbers initialised with seed: 3178 .

Fitting star id: 6491038642006989056 .
* Using the grid '/root/BASTA/grids/Garstec_AS09_barbieMS.hdf5' of type 'sobol tracks'.
  - Grid built with BASTA version 1.3.1, timestamp: 2023-11-28 at 20:12:28.

Transforming solar-based asteroseismic quantities:
* Converting to solar units if needed...
* Solar model scaling not activated!  -->  Dnu will not be scaled.
Done!

Fitting information:
* Fitting parameters with values and uncertainties:
  - Teff: [5542.6895, 28.4495]
  - FeH: [0.0298, 0.0308]

Additional input parameters and settings in alphabetical order:
* asciiparams: ['Teff', 'FeH', 'radPhot', 'massfin', 'age']
* centroid: median
* cornerplots: ['Teff', 'FeH', 'radPhot', 'massfin', 'age']
* dnu_scales: {}
* dnusun: 135.1
* freqplots: []
* inputfile: input_JustKen.xml
* kielplots: [True]
* numsun: 3090.0
* output: mnt/c/Users/georg/Documents/GitHub/Iwan-and-George-Year-4-Project/Results/
* plotfmt: png
* solarmodel: False
* uncert: quantiles

Weights and priors:
* Bayesian weights:
  - Along tracks: age
  - Between tracks: volume
* Flat, constrained priors and ranges:
  - Teff: [5457.341, 5628.0380000000005]
  - FeH: [-0.2202, 0.2798]
* Additional priors (IMF): 


Computing likelihood of models in the grid (5977 tracks) ...
Done! Computed the likelihood of 65394 models, found 65394 models with non-zero likelihood!


*****************************************
**                                     **
**   Output and results from the fit   **
**                                     **
*****************************************


Highest likelihood model:
* Weighted, non-normalized log-probability: -4.118788181935914
* Grid-index: grid/tracks/track2339[67], with parameters:
  - Name: track2339-807.fgong
  - Teff      :  5538.071990 
  - FeH       :     0.018724 
  - radPhot   :     0.837246 
  - massfin   :     0.851837 
  - age       :  4673.474561 

Lowest chi2 model:
* chi2: 0.00024429553137845134
* Grid-index: grid/tracks/track4459[287], with parameters:
  - Name: track4459-1927.fgong
  - Teff      :  5543.010647 
  - FeH       :     0.030133 
  - radPhot   :     1.049055 
  - massfin   :     0.940469 
  - age       : 12463.152820 


Computing posterior distributions for the requested output parameters!
==> Summary statistics printed below ...

-----------------------------------------------------
median     Teff          :   5542.740197
err_plus   Teff          :     27.425852
err_minus  Teff          :     28.203038
-----------------------------------------------------
median     FeH           :      0.027491
err_plus   FeH           :      0.032011
err_minus  FeH           :      0.029281
-----------------------------------------------------
median     radPhot       :      1.005798
err_plus   radPhot       :      0.238433
err_minus  radPhot       :      0.130063
-----------------------------------------------------
median     massfin       :      0.929458
err_plus   massfin       :      0.058525
err_minus  massfin       :      0.069089
-----------------------------------------------------
median     age           :   9505.363015
err_plus   age           :   3660.913705
err_minus  age           :   6102.738186
-----------------------------------------------------

Saved results to mnt/c/Users/georg/Documents/GitHub/Iwan-and-George-Year-4-Project/Results/JustKenResults.ascii.
Saved corner plot to mnt/c/Users/georg/Documents/GitHub/Iwan-and-George-Year-4-Project/Results/6491038642006989056_corner.png.
Saved Kiel diagram to mnt/c/Users/georg/Documents/GitHub/Iwan-and-George-Year-4-Project/Results/6491038642006989056_kiel.png.
Did not get any frequency file input, skipping ratios and echelle plots.
Saved dictionary to mnt/c/Users/georg/Documents/GitHub/Iwan-and-George-Year-4-Project/Results/6491038642006989056.json

Finished on 2024-01-20 18:57:34 (runtime 18.0 s).

