========================================================================================
                                         BASTA                                         
                             The BAyesian STellar Algorithm                             

                                     Version 1.2.1                                     

                                (c) 2022, The BASTA Team                                
                           https://github.com/BASTAcode/BASTA                           
========================================================================================

Run started on 2024-01-20 18:57:34 . 

Random numbers initialised with seed: 3178 .

Fitting star id: 6492940453524576128 .
* Using the grid '/root/BASTA/grids/Garstec_AS09_barbieMS.hdf5' of type 'sobol tracks'.
  - Grid built with BASTA version 1.3.1, timestamp: 2023-11-28 at 20:12:28.

Transforming solar-based asteroseismic quantities:
* Converting to solar units if needed...
* Solar model scaling not activated!  -->  Dnu will not be scaled.
Done!

Fitting information:
* Fitting parameters with values and uncertainties:
  - Teff: [5601.7773, 21.2317]
  - FeH: [0.0888, 0.0243]

Additional input parameters and settings in alphabetical order:
* asciiparams: ['Teff', 'FeH', 'radPhot', 'massfin', 'age']
* centroid: median
* cornerplots: ['Teff', 'FeH', 'radPhot', 'massfin', 'age']
* dnu_scales: {}
* dnusun: 135.1
* freqplots: []
* inputfile: input_JustKen.xml
* kielplots: [True]
* numsun: 3090.0
* output: mnt/c/Users/georg/Documents/GitHub/Iwan-and-George-Year-4-Project/Results/
* plotfmt: png
* solarmodel: False
* uncert: quantiles

Weights and priors:
* Bayesian weights:
  - Along tracks: age
  - Between tracks: volume
* Flat, constrained priors and ranges:
  - Teff: [5538.0822, 5665.4724]
  - FeH: [-0.1612, 0.3388]
* Additional priors (IMF): 


Computing likelihood of models in the grid (5977 tracks) ...
Done! Computed the likelihood of 53790 models, found 53790 models with non-zero likelihood!


*****************************************
**                                     **
**   Output and results from the fit   **
**                                     **
*****************************************


Highest likelihood model:
* Weighted, non-normalized log-probability: -4.531860393626323
* Grid-index: grid/tracks/track4795[272], with parameters:
  - Name: track4795-1838.fgong
  - Teff      :  5601.338011 
  - FeH       :     0.087552 
  - radPhot   :     1.197467 
  - massfin   :     0.902342 
  - age       : 13315.852560 

Lowest chi2 model:
* chi2: 0.00104955489884362
* Grid-index: grid/tracks/track0973[455], with parameters:
  - Name: track0973-2717.fgong
  - Teff      :  5601.991347 
  - FeH       :     0.088052 
  - radPhot   :     1.692736 
  - massfin   :     1.114100 
  - age       :  8945.548381 


Computing posterior distributions for the requested output parameters!
==> Summary statistics printed below ...

-----------------------------------------------------
median     Teff          :   5601.948999
err_plus   Teff          :     19.844047
err_minus  Teff          :     21.907742
-----------------------------------------------------
median     FeH           :      0.085213
err_plus   FeH           :      0.026116
err_minus  FeH           :      0.023518
-----------------------------------------------------
median     radPhot       :      1.038337
err_plus   radPhot       :      0.241110
err_minus  radPhot       :      0.131243
-----------------------------------------------------
median     massfin       :      0.980908
err_plus   massfin       :      0.057214
err_minus  massfin       :      0.073212
-----------------------------------------------------
median     age           :   8159.353277
err_plus   age           :   2674.480042
err_minus  age           :   5334.686014
-----------------------------------------------------

Saved results to mnt/c/Users/georg/Documents/GitHub/Iwan-and-George-Year-4-Project/Results/JustKenResults.ascii.
Saved corner plot to mnt/c/Users/georg/Documents/GitHub/Iwan-and-George-Year-4-Project/Results/6492940453524576128_corner.png.
Saved Kiel diagram to mnt/c/Users/georg/Documents/GitHub/Iwan-and-George-Year-4-Project/Results/6492940453524576128_kiel.png.
Did not get any frequency file input, skipping ratios and echelle plots.
Saved dictionary to mnt/c/Users/georg/Documents/GitHub/Iwan-and-George-Year-4-Project/Results/6492940453524576128.json

Finished on 2024-01-20 18:57:51 (runtime 17.0 s).

