========================================================================================
                                         BASTA                                         
                             The BAyesian STellar Algorithm                             

                                     Version 1.2.1                                     

                                (c) 2022, The BASTA Team                                
                           https://github.com/BASTAcode/BASTA                           
========================================================================================

Run started on 2024-01-20 18:57:52 . 

Random numbers initialised with seed: 3178 .

Fitting star id: 6518399301667782016 .
* Using the grid '/root/BASTA/grids/Garstec_AS09_barbieMS.hdf5' of type 'sobol tracks'.
  - Grid built with BASTA version 1.3.1, timestamp: 2023-11-28 at 20:12:28.

Transforming solar-based asteroseismic quantities:
* Converting to solar units if needed...
* Solar model scaling not activated!  -->  Dnu will not be scaled.
Done!

Fitting information:
* Fitting parameters with values and uncertainties:
  - Teff: [5718.492, 21.92]
  - FeH: [0.0998, 0.0214]

Additional input parameters and settings in alphabetical order:
* asciiparams: ['Teff', 'FeH', 'radPhot', 'massfin', 'age']
* centroid: median
* cornerplots: ['Teff', 'FeH', 'radPhot', 'massfin', 'age']
* dnu_scales: {}
* dnusun: 135.1
* freqplots: []
* inputfile: input_JustKen.xml
* kielplots: [True]
* numsun: 3090.0
* output: mnt/c/Users/georg/Documents/GitHub/Iwan-and-George-Year-4-Project/Results/
* plotfmt: png
* solarmodel: False
* uncert: quantiles

Weights and priors:
* Bayesian weights:
  - Along tracks: age
  - Between tracks: volume
* Flat, constrained priors and ranges:
  - Teff: [5652.732, 5784.252]
  - FeH: [-0.1502, 0.3498]
* Additional priors (IMF): 


Computing likelihood of models in the grid (5977 tracks) ...
Done! Computed the likelihood of 59815 models, found 59815 models with non-zero likelihood!


*****************************************
**                                     **
**   Output and results from the fit   **
**                                     **
*****************************************


Highest likelihood model:
* Weighted, non-normalized log-probability: -4.870939293774716
* Grid-index: grid/tracks/track3691[245], with parameters:
  - Name: track3691-1695.fgong
  - Teff      :  5719.451859 
  - FeH       :     0.100813 
  - radPhot   :     1.301260 
  - massfin   :     0.938318 
  - age       : 10656.340340 

Lowest chi2 model:
* chi2: 0.002867454468391542
* Grid-index: grid/tracks/track2305[2], with parameters:
  - Name: track2305-485.fgong
  - Teff      :  5718.550375 
  - FeH       :     0.098655 
  - radPhot   :     0.844733 
  - massfin   :     0.953000 
  - age       :    38.560393 


Computing posterior distributions for the requested output parameters!
==> Summary statistics printed below ...

-----------------------------------------------------
median     Teff          :   5720.093372
err_plus   Teff          :     22.321037
err_minus  Teff          :     21.146964
-----------------------------------------------------
median     FeH           :      0.097839
err_plus   FeH           :      0.024663
err_minus  FeH           :      0.019761
-----------------------------------------------------
median     radPhot       :      1.079550
err_plus   radPhot       :      0.339740
err_minus  radPhot       :      0.161101
-----------------------------------------------------
median     massfin       :      1.012954
err_plus   massfin       :      0.078147
err_minus  massfin       :      0.066494
-----------------------------------------------------
median     age           :   6576.737739
err_plus   age           :   2392.200000
err_minus  age           :   5053.564734
-----------------------------------------------------

Saved results to mnt/c/Users/georg/Documents/GitHub/Iwan-and-George-Year-4-Project/Results/JustKenResults.ascii.
Saved corner plot to mnt/c/Users/georg/Documents/GitHub/Iwan-and-George-Year-4-Project/Results/6518399301667782016_corner.png.
Saved Kiel diagram to mnt/c/Users/georg/Documents/GitHub/Iwan-and-George-Year-4-Project/Results/6518399301667782016_kiel.png.
Did not get any frequency file input, skipping ratios and echelle plots.
Saved dictionary to mnt/c/Users/georg/Documents/GitHub/Iwan-and-George-Year-4-Project/Results/6518399301667782016.json

Finished on 2024-01-20 18:58:08 (runtime 16.0 s).

