========================================================================================
                                         BASTA                                         
                             The BAyesian STellar Algorithm                             

                                     Version 1.2.1                                     

                                (c) 2022, The BASTA Team                                
                           https://github.com/BASTAcode/BASTA                           
========================================================================================

Run started on 2024-01-20 18:58:17 . 

Random numbers initialised with seed: 3178 .

Fitting star id: 6533307957785865856 .
* Using the grid '/root/BASTA/grids/Garstec_AS09_barbieMS.hdf5' of type 'sobol tracks'.
  - Grid built with BASTA version 1.3.1, timestamp: 2023-11-28 at 20:12:28.

Transforming solar-based asteroseismic quantities:
* Converting to solar units if needed...
* Solar model scaling not activated!  -->  Dnu will not be scaled.
Done!

Fitting information:
* Fitting parameters with values and uncertainties:
  - Teff: [5615.818, 10.8685]
  - FeH: [0.0784, 0.0106]

Additional input parameters and settings in alphabetical order:
* asciiparams: ['Teff', 'FeH', 'radPhot', 'massfin', 'age']
* centroid: median
* cornerplots: ['Teff', 'FeH', 'radPhot', 'massfin', 'age']
* dnu_scales: {}
* dnusun: 135.1
* freqplots: []
* inputfile: input_JustKen.xml
* kielplots: [True]
* numsun: 3090.0
* output: mnt/c/Users/georg/Documents/GitHub/Iwan-and-George-Year-4-Project/Results/
* plotfmt: png
* solarmodel: False
* uncert: quantiles

Weights and priors:
* Bayesian weights:
  - Along tracks: age
  - Between tracks: volume
* Flat, constrained priors and ranges:
  - Teff: [5583.212500000001, 5648.4235]
  - FeH: [-0.1716, 0.3284]
* Additional priors (IMF): 


Computing likelihood of models in the grid (5977 tracks) ...
Done! Computed the likelihood of 26799 models, found 26799 models with non-zero likelihood!


*****************************************
**                                     **
**   Output and results from the fit   **
**                                     **
*****************************************


Highest likelihood model:
* Weighted, non-normalized log-probability: -4.774773756204615
* Grid-index: grid/tracks/track4643[131], with parameters:
  - Name: track4643-1131.fgong
  - Teff      :  5614.869175 
  - FeH       :     0.077136 
  - radPhot   :     0.924115 
  - massfin   :     0.849640 
  - age       :  9548.078090 

Lowest chi2 model:
* chi2: 0.0002408555613912698
* Grid-index: grid/tracks/track1033[73], with parameters:
  - Name: track1033-839.fgong
  - Teff      :  5615.799332 
  - FeH       :     0.078237 
  - radPhot   :     0.945592 
  - massfin   :     1.044901 
  - age       :  1982.430647 


Computing posterior distributions for the requested output parameters!
==> Summary statistics printed below ...

-----------------------------------------------------
median     Teff          :   5615.055460
err_plus   Teff          :     12.002506
err_minus  Teff          :      9.833436
-----------------------------------------------------
median     FeH           :      0.076595
err_plus   FeH           :      0.011524
err_minus  FeH           :      0.010845
-----------------------------------------------------
median     radPhot       :      1.049530
err_plus   radPhot       :      0.236996
err_minus  radPhot       :      0.137260
-----------------------------------------------------
median     massfin       :      0.973582
err_plus   massfin       :      0.060247
err_minus  massfin       :      0.066022
-----------------------------------------------------
median     age           :   8588.953882
err_plus   age           :   2160.227528
err_minus  age           :   5659.830247
-----------------------------------------------------

Saved results to mnt/c/Users/georg/Documents/GitHub/Iwan-and-George-Year-4-Project/Results/JustKenResults.ascii.
Saved corner plot to mnt/c/Users/georg/Documents/GitHub/Iwan-and-George-Year-4-Project/Results/6533307957785865856_corner.png.
Saved Kiel diagram to mnt/c/Users/georg/Documents/GitHub/Iwan-and-George-Year-4-Project/Results/6533307957785865856_kiel.png.
Did not get any frequency file input, skipping ratios and echelle plots.
Saved dictionary to mnt/c/Users/georg/Documents/GitHub/Iwan-and-George-Year-4-Project/Results/6533307957785865856.json

Finished on 2024-01-20 18:58:39 (runtime 22.0 s).

