========================================================================================
                                         BASTA                                         
                             The BAyesian STellar Algorithm                             

                                     Version 1.2.1                                     

                                (c) 2022, The BASTA Team                                
                           https://github.com/BASTAcode/BASTA                           
========================================================================================

Run started on 2024-01-20 18:58:39 . 

Random numbers initialised with seed: 3178 .

Fitting star id: 6534414719318886144 .
* Using the grid '/root/BASTA/grids/Garstec_AS09_barbieMS.hdf5' of type 'sobol tracks'.
  - Grid built with BASTA version 1.3.1, timestamp: 2023-11-28 at 20:12:28.

Transforming solar-based asteroseismic quantities:
* Converting to solar units if needed...
* Solar model scaling not activated!  -->  Dnu will not be scaled.
Done!

Fitting information:
* Fitting parameters with values and uncertainties:
  - Teff: [4701.3296, 1.5874]
  - FeH: [0.2593, 0.0039]

Additional input parameters and settings in alphabetical order:
* asciiparams: ['Teff', 'FeH', 'radPhot', 'massfin', 'age']
* centroid: median
* cornerplots: ['Teff', 'FeH', 'radPhot', 'massfin', 'age']
* dnu_scales: {}
* dnusun: 135.1
* freqplots: []
* inputfile: input_JustKen.xml
* kielplots: [True]
* numsun: 3090.0
* output: mnt/c/Users/georg/Documents/GitHub/Iwan-and-George-Year-4-Project/Results/
* plotfmt: png
* solarmodel: False
* uncert: quantiles

Weights and priors:
* Bayesian weights:
  - Along tracks: age
  - Between tracks: volume
* Flat, constrained priors and ranges:
  - Teff: [4696.5674, 4706.0918]
  - FeH: [0.009299999999999975, 0.5093]
* Additional priors (IMF): 


Computing likelihood of models in the grid (5977 tracks) ...
Done! Computed the likelihood of 2013 models, found 2013 models with non-zero likelihood!


*****************************************
**                                     **
**   Output and results from the fit   **
**                                     **
*****************************************


Highest likelihood model:
* Weighted, non-normalized log-probability: -3.3775765274765357
* Grid-index: grid/tracks/track0399[110], with parameters:
  - Name: track0399-1028.fgong
  - Teff      :  4701.083149 
  - FeH       :     0.257227 
  - radPhot   :     0.761648 
  - massfin   :     0.735768 
  - age       : 17410.156260 

Lowest chi2 model:
* chi2: 0.306664925817927
* Grid-index: grid/tracks/track0399[110], with parameters:
  - Name: track0399-1028.fgong
  - Teff      :  4701.083149 
  - FeH       :     0.257227 
  - radPhot   :     0.761648 
  - massfin   :     0.735768 
  - age       : 17410.156260 


Computing posterior distributions for the requested output parameters!
==> Summary statistics printed below ...

-----------------------------------------------------
median     Teff          :   4701.127001
err_plus   Teff          :      1.887448
err_minus  Teff          :      1.211515
-----------------------------------------------------
median     FeH           :      0.257227
err_plus   FeH           :      0.008117
err_minus  FeH           :      0.002692
-----------------------------------------------------
median     radPhot       :      0.767218
err_plus   radPhot       :      0.054722
err_minus  radPhot       :      0.005772
-----------------------------------------------------
median     massfin       :      0.837760
err_plus   massfin       :      0.051123
err_minus  massfin       :      0.101993
-----------------------------------------------------
median     age           :   9302.575562
err_plus   age           :   8107.580698
err_minus  age           :   6631.638904
-----------------------------------------------------

Saved results to mnt/c/Users/georg/Documents/GitHub/Iwan-and-George-Year-4-Project/Results/JustKenResults.ascii.
Saved corner plot to mnt/c/Users/georg/Documents/GitHub/Iwan-and-George-Year-4-Project/Results/6534414719318886144_corner.png.
Saved Kiel diagram to mnt/c/Users/georg/Documents/GitHub/Iwan-and-George-Year-4-Project/Results/6534414719318886144_kiel.png.
Did not get any frequency file input, skipping ratios and echelle plots.
Saved dictionary to mnt/c/Users/georg/Documents/GitHub/Iwan-and-George-Year-4-Project/Results/6534414719318886144.json

Finished on 2024-01-20 18:58:56 (runtime 17.0 s).

