========================================================================================
                                         BASTA                                         
                             The BAyesian STellar Algorithm                             

                                     Version 1.2.1                                     

                                (c) 2022, The BASTA Team                                
                           https://github.com/BASTAcode/BASTA                           
========================================================================================

Run started on 2024-01-20 18:58:56 . 

Random numbers initialised with seed: 3178 .

Fitting star id: 6541360574788758016 .
* Using the grid '/root/BASTA/grids/Garstec_AS09_barbieMS.hdf5' of type 'sobol tracks'.
  - Grid built with BASTA version 1.3.1, timestamp: 2023-11-28 at 20:12:28.

Transforming solar-based asteroseismic quantities:
* Converting to solar units if needed...
* Solar model scaling not activated!  -->  Dnu will not be scaled.
Done!

Fitting information:
* Fitting parameters with values and uncertainties:
  - Teff: [4694.7734, 6.0762]
  - FeH: [0.0218, 0.024]

Additional input parameters and settings in alphabetical order:
* asciiparams: ['Teff', 'FeH', 'radPhot', 'massfin', 'age']
* centroid: median
* cornerplots: ['Teff', 'FeH', 'radPhot', 'massfin', 'age']
* dnu_scales: {}
* dnusun: 135.1
* freqplots: []
* inputfile: input_JustKen.xml
* kielplots: [True]
* numsun: 3090.0
* output: mnt/c/Users/georg/Documents/GitHub/Iwan-and-George-Year-4-Project/Results/
* plotfmt: png
* solarmodel: False
* uncert: quantiles

Weights and priors:
* Bayesian weights:
  - Along tracks: age
  - Between tracks: volume
* Flat, constrained priors and ranges:
  - Teff: [4676.5448, 4713.002]
  - FeH: [-0.22820000000000001, 0.2718]
* Additional priors (IMF): 


Computing likelihood of models in the grid (5977 tracks) ...
Done! Computed the likelihood of 3238 models, found 3238 models with non-zero likelihood!


*****************************************
**                                     **
**   Output and results from the fit   **
**                                     **
*****************************************


Highest likelihood model:
* Weighted, non-normalized log-probability: -3.566532112701663
* Grid-index: grid/tracks/track3023[56], with parameters:
  - Name: track3023-756.fgong
  - Teff      :  4694.562828 
  - FeH       :     0.021078 
  - radPhot   :     0.716638 
  - massfin   :     0.738886 
  - age       :  8483.434344 

Lowest chi2 model:
* chi2: 0.002105186062610199
* Grid-index: grid/tracks/track3023[56], with parameters:
  - Name: track3023-756.fgong
  - Teff      :  4694.562828 
  - FeH       :     0.021078 
  - radPhot   :     0.716638 
  - massfin   :     0.738886 
  - age       :  8483.434344 


Computing posterior distributions for the requested output parameters!
==> Summary statistics printed below ...

-----------------------------------------------------
median     Teff          :   4694.852118
err_plus   Teff          :      5.981555
err_minus  Teff          :      5.867029
-----------------------------------------------------
median     FeH           :      0.023205
err_plus   FeH           :      0.027408
err_minus  FeH           :      0.028823
-----------------------------------------------------
median     radPhot       :      0.724613
err_plus   radPhot       :      0.033490
err_minus  radPhot       :      0.042465
-----------------------------------------------------
median     massfin       :      0.748970
err_plus   massfin       :      0.015946
err_minus  massfin       :      0.031178
-----------------------------------------------------
median     age           :   8000.434344
err_plus   age           :   8900.915866
err_minus  age           :   6056.281021
-----------------------------------------------------

Saved results to mnt/c/Users/georg/Documents/GitHub/Iwan-and-George-Year-4-Project/Results/JustKenResults.ascii.
Saved corner plot to mnt/c/Users/georg/Documents/GitHub/Iwan-and-George-Year-4-Project/Results/6541360574788758016_corner.png.
Saved Kiel diagram to mnt/c/Users/georg/Documents/GitHub/Iwan-and-George-Year-4-Project/Results/6541360574788758016_kiel.png.
Did not get any frequency file input, skipping ratios and echelle plots.
Saved dictionary to mnt/c/Users/georg/Documents/GitHub/Iwan-and-George-Year-4-Project/Results/6541360574788758016.json

Finished on 2024-01-20 18:59:09 (runtime 13.0 s).

