========================================================================================
                                         BASTA                                         
                             The BAyesian STellar Algorithm                             

                                     Version 1.2.1                                     

                                (c) 2022, The BASTA Team                                
                           https://github.com/BASTAcode/BASTA                           
========================================================================================

Run started on 2024-01-20 18:59:10 . 

Random numbers initialised with seed: 3178 .

Fitting star id: 6552346035980010624 .
* Using the grid '/root/BASTA/grids/Garstec_AS09_barbieMS.hdf5' of type 'sobol tracks'.
  - Grid built with BASTA version 1.3.1, timestamp: 2023-11-28 at 20:12:28.

Transforming solar-based asteroseismic quantities:
* Converting to solar units if needed...
* Solar model scaling not activated!  -->  Dnu will not be scaled.
Done!

Fitting information:
* Fitting parameters with values and uncertainties:
  - Teff: [4818.802, 5.9924]
  - FeH: [0.4667, 0.0076]

Additional input parameters and settings in alphabetical order:
* asciiparams: ['Teff', 'FeH', 'radPhot', 'massfin', 'age']
* centroid: median
* cornerplots: ['Teff', 'FeH', 'radPhot', 'massfin', 'age']
* dnu_scales: {}
* dnusun: 135.1
* freqplots: []
* inputfile: input_JustKen.xml
* kielplots: [True]
* numsun: 3090.0
* output: mnt/c/Users/georg/Documents/GitHub/Iwan-and-George-Year-4-Project/Results/
* plotfmt: png
* solarmodel: False
* uncert: quantiles

Weights and priors:
* Bayesian weights:
  - Along tracks: age
  - Between tracks: volume
* Flat, constrained priors and ranges:
  - Teff: [4800.824799999999, 4836.7792]
  - FeH: [0.2167, 0.7167]
* Additional priors (IMF): 


Computing likelihood of models in the grid (5977 tracks) ...
Done! Computed the likelihood of 7301 models, found 7301 models with non-zero likelihood!


*****************************************
**                                     **
**   Output and results from the fit   **
**                                     **
*****************************************


Highest likelihood model:
* Weighted, non-normalized log-probability: -4.494245017240818
* Grid-index: grid/tracks/track1971[148], with parameters:
  - Name: track1971-1191.fgong
  - Teff      :  4818.705453 
  - FeH       :     0.464924 
  - radPhot   :     0.856498 
  - massfin   :     0.867808 
  - age       :  9597.915670 

Lowest chi2 model:
* chi2: 0.01244729868222648
* Grid-index: grid/tracks/track0667[377], with parameters:
  - Name: track0667-2358.fgong
  - Teff      :  4818.347427 
  - FeH       :     0.466078 
  - radPhot   :     0.925659 
  - massfin   :     0.909632 
  - age       : 18197.193780 


Computing posterior distributions for the requested output parameters!
==> Summary statistics printed below ...

-----------------------------------------------------
median     Teff          :   4819.138146
err_plus   Teff          :      5.912662
err_minus  Teff          :      5.647609
-----------------------------------------------------
median     FeH           :      0.467935
err_plus   FeH           :      0.006934
err_minus  FeH           :      0.006255
-----------------------------------------------------
median     radPhot       :      0.880066
err_plus   radPhot       :      0.070945
err_minus  radPhot       :      0.070230
-----------------------------------------------------
median     massfin       :      0.909625
err_plus   massfin       :      0.042928
err_minus  massfin       :      0.041815
-----------------------------------------------------
median     age           :  11148.053290
err_plus   age           :   5661.779720
err_minus  age           :   8732.272047
-----------------------------------------------------

Saved results to mnt/c/Users/georg/Documents/GitHub/Iwan-and-George-Year-4-Project/Results/JustKenResults.ascii.
Saved corner plot to mnt/c/Users/georg/Documents/GitHub/Iwan-and-George-Year-4-Project/Results/6552346035980010624_corner.png.
Saved Kiel diagram to mnt/c/Users/georg/Documents/GitHub/Iwan-and-George-Year-4-Project/Results/6552346035980010624_kiel.png.
Did not get any frequency file input, skipping ratios and echelle plots.
Saved dictionary to mnt/c/Users/georg/Documents/GitHub/Iwan-and-George-Year-4-Project/Results/6552346035980010624.json

Finished on 2024-01-20 18:59:28 (runtime 18.0 s).

