========================================================================================
                                         BASTA                                         
                             The BAyesian STellar Algorithm                             

                                     Version 1.2.1                                     

                                (c) 2022, The BASTA Team                                
                           https://github.com/BASTAcode/BASTA                           
========================================================================================

Run started on 2024-01-20 18:59:29 . 

Random numbers initialised with seed: 3178 .

Fitting star id: 6675883485986480256 .
* Using the grid '/root/BASTA/grids/Garstec_AS09_barbieMS.hdf5' of type 'sobol tracks'.
  - Grid built with BASTA version 1.3.1, timestamp: 2023-11-28 at 20:12:28.

Transforming solar-based asteroseismic quantities:
* Converting to solar units if needed...
* Solar model scaling not activated!  -->  Dnu will not be scaled.
Done!

Fitting information:
* Fitting parameters with values and uncertainties:
  - Teff: [5948.107, 3.4687]
  - FeH: [-0.0768, 0.0057]

Additional input parameters and settings in alphabetical order:
* asciiparams: ['Teff', 'FeH', 'radPhot', 'massfin', 'age']
* centroid: median
* cornerplots: ['Teff', 'FeH', 'radPhot', 'massfin', 'age']
* dnu_scales: {}
* dnusun: 135.1
* freqplots: []
* inputfile: input_JustKen.xml
* kielplots: [True]
* numsun: 3090.0
* output: mnt/c/Users/georg/Documents/GitHub/Iwan-and-George-Year-4-Project/Results/
* plotfmt: png
* solarmodel: False
* uncert: quantiles

Weights and priors:
* Bayesian weights:
  - Along tracks: age
  - Between tracks: volume
* Flat, constrained priors and ranges:
  - Teff: [5937.7009, 5958.5131]
  - FeH: [-0.3268, 0.17320000000000002]
* Additional priors (IMF): 


Computing likelihood of models in the grid (5977 tracks) ...
Done! Computed the likelihood of 7342 models, found 7342 models with non-zero likelihood!


*****************************************
**                                     **
**   Output and results from the fit   **
**                                     **
*****************************************


Highest likelihood model:
* Weighted, non-normalized log-probability: -4.793219828025323
* Grid-index: grid/tracks/track5889[209], with parameters:
  - Name: track5889-1520.fgong
  - Teff      :  5946.617087 
  - FeH       :    -0.076408 
  - radPhot   :     1.344333 
  - massfin   :     0.951301 
  - age       :  8642.746398 

Lowest chi2 model:
* chi2: 0.02455856636794289
* Grid-index: grid/tracks/track4161[110], with parameters:
  - Name: track4161-1031.fgong
  - Teff      :  5947.767618 
  - FeH       :    -0.076102 
  - radPhot   :     0.966024 
  - massfin   :     0.961743 
  - age       :  4320.564227 


Computing posterior distributions for the requested output parameters!
==> Summary statistics printed below ...

-----------------------------------------------------
median     Teff          :   5948.199905
err_plus   Teff          :      3.230616
err_minus  Teff          :      3.546904
-----------------------------------------------------
median     FeH           :     -0.077223
err_plus   FeH           :      0.003324
err_minus  FeH           :      0.004528
-----------------------------------------------------
median     radPhot       :      0.974334
err_plus   radPhot       :      0.459558
err_minus  radPhot       :      0.068200
-----------------------------------------------------
median     massfin       :      0.991841
err_plus   massfin       :      0.061937
err_minus  massfin       :      0.068962
-----------------------------------------------------
median     age           :   2529.873442
err_plus   age           :   4896.629333
err_minus  age           :    945.502665
-----------------------------------------------------

Saved results to mnt/c/Users/georg/Documents/GitHub/Iwan-and-George-Year-4-Project/Results/JustKenResults.ascii.
Saved corner plot to mnt/c/Users/georg/Documents/GitHub/Iwan-and-George-Year-4-Project/Results/6675883485986480256_corner.png.
Saved Kiel diagram to mnt/c/Users/georg/Documents/GitHub/Iwan-and-George-Year-4-Project/Results/6675883485986480256_kiel.png.
Did not get any frequency file input, skipping ratios and echelle plots.
Saved dictionary to mnt/c/Users/georg/Documents/GitHub/Iwan-and-George-Year-4-Project/Results/6675883485986480256.json

Finished on 2024-01-20 18:59:47 (runtime 18.0 s).

