========================================================================================
                                         BASTA                                         
                             The BAyesian STellar Algorithm                             

                                     Version 1.2.1                                     

                                (c) 2022, The BASTA Team                                
                           https://github.com/BASTAcode/BASTA                           
========================================================================================

Run started on 2024-01-20 18:59:47 . 

Random numbers initialised with seed: 3178 .

Fitting star id: 6677909439240233472 .
* Using the grid '/root/BASTA/grids/Garstec_AS09_barbieMS.hdf5' of type 'sobol tracks'.
  - Grid built with BASTA version 1.3.1, timestamp: 2023-11-28 at 20:12:28.

Transforming solar-based asteroseismic quantities:
* Converting to solar units if needed...
* Solar model scaling not activated!  -->  Dnu will not be scaled.
Done!

Fitting information:
* Fitting parameters with values and uncertainties:
  - Teff: [5545.8823, 75.5957]
  - FeH: [0.1465, 0.087]

Additional input parameters and settings in alphabetical order:
* asciiparams: ['Teff', 'FeH', 'radPhot', 'massfin', 'age']
* centroid: median
* cornerplots: ['Teff', 'FeH', 'radPhot', 'massfin', 'age']
* dnu_scales: {}
* dnusun: 135.1
* freqplots: []
* inputfile: input_JustKen.xml
* kielplots: [True]
* numsun: 3090.0
* output: mnt/c/Users/georg/Documents/GitHub/Iwan-and-George-Year-4-Project/Results/
* plotfmt: png
* solarmodel: False
* uncert: quantiles

Weights and priors:
* Bayesian weights:
  - Along tracks: age
  - Between tracks: volume
* Flat, constrained priors and ranges:
  - Teff: [5319.095200000001, 5772.6694]
  - FeH: [-0.10350000000000001, 0.39649999999999996]
* Additional priors (IMF): 


Computing likelihood of models in the grid (5977 tracks) ...
Done! Computed the likelihood of 205167 models, found 205167 models with non-zero likelihood!


*****************************************
**                                     **
**   Output and results from the fit   **
**                                     **
*****************************************


Highest likelihood model:
* Weighted, non-normalized log-probability: -4.542311130286146
* Grid-index: grid/tracks/track5987[175], with parameters:
  - Name: track5987-1346.fgong
  - Teff      :  5520.662254 
  - FeH       :     0.114795 
  - radPhot   :     1.009476 
  - massfin   :     0.846513 
  - age       : 13116.509810 

Lowest chi2 model:
* chi2: 7.324867439792188e-05
* Grid-index: grid/tracks/track2331[179], with parameters:
  - Name: track2331-1354.fgong
  - Teff      :  5546.266019 
  - FeH       :     0.147100 
  - radPhot   :     1.026266 
  - massfin   :     0.905616 
  - age       :  8613.505761 


Computing posterior distributions for the requested output parameters!
==> Summary statistics printed below ...

-----------------------------------------------------
median     Teff          :   5538.594098
err_plus   Teff          :     73.945579
err_minus  Teff          :     69.724022
-----------------------------------------------------
median     FeH           :      0.141575
err_plus   FeH           :      0.089722
err_minus  FeH           :      0.084965
-----------------------------------------------------
median     radPhot       :      1.036107
err_plus   radPhot       :      0.264645
err_minus  radPhot       :      0.127803
-----------------------------------------------------
median     massfin       :      0.979429
err_plus   massfin       :      0.079721
err_minus  massfin       :      0.076555
-----------------------------------------------------
median     age           :   7966.825613
err_plus   age           :   3700.301310
err_minus  age           :   5166.411994
-----------------------------------------------------

Saved results to mnt/c/Users/georg/Documents/GitHub/Iwan-and-George-Year-4-Project/Results/JustKenResults.ascii.
Saved corner plot to mnt/c/Users/georg/Documents/GitHub/Iwan-and-George-Year-4-Project/Results/6677909439240233472_corner.png.
Saved Kiel diagram to mnt/c/Users/georg/Documents/GitHub/Iwan-and-George-Year-4-Project/Results/6677909439240233472_kiel.png.
Did not get any frequency file input, skipping ratios and echelle plots.
Saved dictionary to mnt/c/Users/georg/Documents/GitHub/Iwan-and-George-Year-4-Project/Results/6677909439240233472.json

Finished on 2024-01-20 19:00:10 (runtime 23.0 s).

