========================================================================================
                                         BASTA                                         
                             The BAyesian STellar Algorithm                             

                                     Version 1.2.1                                     

                                (c) 2022, The BASTA Team                                
                           https://github.com/BASTAcode/BASTA                           
========================================================================================

Run started on 2024-01-20 19:00:10 . 

Random numbers initialised with seed: 3178 .

Fitting star id: 6683371847364921088 .
* Using the grid '/root/BASTA/grids/Garstec_AS09_barbieMS.hdf5' of type 'sobol tracks'.
  - Grid built with BASTA version 1.3.1, timestamp: 2023-11-28 at 20:12:28.

Transforming solar-based asteroseismic quantities:
* Converting to solar units if needed...
* Solar model scaling not activated!  -->  Dnu will not be scaled.
Done!

Fitting information:
* Fitting parameters with values and uncertainties:
  - Teff: [4608.6196, 1.3264]
  - FeH: [0.1953, 0.0072]

Additional input parameters and settings in alphabetical order:
* asciiparams: ['Teff', 'FeH', 'radPhot', 'massfin', 'age']
* centroid: median
* cornerplots: ['Teff', 'FeH', 'radPhot', 'massfin', 'age']
* dnu_scales: {}
* dnusun: 135.1
* freqplots: []
* inputfile: input_JustKen.xml
* kielplots: [True]
* numsun: 3090.0
* output: mnt/c/Users/georg/Documents/GitHub/Iwan-and-George-Year-4-Project/Results/
* plotfmt: png
* solarmodel: False
* uncert: quantiles

Weights and priors:
* Bayesian weights:
  - Along tracks: age
  - Between tracks: volume
* Flat, constrained priors and ranges:
  - Teff: [4604.6404, 4612.5988]
  - FeH: [-0.0547, 0.44530000000000003]
* Additional priors (IMF): 


Computing likelihood of models in the grid (5977 tracks) ...
Done! Computed the likelihood of 1038 models, found 1038 models with non-zero likelihood!


*****************************************
**                                     **
**   Output and results from the fit   **
**                                     **
*****************************************


Highest likelihood model:
* Weighted, non-normalized log-probability: -3.688138422028963
* Grid-index: grid/tracks/track1287[12], with parameters:
  - Name: track1287-531.fgong
  - Teff      :  4608.579183 
  - FeH       :     0.191535 
  - radPhot   :     0.704907 
  - massfin   :     0.765986 
  - age       :  1067.247692 

Lowest chi2 model:
* chi2: 0.07702735359977442
* Grid-index: grid/tracks/track2179[71], with parameters:
  - Name: track2179-834.fgong
  - Teff      :  4608.798022 
  - FeH       :     0.197048 
  - radPhot   :     0.766996 
  - massfin   :     0.830915 
  - age       :  5692.805776 


Computing posterior distributions for the requested output parameters!
==> Summary statistics printed below ...

-----------------------------------------------------
median     Teff          :   4608.579183
err_plus   Teff          :      1.430657
err_minus  Teff          :      1.333649
-----------------------------------------------------
median     FeH           :      0.194104
err_plus   FeH           :      0.007859
err_minus  FeH           :      0.005675
-----------------------------------------------------
median     radPhot       :      0.738378
err_plus   radPhot       :      0.038816
err_minus  radPhot       :      0.033472
-----------------------------------------------------
median     massfin       :      0.769802
err_plus   massfin       :      0.049986
err_minus  massfin       :      0.003818
-----------------------------------------------------
median     age           :   5481.555776
err_plus   age           :   8757.415154
err_minus  age           :   4414.308084
-----------------------------------------------------

Saved results to mnt/c/Users/georg/Documents/GitHub/Iwan-and-George-Year-4-Project/Results/JustKenResults.ascii.
Saved corner plot to mnt/c/Users/georg/Documents/GitHub/Iwan-and-George-Year-4-Project/Results/6683371847364921088_corner.png.
Saved Kiel diagram to mnt/c/Users/georg/Documents/GitHub/Iwan-and-George-Year-4-Project/Results/6683371847364921088_kiel.png.
Did not get any frequency file input, skipping ratios and echelle plots.
Saved dictionary to mnt/c/Users/georg/Documents/GitHub/Iwan-and-George-Year-4-Project/Results/6683371847364921088.json

Finished on 2024-01-20 19:00:22 (runtime 12.0 s).

