========================================================================================
                                         BASTA                                         
                             The BAyesian STellar Algorithm                             

                                     Version 1.2.1                                     

                                (c) 2022, The BASTA Team                                
                           https://github.com/BASTAcode/BASTA                           
========================================================================================

Run started on 2024-01-20 19:00:55 . 

Random numbers initialised with seed: 3178 .

Fitting star id: 6857756246957592320 .
* Using the grid '/root/BASTA/grids/Garstec_AS09_barbieMS.hdf5' of type 'sobol tracks'.
  - Grid built with BASTA version 1.3.1, timestamp: 2023-11-28 at 20:12:28.

Transforming solar-based asteroseismic quantities:
* Converting to solar units if needed...
* Solar model scaling not activated!  -->  Dnu will not be scaled.
Done!

Fitting information:
* Fitting parameters with values and uncertainties:
  - Teff: [4982.377, 6.7524]
  - FeH: [-0.0764, 0.0069]

Additional input parameters and settings in alphabetical order:
* asciiparams: ['Teff', 'FeH', 'radPhot', 'massfin', 'age']
* centroid: median
* cornerplots: ['Teff', 'FeH', 'radPhot', 'massfin', 'age']
* dnu_scales: {}
* dnusun: 135.1
* freqplots: []
* inputfile: input_JustKen.xml
* kielplots: [True]
* numsun: 3090.0
* output: mnt/c/Users/georg/Documents/GitHub/Iwan-and-George-Year-4-Project/Results/
* plotfmt: png
* solarmodel: False
* uncert: quantiles

Weights and priors:
* Bayesian weights:
  - Along tracks: age
  - Between tracks: volume
* Flat, constrained priors and ranges:
  - Teff: [4962.1198, 5002.6342]
  - FeH: [-0.3264, 0.1736]
* Additional priors (IMF): 


Computing likelihood of models in the grid (5977 tracks) ...
Done! Computed the likelihood of 4322 models, found 4322 models with non-zero likelihood!


*****************************************
**                                     **
**   Output and results from the fit   **
**                                     **
*****************************************


Highest likelihood model:
* Weighted, non-normalized log-probability: -3.705377444171054
* Grid-index: grid/tracks/track0143[102], with parameters:
  - Name: track0143-993.fgong
  - Teff      :  4982.713307 
  - FeH       :    -0.079809 
  - radPhot   :     0.775764 
  - massfin   :     0.736727 
  - age       : 16051.993060 

Lowest chi2 model:
* chi2: 0.02608867753336553
* Grid-index: grid/tracks/track5935[3], with parameters:
  - Name: track5935-494.fgong
  - Teff      :  4983.464878 
  - FeH       :    -0.076321 
  - radPhot   :     0.675636 
  - massfin   :     0.756999 
  - age       :    74.880358 


Computing posterior distributions for the requested output parameters!
==> Summary statistics printed below ...

-----------------------------------------------------
median     Teff          :   4983.338424
err_plus   Teff          :      6.816055
err_minus  Teff          :      7.385855
-----------------------------------------------------
median     FeH           :     -0.075407
err_plus   FeH           :      0.007385
err_minus  FeH           :      0.005550
-----------------------------------------------------
median     radPhot       :      0.763417
err_plus   radPhot       :      0.052152
err_minus  radPhot       :      0.069695
-----------------------------------------------------
median     massfin       :      0.736736
err_plus   massfin       :      0.049972
err_minus  massfin       :      0.024988
-----------------------------------------------------
median     age           :  14876.547250
err_plus   age           :   1664.445810
err_minus  age           :  13042.188599
-----------------------------------------------------

Saved results to mnt/c/Users/georg/Documents/GitHub/Iwan-and-George-Year-4-Project/Results/JustKenResults.ascii.
Saved corner plot to mnt/c/Users/georg/Documents/GitHub/Iwan-and-George-Year-4-Project/Results/6857756246957592320_corner.png.
Saved Kiel diagram to mnt/c/Users/georg/Documents/GitHub/Iwan-and-George-Year-4-Project/Results/6857756246957592320_kiel.png.
Did not get any frequency file input, skipping ratios and echelle plots.
Saved dictionary to mnt/c/Users/georg/Documents/GitHub/Iwan-and-George-Year-4-Project/Results/6857756246957592320.json

Finished on 2024-01-20 19:01:08 (runtime 13.0 s).

