========================================================================================
                                         BASTA                                         
                             The BAyesian STellar Algorithm                             

                                     Version 1.2.1                                     

                                (c) 2022, The BASTA Team                                
                           https://github.com/BASTAcode/BASTA                           
========================================================================================

Run started on 2024-01-20 19:02:10 . 

Random numbers initialised with seed: 3178 .

Fitting star id: 869913435026514688 .
* Using the grid '/root/BASTA/grids/Garstec_AS09_barbieMS.hdf5' of type 'sobol tracks'.
  - Grid built with BASTA version 1.3.1, timestamp: 2023-11-28 at 20:12:28.

Transforming solar-based asteroseismic quantities:
* Converting to solar units if needed...
* Solar model scaling not activated!  -->  Dnu will not be scaled.
Done!

Fitting information:
* Fitting parameters with values and uncertainties:
  - Teff: [4649.1714, 1.1411]
  - FeH: [0.7984, 0.0012]

Additional input parameters and settings in alphabetical order:
* asciiparams: ['Teff', 'FeH', 'radPhot', 'massfin', 'age']
* centroid: median
* cornerplots: ['Teff', 'FeH', 'radPhot', 'massfin', 'age']
* dnu_scales: {}
* dnusun: 135.1
* freqplots: []
* inputfile: input_JustKen.xml
* kielplots: [True]
* numsun: 3090.0
* output: mnt/c/Users/georg/Documents/GitHub/Iwan-and-George-Year-4-Project/Results/
* plotfmt: png
* solarmodel: False
* uncert: quantiles

Weights and priors:
* Bayesian weights:
  - Along tracks: age
  - Between tracks: volume
* Flat, constrained priors and ranges:
  - Teff: [4645.7481, 4652.594700000001]
  - FeH: [0.5484, 1.0484]
* Additional priors (IMF): 


Computing likelihood of models in the grid (5977 tracks) ...
Done! Computed the likelihood of 83 models, found 83 models with non-zero likelihood!


*****************************************
**                                     **
**   Output and results from the fit   **
**                                     **
*****************************************


Highest likelihood model:
* Weighted, non-normalized log-probability: -14517.399549579604
* Grid-index: grid/tracks/track3315[5], with parameters:
  - Name: track3315-481.fgong
  - Teff      :  4647.356807 
  - FeH       :     0.593970 
  - radPhot   :     0.747377 
  - massfin   :     0.858998 
  - age       :   156.668545 

Lowest chi2 model:
* chi2: 29024.349571081882
* Grid-index: grid/tracks/track3315[5], with parameters:
  - Name: track3315-481.fgong
  - Teff      :  4647.356807 
  - FeH       :     0.593970 
  - radPhot   :     0.747377 
  - massfin   :     0.858998 
  - age       :   156.668545 


Computing posterior distributions for the requested output parameters!
==> Summary statistics printed below ...

-----------------------------------------------------
median     Teff          :   4647.356807
err_plus   Teff          :      0.000000
err_minus  Teff          :      0.000000
-----------------------------------------------------
median     FeH           :      0.593970
err_plus   FeH           :      0.000000
err_minus  FeH           :      0.000000
-----------------------------------------------------
median     radPhot       :      0.747377
err_plus   radPhot       :      0.000000
err_minus  radPhot       :      0.000000
-----------------------------------------------------
median     massfin       :      0.858998
err_plus   massfin       :      0.000000
err_minus  massfin       :      0.000000
-----------------------------------------------------
median     age           :    156.668545
err_plus   age           :      0.000000
err_minus  age           :      0.000000
-----------------------------------------------------

Saved results to mnt/c/Users/georg/Documents/GitHub/Iwan-and-George-Year-4-Project/Results/JustKenResults.ascii.
WARNING! Unable to create KDE. Skipping plot...
Corner plot failed with the error: The data appears to lie in a lower-dimensional subspace of the space in which it is expressed. This has resulted in a singular data covariance matrix, which cannot be treated using the algorithms implemented in `gaussian_kde`. Consider performing principle component analysis / dimensionality reduction and using `gaussian_kde` with the transformed data.
Saved Kiel diagram to mnt/c/Users/georg/Documents/GitHub/Iwan-and-George-Year-4-Project/Results/869913435026514688_kiel.png.
Did not get any frequency file input, skipping ratios and echelle plots.
Saved dictionary to mnt/c/Users/georg/Documents/GitHub/Iwan-and-George-Year-4-Project/Results/869913435026514688.json

Finished on 2024-01-20 19:02:18 (runtime 8.0 s).

