========================================================================================
                                         BASTA                                         
                             The BAyesian STellar Algorithm                             

                                     Version 1.2.1                                     

                                (c) 2022, The BASTA Team                                
                           https://github.com/BASTAcode/BASTA                           
========================================================================================

Run started on 2024-01-20 19:02:19 . 

Random numbers initialised with seed: 3178 .

Fitting star id: 876608292608416512 .
* Using the grid '/root/BASTA/grids/Garstec_AS09_barbieMS.hdf5' of type 'sobol tracks'.
  - Grid built with BASTA version 1.3.1, timestamp: 2023-11-28 at 20:12:28.

Transforming solar-based asteroseismic quantities:
* Converting to solar units if needed...
* Solar model scaling not activated!  -->  Dnu will not be scaled.
Done!

Fitting information:
* Fitting parameters with values and uncertainties:
  - Teff: [5753.6, 16.2267]
  - FeH: [0.1108, 0.0168]

Additional input parameters and settings in alphabetical order:
* asciiparams: ['Teff', 'FeH', 'radPhot', 'massfin', 'age']
* centroid: median
* cornerplots: ['Teff', 'FeH', 'radPhot', 'massfin', 'age']
* dnu_scales: {}
* dnusun: 135.1
* freqplots: []
* inputfile: input_JustKen.xml
* kielplots: [True]
* numsun: 3090.0
* output: mnt/c/Users/georg/Documents/GitHub/Iwan-and-George-Year-4-Project/Results/
* plotfmt: png
* solarmodel: False
* uncert: quantiles

Weights and priors:
* Bayesian weights:
  - Along tracks: age
  - Between tracks: volume
* Flat, constrained priors and ranges:
  - Teff: [5704.919900000001, 5802.2801]
  - FeH: [-0.1392, 0.3608]
* Additional priors (IMF): 


Computing likelihood of models in the grid (5977 tracks) ...
Done! Computed the likelihood of 46177 models, found 46177 models with non-zero likelihood!


*****************************************
**                                     **
**   Output and results from the fit   **
**                                     **
*****************************************


Highest likelihood model:
* Weighted, non-normalized log-probability: -5.084250945944296
* Grid-index: grid/tracks/track4385[263], with parameters:
  - Name: track4385-1788.fgong
  - Teff      :  5752.993018 
  - FeH       :     0.112756 
  - radPhot   :     1.305678 
  - massfin   :     0.976315 
  - age       :  9971.275460 

Lowest chi2 model:
* chi2: 0.0005365128739732633
* Grid-index: grid/tracks/track1949[341], with parameters:
  - Name: track1949-2151.fgong
  - Teff      :  5753.521578 
  - FeH       :     0.111181 
  - radPhot   :     1.278857 
  - massfin   :     1.094441 
  - age       :  7021.062149 


Computing posterior distributions for the requested output parameters!
==> Summary statistics printed below ...

-----------------------------------------------------
median     Teff          :   5752.674228
err_plus   Teff          :     18.102634
err_minus  Teff          :     14.395397
-----------------------------------------------------
median     FeH           :      0.112511
err_plus   FeH           :      0.017010
err_minus  FeH           :      0.018263
-----------------------------------------------------
median     radPhot       :      1.112190
err_plus   radPhot       :      0.264647
err_minus  radPhot       :      0.165060
-----------------------------------------------------
median     massfin       :      1.038726
err_plus   massfin       :      0.055680
err_minus  massfin       :      0.079776
-----------------------------------------------------
median     age           :   6583.472265
err_plus   age           :   1891.135048
err_minus  age           :   4675.656090
-----------------------------------------------------

Saved results to mnt/c/Users/georg/Documents/GitHub/Iwan-and-George-Year-4-Project/Results/JustKenResults.ascii.
Saved corner plot to mnt/c/Users/georg/Documents/GitHub/Iwan-and-George-Year-4-Project/Results/876608292608416512_corner.png.
Saved Kiel diagram to mnt/c/Users/georg/Documents/GitHub/Iwan-and-George-Year-4-Project/Results/876608292608416512_kiel.png.
Did not get any frequency file input, skipping ratios and echelle plots.
Saved dictionary to mnt/c/Users/georg/Documents/GitHub/Iwan-and-George-Year-4-Project/Results/876608292608416512.json

Finished on 2024-01-20 19:02:35 (runtime 16.0 s).

