========================================================================================
                                         BASTA                                         
                             The BAyesian STellar Algorithm                             

                                     Version 1.2.1                                     

                                (c) 2022, The BASTA Team                                
                           https://github.com/BASTAcode/BASTA                           
========================================================================================

Run started on 2024-01-20 19:02:35 . 

Random numbers initialised with seed: 3178 .

Fitting star id: 898130030131443584 .
* Using the grid '/root/BASTA/grids/Garstec_AS09_barbieMS.hdf5' of type 'sobol tracks'.
  - Grid built with BASTA version 1.3.1, timestamp: 2023-11-28 at 20:12:28.

Transforming solar-based asteroseismic quantities:
* Converting to solar units if needed...
* Solar model scaling not activated!  -->  Dnu will not be scaled.
Done!

Fitting information:
* Fitting parameters with values and uncertainties:
  - Teff: [6146.142, 12.463]
  - FeH: [-0.1311, 0.0112]

Additional input parameters and settings in alphabetical order:
* asciiparams: ['Teff', 'FeH', 'radPhot', 'massfin', 'age']
* centroid: median
* cornerplots: ['Teff', 'FeH', 'radPhot', 'massfin', 'age']
* dnu_scales: {}
* dnusun: 135.1
* freqplots: []
* inputfile: input_JustKen.xml
* kielplots: [True]
* numsun: 3090.0
* output: mnt/c/Users/georg/Documents/GitHub/Iwan-and-George-Year-4-Project/Results/
* plotfmt: png
* solarmodel: False
* uncert: quantiles

Weights and priors:
* Bayesian weights:
  - Along tracks: age
  - Between tracks: volume
* Flat, constrained priors and ranges:
  - Teff: [6108.753, 6183.531]
  - FeH: [-0.3811, 0.1189]
* Additional priors (IMF): 


Computing likelihood of models in the grid (5977 tracks) ...
Done! Computed the likelihood of 23916 models, found 23916 models with non-zero likelihood!


*****************************************
**                                     **
**   Output and results from the fit   **
**                                     **
*****************************************


Highest likelihood model:
* Weighted, non-normalized log-probability: -4.7946112273498365
* Grid-index: grid/tracks/track5361[76], with parameters:
  - Name: track5361-844.fgong
  - Teff      :  6150.120321 
  - FeH       :    -0.128481 
  - radPhot   :     1.018446 
  - massfin   :     0.983790 
  - age       :  2686.752347 

Lowest chi2 model:
* chi2: 0.008006669464052521
* Grid-index: grid/tracks/track2485[270], with parameters:
  - Name: track2485-1771.fgong
  - Teff      :  6146.005127 
  - FeH       :    -0.132095 
  - radPhot   :     1.854718 
  - massfin   :     1.181149 
  - age       :  4640.208094 


Computing posterior distributions for the requested output parameters!
==> Summary statistics printed below ...

-----------------------------------------------------
median     Teff          :   6148.482026
err_plus   Teff          :     11.424187
err_minus  Teff          :     12.454067
-----------------------------------------------------
median     FeH           :     -0.127024
err_plus   FeH           :      0.011109
err_minus  FeH           :      0.013029
-----------------------------------------------------
median     radPhot       :      1.146868
err_plus   radPhot       :      0.302540
err_minus  radPhot       :      0.150048
-----------------------------------------------------
median     massfin       :      1.088314
err_plus   massfin       :      0.051950
err_minus  massfin       :      0.094570
-----------------------------------------------------
median     age           :   3387.290108
err_plus   age           :   1660.529300
err_minus  age           :   2023.180811
-----------------------------------------------------

Saved results to mnt/c/Users/georg/Documents/GitHub/Iwan-and-George-Year-4-Project/Results/JustKenResults.ascii.
Saved corner plot to mnt/c/Users/georg/Documents/GitHub/Iwan-and-George-Year-4-Project/Results/898130030131443584_corner.png.
Saved Kiel diagram to mnt/c/Users/georg/Documents/GitHub/Iwan-and-George-Year-4-Project/Results/898130030131443584_kiel.png.
Did not get any frequency file input, skipping ratios and echelle plots.
Saved dictionary to mnt/c/Users/georg/Documents/GitHub/Iwan-and-George-Year-4-Project/Results/898130030131443584.json

Finished on 2024-01-20 19:02:49 (runtime 14.0 s).

