========================================================================================
                                         BASTA                                         
                             The BAyesian STellar Algorithm                             

                                     Version 1.2.1                                     

                                (c) 2022, The BASTA Team                                
                           https://github.com/BASTAcode/BASTA                           
========================================================================================

Run started on 2024-01-20 19:03:06 . 

Random numbers initialised with seed: 3178 .

Fitting star id: 990291507088739072 .
* Using the grid '/root/BASTA/grids/Garstec_AS09_barbieMS.hdf5' of type 'sobol tracks'.
  - Grid built with BASTA version 1.3.1, timestamp: 2023-11-28 at 20:12:28.

Transforming solar-based asteroseismic quantities:
* Converting to solar units if needed...
* Solar model scaling not activated!  -->  Dnu will not be scaled.
Done!

Fitting information:
* Fitting parameters with values and uncertainties:
  - Teff: [6220.6177, 16.5058]
  - FeH: [-0.2803, 0.0158]

Additional input parameters and settings in alphabetical order:
* asciiparams: ['Teff', 'FeH', 'radPhot', 'massfin', 'age']
* centroid: median
* cornerplots: ['Teff', 'FeH', 'radPhot', 'massfin', 'age']
* dnu_scales: {}
* dnusun: 135.1
* freqplots: []
* inputfile: input_JustKen.xml
* kielplots: [True]
* numsun: 3090.0
* output: mnt/c/Users/georg/Documents/GitHub/Iwan-and-George-Year-4-Project/Results/
* plotfmt: png
* solarmodel: False
* uncert: quantiles

Weights and priors:
* Bayesian weights:
  - Along tracks: age
  - Between tracks: volume
* Flat, constrained priors and ranges:
  - Teff: [6171.1003, 6270.1350999999995]
  - FeH: [-0.5303, -0.030299999999999994]
* Additional priors (IMF): 


Computing likelihood of models in the grid (5977 tracks) ...
Done! Computed the likelihood of 30846 models, found 30846 models with non-zero likelihood!


*****************************************
**                                     **
**   Output and results from the fit   **
**                                     **
*****************************************


Highest likelihood model:
* Weighted, non-normalized log-probability: -4.710802220428238
* Grid-index: grid/tracks/track4283[95], with parameters:
  - Name: track4283-951.fgong
  - Teff      :  6214.266871 
  - FeH       :    -0.286007 
  - radPhot   :     0.966233 
  - massfin   :     0.900695 
  - age       :  4523.657604 

Lowest chi2 model:
* chi2: 0.002829059853798963
* Grid-index: grid/tracks/track3961[151], with parameters:
  - Name: track3961-1233.fgong
  - Teff      :  6221.363611 
  - FeH       :    -0.279857 
  - radPhot   :     1.135586 
  - massfin   :     1.018574 
  - age       :  4727.709040 


Computing posterior distributions for the requested output parameters!
==> Summary statistics printed below ...

-----------------------------------------------------
median     Teff          :   6217.916959
err_plus   Teff          :     16.929099
err_minus  Teff          :     15.019569
-----------------------------------------------------
median     FeH           :     -0.280667
err_plus   FeH           :      0.015925
err_minus  FeH           :      0.013856
-----------------------------------------------------
median     radPhot       :      1.156223
err_plus   radPhot       :      0.290402
err_minus  radPhot       :      0.171247
-----------------------------------------------------
median     massfin       :      1.018578
err_plus   massfin       :      0.071180
err_minus  massfin       :      0.079893
-----------------------------------------------------
median     age           :   4573.507604
err_plus   age           :    915.765223
err_minus  age           :   1814.795457
-----------------------------------------------------

Saved results to mnt/c/Users/georg/Documents/GitHub/Iwan-and-George-Year-4-Project/Results/JustKenResults.ascii.
Saved corner plot to mnt/c/Users/georg/Documents/GitHub/Iwan-and-George-Year-4-Project/Results/990291507088739072_corner.png.
Saved Kiel diagram to mnt/c/Users/georg/Documents/GitHub/Iwan-and-George-Year-4-Project/Results/990291507088739072_kiel.png.
Did not get any frequency file input, skipping ratios and echelle plots.
Saved dictionary to mnt/c/Users/georg/Documents/GitHub/Iwan-and-George-Year-4-Project/Results/990291507088739072.json

Finished on 2024-01-20 19:03:21 (runtime 15.0 s).

