========================================================================================
                                         BASTA                                         
                             The BAyesian STellar Algorithm                             

                                     Version 1.2.1                                     

                                (c) 2022, The BASTA Team                                
                           https://github.com/BASTAcode/BASTA                           
========================================================================================

Run started on 2023-11-23 16:14:00 . 

Random numbers initialised with seed: 4560 .

Fitting star id: 16CygA .
* Using the grid '/root/BASTA/grids/Garstec_16CygA.hdf5' of type 'sobol tracks'.
  - Grid built with BASTA version 1.1.4, timestamp: 2022-02-28 at 11:29:45.

Transforming solar-based asteroseismic quantities:
* Converting to solar units if needed...
* Scaling dnu to the solar model in the grid (path: solar_models/suncal_as09_opal) ...
  - dnufit scaled by 1.0082 from 103.30 to 104.15 microHz (grid Sun: 136.21 microHz, real Sun: 135.10 microHz)
    (Note: Will be scaled back before outputting results!)
Done!

Preparing asteroseismic input ...
Done!

Fitting information:
* Fitting parameters with values and uncertainties:
  - Teff: [5825.0, 50.0]
  - FeH: [0.1, 0.026]
* Fitting of frequency glitches activated!
  - Automatic prior on dnu: Yes
  - Constraining lowest l = 0 (n = 12) with f = 1390.808 +/- 0.863 muHz to within 15.0 % of dnu (15.622 microHz)
  - Correlations: No
  - Frequency input data: /root/BASTA/examples/data/freqs/16CygA.xml
  - Frequency input data (list of ignored modes): None
  - Inclusion of dnu in ratios fit: No
  - Interpolation in ratios: Yes
  - Surface effect correction: BG14
  - Use alternative ratios (3-point): No
  - Value of dnu: 104.148 +/- 0.504 microHz
  - Value of numax: 2188.500 microHz
  - Weighting scheme: 1/N

Additional input parameters and settings in alphabetical order:
* asciiparams: ['Teff', 'FeH', 'dnufit', 'numax', 'radPhot', 'massfin', 'age']
* centroid: median
* cornerplots: ['Teff', 'FeH', 'dnufit', 'numax', 'radPhot', 'massfin', 'age']
* dnu_scales: {'dnufit': 1.0082126221679892}
* dnusun: 135.1
* freqplots: ['allechelle']
* inputfile: input_glitches.xml
* kielplots: [True]
* numsun: 3090.0
* output: /mnt/c/Users/georg/Documents/GitHub/Iwan-and-George-Year-4-Project/BASTAExamples/
* plotfmt: pdf
* solarmodel: True
* uncert: quantiles

Weights and priors:
* Bayesian weights:
  - Along tracks: age
  - Between tracks: volume
* Flat, constrained priors and ranges:
  - Teff: [5675.0, 5975.0]
  - FeH: [-0.15, 0.35]
  - dnufit: [88.5261092894603, 119.77061845044628]
* Additional priors (IMF): salpeter1955


Computing likelihood of models in the grid (255 tracks) ...
Unable to import (external) module 'glitch_fit'!You need to compile the module with f2py3 using 'setup.py',and a case different from the light case! Aborting now...
BASTA failed for star 16CygA with the error:
Traceback (most recent call last):
  File "/root/BASTA/basta/xml_run.py", line 821, in run_xml
    BASTA(
  File "/root/BASTA/basta/bastamain.py", line 670, in BASTA
    chi2_freq, warn, shapewarn = stats.chi2_astero(
  File "/root/BASTA/basta/stats.py", line 284, in chi2_astero
    glhParams, nerr = glitch.glh_params(freq, nmodes, nu1, nu2, tau0, tauhe, taubcz)
  File "/root/BASTA/basta/glitch.py", line 41, in glh_params
    params, chi2, reg, nerr = glitch_fit(freq, num_of_n, tau0, tauhe, taubcz)
NameError: name 'glitch_fit' is not defined

Saved results to /mnt/c/Users/georg/Documents/GitHub/Iwan-and-George-Year-4-Project/BASTAExamples/results.ascii.
