========================================================================================
                                         BASTA                                         
                             The BAyesian STellar Algorithm                             

                                     Version 1.2.1                                     

                                (c) 2022, The BASTA Team                                
                           https://github.com/BASTAcode/BASTA                           
========================================================================================

Run started on 2024-02-01 12:37:00 . 

Random numbers initialised with seed: 2266 .

Fitting star id: 2129550445852902656 .
* Using the grid '/root/BASTA/grids/Garstec_AS09_barbieMS.hdf5' of type 'sobol tracks'.
  - Grid built with BASTA version 1.3.1, timestamp: 2023-11-28 at 20:12:28.

Transforming solar-based asteroseismic quantities:
* Converting to solar units if needed...
  - numax converted from 2154.00 microHz to 0.697087 solar units (solar value: 3090.000000 microHz)
* Scaling dnu to the solar model in the grid (path: solar_models/suncal_as09_opal) ...
  - dnufit scaled by 1.0082 from 101.57 to 102.40 microHz (grid Sun: 136.21 microHz, real Sun: 135.10 microHz)
    (Note: Will be scaled back before outputting results!)
Done!

Fitting information:
* Fitting parameters with values and uncertainties:
  - numax (solar units): [0.6970873786407767, 0.004207119741100324]
  - dnufit: [102.40415603360266, 0.10082126221679893]
  - Teff: [5793.0, 74.0]
  - FeH: [0.12, 0.07]

Additional input parameters and settings in alphabetical order:
* asciiparams: ['Teff', 'FeH', 'radPhot', 'massfin', 'age', 'numax', 'dnuscal']
* centroid: median
* cornerplots: ['Teff', 'FeH', 'radPhot', 'massfin', 'age', 'numax', 'dnuscal']
* dnu_scales: {'dnufit': 1.0082126221679892}
* dnusun: 135.1
* freqplots: [True]
* inputfile: input_KAGES.xml
* kielplots: [True]
* numsun: 3090.0
* output: /mnt/c/Users/georg/Documents/GitHub/Iwan-and-George-Year-4-Project/Results/KAGES/
* plotfmt: png
* solarmodel: True
* uncert: quantiles

Weights and priors:
* Bayesian weights:
  - Along tracks: age
  - Between tracks: volume
* Flat, constrained priors and ranges:
  - Teff: [5571.0, 6015.0]
  - FeH: [-0.13, 0.37]
* Additional priors (IMF): 


Computing likelihood of models in the grid (5977 tracks) ...
Done! Computed the likelihood of 184723 models, found 184723 models with non-zero likelihood!


*****************************************
**                                     **
**   Output and results from the fit   **
**                                     **
*****************************************


Highest likelihood model:
* Weighted, non-normalized log-probability: -5.564242135910302
* Grid-index: grid/tracks/track4521[322], with parameters:
  - Name: track4521-2064.fgong
  - Teff      :  5759.371353 
  - FeH       :     0.142528 
  - radPhot   :     1.242160 
  - massfin   :     1.071429 
  - age       :  7723.338776 
  - numax     :     0.696700 (after rescaling:  2152.803865)
  - dnuscal   :     0.748679 (after rescaling:   101.146597)

Lowest chi2 model:
* chi2: 0.2669581642041568
* Grid-index: grid/tracks/track5309[307], with parameters:
  - Name: track5309-1982.fgong
  - Teff      :  5780.063538 
  - FeH       :     0.104862 
  - radPhot   :     1.249569 
  - massfin   :     1.089485 
  - age       :  6541.043584 
  - numax     :     0.698811 (after rescaling:  2159.326937)
  - dnuscal   :     0.748257 (after rescaling:   101.089571)


Computing posterior distributions for the requested output parameters!
==> Summary statistics printed below ...

-----------------------------------------------------
median     Teff          :   5786.825674
err_plus   Teff          :     82.019628
err_minus  Teff          :     52.625899
-----------------------------------------------------
median     FeH           :      0.132766
err_plus   FeH           :      0.060705
err_minus  FeH           :      0.062787
-----------------------------------------------------
median     radPhot       :      1.246303
err_plus   radPhot       :      0.008116
err_minus  radPhot       :      0.011977
-----------------------------------------------------
median     massfin       :      1.081524
err_plus   massfin       :      0.021866
err_minus  massfin       :      0.031111
-----------------------------------------------------
median     age           :   6794.154162
err_plus   age           :   1591.025997
err_minus  age           :   1025.031028
-----------------------------------------------------
median     numax         :   2153.240889
err_plus   numax         :     11.428455
err_minus  numax         :     15.027152
-----------------------------------------------------
median     dnuscal       :    101.155074
err_plus   dnuscal       :      0.141260
err_minus  dnuscal       :      0.109989
-----------------------------------------------------

Saved results to /mnt/c/Users/georg/Documents/GitHub/Iwan-and-George-Year-4-Project/Results/KAGES/KAGESResults.ascii.
Saved corner plot to /mnt/c/Users/georg/Documents/GitHub/Iwan-and-George-Year-4-Project/Results/KAGES/2129550445852902656_corner.png.
Saved Kiel diagram to /mnt/c/Users/georg/Documents/GitHub/Iwan-and-George-Year-4-Project/Results/KAGES/2129550445852902656_kiel.png.
Did not get any frequency file input, skipping ratios and echelle plots.
Saved dictionary to /mnt/c/Users/georg/Documents/GitHub/Iwan-and-George-Year-4-Project/Results/KAGES/2129550445852902656.json

Finished on 2024-02-01 12:37:42 (runtime 42.0 s).

