========================================================================================
                                         BASTA                                         
                             The BAyesian STellar Algorithm                             

                                     Version 1.2.1                                     

                                (c) 2022, The BASTA Team                                
                           https://github.com/BASTAcode/BASTA                           
========================================================================================

Run started on 2024-03-09 18:12:58 . 

Random numbers initialised with seed: 693 .

Fitting star id: 3859431674878660864 .
* Using the grid '/root/BASTA/grids/BaSTI_iso2018.hdf5' of type 'isochrones'.
  - Grid built with BASTA version 1.1.4, timestamp: 2022-09-12 at 17:48:37.

Preparing distance/parallax/magnitude input ...
Done!

Transforming solar-based asteroseismic quantities:
* Converting to solar units if needed...
* Scaling dnu to the solar model in the grid (path: solar_models/bastisun_new) ...
Done!

Fitting information:
* Fitting parameters with values and uncertainties:
  - Teff: [3798.5198, 102.050507]
  - FeH: [0.0581, 0.130136]
  - logg: [4.672, 0.160058]
* Parallax fitting activated!
  - Coordinates (icrs): RA = 159.420986, DEC = 6.285866
  - Filters (magnitude value and uncertainty): 
    + G_GAIA: [14.051001, 0.01]
  - Parallax: [8.554183, 0.019325]

Additional input parameters and settings in alphabetical order:
* asciiparams: ['Teff', 'FeH', 'radPhot', 'massfin', 'age', 'numax', 'dnuscal']
* centroid: median
* cornerplots: ['Teff', 'FeH', 'radPhot', 'massfin', 'age', 'numax', 'dnuscal']
* dnu_scales: {}
* dnusun: 135.1
* freqplots: [True]
* inputfile: InputGaiaBaSTI.xml
* kielplots: [True]
* numsun: 3090.0
* output: output/Output/GaiaBaSTI/
* plotfmt: png
* solarmodel: True
* uncert: quantiles

Weights and priors:
* Bayesian weights:
  - Along isochrones: mass
  - Between isochrones: age, FeHini
* Flat, constrained priors and ranges:
  - Teff: [3498.5198, 4098.5198]
  - FeH: [-4.0, 0.5]
* Additional priors (IMF): salpeter1955


Computing likelihood of models in the grid (6629 isochrones) ...
Done! Computed the likelihood of 889893 models, found 87323 models with non-zero likelihood!


*****************************************
**                                     **
**   Output and results from the fit   **
**                                     **
*****************************************


Highest likelihood model:
* Weighted, non-normalized log-probability: -0.3619394576517296
* Grid-index: ove=0.0000/dif=0.0000/eta=0.0000/alphaFe=0.0000/FeH=-0.0001/age=1100.0000[139], with parameters:
  - Teff      :  3783.779596 
  - FeH       :    -0.000100 
  - radPhot   :     0.481171 
  - massfin   :     0.520043 
  - age       :  1100.000000 
  - numax     :     2.773565 (after rescaling:  8570.314707)
  - dnuscal   :     2.159498 (after rescaling:   291.748151)

Lowest chi2 model:
* chi2: 0.0035755942942257988
* Grid-index: ove=0.0000/dif=0.0000/eta=0.0000/alphaFe=0.0000/FeH=0.0624/age=60.0000[59], with parameters:
  - Teff      :  3795.466714 
  - FeH       :     0.062400 
  - radPhot   :     0.580392 
  - massfin   :     0.569293 
  - age       :    60.000000 
  - numax     :     2.083634 (after rescaling:  6438.427941)
  - dnuscal   :     1.705565 (after rescaling:   230.421779)


Computing posterior distributions for the requested output parameters!
==> Summary statistics printed below ...

-----------------------------------------------------
median     Teff          :   3768.648847
err_plus   Teff          :     43.125726
err_minus  Teff          :     37.623269
-----------------------------------------------------
median     FeH           :      0.062400
err_plus   FeH           :      0.087600
err_minus  FeH           :      0.142600
-----------------------------------------------------
median     radPhot       :      0.492454
err_plus   radPhot       :      0.023828
err_minus  radPhot       :      0.025212
-----------------------------------------------------
median     massfin       :      0.521039
err_plus   massfin       :      0.027196
err_minus  massfin       :      0.024571
-----------------------------------------------------
median     age           :   9900.000000
err_plus   age           :   6700.000000
err_minus  age           :   6700.000000
-----------------------------------------------------
median     numax         :   8223.855319
err_plus   numax         :    473.934548
err_minus  numax         :    354.234316
-----------------------------------------------------
median     dnuscal       :    282.104332
err_plus   dnuscal       :     16.113248
err_minus  dnuscal       :     12.756700
-----------------------------------------------------

Saved results to output/Output/GaiaBaSTI/GaiaBaSTIResults.ascii.
Saved corner plot to output/Output/GaiaBaSTI/3859431674878660864_corner.png.
Saved Kiel diagram to output/Output/GaiaBaSTI/3859431674878660864_kiel.png.
Did not get any frequency file input, skipping ratios and echelle plots.
Saved dictionary to output/Output/GaiaBaSTI/3859431674878660864.json

Finished on 2024-03-09 18:14:04 (runtime 66.0 s).

