========================================================================================
                                         BASTA                                         
                             The BAyesian STellar Algorithm                             

                                     Version 1.2.1                                     

                                (c) 2022, The BASTA Team                                
                           https://github.com/BASTAcode/BASTA                           
========================================================================================

Run started on 2024-03-09 18:14:04 . 

Random numbers initialised with seed: 693 .

Fitting star id: 3864142669886768896 .
* Using the grid '/root/BASTA/grids/BaSTI_iso2018.hdf5' of type 'isochrones'.
  - Grid built with BASTA version 1.1.4, timestamp: 2022-09-12 at 17:48:37.

Preparing distance/parallax/magnitude input ...
Done!

Transforming solar-based asteroseismic quantities:
* Converting to solar units if needed...
* Scaling dnu to the solar model in the grid (path: solar_models/bastisun_new) ...
Done!

Fitting information:
* Fitting parameters with values and uncertainties:
  - Teff: [3325.988, 102.05888]
  - FeH: [-0.174, 0.130332]
  - logg: [4.9506, 0.160035]
* Parallax fitting activated!
  - Coordinates (icrs): RA = 163.251904, DEC = 5.306473
  - Filters (magnitude value and uncertainty): 
    + G_GAIA: [16.328287, 0.01]
  - Parallax: [9.291309, 0.066254]

Additional input parameters and settings in alphabetical order:
* asciiparams: ['Teff', 'FeH', 'radPhot', 'massfin', 'age', 'numax', 'dnuscal']
* centroid: median
* cornerplots: ['Teff', 'FeH', 'radPhot', 'massfin', 'age', 'numax', 'dnuscal']
* dnu_scales: {}
* dnusun: 135.1
* freqplots: [True]
* inputfile: InputGaiaBaSTI.xml
* kielplots: [True]
* numsun: 3090.0
* output: output/Output/GaiaBaSTI/
* plotfmt: png
* solarmodel: True
* uncert: quantiles

Weights and priors:
* Bayesian weights:
  - Along isochrones: mass
  - Between isochrones: age, FeHini
* Flat, constrained priors and ranges:
  - Teff: [3025.988, 3625.988]
  - FeH: [-4.0, 0.5]
* Additional priors (IMF): salpeter1955


Computing likelihood of models in the grid (6629 isochrones) ...
Done! Computed the likelihood of 619644 models, found 131257 models with non-zero likelihood!


*****************************************
**                                     **
**   Output and results from the fit   **
**                                     **
*****************************************


Highest likelihood model:
* Weighted, non-normalized log-probability: 1.6959294969914092
* Grid-index: ove=0.0000/dif=0.0000/eta=0.0000/alphaFe=0.0000/FeH=-0.1998/age=1200.0000[102], with parameters:
  - Teff      :  3404.933609 
  - FeH       :    -0.199800 
  - radPhot   :     0.216480 
  - massfin   :     0.204995 
  - age       :  1200.000000 
  - numax     :     5.693962 (after rescaling: 17594.341753)
  - dnuscal   :     4.492910 (after rescaling:   606.992116)

Lowest chi2 model:
* chi2: 0.04398580638128406
* Grid-index: ove=0.0000/dif=0.0000/eta=0.0000/alphaFe=0.0000/FeH=-0.1998/age=100.0000[12], with parameters:
  - Teff      :  3328.967148 
  - FeH       :    -0.199800 
  - radPhot   :     0.227497 
  - massfin   :     0.164729 
  - age       :   100.000000 
  - numax     :     4.190102 (after rescaling: 12947.413835)
  - dnuscal   :     3.738553 (after rescaling:   505.078500)


Computing posterior distributions for the requested output parameters!
==> Summary statistics printed below ...

-----------------------------------------------------
median     Teff          :   3369.140000
err_plus   Teff          :     46.396761
err_minus  Teff          :     47.248451
-----------------------------------------------------
median     FeH           :     -0.149700
err_plus   FeH           :      0.149600
err_minus  FeH           :      0.050100
-----------------------------------------------------
median     radPhot       :      0.226562
err_plus   radPhot       :      0.014922
err_minus  radPhot       :      0.014397
-----------------------------------------------------
median     massfin       :      0.211932
err_plus   massfin       :      0.015684
err_minus  massfin       :      0.015583
-----------------------------------------------------
median     age           :  10000.000000
err_plus   age           :   6900.000000
err_minus  age           :   6900.000000
-----------------------------------------------------
median     numax         :  16712.237065
err_plus   numax         :    940.688364
err_minus  numax         :    887.926163
-----------------------------------------------------
median     dnuscal       :    576.686195
err_plus   dnuscal       :     36.658292
err_minus  dnuscal       :     34.758199
-----------------------------------------------------

Saved results to output/Output/GaiaBaSTI/GaiaBaSTIResults.ascii.
Saved corner plot to output/Output/GaiaBaSTI/3864142669886768896_corner.png.
Saved Kiel diagram to output/Output/GaiaBaSTI/3864142669886768896_kiel.png.
Did not get any frequency file input, skipping ratios and echelle plots.
Saved dictionary to output/Output/GaiaBaSTI/3864142669886768896.json

Finished on 2024-03-09 18:15:01 (runtime 57.0 s).

