========================================================================================
                                         BASTA                                         
                             The BAyesian STellar Algorithm                             

                                     Version 1.2.1                                     

                                (c) 2022, The BASTA Team                                
                           https://github.com/BASTAcode/BASTA                           
========================================================================================

Run started on 2024-03-09 18:16:29 . 

Random numbers initialised with seed: 693 .

Fitting star id: 5337294049909975680 .
* Using the grid '/root/BASTA/grids/BaSTI_iso2018.hdf5' of type 'isochrones'.
  - Grid built with BASTA version 1.1.4, timestamp: 2022-09-12 at 17:48:37.

Preparing distance/parallax/magnitude input ...
WARNING: Coordinates outside dust map boundaries!
Default to Schegel 1998 dust map
Done!

Transforming solar-based asteroseismic quantities:
* Converting to solar units if needed...
* Scaling dnu to the solar model in the grid (path: solar_models/bastisun_new) ...
Done!

Fitting information:
* Fitting parameters with values and uncertainties:
  - Teff: [4921.7666, 143.47105]
  - FeH: [-0.9781, 0.278901]
  - logg: [4.3689, 0.164451]
* Parallax fitting activated!
  - Coordinates (icrs): RA = 167.32792, DEC = -61.095262
  - Filters (magnitude value and uncertainty): 
    + G_GAIA: [16.664139, 0.01]
  - Parallax: [0.370726, 0.046248]

Additional input parameters and settings in alphabetical order:
* asciiparams: ['Teff', 'FeH', 'radPhot', 'massfin', 'age', 'numax', 'dnuscal']
* centroid: median
* cornerplots: ['Teff', 'FeH', 'radPhot', 'massfin', 'age', 'numax', 'dnuscal']
* dnu_scales: {}
* dnusun: 135.1
* freqplots: [True]
* inputfile: InputGaiaBaSTI.xml
* kielplots: [True]
* numsun: 3090.0
* output: output/Output/GaiaBaSTI/
* plotfmt: png
* solarmodel: True
* uncert: quantiles

Weights and priors:
* Bayesian weights:
  - Along isochrones: mass
  - Between isochrones: age, FeHini
* Flat, constrained priors and ranges:
  - Teff: [4621.7666, 5221.7666]
  - FeH: [-4.0, 0.5]
* Additional priors (IMF): salpeter1955


Computing likelihood of models in the grid (6629 isochrones) ...
Done! Computed the likelihood of 5487592 models, found 5085779 models with non-zero likelihood!


*****************************************
**                                     **
**   Output and results from the fit   **
**                                     **
*****************************************


Highest likelihood model:
* Weighted, non-normalized log-probability: -30.846019527160127
* Grid-index: ove=0.0000/dif=0.0000/eta=0.0000/alphaFe=0.0000/FeH=-0.3001/age=2500.0000[553], with parameters:
  - Teff      :  5221.419951 
  - FeH       :    -0.300100 
  - radPhot   :     3.657723 
  - massfin   :     1.418150 
  - age       :  2500.000000 
  - numax     :     0.111421 (after rescaling:   344.291218)
  - dnuscal   :     0.170148 (after rescaling:    22.987022)

Lowest chi2 model:
* chi2: 0.6123714908550059
* Grid-index: ove=0.0000/dif=0.0000/eta=0.0000/alphaFe=0.0000/FeH=-0.8998/age=20.0000[44], with parameters:
  - Teff      :  4932.863198 
  - FeH       :    -0.899800 
  - radPhot   :     0.791088 
  - massfin   :     0.703186 
  - age       :    20.000000 
  - numax     :     1.215155 (after rescaling:  3754.829547)
  - dnuscal   :     1.191187 (after rescaling:   160.929416)


Computing posterior distributions for the requested output parameters!
==> Summary statistics printed below ...

-----------------------------------------------------
median     Teff          :   5176.437372
err_plus   Teff          :     32.951263
err_minus  Teff          :     57.201051
-----------------------------------------------------
median     FeH           :     -0.300100
err_plus   FeH           :      0.219900
err_minus  FeH           :      0.100400
-----------------------------------------------------
median     radPhot       :      3.798981
err_plus   radPhot       :      0.367174
err_minus  radPhot       :      0.294462
-----------------------------------------------------
median     massfin       :      1.403712
err_plus   massfin       :      0.192777
err_minus  massfin       :      0.218769
-----------------------------------------------------
median     age           :   2700.000000
err_plus   age           :   1800.000000
err_minus  age           :    900.000000
-----------------------------------------------------
median     numax         :    311.213362
err_plus   numax         :     58.854731
err_minus  numax         :     53.705521
-----------------------------------------------------
median     dnuscal       :     21.350161
err_plus   dnuscal       :      2.678774
err_minus  dnuscal       :      2.584163
-----------------------------------------------------

Saved results to output/Output/GaiaBaSTI/GaiaBaSTIResults.ascii.
Saved corner plot to output/Output/GaiaBaSTI/5337294049909975680_corner.png.
Saved Kiel diagram to output/Output/GaiaBaSTI/5337294049909975680_kiel.png.
Did not get any frequency file input, skipping ratios and echelle plots.
Saved dictionary to output/Output/GaiaBaSTI/5337294049909975680.json

Finished on 2024-03-09 18:17:50 (runtime 81.0 s).

