========================================================================================
                                         BASTA                                         
                             The BAyesian STellar Algorithm                             

                                     Version 1.2.1                                     

                                (c) 2022, The BASTA Team                                
                           https://github.com/BASTAcode/BASTA                           
========================================================================================

Run started on 2024-03-06 11:44:24 . 

Random numbers initialised with seed: 3284 .

Fitting star id: 6239410080231903488 .
* Using the grid '/root/BASTA/grids/BaSTI_iso2018.hdf5' of type 'isochrones'.
  - Grid built with BASTA version 1.1.4, timestamp: 2022-09-12 at 17:48:37.

Preparing distance/parallax/magnitude input ...
Done!

Transforming solar-based asteroseismic quantities:
* Converting to solar units if needed...
* Solar model scaling not activated!  -->  Dnu will not be scaled.
Done!

Fitting information:
* Fitting parameters with values and uncertainties:
  - Teff: [3494.6802, 60.0]
  - FeH: [-0.2133, 0.04]
  - logg: [4.8533, 0.04]
  - G_GAIA: [15.485627, 0.5]
* Parallax fitting activated!
  - Coordinates (icrs): RA = 233.624734, DEC = -23.259475
  - Filters (magnitude value and uncertainty): 
    + G_GAIA: [15.485627, 0.5]
  - Parallax: [8.926342, 0.046476]

Additional input parameters and settings in alphabetical order:
* asciiparams: ['Teff', 'FeH', 'radPhot', 'massfin', 'age', 'numax', 'dnuscal']
* centroid: median
* cornerplots: ['Teff', 'FeH', 'radPhot', 'massfin', 'age', 'numax', 'dnuscal']
* dnu_scales: {}
* dnusun: 135.1
* freqplots: [True]
* inputfile: BaSTI_Gaia.xml
* kielplots: [True]
* numsun: 3090.0
* output: output/Output/
* plotfmt: png
* solarmodel: False
* uncert: quantiles

Weights and priors:
* Bayesian weights:
  - Along isochrones: mass
  - Between isochrones: age, FeHini
* Flat, constrained priors and ranges:
  - Teff: [3314.6802, 3674.6802]
  - FeH: [-0.4633, 0.03670000000000001]
* Additional priors (IMF): 


Computing likelihood of models in the grid (1578 isochrones) ...
Done! Computed the likelihood of 111649 models, found 111649 models with non-zero likelihood!


*****************************************
**                                     **
**   Output and results from the fit   **
**                                     **
*****************************************


Highest likelihood model:
* Weighted, non-normalized log-probability: -48.894878717022785
* Grid-index: ove=0.0000/dif=0.0000/eta=0.0000/alphaFe=0.0000/FeH=-0.3001/age=80.0000[5], with parameters:
  - Teff      :  3319.475527 
  - FeH       :    -0.300100 
  - radPhot   :     0.212278 
  - massfin   :     0.128441 
  - age       :    80.000000 
  - numax     :     3.757685 (after rescaling: 11611.246381)
  - dnuscal   :     3.662493 (after rescaling:   494.802781)

Lowest chi2 model:
* chi2: 82.22920719793859
* Grid-index: ove=0.0000/dif=0.0000/eta=0.0000/alphaFe=0.0000/FeH=-0.3001/age=80.0000[5], with parameters:
  - Teff      :  3319.475527 
  - FeH       :    -0.300100 
  - radPhot   :     0.212278 
  - massfin   :     0.128441 
  - age       :    80.000000 
  - numax     :     3.757685 (after rescaling: 11611.246381)
  - dnuscal   :     3.662493 (after rescaling:   494.802781)


Computing posterior distributions for the requested output parameters!
==> Summary statistics printed below ...

-----------------------------------------------------
median     Teff          :   3337.978367
err_plus   Teff          :     32.819464
err_minus  Teff          :     14.495686
-----------------------------------------------------
median     FeH           :     -0.300100
err_plus   FeH           :      0.100300
err_minus  FeH           :      0.000000
-----------------------------------------------------
median     radPhot       :      0.222700
err_plus   radPhot       :      0.016279
err_minus  radPhot       :      0.011780
-----------------------------------------------------
median     massfin       :      0.141495
err_plus   massfin       :      0.026140
err_minus  massfin       :      0.011279
-----------------------------------------------------
median     age           :     80.000000
err_plus   age           :     20.000000
err_minus  age           :     10.000000
-----------------------------------------------------
median     numax         :  11837.072433
err_plus   numax         :   1108.320705
err_minus  numax         :    837.955924
-----------------------------------------------------
median     dnuscal       :    489.996178
err_plus   dnuscal       :     32.074305
err_minus  dnuscal       :     33.138113
-----------------------------------------------------

Saved results to output/Output/GaiaBaSTIResults.ascii.
Parameter Age (Myr) resulted in 15443 bins, raising MemoryError
WARNING! Using 'auto' as bin-rule causes a memory crash!Switching to 'scott' for the parameter 'Age (Myr)'!
Saved corner plot to output/Output/6239410080231903488_corner.png.
Saved Kiel diagram to output/Output/6239410080231903488_kiel.png.
Did not get any frequency file input, skipping ratios and echelle plots.
Saved dictionary to output/Output/6239410080231903488.json

Finished on 2024-03-06 11:44:40 (runtime 16.0 s).

