========================================================================================
                                         BASTA                                         
                             The BAyesian STellar Algorithm                             

                                     Version 1.2.1                                     

                                (c) 2022, The BASTA Team                                
                           https://github.com/BASTAcode/BASTA                           
========================================================================================

Run started on 2024-03-06 11:42:21 . 

Random numbers initialised with seed: 3284 .

Fitting star id: 6257625719430982016 .
* Using the grid '/root/BASTA/grids/BaSTI_iso2018.hdf5' of type 'isochrones'.
  - Grid built with BASTA version 1.1.4, timestamp: 2022-09-12 at 17:48:37.

Preparing distance/parallax/magnitude input ...
Done!

Transforming solar-based asteroseismic quantities:
* Converting to solar units if needed...
* Solar model scaling not activated!  -->  Dnu will not be scaled.
Done!

Fitting information:
* Fitting parameters with values and uncertainties:
  - Teff: [3849.5154, 60.0]
  - FeH: [-0.6803, 0.0713]
  - logg: [4.5505, 0.04]
  - G_GAIA: [12.604316, 0.5]
* Parallax fitting activated!
  - Coordinates (icrs): RA = 227.849363, DEC = -17.875454
  - Filters (magnitude value and uncertainty): 
    + G_GAIA: [12.604316, 0.5]
  - Parallax: [13.703702, 0.023921]

Additional input parameters and settings in alphabetical order:
* asciiparams: ['Teff', 'FeH', 'radPhot', 'massfin', 'age', 'numax', 'dnuscal']
* centroid: median
* cornerplots: ['Teff', 'FeH', 'radPhot', 'massfin', 'age', 'numax', 'dnuscal']
* dnu_scales: {}
* dnusun: 135.1
* freqplots: [True]
* inputfile: BaSTI_Gaia.xml
* kielplots: [True]
* numsun: 3090.0
* output: output/Output/
* plotfmt: png
* solarmodel: False
* uncert: quantiles

Weights and priors:
* Bayesian weights:
  - Along isochrones: mass
  - Between isochrones: age, FeHini
* Flat, constrained priors and ranges:
  - Teff: [3669.5154, 4029.5154]
  - FeH: [-0.9303, -0.4303]
* Additional priors (IMF): 


Computing likelihood of models in the grid (1030 isochrones) ...
Done! Computed the likelihood of 90870 models, found 90870 models with non-zero likelihood!


*****************************************
**                                     **
**   Output and results from the fit   **
**                                     **
*****************************************


Highest likelihood model:
* Weighted, non-normalized log-probability: -31.617941752658258
* Grid-index: ove=0.0000/dif=0.0000/eta=0.0000/alphaFe=0.0000/FeH=-0.7000/age=20.0000[8], with parameters:
  - Teff      :  3713.217542 
  - FeH       :    -0.700000 
  - radPhot   :     0.382320 
  - massfin   :     0.201628 
  - age       :    20.000000 
  - numax     :     1.719420 (after rescaling:  5313.007614)
  - dnuscal   :     1.898528 (after rescaling:   256.491118)

Lowest chi2 model:
* chi2: 49.610883914929225
* Grid-index: ove=0.0000/dif=0.0000/eta=0.0000/alphaFe=0.0000/FeH=-0.7000/age=20.0000[7], with parameters:
  - Teff      :  3688.734135 
  - FeH       :    -0.700000 
  - radPhot   :     0.369529 
  - massfin   :     0.188924 
  - age       :    20.000000 
  - numax     :     1.730269 (after rescaling:  5346.530726)
  - dnuscal   :     1.933989 (after rescaling:   261.281878)


Computing posterior distributions for the requested output parameters!
==> Summary statistics printed below ...

-----------------------------------------------------
median     Teff          :   3717.670201
err_plus   Teff          :     36.492842
err_minus  Teff          :     28.636817
-----------------------------------------------------
median     FeH           :     -0.700000
err_plus   FeH           :      0.099400
err_minus  FeH           :      0.100100
-----------------------------------------------------
median     radPhot       :      0.383781
err_plus   radPhot       :      0.022748
err_minus  radPhot       :      0.014252
-----------------------------------------------------
median     massfin       :      0.206437
err_plus   massfin       :      0.022774
err_minus  massfin       :      0.017513
-----------------------------------------------------
median     age           :     20.000000
err_plus   age           :      0.000000
err_minus  age           :      0.000000
-----------------------------------------------------
median     numax         :   5313.007614
err_plus   numax         :     48.312135
err_minus  numax         :     74.283576
-----------------------------------------------------
median     dnuscal       :    254.312617
err_plus   dnuscal       :      6.969261
err_minus  dnuscal       :      6.087045
-----------------------------------------------------

Saved results to output/Output/GaiaBaSTIResults.ascii.
Saved corner plot to output/Output/6257625719430982016_corner.png.
Saved Kiel diagram to output/Output/6257625719430982016_kiel.png.
Did not get any frequency file input, skipping ratios and echelle plots.
Saved dictionary to output/Output/6257625719430982016.json

Finished on 2024-03-06 11:42:49 (runtime 28.0 s).

