========================================================================================
                                         BASTA                                         
                             The BAyesian STellar Algorithm                             

                                     Version 1.2.1                                     

                                (c) 2022, The BASTA Team                                
                           https://github.com/BASTAcode/BASTA                           
========================================================================================

Run started on 2024-02-25 16:25:34 . 

Random numbers initialised with seed: 3305 .

Fitting star id: 2135590578620605568 .
* Using the grid '/root/BASTA/grids/Garstec_AS09_barbieMS.hdf5' of type 'sobol tracks'.
  - Grid built with BASTA version 1.3.1, timestamp: 2023-11-28 at 20:12:28.

Transforming solar-based asteroseismic quantities:
* Converting to solar units if needed...
* Solar model scaling not activated!  -->  Dnu will not be scaled.
Done!

Fitting information:
* Fitting parameters with values and uncertainties:
  - Teff: [6215.0, 89.0]
  - FeH: [0.28, 0.1]

Additional input parameters and settings in alphabetical order:
* asciiparams: ['Teff', 'FeH', 'radPhot', 'massfin', 'age', 'numax', 'dnuscal']
* centroid: median
* cornerplots: ['Teff', 'FeH', 'radPhot', 'massfin', 'age', 'numax', 'dnuscal']
* dnu_scales: {}
* dnusun: 135.1
* freqplots: [True]
* inputfile: InputVanEylen.xml
* kielplots: [True]
* numsun: 3090.0
* output: output/Output/VanEylen/
* plotfmt: png
* solarmodel: False
* uncert: quantiles

Weights and priors:
* Bayesian weights:
  - Along tracks: age
  - Between tracks: volume
* Flat, constrained priors and ranges:
  - Teff: [5948.0, 6482.0]
  - FeH: [0.030000000000000027, 0.53]
* Additional priors (IMF): 


Computing likelihood of models in the grid (5977 tracks) ...
Done! Computed the likelihood of 43604 models, found 43604 models with non-zero likelihood!


*****************************************
**                                     **
**   Output and results from the fit   **
**                                     **
*****************************************


Highest likelihood model:
* Weighted, non-normalized log-probability: -5.598703017302397
* Grid-index: grid/tracks/track0469[68], with parameters:
  - Name: track0469-745.fgong
  - Teff      :  6231.985141 
  - FeH       :     0.285775 
  - radPhot   :     1.171885 
  - massfin   :     1.193864 
  - age       :  1182.083828 
  - numax     :     0.838488 (after rescaling:  2590.929177)
  - dnuscal   :     0.862443 (after rescaling:   116.516110)

Lowest chi2 model:
* chi2: 0.0008448909230367888
* Grid-index: grid/tracks/track3157[22], with parameters:
  - Name: track3157-520.fgong
  - Teff      :  6213.044710 
  - FeH       :     0.278097 
  - radPhot   :     1.113449 
  - massfin   :     1.196966 
  - age       :   334.748136 
  - numax     :     0.932640 (after rescaling:  2881.858737)
  - dnuscal   :     0.932430 (after rescaling:   125.971231)


Computing posterior distributions for the requested output parameters!
==> Summary statistics printed below ...

-----------------------------------------------------
median     Teff          :   6158.335908
err_plus   Teff          :     83.260111
err_minus  Teff          :     90.786223
-----------------------------------------------------
median     FeH           :      0.182339
err_plus   FeH           :      0.083407
err_minus  FeH           :      0.078063
-----------------------------------------------------
median     radPhot       :      1.155407
err_plus   radPhot       :      0.119696
err_minus  radPhot       :      0.076888
-----------------------------------------------------
median     massfin       :      1.163603
err_plus   massfin       :      0.029242
err_minus  massfin       :      0.056920
-----------------------------------------------------
median     age           :   1681.618753
err_plus   age           :   1636.979615
err_minus  age           :   1177.075680
-----------------------------------------------------
median     numax         :   2600.266571
err_plus   numax         :    332.391176
err_minus  numax         :    451.672548
-----------------------------------------------------
median     dnuscal       :    117.280697
err_plus   dnuscal       :     11.475798
err_minus  dnuscal       :     15.774891
-----------------------------------------------------

Saved results to output/Output/VanEylen/VanEylenResults.ascii.
Saved corner plot to output/Output/VanEylen/2135590578620605568_corner.png.
Saved Kiel diagram to output/Output/VanEylen/2135590578620605568_kiel.png.
Did not get any frequency file input, skipping ratios and echelle plots.
Saved dictionary to output/Output/VanEylen/2135590578620605568.json

Finished on 2024-02-25 16:25:51 (runtime 17.0 s).

