========================================================================================
                                         BASTA                                         
                             The BAyesian STellar Algorithm                             

                                     Version 1.2.1                                     

                                (c) 2022, The BASTA Team                                
                           https://github.com/BASTAcode/BASTA                           
========================================================================================

Run started on 2024-01-20 19:00:38 . 

Random numbers initialised with seed: 3178 .

Fitting star id: 6801474136516893184 .
* Using the grid '/root/BASTA/grids/Garstec_AS09_barbieMS.hdf5' of type 'sobol tracks'.
  - Grid built with BASTA version 1.3.1, timestamp: 2023-11-28 at 20:12:28.

Transforming solar-based asteroseismic quantities:
* Converting to solar units if needed...
* Solar model scaling not activated!  -->  Dnu will not be scaled.
Done!

Fitting information:
* Fitting parameters with values and uncertainties:
  - Teff: [5680.8784, 18.9903]
  - FeH: [-0.277, 0.0102]

Additional input parameters and settings in alphabetical order:
* asciiparams: ['Teff', 'FeH', 'radPhot', 'massfin', 'age']
* centroid: median
* cornerplots: ['Teff', 'FeH', 'radPhot', 'massfin', 'age']
* dnu_scales: {}
* dnusun: 135.1
* freqplots: []
* inputfile: input_JustKen.xml
* kielplots: [True]
* numsun: 3090.0
* output: mnt/c/Users/georg/Documents/GitHub/Iwan-and-George-Year-4-Project/Results/
* plotfmt: png
* solarmodel: False
* uncert: quantiles

Weights and priors:
* Bayesian weights:
  - Along tracks: age
  - Between tracks: volume
* Flat, constrained priors and ranges:
  - Teff: [5623.907499999999, 5737.8493]
  - FeH: [-0.527, -0.027000000000000024]
* Additional priors (IMF): 


Computing likelihood of models in the grid (5977 tracks) ...
Done! Computed the likelihood of 24087 models, found 24087 models with non-zero likelihood!


*****************************************
**                                     **
**   Output and results from the fit   **
**                                     **
*****************************************


Highest likelihood model:
* Weighted, non-normalized log-probability: -3.492083352433813
* Grid-index: grid/tracks/track5551[82], with parameters:
  - Name: track5551-888.fgong
  - Teff      :  5675.203799 
  - FeH       :    -0.281686 
  - radPhot   :     0.871930 
  - massfin   :     0.759635 
  - age       : 10879.627490 

Lowest chi2 model:
* chi2: 0.0010326509682705484
* Grid-index: grid/tracks/track1420[56], with parameters:
  - Name: track1420-769.fgong
  - Teff      :  5681.334318 
  - FeH       :    -0.276782 
  - radPhot   :     0.813321 
  - massfin   :     0.861864 
  - age       :  3615.273990 


Computing posterior distributions for the requested output parameters!
==> Summary statistics printed below ...

-----------------------------------------------------
median     Teff          :   5682.465857
err_plus   Teff          :     17.854007
err_minus  Teff          :     16.977526
-----------------------------------------------------
median     FeH           :     -0.275856
err_plus   FeH           :      0.010055
err_minus  FeH           :      0.010277
-----------------------------------------------------
median     radPhot       :      0.931696
err_plus   radPhot       :      0.253503
err_minus  radPhot       :      0.135515
-----------------------------------------------------
median     massfin       :      0.821594
err_plus   massfin       :      0.054120
err_minus  massfin       :      0.061987
-----------------------------------------------------
median     age           :  10879.627490
err_plus   age           :   4241.733940
err_minus  age           :   7096.257174
-----------------------------------------------------

Saved results to mnt/c/Users/georg/Documents/GitHub/Iwan-and-George-Year-4-Project/Results/JustKenResults.ascii.
Saved corner plot to mnt/c/Users/georg/Documents/GitHub/Iwan-and-George-Year-4-Project/Results/6801474136516893184_corner.png.
Saved Kiel diagram to mnt/c/Users/georg/Documents/GitHub/Iwan-and-George-Year-4-Project/Results/6801474136516893184_kiel.png.
Did not get any frequency file input, skipping ratios and echelle plots.
Saved dictionary to mnt/c/Users/georg/Documents/GitHub/Iwan-and-George-Year-4-Project/Results/6801474136516893184.json

Finished on 2024-01-20 19:00:55 (runtime 17.0 s).

