========================================================================================
                                         BASTA                                         
                             The BAyesian STellar Algorithm                             

                                     Version 1.2.1                                     

                                (c) 2022, The BASTA Team                                
                           https://github.com/BASTAcode/BASTA                           
========================================================================================

Run started on 2023-11-22 18:00:32 . 

Random numbers initialised with seed: 4219 .

Fitting star id: 16CygA .
* Using the grid '/root/BASTA/grids/Garstec_16CygA.hdf5' of type 'sobol tracks'.
  - Grid built with BASTA version 1.1.4, timestamp: 2022-02-28 at 11:29:45.

Transforming solar-based asteroseismic quantities:
* Converting to solar units if needed...
* Scaling dnu to the solar model in the grid (path: solar_models/suncal_as09_opal) ...
  - dnufit scaled by 1.0082 from 103.30 to 104.15 microHz (grid Sun: 136.21 microHz, real Sun: 135.10 microHz)
    (Note: Will be scaled back before outputting results!)
Done!

Preparing asteroseismic input ...
Done!

Fitting information:
* Fitting parameters with values and uncertainties:
  - Teff: [5825.0, 50.0]
  - FeH: [0.1, 0.026]
* Fitting of individual frequencies activated!
  - Automatic prior on dnu: Yes
  - Constraining lowest l = 0 (n = 12) with f = 1390.808 +/- 0.863 muHz to within 15.0 % of dnu (15.622 microHz)
  - Correlations: No
  - Frequency input data: /root/BASTA/examples/data/freqs/16CygA.xml
  - Frequency input data (list of ignored modes): None
  - Inclusion of dnu in ratios fit: No
  - Interpolation in ratios: Yes
  - Surface effect correction: BG14
  - Use alternative ratios (3-point): No
  - Value of dnu: 104.148 +/- 0.504 microHz
  - Value of numax: 2188.500 microHz
  - Weighting scheme: 1/N

Additional input parameters and settings in alphabetical order:
* asciiparams: ['Teff', 'FeH', 'dnufit', 'numax', 'radPhot', 'massfin', 'age']
* centroid: median
* cornerplots: ['Teff', 'FeH', 'dnufit', 'numax', 'radPhot', 'massfin', 'age']
* dnu_scales: {'dnufit': 1.0082126221679892}
* dnusun: 135.1
* freqplots: ['allechelle']
* inputfile: input_freqs.xml
* kielplots: [True]
* numsun: 3090.0
* output: /mnt/c/Users/georg/Documents/Homework/University/Year\ 4/Project/BASTA\ Examples/
* plotfmt: pdf
* solarmodel: True
* uncert: quantiles

Weights and priors:
* Bayesian weights:
  - Along tracks: age
  - Between tracks: volume
* Flat, constrained priors and ranges:
  - Teff: [5675.0, 5975.0]
  - FeH: [-0.15, 0.35]
  - dnufit: [88.5261092894603, 119.77061845044628]
* Additional priors (IMF): salpeter1955


Computing likelihood of models in the grid (255 tracks) ...
Done! Computed the likelihood of 996 models, found 996 models with non-zero likelihood!


*****************************************
**                                     **
**   Output and results from the fit   **
**                                     **
*****************************************


Highest likelihood model:
* Weighted, non-normalized log-probability: -4.716145609517286
* Grid-index: grid/tracks/track084[205], with parameters:
  - Name: track084-1777.fgong
  - Teff      :  5794.088120 
  - FeH       :     0.095200 
  - dnufit    :   104.553398 (after rescaling:   103.701735)
  - numax     :     0.709196 (after rescaling:  2191.416149)
  - radPhot   :     1.215496 
  - massfin   :     1.047468 
  - age       :  7262.414870 

Lowest chi2 model:
* chi2: 3.1593279797508576
* Grid-index: grid/tracks/track084[205], with parameters:
  - Name: track084-1777.fgong
  - Teff      :  5794.088120 
  - FeH       :     0.095200 
  - dnufit    :   104.553398 (after rescaling:   103.701735)
  - numax     :     0.709196 (after rescaling:  2191.416149)
  - radPhot   :     1.215496 
  - massfin   :     1.047468 
  - age       :  7262.414870 


Computing posterior distributions for the requested output parameters!
==> Summary statistics printed below ...

-----------------------------------------------------
median     Teff          :   5795.999582
err_plus   Teff          :     38.187587
err_minus  Teff          :      2.085279
-----------------------------------------------------
median     FeH           :      0.097157
err_plus   FeH           :      0.028711
err_minus  FeH           :      0.012521
-----------------------------------------------------
median     dnufit        :    103.739813
err_plus   dnufit        :      0.045749
err_minus  dnufit        :      0.100831
-----------------------------------------------------
median     numax         :   2194.703269
err_plus   numax         :      8.405547
err_minus  numax         :      4.115634
-----------------------------------------------------
median     radPhot       :      1.217123
err_plus   radPhot       :      0.005131
err_minus  radPhot       :      0.001627
-----------------------------------------------------
median     massfin       :      1.050472
err_plus   massfin       :      0.015295
err_minus  massfin       :      0.003004
-----------------------------------------------------
median     age           :   7136.349915
err_plus   age           :    126.064955
err_minus  age           :    570.116182
-----------------------------------------------------

Saved results to /mnt/c/Users/georg/Documents/Homework/University/Year\ 4/Project/BASTA\ Examples/results.ascii.
Saved corner plot to /mnt/c/Users/georg/Documents/Homework/University/Year\ 4/Project/BASTA\ Examples/16CygA_corner.pdf.
Saved Kiel diagram to /mnt/c/Users/georg/Documents/Homework/University/Year\ 4/Project/BASTA\ Examples/16CygA_kiel.pdf.
Saved figure to /mnt/c/Users/georg/Documents/Homework/University/Year\ 4/Project/BASTA\ Examples/16CygA_echelle_uncorrected.pdf
Saved figure to /mnt/c/Users/georg/Documents/Homework/University/Year\ 4/Project/BASTA\ Examples/16CygA_pairechelle_uncorrected.pdf
Saved figure to /mnt/c/Users/georg/Documents/Homework/University/Year\ 4/Project/BASTA\ Examples/16CygA_dupechelle_uncorrected.pdf
The surface correction coefficients are -3.7717318798574913e-10 -6.580311421489286e-09
Saved figure to /mnt/c/Users/georg/Documents/Homework/University/Year\ 4/Project/BASTA\ Examples/16CygA_echelle.pdf
Saved figure to /mnt/c/Users/georg/Documents/Homework/University/Year\ 4/Project/BASTA\ Examples/16CygA_pairechelle.pdf
Saved figure to /mnt/c/Users/georg/Documents/Homework/University/Year\ 4/Project/BASTA\ Examples/16CygA_dupechelle.pdf

Finished on 2023-11-22 18:01:28 (runtime 56.0 s).

