========================================================================================
                                         BASTA                                         
                             The BAyesian STellar Algorithm                             

                                     Version 1.2.1                                     

                                (c) 2022, The BASTA Team                                
                           https://github.com/BASTAcode/BASTA                           
========================================================================================

Run started on 2024-02-25 16:20:08 . 

Random numbers initialised with seed: 3305 .

Fitting star id: 2135179533070399232 .
* Using the grid '/root/BASTA/grids/Garstec_AS09_barbieMS.hdf5' of type 'sobol tracks'.
  - Grid built with BASTA version 1.3.1, timestamp: 2023-11-28 at 20:12:28.

Transforming solar-based asteroseismic quantities:
* Converting to solar units if needed...
* Solar model scaling not activated!  -->  Dnu will not be scaled.
Done!

Fitting information:
* Fitting parameters with values and uncertainties:
  - Teff: [6004.0, 102.0]
  - FeH: [-0.38, 0.1]

Additional input parameters and settings in alphabetical order:
* asciiparams: ['Teff', 'FeH', 'radPhot', 'massfin', 'age', 'numax', 'dnuscal']
* centroid: median
* cornerplots: ['Teff', 'FeH', 'radPhot', 'massfin', 'age', 'numax', 'dnuscal']
* dnu_scales: {}
* dnusun: 135.1
* freqplots: [True]
* inputfile: InputVanEylen.xml
* kielplots: [True]
* numsun: 3090.0
* output: output/Output/VanEylen/
* plotfmt: png
* solarmodel: False
* uncert: quantiles

Weights and priors:
* Bayesian weights:
  - Along tracks: age
  - Between tracks: volume
* Flat, constrained priors and ranges:
  - Teff: [5698.0, 6310.0]
  - FeH: [-0.63, -0.13]
* Additional priors (IMF): 


Computing likelihood of models in the grid (5977 tracks) ...
Done! Computed the likelihood of 150712 models, found 150712 models with non-zero likelihood!


*****************************************
**                                     **
**   Output and results from the fit   **
**                                     **
*****************************************


Highest likelihood model:
* Weighted, non-normalized log-probability: -3.856926210593954
* Grid-index: grid/tracks/track1744[77], with parameters:
  - Name: track1744-871.fgong
  - Teff      :  5962.143467 
  - FeH       :    -0.466761 
  - radPhot   :     0.895025 
  - massfin   :     0.756578 
  - age       : 10387.938840 
  - numax     :     0.931338 (after rescaling:  2877.834355)
  - dnuscal   :     1.028619 (after rescaling:   138.966444)

Lowest chi2 model:
* chi2: 2.1191536372929386e-05
* Grid-index: grid/tracks/track5804[194], with parameters:
  - Name: track5804-1462.fgong
  - Teff      :  6004.469226 
  - FeH       :    -0.379983 
  - radPhot   :     1.159566 
  - massfin   :     0.886331 
  - age       : 10701.110490 
  - numax     :     0.647728 (after rescaling:  2001.480076)
  - dnuscal   :     0.754979 (after rescaling:   101.997730)


Computing posterior distributions for the requested output parameters!
==> Summary statistics printed below ...

-----------------------------------------------------
median     Teff          :   5995.070382
err_plus   Teff          :     99.669978
err_minus  Teff          :     94.876615
-----------------------------------------------------
median     FeH           :     -0.384008
err_plus   FeH           :      0.100028
err_minus  FeH           :      0.096443
-----------------------------------------------------
median     radPhot       :      0.968813
err_plus   radPhot       :      0.293157
err_minus  radPhot       :      0.137344
-----------------------------------------------------
median     massfin       :      0.888614
err_plus   massfin       :      0.077279
err_minus  massfin       :      0.068079
-----------------------------------------------------
median     age           :   6197.363954
err_plus   age           :   3367.558534
err_minus  age           :   4042.006545
-----------------------------------------------------
median     numax         :   2864.238251
err_plus   numax         :    955.440237
err_minus  numax         :   1118.411089
-----------------------------------------------------
median     dnuscal       :    133.560801
err_plus   dnuscal       :     32.389591
err_minus  dnuscal       :     42.160360
-----------------------------------------------------

Saved results to output/Output/VanEylen/VanEylenResults.ascii.
Saved corner plot to output/Output/VanEylen/2135179533070399232_corner.png.
Saved Kiel diagram to output/Output/VanEylen/2135179533070399232_kiel.png.
Did not get any frequency file input, skipping ratios and echelle plots.
Saved dictionary to output/Output/VanEylen/2135179533070399232.json

Finished on 2024-02-25 16:20:56 (runtime 48.0 s).

