========================================================================================
                                         BASTA                                         
                             The BAyesian STellar Algorithm                             

                                     Version 1.2.1                                     

                                (c) 2022, The BASTA Team                                
                           https://github.com/BASTAcode/BASTA                           
========================================================================================

Run started on 2024-02-01 12:43:07 . 

Random numbers initialised with seed: 2266 .

Fitting star id: 2131494313689868416 .
* Using the grid '/root/BASTA/grids/Garstec_AS09_barbieMS.hdf5' of type 'sobol tracks'.
  - Grid built with BASTA version 1.3.1, timestamp: 2023-11-28 at 20:12:28.

Transforming solar-based asteroseismic quantities:
* Converting to solar units if needed...
  - numax converted from 1395.00 microHz to 0.451456 solar units (solar value: 3090.000000 microHz)
* Scaling dnu to the solar model in the grid (path: solar_models/suncal_as09_opal) ...
  - dnufit scaled by 1.0082 from 69.20 to 69.77 microHz (grid Sun: 136.21 microHz, real Sun: 135.10 microHz)
    (Note: Will be scaled back before outputting results!)
Done!

Fitting information:
* Fitting parameters with values and uncertainties:
  - numax (solar units): [0.45145631067961167, 0.012944983818770227]
  - dnufit: [69.76831345402486, 1.4114976710351848]
  - Teff: [5770.0, 83.0]
  - FeH: [0.29, 0.1]

Additional input parameters and settings in alphabetical order:
* asciiparams: ['Teff', 'FeH', 'radPhot', 'massfin', 'age', 'numax', 'dnuscal']
* centroid: median
* cornerplots: ['Teff', 'FeH', 'radPhot', 'massfin', 'age', 'numax', 'dnuscal']
* dnu_scales: {'dnufit': 1.0082126221679892}
* dnusun: 135.1
* freqplots: [True]
* inputfile: input_KAGES.xml
* kielplots: [True]
* numsun: 3090.0
* output: /mnt/c/Users/georg/Documents/GitHub/Iwan-and-George-Year-4-Project/Results/KAGES/
* plotfmt: png
* solarmodel: True
* uncert: quantiles

Weights and priors:
* Bayesian weights:
  - Along tracks: age
  - Between tracks: volume
* Flat, constrained priors and ranges:
  - Teff: [5521.0, 6019.0]
  - FeH: [0.03999999999999998, 0.54]
* Additional priors (IMF): 


Computing likelihood of models in the grid (5977 tracks) ...
Done! Computed the likelihood of 183845 models, found 183845 models with non-zero likelihood!


*****************************************
**                                     **
**   Output and results from the fit   **
**                                     **
*****************************************


Highest likelihood model:
* Weighted, non-normalized log-probability: -6.677126013317545
* Grid-index: grid/tracks/track0549[342], with parameters:
  - Name: track0549-2117.fgong
  - Teff      :  5726.657484 
  - FeH       :     0.327137 
  - radPhot   :     1.636998 
  - massfin   :     1.162319 
  - age       :  6016.254018 
  - numax     :     0.436419 (after rescaling:  1348.535196)
  - dnuscal   :     0.515432 (after rescaling:    69.634819)

Lowest chi2 model:
* chi2: 2.061132699438127
* Grid-index: grid/tracks/track3541[370], with parameters:
  - Name: track3541-2254.fgong
  - Teff      :  5760.143145 
  - FeH       :     0.340173 
  - radPhot   :     1.650978 
  - massfin   :     1.193256 
  - age       :  6383.953815 
  - numax     :     0.439197 (after rescaling:  1357.119216)
  - dnuscal   :     0.515627 (after rescaling:    69.661162)


Computing posterior distributions for the requested output parameters!
==> Summary statistics printed below ...

-----------------------------------------------------
median     Teff          :   5733.226597
err_plus   Teff          :     75.184045
err_minus  Teff          :     86.904783
-----------------------------------------------------
median     FeH           :      0.269893
err_plus   FeH           :      0.084143
err_minus  FeH           :      0.089381
-----------------------------------------------------
median     radPhot       :      1.631855
err_plus   radPhot       :      0.022427
err_minus  radPhot       :      0.028166
-----------------------------------------------------
median     massfin       :      1.161229
err_plus   massfin       :      0.023006
err_minus  massfin       :      0.042013
-----------------------------------------------------
median     age           :   7102.047454
err_plus   age           :   1091.955744
err_minus  age           :    818.834060
-----------------------------------------------------
median     numax         :   1349.497232
err_plus   numax         :     28.337362
err_minus  numax         :     27.473757
-----------------------------------------------------
median     dnuscal       :     69.862998
err_plus   dnuscal       :      1.070176
err_minus  dnuscal       :      1.101668
-----------------------------------------------------

Saved results to /mnt/c/Users/georg/Documents/GitHub/Iwan-and-George-Year-4-Project/Results/KAGES/KAGESResults.ascii.
Saved corner plot to /mnt/c/Users/georg/Documents/GitHub/Iwan-and-George-Year-4-Project/Results/KAGES/2131494313689868416_corner.png.
Saved Kiel diagram to /mnt/c/Users/georg/Documents/GitHub/Iwan-and-George-Year-4-Project/Results/KAGES/2131494313689868416_kiel.png.
Did not get any frequency file input, skipping ratios and echelle plots.
Saved dictionary to /mnt/c/Users/georg/Documents/GitHub/Iwan-and-George-Year-4-Project/Results/KAGES/2131494313689868416.json

Finished on 2024-02-01 12:43:36 (runtime 29.0 s).

