========================================================================================
                                         BASTA                                         
                             The BAyesian STellar Algorithm                             

                                     Version 1.2.1                                     

                                (c) 2022, The BASTA Team                                
                           https://github.com/BASTAcode/BASTA                           
========================================================================================

Run started on 2024-02-25 13:31:06 . 

Random numbers initialised with seed: 3950 .

Fitting star id: 2135427576021495168 .
* Using the grid '/root/BASTA/grids/Garstec_AS09_barbieMS.hdf5' of type 'sobol tracks'.
  - Grid built with BASTA version 1.3.1, timestamp: 2023-11-28 at 20:12:28.

Transforming solar-based asteroseismic quantities:
* Converting to solar units if needed...
* Solar model scaling not activated!  -->  Dnu will not be scaled.
Done!

Fitting information:
* Fitting parameters with values and uncertainties:
  - Teff: [4966.0, 60.0]
  - FeH: [-0.24, 0.04]
  - Mk_2MASS: [12.527, 0.02]

Additional input parameters and settings in alphabetical order:
* asciiparams: ['Teff', 'FeH', 'radPhot', 'massfin', 'age', 'numax', 'dnuscal', 'Mk_2MASS']
* centroid: median
* cornerplots: ['Teff', 'FeH', 'radPhot', 'massfin', 'age', 'numax', 'dnuscal', 'Mk_2MASS']
* dnu_scales: {}
* dnusun: 135.1
* freqplots: [True]
* inputfile: InputFulton.xml
* kielplots: [True]
* numsun: 3090.0
* output: output/Output/
* plotfmt: png
* solarmodel: False
* uncert: quantiles

Weights and priors:
* Bayesian weights:
  - Along tracks: age
  - Between tracks: volume
* Flat, constrained priors and ranges:
  - Teff: [4786.0, 5146.0]
  - FeH: [-0.49, 0.010000000000000009]
* Additional priors (IMF): 


Computing likelihood of models in the grid (5977 tracks) ...
BASTA failed for star 2135427576021495168 with the error:
Traceback (most recent call last):
  File "/root/BASTA/basta/xml_run.py", line 821, in run_xml
    BASTA(
  File "/root/BASTA/basta/bastamain.py", line 655, in BASTA
    paramvals = libitem[param][index]
  File "h5py/_objects.pyx", line 54, in h5py._objects.with_phil.wrapper
  File "h5py/_objects.pyx", line 55, in h5py._objects.with_phil.wrapper
  File "/mnt/c/Users/georg/Documents/Homework/University/Year 4/Project/BASTA/venv/lib/python3.10/site-packages/h5py/_hl/group.py", line 357, in __getitem__
    oid = h5o.open(self.id, self._e(name), lapl=self._lapl)
  File "h5py/_objects.pyx", line 54, in h5py._objects.with_phil.wrapper
  File "h5py/_objects.pyx", line 55, in h5py._objects.with_phil.wrapper
  File "h5py/h5o.pyx", line 190, in h5py.h5o.open
KeyError: "Unable to open object (object 'Mk_2MASS' doesn't exist)"

Saved results to output/Output/FultonResults.ascii.
========================================================================================
                                         BASTA                                         
                             The BAyesian STellar Algorithm                             

                                     Version 1.2.1                                     

                                (c) 2022, The BASTA Team                                
                           https://github.com/BASTAcode/BASTA                           
========================================================================================

Run started on 2024-02-25 13:40:24 . 

Random numbers initialised with seed: 3158 .

Fitting star id: 2135427576021495168 .
* Using the grid '/root/BASTA/grids/Garstec_AS09_barbieMS.hdf5' of type 'sobol tracks'.
  - Grid built with BASTA version 1.3.1, timestamp: 2023-11-28 at 20:12:28.

Transforming solar-based asteroseismic quantities:
* Converting to solar units if needed...
* Solar model scaling not activated!  -->  Dnu will not be scaled.
Done!

Fitting information:
* Fitting parameters with values and uncertainties:
  - Teff: [4966.0, 60.0]
  - FeH: [-0.24, 0.04]
  - Mk_2MASS: [12.527, 0.02]

Additional input parameters and settings in alphabetical order:
* asciiparams: ['Teff', 'FeH', 'radPhot', 'massfin', 'age', 'numax', 'dnuscal']
* centroid: median
* cornerplots: ['Teff', 'FeH', 'radPhot', 'massfin', 'age', 'numax', 'dnuscal']
* dnu_scales: {}
* dnusun: 135.1
* freqplots: [True]
* inputfile: InputFulton.xml
* kielplots: [True]
* numsun: 3090.0
* output: output/Output/
* plotfmt: png
* solarmodel: False
* uncert: quantiles

Weights and priors:
* Bayesian weights:
  - Along tracks: age
  - Between tracks: volume
* Flat, constrained priors and ranges:
  - Teff: [4786.0, 5146.0]
  - FeH: [-0.49, 0.010000000000000009]
* Additional priors (IMF): 


Computing likelihood of models in the grid (5977 tracks) ...
BASTA failed for star 2135427576021495168 with the error:
Traceback (most recent call last):
  File "/root/BASTA/basta/xml_run.py", line 821, in run_xml
    BASTA(
  File "/root/BASTA/basta/bastamain.py", line 655, in BASTA
    paramvals = libitem[param][index]
  File "h5py/_objects.pyx", line 54, in h5py._objects.with_phil.wrapper
  File "h5py/_objects.pyx", line 55, in h5py._objects.with_phil.wrapper
  File "/mnt/c/Users/georg/Documents/Homework/University/Year 4/Project/BASTA/venv/lib/python3.10/site-packages/h5py/_hl/group.py", line 357, in __getitem__
    oid = h5o.open(self.id, self._e(name), lapl=self._lapl)
  File "h5py/_objects.pyx", line 54, in h5py._objects.with_phil.wrapper
  File "h5py/_objects.pyx", line 55, in h5py._objects.with_phil.wrapper
  File "h5py/h5o.pyx", line 190, in h5py.h5o.open
KeyError: "Unable to open object (object 'Mk_2MASS' doesn't exist)"

Saved results to output/Output/FultonResults.ascii.
========================================================================================
                                         BASTA                                         
                             The BAyesian STellar Algorithm                             

                                     Version 1.2.1                                     

                                (c) 2022, The BASTA Team                                
                           https://github.com/BASTAcode/BASTA                           
========================================================================================

Run started on 2024-02-25 13:54:49 . 

Random numbers initialised with seed: 1515 .

Fitting star id: 2135427576021495168 .
* Using the grid '/root/BASTA/grids/Garstec_AS09_barbieMS.hdf5' of type 'sobol tracks'.
  - Grid built with BASTA version 1.3.1, timestamp: 2023-11-28 at 20:12:28.

Transforming solar-based asteroseismic quantities:
* Converting to solar units if needed...
* Solar model scaling not activated!  -->  Dnu will not be scaled.
Done!

Fitting information:
* Fitting parameters with values and uncertainties:
  - Teff: [4966.0, 60.0]
  - FeH: [-0.24, 0.04]

Additional input parameters and settings in alphabetical order:
* asciiparams: ['Teff', 'FeH', 'radPhot', 'massfin', 'age', 'numax', 'dnuscal']
* centroid: median
* cornerplots: ['Teff', 'FeH', 'radPhot', 'massfin', 'age', 'numax', 'dnuscal']
* dnu_scales: {}
* dnusun: 135.1
* freqplots: [True]
* inputfile: InputFulton.xml
* kielplots: [True]
* numsun: 3090.0
* output: output/Output/
* plotfmt: png
* solarmodel: False
* uncert: quantiles

Weights and priors:
* Bayesian weights:
  - Along tracks: age
  - Between tracks: volume
* Flat, constrained priors and ranges:
  - Teff: [4786.0, 5146.0]
  - FeH: [-0.49, 0.010000000000000009]
* Additional priors (IMF): 


Computing likelihood of models in the grid (5977 tracks) ...
Done! Computed the likelihood of 17275 models, found 17275 models with non-zero likelihood!


*****************************************
**                                     **
**   Output and results from the fit   **
**                                     **
*****************************************


Highest likelihood model:
* Weighted, non-normalized log-probability: -3.3473971311076745
* Grid-index: grid/tracks/track5536[6], with parameters:
  - Name: track5536-508.fgong
  - Teff      :  4988.498398 
  - FeH       :    -0.261419 
  - radPhot   :     0.666973 
  - massfin   :     0.728995 
  - age       :   312.803711 
  - numax     :     1.766643 (after rescaling:  5458.926928)
  - dnuscal   :     1.569570 (after rescaling:   212.048914)

Lowest chi2 model:
* chi2: 0.0013541344284565958
* Grid-index: grid/tracks/track2639[77], with parameters:
  - Name: track2639-880.fgong
  - Teff      :  4964.398305 
  - FeH       :    -0.241013 
  - radPhot   :     0.729065 
  - massfin   :     0.743813 
  - age       : 11374.205380 
  - numax     :     1.512251 (after rescaling:  4672.855572)
  - dnuscal   :     1.387278 (after rescaling:   187.421268)


Computing posterior distributions for the requested output parameters!
==> Summary statistics printed below ...

-----------------------------------------------------
median     Teff          :   4982.153020
err_plus   Teff          :     54.037881
err_minus  Teff          :     63.172326
-----------------------------------------------------
median     FeH           :     -0.229571
err_plus   FeH           :      0.032619
err_minus  FeH           :      0.036934
-----------------------------------------------------
median     radPhot       :      0.714545
err_plus   radPhot       :      0.049820
err_minus  radPhot       :      0.036057
-----------------------------------------------------
median     massfin       :      0.730751
err_plus   massfin       :      0.024947
err_minus  massfin       :      0.020915
-----------------------------------------------------
median     age           :   8662.696891
err_plus   age           :   7590.856589
err_minus  age           :   6592.697016
-----------------------------------------------------
median     numax         :   4798.858453
err_plus   numax         :    509.936681
err_minus  numax         :    625.931807
-----------------------------------------------------
median     dnuscal       :    191.899244
err_plus   dnuscal       :     15.213386
err_minus  dnuscal       :     18.854637
-----------------------------------------------------

Saved results to output/Output/FultonResults.ascii.
Saved corner plot to output/Output/2135427576021495168_corner.png.
Saved Kiel diagram to output/Output/2135427576021495168_kiel.png.
Did not get any frequency file input, skipping ratios and echelle plots.
Saved dictionary to output/Output/2135427576021495168.json

Finished on 2024-02-25 13:55:12 (runtime 23.0 s).

