========================================================================================
                                         BASTA                                         
                             The BAyesian STellar Algorithm                             

                                     Version 1.2.1                                     

                                (c) 2022, The BASTA Team                                
                           https://github.com/BASTAcode/BASTA                           
========================================================================================

Run started on 2024-03-09 18:15:53 . 

Random numbers initialised with seed: 693 .

Fitting star id: 5337273743301313536 .
* Using the grid '/root/BASTA/grids/BaSTI_iso2018.hdf5' of type 'isochrones'.
  - Grid built with BASTA version 1.1.4, timestamp: 2022-09-12 at 17:48:37.

Preparing distance/parallax/magnitude input ...
WARNING: Coordinates outside dust map boundaries!
Default to Schegel 1998 dust map
Done!

Transforming solar-based asteroseismic quantities:
* Converting to solar units if needed...
* Scaling dnu to the solar model in the grid (path: solar_models/bastisun_new) ...
Done!

Fitting information:
* Fitting parameters with values and uncertainties:
  - Teff: [6679.9697, 104.923255]
  - FeH: [-0.443, 0.130817]
  - logg: [4.1121, 0.162724]
* Parallax fitting activated!
  - Coordinates (icrs): RA = 166.979878, DEC = -61.146249
  - Filters (magnitude value and uncertainty): 
    + G_GAIA: [14.551385, 0.01]
  - Parallax: [0.663195, 0.016751]

Additional input parameters and settings in alphabetical order:
* asciiparams: ['Teff', 'FeH', 'radPhot', 'massfin', 'age', 'numax', 'dnuscal']
* centroid: median
* cornerplots: ['Teff', 'FeH', 'radPhot', 'massfin', 'age', 'numax', 'dnuscal']
* dnu_scales: {}
* dnusun: 135.1
* freqplots: [True]
* inputfile: InputGaiaBaSTI.xml
* kielplots: [True]
* numsun: 3090.0
* output: output/Output/GaiaBaSTI/
* plotfmt: png
* solarmodel: True
* uncert: quantiles

Weights and priors:
* Bayesian weights:
  - Along isochrones: mass
  - Between isochrones: age, FeHini
* Flat, constrained priors and ranges:
  - Teff: [6379.9697, 6979.9697]
  - FeH: [-4.0, 0.5]
* Additional priors (IMF): salpeter1955


Computing likelihood of models in the grid (6629 isochrones) ...
Done! Computed the likelihood of 370661 models, found 8549 models with non-zero likelihood!


*****************************************
**                                     **
**   Output and results from the fit   **
**                                     **
*****************************************


Highest likelihood model:
* Weighted, non-normalized log-probability: -66.24868758965546
* Grid-index: ove=0.0000/dif=0.0000/eta=0.0000/alphaFe=0.0000/FeH=-0.4005/age=70.0000[482], with parameters:
  - Teff      :  6854.834027 
  - FeH       :    -0.400500 
  - radPhot   :    22.837928 
  - massfin   :     5.250936 
  - age       :    70.000000 
  - numax     :     0.009236 (after rescaling:    28.539381)
  - dnuscal   :     0.020985 (after rescaling:     2.835118)

Lowest chi2 model:
* chi2: 0.10697656005030137
* Grid-index: ove=0.0000/dif=0.0000/eta=0.0000/alphaFe=0.0000/FeH=-0.4005/age=4400.0000[365], with parameters:
  - Teff      :  6677.225880 
  - FeH       :    -0.400500 
  - radPhot   :     1.530761 
  - massfin   :     1.118480 
  - age       :  4400.000000 
  - numax     :     0.443687 (after rescaling:  1370.992704)
  - dnuscal   :     0.558130 (after rescaling:    75.403394)


Computing posterior distributions for the requested output parameters!
==> Summary statistics printed below ...

-----------------------------------------------------
median     Teff          :   6854.834027
err_plus   Teff          :    103.998852
err_minus  Teff          :     85.597076
-----------------------------------------------------
median     FeH           :     -0.400500
err_plus   FeH           :      0.100400
err_minus  FeH           :      0.099500
-----------------------------------------------------
median     radPhot       :     22.837928
err_plus   radPhot       :      0.963519
err_minus  radPhot       :      1.837906
-----------------------------------------------------
median     massfin       :      5.250936
err_plus   massfin       :      0.035428
err_minus  massfin       :      0.334125
-----------------------------------------------------
median     age           :     70.000000
err_plus   age           :     10.000000
err_minus  age           :      0.000000
-----------------------------------------------------
median     numax         :     28.539381
err_plus   numax         :      3.074070
err_minus  numax         :      3.107352
-----------------------------------------------------
median     dnuscal       :      2.835118
err_plus   dnuscal       :      0.276240
err_minus  dnuscal       :      0.259054
-----------------------------------------------------

Saved results to output/Output/GaiaBaSTI/GaiaBaSTIResults.ascii.
Saved corner plot to output/Output/GaiaBaSTI/5337273743301313536_corner.png.
Saved Kiel diagram to output/Output/GaiaBaSTI/5337273743301313536_kiel.png.
Did not get any frequency file input, skipping ratios and echelle plots.
Saved dictionary to output/Output/GaiaBaSTI/5337273743301313536.json

Finished on 2024-03-09 18:16:29 (runtime 36.0 s).

