========================================================================================
                                         BASTA                                         
                             The BAyesian STellar Algorithm                             

                                     Version 1.2.1                                     

                                (c) 2022, The BASTA Team                                
                           https://github.com/BASTAcode/BASTA                           
========================================================================================

Run started on 2024-03-07 23:05:26 . 

Random numbers initialised with seed: 4928 .

Fitting star id: 898130030131443584 .
* Using the grid '/root/BASTA/grids/Garstec_AS09_barbieMS.hdf5' of type 'sobol tracks'.
  - Grid built with BASTA version 1.3.1, timestamp: 2023-11-28 at 20:12:28.

Preparing distance/parallax/magnitude input ...
Done!

Transforming solar-based asteroseismic quantities:
* Converting to solar units if needed...
* Solar model scaling not activated!  -->  Dnu will not be scaled.
Done!

Fitting information:
* Fitting parameters with values and uncertainties:
  - Teff: [6146.142, 102.478528]
  - FeH: [-0.1311, 0.130346653]
  - logg: [4.2521, 0.04]
  - G_GAIA: [12.146357, 0.5]
* Parallax fitting activated!
  - Coordinates (icrs): RA = 110.16851397513459, DEC = 37.14059288077666
  - Filters (magnitude value and uncertainty): 
    + G_GAIA: [12.146357, 0.5]
  - Parallax: [2.193230706457658, 0.014048763]

Additional input parameters and settings in alphabetical order:
* asciiparams: ['Teff', 'FeH', 'radPhot', 'massfin', 'age', 'numax', 'dnuscal']
* centroid: median
* cornerplots: ['Teff', 'FeH', 'radPhot', 'massfin', 'age', 'numax', 'dnuscal']
* dnu_scales: {}
* dnusun: 135.1
* freqplots: [True]
* inputfile: Barbie_Gaia.xml
* kielplots: [True]
* numsun: 3090.0
* output: output/Output/
* plotfmt: png
* solarmodel: False
* uncert: quantiles

Weights and priors:
* Bayesian weights:
  - Along tracks: age
  - Between tracks: volume
* Flat, constrained priors and ranges:
  - Teff: [5838.706416, 6453.577584]
  - FeH: [-0.3811, 0.1189]
* Additional priors (IMF): 


Computing likelihood of models in the grid (5977 tracks) ...
Done! Computed the likelihood of 186561 models, found 186561 models with non-zero likelihood!


*****************************************
**                                     **
**   Output and results from the fit   **
**                                     **
*****************************************


Highest likelihood model:
* Weighted, non-normalized log-probability: -124.59535026866651
* Grid-index: grid/tracks/track5319[104], with parameters:
  - Name: track5319-1009.fgong
  - Teff      :  5843.543582 
  - FeH       :    -0.268755 
  - radPhot   :     0.968629 
  - massfin   :     0.772492 
  - age       : 12669.082090 
  - numax     :     0.820098 (after rescaling:  2534.103057)
  - dnuscal   :     0.923190 (after rescaling:   124.722971)

Lowest chi2 model:
* chi2: 237.86647712827204
* Grid-index: grid/tracks/track5319[101], with parameters:
  - Name: track5319-994.fgong
  - Teff      :  5839.212871 
  - FeH       :    -0.265351 
  - radPhot   :     0.948683 
  - massfin   :     0.772517 
  - age       : 12288.082090 
  - numax     :     0.855291 (after rescaling:  2642.848613)
  - dnuscal   :     0.952473 (after rescaling:   128.679164)


Computing posterior distributions for the requested output parameters!
==> Summary statistics printed below ...

-----------------------------------------------------
median     Teff          :   5900.119429
err_plus   Teff          :     63.165117
err_minus  Teff          :     53.559094
-----------------------------------------------------
median     FeH           :     -0.274821
err_plus   FeH           :      0.079417
err_minus  FeH           :      0.067657
-----------------------------------------------------
median     radPhot       :      0.991025
err_plus   radPhot       :      0.047510
err_minus  radPhot       :      0.039264
-----------------------------------------------------
median     massfin       :      0.829569
err_plus   massfin       :      0.047116
err_minus  massfin       :      0.040096
-----------------------------------------------------
median     age           :   9448.337614
err_plus   age           :   1864.723306
err_minus  age           :   2245.138455
-----------------------------------------------------
median     numax         :   2576.613340
err_plus   numax         :    235.375039
err_minus  numax         :    197.217938
-----------------------------------------------------
median     dnuscal       :    124.722971
err_plus   dnuscal       :      7.838666
err_minus  dnuscal       :      7.324223
-----------------------------------------------------

Saved results to output/Output/GaiaResults.ascii.
Saved corner plot to output/Output/898130030131443584_corner.png.
Saved Kiel diagram to output/Output/898130030131443584_kiel.png.
Did not get any frequency file input, skipping ratios and echelle plots.
Saved dictionary to output/Output/898130030131443584.json

Finished on 2024-03-07 23:05:44 (runtime 18.0 s).

