========================================================================================
                                         BASTA                                         
                             The BAyesian STellar Algorithm                             

                                     Version 1.2.1                                     

                                (c) 2022, The BASTA Team                                
                           https://github.com/BASTAcode/BASTA                           
========================================================================================

Run started on 2024-03-07 23:05:45 . 

Random numbers initialised with seed: 4928 .

Fitting star id: 920308932010648448 .
* Using the grid '/root/BASTA/grids/Garstec_AS09_barbieMS.hdf5' of type 'sobol tracks'.
  - Grid built with BASTA version 1.3.1, timestamp: 2023-11-28 at 20:12:28.

Preparing distance/parallax/magnitude input ...
Done!

Transforming solar-based asteroseismic quantities:
* Converting to solar units if needed...
* Solar model scaling not activated!  -->  Dnu will not be scaled.
Done!

Fitting information:
* Fitting parameters with values and uncertainties:
  - Teff: [5378.101, 102.4364992]
  - FeH: [0.1525, 0.130464555]
  - logg: [4.38, 0.04]
  - G_GAIA: [11.943119, 0.5]
* Parallax fitting activated!
  - Coordinates (icrs): RA = 116.71638297929114, DEC = 39.0944662
  - Filters (magnitude value and uncertainty): 
    + G_GAIA: [11.943119, 0.5]
  - Parallax: [3.688480748464471, 0.017323451]

Additional input parameters and settings in alphabetical order:
* asciiparams: ['Teff', 'FeH', 'radPhot', 'massfin', 'age', 'numax', 'dnuscal']
* centroid: median
* cornerplots: ['Teff', 'FeH', 'radPhot', 'massfin', 'age', 'numax', 'dnuscal']
* dnu_scales: {}
* dnusun: 135.1
* freqplots: [True]
* inputfile: Barbie_Gaia.xml
* kielplots: [True]
* numsun: 3090.0
* output: output/Output/
* plotfmt: png
* solarmodel: False
* uncert: quantiles

Weights and priors:
* Bayesian weights:
  - Along tracks: age
  - Between tracks: volume
* Flat, constrained priors and ranges:
  - Teff: [5070.791502399999, 5685.4104976]
  - FeH: [-0.0975, 0.40249999999999997]
* Additional priors (IMF): 


Computing likelihood of models in the grid (5977 tracks) ...
Done! Computed the likelihood of 256472 models, found 256472 models with non-zero likelihood!


*****************************************
**                                     **
**   Output and results from the fit   **
**                                     **
*****************************************


Highest likelihood model:
* Weighted, non-normalized log-probability: -89.1986597463562
* Grid-index: grid/tracks/track5727[109], with parameters:
  - Name: track5727-1033.fgong
  - Teff      :  5157.896093 
  - FeH       :     0.008020 
  - radPhot   :     0.817215 
  - massfin   :     0.727649 
  - age       : 18003.763100 
  - numax     :     1.155149 (after rescaling:  3569.410364)
  - dnuscal   :     1.156210 (after rescaling:   156.204006)

Lowest chi2 model:
* chi2: 168.38784311483917
* Grid-index: grid/tracks/track3087[114], with parameters:
  - Name: track3087-1047.fgong
  - Teff      :  5073.150707 
  - FeH       :     0.065914 
  - radPhot   :     0.835439 
  - massfin   :     0.730648 
  - age       : 18590.450580 
  - numax     :     1.119091 (after rescaling:  3457.989962)
  - dnuscal   :     1.120889 (after rescaling:   151.432143)


Computing posterior distributions for the requested output parameters!
==> Summary statistics printed below ...

-----------------------------------------------------
median     Teff          :   5152.001470
err_plus   Teff          :     65.593269
err_minus  Teff          :     52.934636
-----------------------------------------------------
median     FeH           :      0.019182
err_plus   FeH           :      0.099663
err_minus  FeH           :      0.074220
-----------------------------------------------------
median     radPhot       :      0.835967
err_plus   radPhot       :      0.044059
err_minus  radPhot       :      0.037313
-----------------------------------------------------
median     massfin       :      0.767685
err_plus   massfin       :      0.055104
err_minus  massfin       :      0.039985
-----------------------------------------------------
median     age           :  14935.754750
err_plus   age           :   3041.374840
err_minus  age           :   4274.895350
-----------------------------------------------------
median     numax         :   3603.777747
err_plus   numax         :    294.348020
err_minus  numax         :    266.389977
-----------------------------------------------------
median     dnuscal       :    155.187810
err_plus   dnuscal       :      9.452090
err_minus  dnuscal       :      9.005442
-----------------------------------------------------

Saved results to output/Output/GaiaResults.ascii.
Saved corner plot to output/Output/920308932010648448_corner.png.
Saved Kiel diagram to output/Output/920308932010648448_kiel.png.
Did not get any frequency file input, skipping ratios and echelle plots.
Saved dictionary to output/Output/920308932010648448.json

Finished on 2024-03-07 23:06:05 (runtime 20.0 s).

