========================================================================================
                                         BASTA                                         
                             The BAyesian STellar Algorithm                             

                                     Version 1.2.1                                     

                                (c) 2022, The BASTA Team                                
                           https://github.com/BASTAcode/BASTA                           
========================================================================================

Run started on 2024-03-07 23:06:05 . 

Random numbers initialised with seed: 4928 .

Fitting star id: 990291507088739072 .
* Using the grid '/root/BASTA/grids/Garstec_AS09_barbieMS.hdf5' of type 'sobol tracks'.
  - Grid built with BASTA version 1.3.1, timestamp: 2023-11-28 at 20:12:28.

Preparing distance/parallax/magnitude input ...
Done!

Transforming solar-based asteroseismic quantities:
* Converting to solar units if needed...
* Solar model scaling not activated!  -->  Dnu will not be scaled.
Done!

Fitting information:
* Fitting parameters with values and uncertainties:
  - Teff: [6220.6177, 103.0988538]
  - FeH: [-0.2803, 0.130885599]
  - logg: [4.0854, 0.04]
  - G_GAIA: [10.515098, 0.5]
* Parallax fitting activated!
  - Coordinates (icrs): RA = 110.38802395728368, DEC = 58.26811026231359
  - Filters (magnitude value and uncertainty): 
    + G_GAIA: [10.515098, 0.5]
  - Parallax: [3.805573831969797, 0.015638331]

Additional input parameters and settings in alphabetical order:
* asciiparams: ['Teff', 'FeH', 'radPhot', 'massfin', 'age', 'numax', 'dnuscal']
* centroid: median
* cornerplots: ['Teff', 'FeH', 'radPhot', 'massfin', 'age', 'numax', 'dnuscal']
* dnu_scales: {}
* dnusun: 135.1
* freqplots: [True]
* inputfile: Barbie_Gaia.xml
* kielplots: [True]
* numsun: 3090.0
* output: output/Output/
* plotfmt: png
* solarmodel: False
* uncert: quantiles

Weights and priors:
* Bayesian weights:
  - Along tracks: age
  - Between tracks: volume
* Flat, constrained priors and ranges:
  - Teff: [5911.3211386, 6529.914261399999]
  - FeH: [-0.5303, -0.030299999999999994]
* Additional priors (IMF): 


Computing likelihood of models in the grid (5977 tracks) ...
Done! Computed the likelihood of 170006 models, found 170006 models with non-zero likelihood!


*****************************************
**                                     **
**   Output and results from the fit   **
**                                     **
*****************************************


Highest likelihood model:
* Weighted, non-normalized log-probability: -91.88317810829706
* Grid-index: grid/tracks/track1744[100], with parameters:
  - Name: track1744-986.fgong
  - Teff      :  5937.351162 
  - FeH       :    -0.493596 
  - radPhot   :     1.175168 
  - massfin   :     0.756320 
  - age       : 13676.938840 
  - numax     :     0.541171 (after rescaling:  1672.218865)
  - dnuscal   :     0.683571 (after rescaling:    92.350413)

Lowest chi2 model:
* chi2: 173.85476781552842
* Grid-index: grid/tracks/track1744[99], with parameters:
  - Name: track1744-981.fgong
  - Teff      :  5950.009669 
  - FeH       :    -0.495226 
  - radPhot   :     1.150446 
  - massfin   :     0.756334 
  - age       : 13533.938840 
  - numax     :     0.564089 (after rescaling:  1743.035203)
  - dnuscal   :     0.705729 (after rescaling:    95.344001)


Computing posterior distributions for the requested output parameters!
==> Summary statistics printed below ...

-----------------------------------------------------
median     Teff          :   5974.642218
err_plus   Teff          :     75.036380
err_minus  Teff          :     43.759450
-----------------------------------------------------
median     FeH           :     -0.426618
err_plus   FeH           :      0.106547
err_minus  FeH           :      0.068608
-----------------------------------------------------
median     radPhot       :      1.202535
err_plus   radPhot       :      0.071987
err_minus  radPhot       :      0.060689
-----------------------------------------------------
median     massfin       :      0.829329
err_plus   massfin       :      0.062934
err_minus  massfin       :      0.047995
-----------------------------------------------------
median     age           :  10765.145780
err_plus   age           :   1913.474440
err_minus  age           :   1811.615238
-----------------------------------------------------
median     numax         :   1743.092151
err_plus   numax         :    153.219864
err_minus  numax         :    140.284850
-----------------------------------------------------
median     dnuscal       :     93.535488
err_plus   dnuscal       :      6.181536
err_minus  dnuscal       :      6.125947
-----------------------------------------------------

Saved results to output/Output/GaiaResults.ascii.
Saved corner plot to output/Output/990291507088739072_corner.png.
Saved Kiel diagram to output/Output/990291507088739072_kiel.png.
Did not get any frequency file input, skipping ratios and echelle plots.
Saved dictionary to output/Output/990291507088739072.json

Finished on 2024-03-07 23:06:24 (runtime 19.0 s).

