========================================================================================
                                         BASTA                                         
                             The BAyesian STellar Algorithm                             

                                     Version 1.2.1                                     

                                (c) 2022, The BASTA Team                                
                           https://github.com/BASTAcode/BASTA                           
========================================================================================

Run started on 2024-03-05 13:40:54 . 

Random numbers initialised with seed: 2838 .

Fitting star id: 3342228616422593664 .
* Using the grid '/root/BASTA/grids/Garstec_AS09_kenMS.hdf5' of type 'sobol tracks'.
  - Grid built with BASTA version 1.3.1, timestamp: 2024-02-05 at 19:36:57.

Preparing distance/parallax/magnitude input ...
Done!

Transforming solar-based asteroseismic quantities:
* Converting to solar units if needed...
* Solar model scaling not activated!  -->  Dnu will not be scaled.
Done!

Fitting information:
* Fitting parameters with values and uncertainties:
  - Teff: [6333.0283, 60.0]
  - FeH: [0.0429, 0.04]
  - logg: [3.8857, 0.04]
  - G_GAIA: [9.478963, 0.5]
* Parallax fitting activated!
  - Coordinates (icrs): RA = 90.06258955638059, DEC = 11.88405392815675
  - Filters (magnitude value and uncertainty): 
    + G_GAIA: [9.478963, 0.5]
  - Parallax: [3.6282712968349533, 0.016266007]

Additional input parameters and settings in alphabetical order:
* asciiparams: ['Teff', 'FeH', 'radPhot', 'massfin', 'age', 'numax', 'dnuscal']
* centroid: median
* cornerplots: ['Teff', 'FeH', 'radPhot', 'massfin', 'age', 'numax', 'dnuscal']
* dnu_scales: {}
* dnusun: 135.1
* freqplots: [True]
* inputfile: InputGaiaKen.xml
* kielplots: [True]
* numsun: 3090.0
* output: output/Output/GaiaKen/
* plotfmt: png
* solarmodel: False
* uncert: quantiles

Weights and priors:
* Bayesian weights:
  - Along tracks: age
  - Between tracks: volume
* Flat, constrained priors and ranges:
  - Teff: [6153.0283, 6513.0283]
  - FeH: [-0.2071, 0.2929]
* Additional priors (IMF): 


Computing likelihood of models in the grid (5995 tracks) ...
Done! Computed the likelihood of 154751 models, found 154751 models with non-zero likelihood!


*****************************************
**                                     **
**   Output and results from the fit   **
**                                     **
*****************************************


Highest likelihood model:
* Weighted, non-normalized log-probability: -93.78334818865324
* Grid-index: grid/tracks/track1407[247], with parameters:
  - Name: track1407-1643.fgong
  - Teff      :  6256.447921 
  - FeH       :     0.036719 
  - radPhot   :     1.749985 
  - massfin   :     1.106172 
  - age       :  4826.445047 
  - numax     :     0.347709 (after rescaling:  1074.419776)
  - dnuscal   :     0.454926 (after rescaling:    61.460463)

Lowest chi2 model:
* chi2: 172.33757207203547
* Grid-index: grid/tracks/track1407[247], with parameters:
  - Name: track1407-1643.fgong
  - Teff      :  6256.447921 
  - FeH       :     0.036719 
  - radPhot   :     1.749985 
  - massfin   :     1.106172 
  - age       :  4826.445047 
  - numax     :     0.347709 (after rescaling:  1074.419776)
  - dnuscal   :     0.454926 (after rescaling:    61.460463)


Computing posterior distributions for the requested output parameters!
==> Summary statistics printed below ...

-----------------------------------------------------
median     Teff          :   6268.342609
err_plus   Teff          :     55.025357
err_minus  Teff          :     55.893473
-----------------------------------------------------
median     FeH           :      0.031641
err_plus   FeH           :      0.032422
err_minus  FeH           :      0.035937
-----------------------------------------------------
median     radPhot       :      1.791668
err_plus   radPhot       :      0.093534
err_minus  radPhot       :      0.082798
-----------------------------------------------------
median     massfin       :      1.148156
err_plus   massfin       :      0.058964
err_minus  massfin       :      0.029041
-----------------------------------------------------
median     age           :   4681.381784
err_plus   age           :    424.468390
err_minus  age           :    577.260584
-----------------------------------------------------
median     numax         :   1068.688908
err_plus   numax         :     92.802782
err_minus  numax         :     84.558855
-----------------------------------------------------
median     dnuscal       :     60.594798
err_plus   dnuscal       :      4.013536
err_minus  dnuscal       :      3.767202
-----------------------------------------------------

Saved results to output/Output/GaiaKen/GaiaResults.ascii.
Saved corner plot to output/Output/GaiaKen/3342228616422593664_corner.png.
Saved Kiel diagram to output/Output/GaiaKen/3342228616422593664_kiel.png.
Did not get any frequency file input, skipping ratios and echelle plots.
Saved dictionary to output/Output/GaiaKen/3342228616422593664.json

Finished on 2024-03-05 13:42:09 (runtime 75.0 s).

