========================================================================================
                                         BASTA                                         
                             The BAyesian STellar Algorithm                             

                                     Version 1.2.1                                     

                                (c) 2022, The BASTA Team                                
                           https://github.com/BASTAcode/BASTA                           
========================================================================================

Run started on 2024-03-07 12:14:45 . 

Random numbers initialised with seed: 2893 .

Fitting star id: 651935220461650560 .
* Using the grid '/root/BASTA/grids/Garstec_AS09_barbieMS.hdf5' of type 'sobol tracks'.
  - Grid built with BASTA version 1.3.1, timestamp: 2023-11-28 at 20:12:28.

Preparing distance/parallax/magnitude input ...
Done!

Transforming solar-based asteroseismic quantities:
* Converting to solar units if needed...
* Solar model scaling not activated!  -->  Dnu will not be scaled.
Done!

Fitting information:
* Fitting parameters with values and uncertainties:
  - Teff: [7346.182, 102.038621]
  - FeH: [-0.1574, 0.130431]
  - logg: [4.1431, 0.04]
  - G_GAIA: [9.21627, 0.5]
* Parallax fitting activated!
  - Coordinates (icrs): RA = 125.617403, DEC = 13.735309
  - Filters (magnitude value and uncertainty): 
    + G_GAIA: [9.21627, 0.5]
  - Parallax: [4.422665, 0.020778]

Additional input parameters and settings in alphabetical order:
* asciiparams: ['Teff', 'FeH', 'radPhot', 'massfin', 'age', 'numax', 'dnuscal']
* centroid: median
* cornerplots: ['Teff', 'FeH', 'radPhot', 'massfin', 'age', 'numax', 'dnuscal']
* dnu_scales: {}
* dnusun: 135.1
* freqplots: [True]
* inputfile: InputGaiaKen.xml
* kielplots: [True]
* numsun: 3090.0
* output: output/Output/GaiaKen/
* plotfmt: png
* solarmodel: False
* uncert: quantiles

Weights and priors:
* Bayesian weights:
  - Along tracks: age
  - Between tracks: volume
* Flat, constrained priors and ranges:
  - Teff: [7040.066137, 7652.297863]
  - FeH: [-0.4074, 0.09259999999999999]
* Additional priors (IMF): 


Computing likelihood of models in the grid (5977 tracks) ...
Done! Computed the likelihood of 31 models, found 31 models with non-zero likelihood!


*****************************************
**                                     **
**   Output and results from the fit   **
**                                     **
*****************************************


Highest likelihood model:
* Weighted, non-normalized log-probability: -96.6352298749127
* Grid-index: grid/tracks/track2826[7], with parameters:
  - Name: track2826-469.fgong
  - Teff      :  7046.980202 
  - FeH       :    -0.306700 
  - radPhot   :     1.149713 
  - massfin   :     1.171983 
  - age       :   100.894521 
  - numax     :     0.804204 (after rescaling:  2484.990407)
  - dnuscal   :     0.879341 (after rescaling:   118.798917)

Lowest chi2 model:
* chi2: 176.41791615709255
* Grid-index: grid/tracks/track2826[6], with parameters:
  - Name: track2826-464.fgong
  - Teff      :  7051.230008 
  - FeH       :    -0.281757 
  - radPhot   :     1.146075 
  - massfin   :     1.171986 
  - age       :    81.923093 
  - numax     :     0.809076 (after rescaling:  2500.045855)
  - dnuscal   :     0.883532 (after rescaling:   119.365209)


Computing posterior distributions for the requested output parameters!
==> Summary statistics printed below ...

-----------------------------------------------------
median     Teff          :   7046.980202
err_plus   Teff          :      4.249806
err_minus  Teff          :      2.987738
-----------------------------------------------------
median     FeH           :     -0.299614
err_plus   FeH           :      0.017856
err_minus  FeH           :      0.032791
-----------------------------------------------------
median     radPhot       :      1.149713
err_plus   radPhot       :      0.000889
err_minus  radPhot       :      0.003638
-----------------------------------------------------
median     massfin       :      1.171986
err_plus   massfin       :      0.008004
err_minus  massfin       :      0.000008
-----------------------------------------------------
median     age           :     81.923093
err_plus   age           :     18.971429
err_minus  age           :     21.764295
-----------------------------------------------------
median     numax         :   2500.045855
err_plus   numax         :      2.612732
err_minus  numax         :     15.055448
-----------------------------------------------------
median     dnuscal       :    119.198061
err_plus   dnuscal       :      0.167148
err_minus  dnuscal       :      0.399144
-----------------------------------------------------

Saved results to output/Output/GaiaKen/GaiaResultsKen.ascii.
Saved corner plot to output/Output/GaiaKen/651935220461650560_corner.png.
Saved Kiel diagram to output/Output/GaiaKen/651935220461650560_kiel.png.
Did not get any frequency file input, skipping ratios and echelle plots.
Saved dictionary to output/Output/GaiaKen/651935220461650560.json

Finished on 2024-03-07 12:14:58 (runtime 13.0 s).

