========================================================================================
                                         BASTA                                         
                             The BAyesian STellar Algorithm                             

                                     Version 1.2.1                                     

                                (c) 2022, The BASTA Team                                
                           https://github.com/BASTAcode/BASTA                           
========================================================================================

Run started on 2024-01-20 19:01:25 . 

Random numbers initialised with seed: 3178 .

Fitting star id: 6910753016653587840 .
* Using the grid '/root/BASTA/grids/Garstec_AS09_barbieMS.hdf5' of type 'sobol tracks'.
  - Grid built with BASTA version 1.3.1, timestamp: 2023-11-28 at 20:12:28.

Transforming solar-based asteroseismic quantities:
* Converting to solar units if needed...
* Solar model scaling not activated!  -->  Dnu will not be scaled.
Done!

Fitting information:
* Fitting parameters with values and uncertainties:
  - Teff: [4729.3774, 2.3789]
  - FeH: [0.3494, 0.0227]

Additional input parameters and settings in alphabetical order:
* asciiparams: ['Teff', 'FeH', 'radPhot', 'massfin', 'age']
* centroid: median
* cornerplots: ['Teff', 'FeH', 'radPhot', 'massfin', 'age']
* dnu_scales: {}
* dnusun: 135.1
* freqplots: []
* inputfile: input_JustKen.xml
* kielplots: [True]
* numsun: 3090.0
* output: mnt/c/Users/georg/Documents/GitHub/Iwan-and-George-Year-4-Project/Results/
* plotfmt: png
* solarmodel: False
* uncert: quantiles

Weights and priors:
* Bayesian weights:
  - Along tracks: age
  - Between tracks: volume
* Flat, constrained priors and ranges:
  - Teff: [4722.2407, 4736.5141]
  - FeH: [0.09939999999999999, 0.5993999999999999]
* Additional priors (IMF): 


Computing likelihood of models in the grid (5977 tracks) ...
Done! Computed the likelihood of 3188 models, found 3188 models with non-zero likelihood!


*****************************************
**                                     **
**   Output and results from the fit   **
**                                     **
*****************************************


Highest likelihood model:
* Weighted, non-normalized log-probability: -3.6480131436024403
* Grid-index: grid/tracks/track0215[223], with parameters:
  - Name: track0215-1590.fgong
  - Teff      :  4729.037270 
  - FeH       :     0.350581 
  - radPhot   :     0.851318 
  - massfin   :     0.818678 
  - age       : 19939.814440 

Lowest chi2 model:
* chi2: 0.007869578222517312
* Grid-index: grid/tracks/track4451[180], with parameters:
  - Name: track4451-1364.fgong
  - Teff      :  4729.588165 
  - FeH       :     0.349298 
  - radPhot   :     0.842953 
  - massfin   :     0.846763 
  - age       : 13571.656990 


Computing posterior distributions for the requested output parameters!
==> Summary statistics printed below ...

-----------------------------------------------------
median     Teff          :   4729.337056
err_plus   Teff          :      2.330649
err_minus  Teff          :      2.316199
-----------------------------------------------------
median     FeH           :      0.352632
err_plus   FeH           :      0.021813
err_minus  FeH           :      0.025990
-----------------------------------------------------
median     radPhot       :      0.810761
err_plus   radPhot       :      0.072724
err_minus  radPhot       :      0.038286
-----------------------------------------------------
median     massfin       :      0.851950
err_plus   massfin       :      0.049979
err_minus  massfin       :      0.051271
-----------------------------------------------------
median     age           :   9649.153621
err_plus   age           :   8500.500353
err_minus  age           :   5873.144112
-----------------------------------------------------

Saved results to mnt/c/Users/georg/Documents/GitHub/Iwan-and-George-Year-4-Project/Results/JustKenResults.ascii.
Saved corner plot to mnt/c/Users/georg/Documents/GitHub/Iwan-and-George-Year-4-Project/Results/6910753016653587840_corner.png.
Saved Kiel diagram to mnt/c/Users/georg/Documents/GitHub/Iwan-and-George-Year-4-Project/Results/6910753016653587840_kiel.png.
Did not get any frequency file input, skipping ratios and echelle plots.
Saved dictionary to mnt/c/Users/georg/Documents/GitHub/Iwan-and-George-Year-4-Project/Results/6910753016653587840.json

Finished on 2024-01-20 19:01:38 (runtime 13.0 s).

