========================================================================================
                                         BASTA                                         
                             The BAyesian STellar Algorithm                             

                                     Version 1.2.1                                     

                                (c) 2022, The BASTA Team                                
                           https://github.com/BASTAcode/BASTA                           
========================================================================================

Run started on 2023-11-22 17:36:55 . 

Random numbers initialised with seed: 15 .

Fitting star id: 16CygA .
* Using the grid '/root/BASTA/grids/Garstec_16CygA.hdf5' of type 'sobol tracks'.
  - Grid built with BASTA version 1.1.4, timestamp: 2022-02-28 at 11:29:45.

Transforming solar-based asteroseismic quantities:
* Converting to solar units if needed...
  - numax converted from 2188.50 microHz to 0.708252 solar units (solar value: 3090.000000 microHz)
* Scaling dnu to the solar model in the grid (path: solar_models/suncal_as09_opal) ...
  - dnufit scaled by 1.0082 from 103.30 to 104.15 microHz (grid Sun: 136.21 microHz, real Sun: 135.10 microHz)
    (Note: Will be scaled back before outputting results!)
Done!

Fitting information:
* Fitting parameters with values and uncertainties:
  - Teff: [5825.0, 50.0]
  - FeH: [0.1, 0.026]
  - dnufit: [104.14836386995329, 0.5041063110839946]
  - numax (solar units): [0.708252427184466, 0.006472491909385114]

Additional input parameters and settings in alphabetical order:
* asciiparams: ['Teff', 'FeH', 'dnufit', 'numax', 'radPhot', 'massfin', 'age']
* centroid: median
* cornerplots: ['Teff', 'FeH', 'dnufit', 'numax', 'radPhot', 'massfin', 'age']
* dnu_scales: {'dnufit': 1.0082126221679892}
* dnusun: 135.1
* freqplots: []
* inputfile: input_global.xml
* kielplots: [True]
* numsun: 3090.0
* output: /mnt/c/Users/georg/Documents/Homework/BASTAExamples/
* plotfmt: pdf
* solarmodel: True
* uncert: quantiles

Weights and priors:
* Bayesian weights:
  - Along tracks: age
  - Between tracks: volume
* Flat, constrained priors and ranges:
  - Teff: [5675.0, 5975.0]
  - FeH: [-0.15, 0.35]
* Additional priors (IMF): salpeter1955


Computing likelihood of models in the grid (255 tracks) ...
Done! Computed the likelihood of 40367 models, found 40367 models with non-zero likelihood!


*****************************************
**                                     **
**   Output and results from the fit   **
**                                     **
*****************************************


Highest likelihood model:
* Weighted, non-normalized log-probability: -3.1102480545469837
* Grid-index: grid/tracks/track161[231], with parameters:
  - Name: track161-1800.fgong
  - Teff      :  5825.808735 
  - FeH       :     0.112255 
  - dnufit    :   104.106163 (after rescaling:   103.258143)
  - numax     :     0.707820 (after rescaling:  2187.162728)
  - radPhot   :     1.226572 
  - massfin   :     1.067485 
  - age       :  6625.905608 

Lowest chi2 model:
* chi2: 0.22380212269242086
* Grid-index: grid/tracks/track241[234], with parameters:
  - Name: track241-1804.fgong
  - Teff      :  5832.697719 
  - FeH       :     0.110848 
  - dnufit    :   104.081452 (after rescaling:   103.233633)
  - numax     :     0.707659 (after rescaling:  2186.665498)
  - radPhot   :     1.227499 
  - massfin   :     1.069487 
  - age       :  6542.303167 


Computing posterior distributions for the requested output parameters!
==> Summary statistics printed below ...

-----------------------------------------------------
median     Teff          :   5826.946941
err_plus   Teff          :     36.562907
err_minus  Teff          :     35.718173
-----------------------------------------------------
median     FeH           :      0.097773
err_plus   FeH           :      0.027421
err_minus  FeH           :      0.017413
-----------------------------------------------------
median     dnufit        :    103.345296
err_plus   dnufit        :      0.410358
err_minus  dnufit        :      0.439475
-----------------------------------------------------
median     numax         :   2186.456356
err_plus   numax         :     12.349986
err_minus  numax         :     12.497005
-----------------------------------------------------
median     radPhot       :      1.224263
err_plus   radPhot       :      0.009160
err_minus  radPhot       :      0.009950
-----------------------------------------------------
median     massfin       :      1.065480
err_plus   massfin       :      0.019027
err_minus  massfin       :      0.029027
-----------------------------------------------------
median     age           :   6624.265686
err_plus   age           :    915.987080
err_minus  age           :    617.828052
-----------------------------------------------------

Saved results to /mnt/c/Users/georg/Documents/Homework/BASTAExamples/results.ascii.
Saved corner plot to /mnt/c/Users/georg/Documents/Homework/BASTAExamples/16CygA_corner.pdf.
Saved Kiel diagram to /mnt/c/Users/georg/Documents/Homework/BASTAExamples/16CygA_kiel.pdf.
Did not get any frequency file input, skipping ratios and echelle plots.

Finished on 2023-11-22 17:37:06 (runtime 11.0 s).

