========================================================================================
                                         BASTA                                         
                             The BAyesian STellar Algorithm                             

                                     Version 1.2.1                                     

                                (c) 2022, The BASTA Team                                
                           https://github.com/BASTAcode/BASTA                           
========================================================================================

Run started on 2024-02-25 13:31:35 . 

Random numbers initialised with seed: 3950 .

Fitting star id: 2135590578620605568 .
* Using the grid '/root/BASTA/grids/Garstec_AS09_barbieMS.hdf5' of type 'sobol tracks'.
  - Grid built with BASTA version 1.3.1, timestamp: 2023-11-28 at 20:12:28.

Transforming solar-based asteroseismic quantities:
* Converting to solar units if needed...
* Solar model scaling not activated!  -->  Dnu will not be scaled.
Done!

Fitting information:
* Fitting parameters with values and uncertainties:
  - Teff: [6298.0, 60.0]
  - FeH: [0.17, 0.04]
  - Mk_2MASS: [10.429, 0.02]

Additional input parameters and settings in alphabetical order:
* asciiparams: ['Teff', 'FeH', 'radPhot', 'massfin', 'age', 'numax', 'dnuscal', 'Mk_2MASS']
* centroid: median
* cornerplots: ['Teff', 'FeH', 'radPhot', 'massfin', 'age', 'numax', 'dnuscal', 'Mk_2MASS']
* dnu_scales: {}
* dnusun: 135.1
* freqplots: [True]
* inputfile: InputFulton.xml
* kielplots: [True]
* numsun: 3090.0
* output: output/Output/
* plotfmt: png
* solarmodel: False
* uncert: quantiles

Weights and priors:
* Bayesian weights:
  - Along tracks: age
  - Between tracks: volume
* Flat, constrained priors and ranges:
  - Teff: [6118.0, 6478.0]
  - FeH: [-0.07999999999999999, 0.42000000000000004]
* Additional priors (IMF): 


Computing likelihood of models in the grid (5977 tracks) ...
BASTA failed for star 2135590578620605568 with the error:
Traceback (most recent call last):
  File "/root/BASTA/basta/xml_run.py", line 821, in run_xml
    BASTA(
  File "/root/BASTA/basta/bastamain.py", line 655, in BASTA
    paramvals = libitem[param][index]
  File "h5py/_objects.pyx", line 54, in h5py._objects.with_phil.wrapper
  File "h5py/_objects.pyx", line 55, in h5py._objects.with_phil.wrapper
  File "/mnt/c/Users/georg/Documents/Homework/University/Year 4/Project/BASTA/venv/lib/python3.10/site-packages/h5py/_hl/group.py", line 357, in __getitem__
    oid = h5o.open(self.id, self._e(name), lapl=self._lapl)
  File "h5py/_objects.pyx", line 54, in h5py._objects.with_phil.wrapper
  File "h5py/_objects.pyx", line 55, in h5py._objects.with_phil.wrapper
  File "h5py/h5o.pyx", line 190, in h5py.h5o.open
KeyError: "Unable to open object (object 'Mk_2MASS' doesn't exist)"

Saved results to output/Output/FultonResults.ascii.
========================================================================================
                                         BASTA                                         
                             The BAyesian STellar Algorithm                             

                                     Version 1.2.1                                     

                                (c) 2022, The BASTA Team                                
                           https://github.com/BASTAcode/BASTA                           
========================================================================================

Run started on 2024-02-25 13:40:43 . 

Random numbers initialised with seed: 3158 .

Fitting star id: 2135590578620605568 .
* Using the grid '/root/BASTA/grids/Garstec_AS09_barbieMS.hdf5' of type 'sobol tracks'.
  - Grid built with BASTA version 1.3.1, timestamp: 2023-11-28 at 20:12:28.

Transforming solar-based asteroseismic quantities:
* Converting to solar units if needed...
* Solar model scaling not activated!  -->  Dnu will not be scaled.
Done!

Fitting information:
* Fitting parameters with values and uncertainties:
  - Teff: [6298.0, 60.0]
  - FeH: [0.17, 0.04]
  - Mk_2MASS: [10.429, 0.02]

Additional input parameters and settings in alphabetical order:
* asciiparams: ['Teff', 'FeH', 'radPhot', 'massfin', 'age', 'numax', 'dnuscal']
* centroid: median
* cornerplots: ['Teff', 'FeH', 'radPhot', 'massfin', 'age', 'numax', 'dnuscal']
* dnu_scales: {}
* dnusun: 135.1
* freqplots: [True]
* inputfile: InputFulton.xml
* kielplots: [True]
* numsun: 3090.0
* output: output/Output/
* plotfmt: png
* solarmodel: False
* uncert: quantiles

Weights and priors:
* Bayesian weights:
  - Along tracks: age
  - Between tracks: volume
* Flat, constrained priors and ranges:
  - Teff: [6118.0, 6478.0]
  - FeH: [-0.07999999999999999, 0.42000000000000004]
* Additional priors (IMF): 


Computing likelihood of models in the grid (5977 tracks) ...
BASTA failed for star 2135590578620605568 with the error:
Traceback (most recent call last):
  File "/root/BASTA/basta/xml_run.py", line 821, in run_xml
    BASTA(
  File "/root/BASTA/basta/bastamain.py", line 655, in BASTA
    paramvals = libitem[param][index]
  File "h5py/_objects.pyx", line 54, in h5py._objects.with_phil.wrapper
  File "h5py/_objects.pyx", line 55, in h5py._objects.with_phil.wrapper
  File "/mnt/c/Users/georg/Documents/Homework/University/Year 4/Project/BASTA/venv/lib/python3.10/site-packages/h5py/_hl/group.py", line 357, in __getitem__
    oid = h5o.open(self.id, self._e(name), lapl=self._lapl)
  File "h5py/_objects.pyx", line 54, in h5py._objects.with_phil.wrapper
  File "h5py/_objects.pyx", line 55, in h5py._objects.with_phil.wrapper
  File "h5py/h5o.pyx", line 190, in h5py.h5o.open
KeyError: "Unable to open object (object 'Mk_2MASS' doesn't exist)"

Saved results to output/Output/FultonResults.ascii.
========================================================================================
                                         BASTA                                         
                             The BAyesian STellar Algorithm                             

                                     Version 1.2.1                                     

                                (c) 2022, The BASTA Team                                
                           https://github.com/BASTAcode/BASTA                           
========================================================================================

Run started on 2024-02-25 15:36:27 . 

Random numbers initialised with seed: 1515 .

Fitting star id: 2135590578620605568 .
* Using the grid '/root/BASTA/grids/Garstec_AS09_barbieMS.hdf5' of type 'sobol tracks'.
  - Grid built with BASTA version 1.3.1, timestamp: 2023-11-28 at 20:12:28.

Transforming solar-based asteroseismic quantities:
* Converting to solar units if needed...
* Solar model scaling not activated!  -->  Dnu will not be scaled.
Done!

Fitting information:
* Fitting parameters with values and uncertainties:
  - Teff: [6298.0, 60.0]
  - FeH: [0.17, 0.04]

Additional input parameters and settings in alphabetical order:
* asciiparams: ['Teff', 'FeH', 'radPhot', 'massfin', 'age', 'numax', 'dnuscal']
* centroid: median
* cornerplots: ['Teff', 'FeH', 'radPhot', 'massfin', 'age', 'numax', 'dnuscal']
* dnu_scales: {}
* dnusun: 135.1
* freqplots: [True]
* inputfile: InputFulton.xml
* kielplots: [True]
* numsun: 3090.0
* output: output/Output/
* plotfmt: png
* solarmodel: False
* uncert: quantiles

Weights and priors:
* Bayesian weights:
  - Along tracks: age
  - Between tracks: volume
* Flat, constrained priors and ranges:
  - Teff: [6118.0, 6478.0]
  - FeH: [-0.07999999999999999, 0.42000000000000004]
* Additional priors (IMF): 


Computing likelihood of models in the grid (5977 tracks) ...
Done! Computed the likelihood of 31493 models, found 31493 models with non-zero likelihood!


*****************************************
**                                     **
**   Output and results from the fit   **
**                                     **
*****************************************


Highest likelihood model:
* Weighted, non-normalized log-probability: -5.576720806738446
* Grid-index: grid/tracks/track4469[24], with parameters:
  - Name: track4469-532.fgong
  - Teff      :  6289.268677 
  - FeH       :     0.168214 
  - radPhot   :     1.136375 
  - massfin   :     1.175957 
  - age       :   378.041406 
  - numax     :     0.874326 (after rescaling:  2701.668061)
  - dnuscal   :     0.896384 (after rescaling:   121.101429)

Lowest chi2 model:
* chi2: 0.008158921164371705
* Grid-index: grid/tracks/track0101[68], with parameters:
  - Name: track0101-764.fgong
  - Teff      :  6303.170074 
  - FeH       :     0.171084 
  - radPhot   :     1.123664 
  - massfin   :     1.156863 
  - age       :  1234.575951 
  - numax     :     0.878729 (after rescaling:  2715.273723)
  - dnuscal   :     0.904205 (after rescaling:   122.158150)


Computing posterior distributions for the requested output parameters!
==> Summary statistics printed below ...

-----------------------------------------------------
median     Teff          :   6282.920842
err_plus   Teff          :     43.820532
err_minus  Teff          :     50.465458
-----------------------------------------------------
median     FeH           :      0.153969
err_plus   FeH           :      0.034202
err_minus  FeH           :      0.038190
-----------------------------------------------------
median     radPhot       :      1.154156
err_plus   radPhot       :      0.093357
err_minus  radPhot       :      0.065359
-----------------------------------------------------
median     massfin       :      1.164966
err_plus   massfin       :      0.024641
err_minus  massfin       :      0.028089
-----------------------------------------------------
median     age           :   1182.229321
err_plus   age           :   1182.313752
err_minus  age           :    812.321881
-----------------------------------------------------
median     numax         :   2597.207072
err_plus   numax         :    274.326983
err_minus  numax         :    357.902425
-----------------------------------------------------
median     dnuscal       :    117.801466
err_plus   dnuscal       :      9.610728
err_minus  dnuscal       :     12.657037
-----------------------------------------------------

Saved results to output/Output/FultonResults.ascii.
Saved corner plot to output/Output/2135590578620605568_corner.png.
Saved Kiel diagram to output/Output/2135590578620605568_kiel.png.
Did not get any frequency file input, skipping ratios and echelle plots.
Saved dictionary to output/Output/2135590578620605568.json

Finished on 2024-02-25 15:36:43 (runtime 16.0 s).

