========================================================================================
                                         BASTA                                         
                             The BAyesian STellar Algorithm                             

                                     Version 1.2.1                                     

                                (c) 2022, The BASTA Team                                
                           https://github.com/BASTAcode/BASTA                           
========================================================================================

Run started on 2024-03-09 17:58:26 . 

Random numbers initialised with seed: 4134 .

Fitting star id: 5751177095877066496 .
* Using the grid '/root/BASTA/grids/Garstec_AS09_kenMS.hdf5' of type 'sobol tracks'.
  - Grid built with BASTA version 1.3.1, timestamp: 2024-02-05 at 19:36:57.

Preparing distance/parallax/magnitude input ...
Done!

Transforming solar-based asteroseismic quantities:
* Converting to solar units if needed...
* Scaling dnu to the solar model in the grid (path: solar_models/suncal_as09_opal) ...
Done!

Fitting information:
* Fitting parameters with values and uncertainties:
  - Teff: [6307.54, 102.417663]
  - FeH: [0.0562, 0.130194]
  - logg: [4.1259, 0.160089]
* Parallax fitting activated!
  - Coordinates (icrs): RA = 126.337824, DEC = -11.500989
  - Filters (magnitude value and uncertainty): 
    + G_GAIA: [10.900257, 0.01]
  - Parallax: [2.835207, 0.015837]

Additional input parameters and settings in alphabetical order:
* asciiparams: ['Teff', 'FeH', 'radPhot', 'massfin', 'age', 'numax', 'dnuscal']
* centroid: median
* cornerplots: ['Teff', 'FeH', 'radPhot', 'massfin', 'age', 'numax', 'dnuscal']
* dnu_scales: {}
* dnusun: 135.1
* freqplots: [True]
* inputfile: InputGaiaKen.xml
* kielplots: [True]
* numsun: 3090.0
* output: output/Output/GaiaKen/
* plotfmt: png
* solarmodel: True
* uncert: quantiles

Weights and priors:
* Bayesian weights:
  - Along tracks: age
  - Between tracks: volume
* Flat, constrained priors and ranges:
  - Teff: [6007.54, 6607.54]
  - FeH: [-4.0, 0.5]
* Additional priors (IMF): salpeter1955


Computing likelihood of models in the grid (5995 tracks) ...
Done! Computed the likelihood of 360402 models, found 209979 models with non-zero likelihood!


*****************************************
**                                     **
**   Output and results from the fit   **
**                                     **
*****************************************


Highest likelihood model:
* Weighted, non-normalized log-probability: -4.337041141934131
* Grid-index: grid/tracks/track3311[227], with parameters:
  - Name: track3311-1536.fgong
  - Teff      :  6318.179006 
  - FeH       :     0.044922 
  - radPhot   :     1.714549 
  - massfin   :     1.148225 
  - age       :  4224.159746 
  - numax     :     0.374159 (after rescaling:  1156.152081)
  - dnuscal   :     0.477935 (after rescaling:    64.569067)

Lowest chi2 model:
* chi2: 0.00027271408640647883
* Grid-index: grid/tracks/track1727[266], with parameters:
  - Name: track1727-1747.fgong
  - Teff      :  6306.338595 
  - FeH       :     0.057031 
  - radPhot   :     1.514740 
  - massfin   :     1.113251 
  - age       :  5189.086700 
  - numax     :     0.465215 (after rescaling:  1437.513671)
  - dnuscal   :     0.566722 (after rescaling:    76.564114)


Computing posterior distributions for the requested output parameters!
==> Summary statistics printed below ...

-----------------------------------------------------
median     Teff          :   6329.621213
err_plus   Teff          :     97.323608
err_minus  Teff          :     96.047478
-----------------------------------------------------
median     FeH           :      0.081836
err_plus   FeH           :      0.119531
err_minus  FeH           :      0.109375
-----------------------------------------------------
median     radPhot       :      1.692898
err_plus   radPhot       :      0.083775
err_minus  radPhot       :      0.079584
-----------------------------------------------------
median     massfin       :      1.264232
err_plus   massfin       :      0.106187
err_minus  massfin       :      0.097009
-----------------------------------------------------
median     age           :   3678.928014
err_plus   age           :   1086.200251
err_minus  age           :    936.872978
-----------------------------------------------------
median     numax         :   1308.626520
err_plus   numax         :    154.317796
err_minus  numax         :    144.677829
-----------------------------------------------------
median     dnuscal       :     69.166457
err_plus   dnuscal       :      5.586066
err_minus  dnuscal       :      5.296895
-----------------------------------------------------

Saved results to output/Output/GaiaKen/GaiaKenResults.ascii.
Saved corner plot to output/Output/GaiaKen/5751177095877066496_corner.png.
Saved Kiel diagram to output/Output/GaiaKen/5751177095877066496_kiel.png.
Did not get any frequency file input, skipping ratios and echelle plots.
Saved dictionary to output/Output/GaiaKen/5751177095877066496.json

Finished on 2024-03-09 17:59:05 (runtime 39.0 s).

