========================================================================================
                                         BASTA                                         
                             The BAyesian STellar Algorithm                             

                                     Version 1.2.1                                     

                                (c) 2022, The BASTA Team                                
                           https://github.com/BASTAcode/BASTA                           
========================================================================================

Run started on 2024-03-05 13:43:41 . 

Random numbers initialised with seed: 2838 .

Fitting star id: 6086712585429729536 .
* Using the grid '/root/BASTA/grids/Garstec_AS09_kenMS.hdf5' of type 'sobol tracks'.
  - Grid built with BASTA version 1.3.1, timestamp: 2024-02-05 at 19:36:57.

Preparing distance/parallax/magnitude input ...
WARNING: Coordinates outside dust map boundaries!
Default to Schegel 1998 dust map
Done!

Transforming solar-based asteroseismic quantities:
* Converting to solar units if needed...
* Solar model scaling not activated!  -->  Dnu will not be scaled.
Done!

Fitting information:
* Fitting parameters with values and uncertainties:
  - Teff: [6972.9062, 60.0]
  - FeH: [-0.1819, 0.04]
  - logg: [3.908, 0.04]
  - G_GAIA: [11.0113, 0.5]
* Parallax fitting activated!
  - Coordinates (icrs): RA = 199.43373864507808, DEC = -47.23757471
  - Filters (magnitude value and uncertainty): 
    + G_GAIA: [11.0113, 0.5]
  - Parallax: [1.9236831026437988, 0.022196447]

Additional input parameters and settings in alphabetical order:
* asciiparams: ['Teff', 'FeH', 'radPhot', 'massfin', 'age', 'numax', 'dnuscal']
* centroid: median
* cornerplots: ['Teff', 'FeH', 'radPhot', 'massfin', 'age', 'numax', 'dnuscal']
* dnu_scales: {}
* dnusun: 135.1
* freqplots: [True]
* inputfile: InputGaiaKen.xml
* kielplots: [True]
* numsun: 3090.0
* output: output/Output/GaiaKen/
* plotfmt: png
* solarmodel: False
* uncert: quantiles

Weights and priors:
* Bayesian weights:
  - Along tracks: age
  - Between tracks: volume
* Flat, constrained priors and ranges:
  - Teff: [6792.9062, 7152.9062]
  - FeH: [-0.4319, 0.0681]
* Additional priors (IMF): 


Computing likelihood of models in the grid (5995 tracks) ...
Done! Computed the likelihood of 88009 models, found 88009 models with non-zero likelihood!


*****************************************
**                                     **
**   Output and results from the fit   **
**                                     **
*****************************************


Highest likelihood model:
* Weighted, non-normalized log-probability: -149.5494517092298
* Grid-index: grid/tracks/track3535[166], with parameters:
  - Name: track3535-1255.fgong
  - Teff      :  6851.674899 
  - FeH       :    -0.220703 
  - radPhot   :     1.654416 
  - massfin   :     1.139240 
  - age       :  3182.070669 
  - numax     :     0.382871 (after rescaling:  1183.071158)
  - dnuscal   :     0.502251 (after rescaling:    67.854125)

Lowest chi2 model:
* chi2: 285.643778973311
* Grid-index: grid/tracks/track3759[199], with parameters:
  - Name: track3759-1414.fgong
  - Teff      :  6904.222205 
  - FeH       :    -0.191016 
  - radPhot   :     1.692024 
  - massfin   :     1.160268 
  - age       :  2947.917488 
  - numax     :     0.371375 (after rescaling:  1147.549880)
  - dnuscal   :     0.490061 (after rescaling:    66.207196)


Computing posterior distributions for the requested output parameters!
==> Summary statistics printed below ...

-----------------------------------------------------
median     Teff          :   6878.286626
err_plus   Teff          :     52.780536
err_minus  Teff          :     46.617678
-----------------------------------------------------
median     FeH           :     -0.212891
err_plus   FeH           :      0.034570
err_minus  FeH           :      0.035156
-----------------------------------------------------
median     radPhot       :      1.686128
err_plus   radPhot       :      0.075817
err_minus  radPhot       :      0.075060
-----------------------------------------------------
median     massfin       :      1.164281
err_plus   massfin       :      0.053977
err_minus  massfin       :      0.025041
-----------------------------------------------------
median     age           :   2960.808178
err_plus   age           :    182.405348
err_minus  age           :    246.338115
-----------------------------------------------------
median     numax         :   1171.168326
err_plus   numax         :     98.443693
err_minus  numax         :     81.946905
-----------------------------------------------------
median     dnuscal       :     66.943378
err_plus   dnuscal       :      4.411159
err_minus  dnuscal       :      3.728818
-----------------------------------------------------

Saved results to output/Output/GaiaKen/GaiaResults.ascii.
Saved corner plot to output/Output/GaiaKen/6086712585429729536_corner.png.
Saved Kiel diagram to output/Output/GaiaKen/6086712585429729536_kiel.png.
Did not get any frequency file input, skipping ratios and echelle plots.
Saved dictionary to output/Output/GaiaKen/6086712585429729536.json

Finished on 2024-03-05 13:44:36 (runtime 55.0 s).

========================================================================================
                                         BASTA                                         
                             The BAyesian STellar Algorithm                             

                                     Version 1.2.1                                     

                                (c) 2022, The BASTA Team                                
                           https://github.com/BASTAcode/BASTA                           
========================================================================================

Run started on 2024-03-09 17:59:05 . 

Random numbers initialised with seed: 4134 .

Fitting star id: 6086712585429729536 .
* Using the grid '/root/BASTA/grids/Garstec_AS09_kenMS.hdf5' of type 'sobol tracks'.
  - Grid built with BASTA version 1.3.1, timestamp: 2024-02-05 at 19:36:57.

Preparing distance/parallax/magnitude input ...
WARNING: Coordinates outside dust map boundaries!
Default to Schegel 1998 dust map
Done!

Transforming solar-based asteroseismic quantities:
* Converting to solar units if needed...
* Scaling dnu to the solar model in the grid (path: solar_models/suncal_as09_opal) ...
Done!

Fitting information:
* Fitting parameters with values and uncertainties:
  - Teff: [6972.9062, 102.730679]
  - FeH: [-0.1819, 0.13049]
  - logg: [3.908, 0.160361]
* Parallax fitting activated!
  - Coordinates (icrs): RA = 199.433739, DEC = -47.237575
  - Filters (magnitude value and uncertainty): 
    + G_GAIA: [11.0113, 0.01]
  - Parallax: [1.923683, 0.022196]

Additional input parameters and settings in alphabetical order:
* asciiparams: ['Teff', 'FeH', 'radPhot', 'massfin', 'age', 'numax', 'dnuscal']
* centroid: median
* cornerplots: ['Teff', 'FeH', 'radPhot', 'massfin', 'age', 'numax', 'dnuscal']
* dnu_scales: {}
* dnusun: 135.1
* freqplots: [True]
* inputfile: InputGaiaKen.xml
* kielplots: [True]
* numsun: 3090.0
* output: output/Output/GaiaKen/
* plotfmt: png
* solarmodel: True
* uncert: quantiles

Weights and priors:
* Bayesian weights:
  - Along tracks: age
  - Between tracks: volume
* Flat, constrained priors and ranges:
  - Teff: [6672.9062, 7272.9062]
  - FeH: [-4.0, 0.5]
* Additional priors (IMF): salpeter1955


Computing likelihood of models in the grid (5995 tracks) ...
Done! Computed the likelihood of 230673 models, found 41595 models with non-zero likelihood!


*****************************************
**                                     **
**   Output and results from the fit   **
**                                     **
*****************************************


Highest likelihood model:
* Weighted, non-normalized log-probability: -5.281903387228752
* Grid-index: grid/tracks/track4273[217], with parameters:
  - Name: track4273-1464.fgong
  - Teff      :  7023.008741 
  - FeH       :    -0.190820 
  - radPhot   :     2.183117 
  - massfin   :     1.394048 
  - age       :  2213.638163 
  - numax     :     0.265759 (after rescaling:   821.193797)
  - dnuscal   :     0.366525 (after rescaling:    49.517549)

Lowest chi2 model:
* chi2: 0.0028133249440655873
* Grid-index: grid/tracks/track2353[129], with parameters:
  - Name: track2353-1015.fgong
  - Teff      :  6972.564865 
  - FeH       :    -0.176172 
  - radPhot   :     2.160322 
  - massfin   :     1.391084 
  - age       :  1736.801524 
  - numax     :     0.271797 (after rescaling:   839.853951)
  - dnuscal   :     0.371946 (after rescaling:    50.249852)


Computing posterior distributions for the requested output parameters!
==> Summary statistics printed below ...

-----------------------------------------------------
median     Teff          :   7019.247308
err_plus   Teff          :     88.718172
err_minus  Teff          :     85.800855
-----------------------------------------------------
median     FeH           :     -0.142187
err_plus   FeH           :      0.098828
err_minus  FeH           :      0.100391
-----------------------------------------------------
median     radPhot       :      2.125486
err_plus   radPhot       :      0.060115
err_minus  radPhot       :      0.069602
-----------------------------------------------------
median     massfin       :      1.472066
err_plus   massfin       :      0.080085
err_minus  massfin       :      0.117858
-----------------------------------------------------
median     age           :   1783.253934
err_plus   age           :    547.423117
err_minus  age           :    226.578175
-----------------------------------------------------
median     numax         :    906.081157
err_plus   numax         :     66.691002
err_minus  numax         :     54.357070
-----------------------------------------------------
median     dnuscal       :     52.559548
err_plus   dnuscal       :      2.715918
err_minus  dnuscal       :      1.972219
-----------------------------------------------------

Saved results to output/Output/GaiaKen/GaiaKenResults.ascii.
Saved corner plot to output/Output/GaiaKen/6086712585429729536_corner.png.
Saved Kiel diagram to output/Output/GaiaKen/6086712585429729536_kiel.png.
Did not get any frequency file input, skipping ratios and echelle plots.
Saved dictionary to output/Output/GaiaKen/6086712585429729536.json

Finished on 2024-03-09 17:59:46 (runtime 41.0 s).

