========================================================================================
                                         BASTA                                         
                             The BAyesian STellar Algorithm                             

                                     Version 1.2.1                                     

                                (c) 2022, The BASTA Team                                
                           https://github.com/BASTAcode/BASTA                           
========================================================================================

Run started on 2024-03-05 13:44:36 . 

Random numbers initialised with seed: 2838 .

Fitting star id: 6154982877300947840 .
* Using the grid '/root/BASTA/grids/Garstec_AS09_kenMS.hdf5' of type 'sobol tracks'.
  - Grid built with BASTA version 1.3.1, timestamp: 2024-02-05 at 19:36:57.

Preparing distance/parallax/magnitude input ...
WARNING: Coordinates outside dust map boundaries!
Default to Schegel 1998 dust map
Done!

Transforming solar-based asteroseismic quantities:
* Converting to solar units if needed...
* Solar model scaling not activated!  -->  Dnu will not be scaled.
Done!

Fitting information:
* Fitting parameters with values and uncertainties:
  - Teff: [6993.378, 60.0]
  - FeH: [-0.1382, 0.04]
  - logg: [4.0053, 0.04]
  - G_GAIA: [10.578929, 0.5]
* Parallax fitting activated!
  - Coordinates (icrs): RA = 196.04379001720122, DEC = -35.54952902
  - Filters (magnitude value and uncertainty): 
    + G_GAIA: [10.578929, 0.5]
  - Parallax: [2.4541137392431076, 0.030315673]

Additional input parameters and settings in alphabetical order:
* asciiparams: ['Teff', 'FeH', 'radPhot', 'massfin', 'age', 'numax', 'dnuscal']
* centroid: median
* cornerplots: ['Teff', 'FeH', 'radPhot', 'massfin', 'age', 'numax', 'dnuscal']
* dnu_scales: {}
* dnusun: 135.1
* freqplots: [True]
* inputfile: InputGaiaKen.xml
* kielplots: [True]
* numsun: 3090.0
* output: output/Output/GaiaKen/
* plotfmt: png
* solarmodel: False
* uncert: quantiles

Weights and priors:
* Bayesian weights:
  - Along tracks: age
  - Between tracks: volume
* Flat, constrained priors and ranges:
  - Teff: [6813.378, 7173.378]
  - FeH: [-0.3882, 0.11180000000000001]
* Additional priors (IMF): 


Computing likelihood of models in the grid (5995 tracks) ...
Done! Computed the likelihood of 87244 models, found 87244 models with non-zero likelihood!


*****************************************
**                                     **
**   Output and results from the fit   **
**                                     **
*****************************************


Highest likelihood model:
* Weighted, non-normalized log-probability: -128.87272507798028
* Grid-index: grid/tracks/track4975[154], with parameters:
  - Name: track4975-1195.fgong
  - Teff      :  6861.312918 
  - FeH       :    -0.164258 
  - radPhot   :     1.499602 
  - massfin   :     1.152376 
  - age       :  2878.477936 
  - numax     :     0.471047 (after rescaling:  1455.534477)
  - dnuscal   :     0.585348 (after rescaling:    79.080449)

Lowest chi2 model:
* chi2: 244.3545054586502
* Grid-index: grid/tracks/track1159[149], with parameters:
  - Name: track1159-1160.fgong
  - Teff      :  6927.489549 
  - FeH       :    -0.166406 
  - radPhot   :     1.534336 
  - massfin   :     1.168379 
  - age       :  2555.508480 
  - numax     :     0.454025 (after rescaling:  1402.937643)
  - dnuscal   :     0.569497 (after rescaling:    76.939067)


Computing posterior distributions for the requested output parameters!
==> Summary statistics printed below ...

-----------------------------------------------------
median     Teff          :   6903.549564
err_plus   Teff          :     55.416975
err_minus  Teff          :     52.893027
-----------------------------------------------------
median     FeH           :     -0.171289
err_plus   FeH           :      0.029492
err_minus  FeH           :      0.049414
-----------------------------------------------------
median     radPhot       :      1.546344
err_plus   radPhot       :      0.081541
err_minus  radPhot       :      0.074433
-----------------------------------------------------
median     massfin       :      1.175377
err_plus   massfin       :      0.069107
err_minus  massfin       :      0.023019
-----------------------------------------------------
median     age           :   2598.446020
err_plus   age           :    299.274774
err_minus  age           :    549.364598
-----------------------------------------------------
median     numax         :   1410.966085
err_plus   numax         :    133.620401
err_minus  numax         :    124.993077
-----------------------------------------------------
median     dnuscal       :     76.804469
err_plus   dnuscal       :      5.403505
err_minus  dnuscal       :      5.208654
-----------------------------------------------------

Saved results to output/Output/GaiaKen/GaiaResults.ascii.
Saved corner plot to output/Output/GaiaKen/6154982877300947840_corner.png.
Saved Kiel diagram to output/Output/GaiaKen/6154982877300947840_kiel.png.
Did not get any frequency file input, skipping ratios and echelle plots.
Saved dictionary to output/Output/GaiaKen/6154982877300947840.json

Finished on 2024-03-05 13:45:15 (runtime 39.0 s).

========================================================================================
                                         BASTA                                         
                             The BAyesian STellar Algorithm                             

                                     Version 1.2.1                                     

                                (c) 2022, The BASTA Team                                
                           https://github.com/BASTAcode/BASTA                           
========================================================================================

Run started on 2024-03-09 17:59:46 . 

Random numbers initialised with seed: 4134 .

Fitting star id: 6154982877300947840 .
* Using the grid '/root/BASTA/grids/Garstec_AS09_kenMS.hdf5' of type 'sobol tracks'.
  - Grid built with BASTA version 1.3.1, timestamp: 2024-02-05 at 19:36:57.

Preparing distance/parallax/magnitude input ...
WARNING: Coordinates outside dust map boundaries!
Default to Schegel 1998 dust map
Done!

Transforming solar-based asteroseismic quantities:
* Converting to solar units if needed...
* Scaling dnu to the solar model in the grid (path: solar_models/suncal_as09_opal) ...
Done!

Fitting information:
* Fitting parameters with values and uncertainties:
  - Teff: [6993.378, 105.060243]
  - FeH: [-0.1382, 0.130638]
  - logg: [4.0053, 0.161148]
* Parallax fitting activated!
  - Coordinates (icrs): RA = 196.04379, DEC = -35.549529
  - Filters (magnitude value and uncertainty): 
    + G_GAIA: [10.578929, 0.01]
  - Parallax: [2.454114, 0.030316]

Additional input parameters and settings in alphabetical order:
* asciiparams: ['Teff', 'FeH', 'radPhot', 'massfin', 'age', 'numax', 'dnuscal']
* centroid: median
* cornerplots: ['Teff', 'FeH', 'radPhot', 'massfin', 'age', 'numax', 'dnuscal']
* dnu_scales: {}
* dnusun: 135.1
* freqplots: [True]
* inputfile: InputGaiaKen.xml
* kielplots: [True]
* numsun: 3090.0
* output: output/Output/GaiaKen/
* plotfmt: png
* solarmodel: True
* uncert: quantiles

Weights and priors:
* Bayesian weights:
  - Along tracks: age
  - Between tracks: volume
* Flat, constrained priors and ranges:
  - Teff: [6693.378, 7293.378]
  - FeH: [-4.0, 0.5]
* Additional priors (IMF): salpeter1955


Computing likelihood of models in the grid (5995 tracks) ...
Done! Computed the likelihood of 225683 models, found 92790 models with non-zero likelihood!


*****************************************
**                                     **
**   Output and results from the fit   **
**                                     **
*****************************************


Highest likelihood model:
* Weighted, non-normalized log-probability: -4.687488931581305
* Grid-index: grid/tracks/track5571[217], with parameters:
  - Name: track5571-1485.fgong
  - Teff      :  6984.808465 
  - FeH       :    -0.171289 
  - radPhot   :     1.907478 
  - massfin   :     1.233197 
  - age       :  2545.971073 
  - numax     :     0.308789 (after rescaling:   954.157127)
  - dnuscal   :     0.422092 (after rescaling:    57.024676)

Lowest chi2 model:
* chi2: 0.003148753062727083
* Grid-index: grid/tracks/track4705[206], with parameters:
  - Name: track4705-1423.fgong
  - Teff      :  6989.426942 
  - FeH       :    -0.136133 
  - radPhot   :     1.913569 
  - massfin   :     1.370149 
  - age       :  2466.359630 
  - numax     :     0.340788 (after rescaling:  1053.034854)
  - dnuscal   :     0.442791 (after rescaling:    59.821014)


Computing posterior distributions for the requested output parameters!
==> Summary statistics printed below ...

-----------------------------------------------------
median     Teff          :   6986.649357
err_plus   Teff          :    103.248319
err_minus  Teff          :    103.283354
-----------------------------------------------------
median     FeH           :     -0.146484
err_plus   FeH           :      0.121094
err_minus  FeH           :      0.106250
-----------------------------------------------------
median     radPhot       :      1.891362
err_plus   radPhot       :      0.100535
err_minus  radPhot       :      0.089007
-----------------------------------------------------
median     massfin       :      1.395131
err_plus   massfin       :      0.102076
err_minus  massfin       :      0.117966
-----------------------------------------------------
median     age           :   1899.842483
err_plus   age           :    708.609150
err_minus  age           :    291.099039
-----------------------------------------------------
median     numax         :   1088.292702
err_plus   numax         :    125.151009
err_minus  numax         :    117.173978
-----------------------------------------------------
median     dnuscal       :     61.149882
err_plus   dnuscal       :      4.857425
err_minus  dnuscal       :      4.713608
-----------------------------------------------------

Saved results to output/Output/GaiaKen/GaiaKenResults.ascii.
Saved corner plot to output/Output/GaiaKen/6154982877300947840_corner.png.
Saved Kiel diagram to output/Output/GaiaKen/6154982877300947840_kiel.png.
Did not get any frequency file input, skipping ratios and echelle plots.
Saved dictionary to output/Output/GaiaKen/6154982877300947840.json

Finished on 2024-03-09 18:00:25 (runtime 39.0 s).

