========================================================================================
                                         BASTA                                         
                             The BAyesian STellar Algorithm                             

                                     Version 1.2.1                                     

                                (c) 2022, The BASTA Team                                
                           https://github.com/BASTAcode/BASTA                           
========================================================================================

Run started on 2024-03-09 18:00:59 . 

Random numbers initialised with seed: 4134 .

Fitting star id: 6482103014085857024 .
* Using the grid '/root/BASTA/grids/Garstec_AS09_kenMS.hdf5' of type 'sobol tracks'.
  - Grid built with BASTA version 1.3.1, timestamp: 2024-02-05 at 19:36:57.

Preparing distance/parallax/magnitude input ...
WARNING: Coordinates outside dust map boundaries!
Default to Schegel 1998 dust map
Done!

Transforming solar-based asteroseismic quantities:
* Converting to solar units if needed...
* Scaling dnu to the solar model in the grid (path: solar_models/suncal_as09_opal) ...
Done!

Fitting information:
* Fitting parameters with values and uncertainties:
  - Teff: [6174.818, 102.81196]
  - FeH: [-0.2819, 0.130544]
  - logg: [3.9619, 0.160114]
* Parallax fitting activated!
  - Coordinates (icrs): RA = 309.511235, DEC = -48.462084
  - Filters (magnitude value and uncertainty): 
    + G_GAIA: [11.472745, 0.01]
  - Parallax: [1.824141, 0.018466]

Additional input parameters and settings in alphabetical order:
* asciiparams: ['Teff', 'FeH', 'radPhot', 'massfin', 'age', 'numax', 'dnuscal']
* centroid: median
* cornerplots: ['Teff', 'FeH', 'radPhot', 'massfin', 'age', 'numax', 'dnuscal']
* dnu_scales: {}
* dnusun: 135.1
* freqplots: [True]
* inputfile: InputGaiaKen.xml
* kielplots: [True]
* numsun: 3090.0
* output: output/Output/GaiaKen/
* plotfmt: png
* solarmodel: True
* uncert: quantiles

Weights and priors:
* Bayesian weights:
  - Along tracks: age
  - Between tracks: volume
* Flat, constrained priors and ranges:
  - Teff: [5874.818, 6474.818]
  - FeH: [-4.0, 0.5]
* Additional priors (IMF): salpeter1955


Computing likelihood of models in the grid (5995 tracks) ...
Done! Computed the likelihood of 353797 models, found 67124 models with non-zero likelihood!


*****************************************
**                                     **
**   Output and results from the fit   **
**                                     **
*****************************************


Highest likelihood model:
* Weighted, non-normalized log-probability: -5.911493527655739
* Grid-index: grid/tracks/track2595[236], with parameters:
  - Name: track2595-1591.fgong
  - Teff      :  6272.577340 
  - FeH       :    -0.174609 
  - radPhot   :     2.095608 
  - massfin   :     1.248966 
  - age       :  4190.549733 
  - numax     :     0.273422 (after rescaling:   844.872912)
  - dnuscal   :     0.368885 (after rescaling:    49.836352)

Lowest chi2 model:
* chi2: 0.007262935461815159
* Grid-index: grid/tracks/track3391[302], with parameters:
  - Name: track3391-1939.fgong
  - Teff      :  6181.830787 
  - FeH       :    -0.276953 
  - radPhot   :     1.835148 
  - massfin   :     1.110011 
  - age       :  5922.164119 
  - numax     :     0.319192 (after rescaling:   986.302367)
  - dnuscal   :     0.424363 (after rescaling:    57.331429)


Computing posterior distributions for the requested output parameters!
==> Summary statistics printed below ...

-----------------------------------------------------
median     Teff          :   6289.634210
err_plus   Teff          :     83.371557
err_minus  Teff          :     94.735500
-----------------------------------------------------
median     FeH           :     -0.158594
err_plus   FeH           :      0.114648
err_minus  FeH           :      0.115820
-----------------------------------------------------
median     radPhot       :      2.000795
err_plus   radPhot       :      0.056378
err_minus  radPhot       :      0.079276
-----------------------------------------------------
median     massfin       :      1.183000
err_plus   massfin       :      0.075042
err_minus  massfin       :      0.052020
-----------------------------------------------------
median     age           :   4515.091777
err_plus   age           :    659.337469
err_minus  age           :    555.170246
-----------------------------------------------------
median     numax         :    881.047313
err_plus   numax         :     72.022783
err_minus  numax         :     38.805156
-----------------------------------------------------
median     dnuscal       :     52.003000
err_plus   dnuscal       :      3.164628
err_minus  dnuscal       :      1.624544
-----------------------------------------------------

Saved results to output/Output/GaiaKen/GaiaKenResults.ascii.
Saved corner plot to output/Output/GaiaKen/6482103014085857024_corner.png.
Saved Kiel diagram to output/Output/GaiaKen/6482103014085857024_kiel.png.
Did not get any frequency file input, skipping ratios and echelle plots.
Saved dictionary to output/Output/GaiaKen/6482103014085857024.json

Finished on 2024-03-09 18:01:36 (runtime 37.0 s).

